2020-12-20T17:00:30.297Z info: 	Server is running on port: 3000
2020-12-20T17:00:31.110Z info: 	Connected to database.
2020-12-20T17:00:33.114Z info: 	susieqasd@gmail.com is attempting to register, role: provider
2020-12-20T17:00:33.197Z info: 	400: User already registered.
2020-12-20T17:01:37.883Z info: 	Server is running on port: 3000
2020-12-20T17:01:38.521Z info: 	Connected to database.
2020-12-20T17:01:40.273Z info: 	susieqasd@gmail.com is attempting to register, role: provider
2020-12-20T17:01:40.350Z info: 	400: User already registered.
2020-12-20T17:01:40.354Z error: 	registerPost => {
  role: 'provider',
  email: 'susieqasd@gmail.com',
  error: 'req is not defined'
}
2020-12-20T17:01:53.701Z info: 	Server is running on port: 3000
2020-12-20T17:01:54.473Z info: 	Connected to database.
2020-12-20T17:01:55.196Z info: 	susieqasd@gmail.com is attempting to register, role: provider
2020-12-20T17:01:55.289Z info: 	400: User already registered.
2020-12-20T17:05:59.782Z info: 	Server is running on port: 3000
2020-12-20T17:06:00.538Z info: 	Connected to database.
2020-12-20T17:06:04.529Z info: 	susieqasd@gmail.com is attempting to register, role: provider
2020-12-20T17:06:04.603Z info: 	400: User already registered.
2020-12-20T17:06:30.030Z info: 	Server is running on port: 3000
2020-12-20T17:06:30.684Z info: 	Connected to database.
2020-12-20T17:06:32.410Z info: 	susieqasd@gmail.com is attempting to register, role: provider
2020-12-20T17:06:32.471Z info: 	400: User already registered.
2020-12-20T17:07:29.764Z info: 	Server is running on port: 3000
2020-12-20T17:07:30.501Z info: 	Connected to database.
2020-12-20T17:07:34.169Z info: 	susieqasd@gmail.com is attempting to register, role: provider
2020-12-20T17:07:34.265Z info: 	400: User already registered.
2020-12-20T17:08:14.291Z info: 	Server is running on port: 3000
2020-12-20T17:08:14.927Z info: 	Connected to database.
2020-12-20T17:08:18.559Z info: 	susieqasd@gmail.com is attempting to register, role: provider
2020-12-20T17:08:18.641Z info: 	400: User already registered.
2020-12-20T17:09:09.928Z info: 	Server is running on port: 3000
2020-12-20T17:09:10.623Z info: 	Connected to database.
2020-12-20T17:09:29.736Z info: 	Server is running on port: 3000
2020-12-20T17:09:30.360Z info: 	Connected to database.
2020-12-20T17:09:31.648Z info: 	susieqasd@gmail.com is attempting to register, role: provider
2020-12-20T17:09:31.729Z info: 	400: User already registered.
2020-12-20T17:09:48.549Z info: 	Server is running on port: 3000
2020-12-20T17:09:49.208Z info: 	Connected to database.
2020-12-20T17:09:50.126Z info: 	susieqasd@gmail.com is attempting to register, role: provider
2020-12-20T17:09:50.204Z info: 	400: User already registered.
2020-12-20T17:27:03.514Z info: 	Server is running on port: 3000
2020-12-20T17:27:04.245Z info: 	Connected to database.
2020-12-20T17:27:07.148Z info: 	susieqasd@gmail.com is attempting to register, role: provider
2020-12-20T17:27:07.221Z info: 	400: User already registered.
2020-12-20T17:27:09.247Z info: 	susieqasd@gmail.com is attempting to register, role: provider
2020-12-20T17:27:09.309Z info: 	400: User already registered.
2020-12-20T17:29:16.128Z info: 	Server is running on port: 3000
2020-12-20T17:29:20.402Z info: 	susieqasd@gmail.com is attempting to register, role: provider
2020-12-20T17:29:30.406Z error: 	registerPost => {
  role: 'provider',
  email: 'susieqasd@gmail.com',
  error: 'Operation `users.findOne()` buffering timed out after 10000ms'
}
2020-12-20T17:29:37.534Z error: 	mongoose.connect => connect ETIMEDOUT 3.225.145.70:27017
2020-12-20T17:31:08.002Z info: 	Server is running on port: 3000
2020-12-20T17:31:08.818Z info: 	Connected to database.
2020-12-20T17:31:10.956Z info: 	Server is running on port: 3000
2020-12-20T17:31:11.569Z info: 	Connected to database.
2020-12-20T17:31:13.195Z info: 	susieqasd@gmail.com is attempting to register, role: provider
2020-12-20T17:31:13.281Z info: 	400: User already registered.
2020-12-20T17:31:45.961Z info: 	Server is running on port: 3000
2020-12-20T17:31:46.619Z info: 	Connected to database.
2020-12-20T17:31:48.672Z info: 	susieqasd@gmail.com is attempting to register, role: provider
2020-12-20T17:31:48.743Z info: 	400: User already registered.
2020-12-20T17:31:51.566Z info: 	susieqasd@gmail.com is attempting to register, role: provider
2020-12-20T17:31:51.655Z info: 	400: User already registered.
2020-12-20T17:33:55.829Z info: 	Server is running on port: 3000
2020-12-20T17:33:56.805Z info: 	Connected to database.
2020-12-20T17:34:14.742Z info: 	Server is running on port: 3000
2020-12-20T17:34:15.480Z info: 	Connected to database.
2020-12-20T17:34:18.079Z info: 	susieqasd@gmail.com is attempting to register, role: provider
2020-12-20T17:34:18.170Z info: 	400: User already registered.
2020-12-20T17:34:51.813Z info: 	Server is running on port: 3000
2020-12-20T17:34:52.408Z info: 	Connected to database.
2020-12-20T17:34:55.914Z info: 	susieqasd@gmail.com is attempting to register, role: provider
2020-12-20T17:34:55.971Z info: 	400: User already registered.
2020-12-20T17:39:55.165Z info: 	Server is running on port: 3000
2020-12-20T17:39:55.970Z info: 	Connected to database.
2020-12-20T17:40:00.898Z info: 	susieqasd@gmail.com is attempting to register, role: provider
2020-12-20T17:40:01.013Z info: 	400: User already registered.
2020-12-20T17:40:55.263Z info: 	Server is running on port: 3000
2020-12-20T17:40:56.053Z info: 	Connected to database.
2020-12-20T17:41:01.088Z info: 	Server is running on port: 3000
2020-12-20T17:41:01.783Z info: 	Connected to database.
2020-12-20T17:41:02.370Z info: 	susieqasd@gmail.com is attempting to register, role: provider
2020-12-20T17:41:02.444Z info: 	400: User already registered.
2020-12-20T17:41:29.036Z info: 	Server is running on port: 3000
2020-12-20T17:41:30.850Z info: 	Connected to database.
2020-12-20T17:41:32.712Z info: 	susieqasd@gmail.com is attempting to register, role: provider
2020-12-20T17:41:32.783Z info: 	400: User already registered.
2020-12-20T17:41:46.858Z info: 	Server is running on port: 3000
2020-12-20T17:41:47.537Z info: 	Connected to database.
2020-12-20T17:41:48.652Z info: 	susieqasd@gmail.com is attempting to register, role: provider
2020-12-20T17:41:48.765Z info: 	400: User already registered.
2020-12-20T17:42:24.834Z info: 	Server is running on port: 3000
2020-12-20T17:42:25.496Z info: 	Connected to database.
2020-12-20T17:42:27.605Z info: 	susieqasd@gmail.com is attempting to register, role: provider
2020-12-20T17:42:27.684Z info: 	400: User already registered.
2020-12-20T17:44:16.303Z info: 	Server is running on port: 3000
2020-12-20T17:44:17.163Z info: 	Connected to database.
2020-12-20T17:47:48.606Z info: 	Server is running on port: 3000
2020-12-20T17:47:49.359Z info: 	Connected to database.
2020-12-20T17:47:52.123Z info: 	susieqasd@gmail.com is attempting to register, role: provider
2020-12-20T17:47:52.185Z info: 	400: User already registered.
