2020-12-22T00:00:27.285Z info: 	Server is running on port: 3000
2020-12-22T00:00:27.796Z info: 	Connected to database.
2020-12-22T00:00:39.872Z info: 	Server is running on port: 3000
2020-12-22T00:00:40.109Z info: 	Connected to database.
2020-12-22T00:00:53.303Z info: 	Server is running on port: 3000
2020-12-22T00:00:53.541Z info: 	Connected to database.
2020-12-22T00:01:31.701Z info: 	Server is running on port: 3000
2020-12-22T00:01:31.977Z info: 	Connected to database.
2020-12-22T00:01:55.177Z info: 	Server is running on port: 3000
2020-12-22T00:01:55.413Z info: 	Connected to database.
2020-12-22T00:02:56.562Z info: 	Server is running on port: 3000
2020-12-22T00:02:56.880Z info: 	Connected to database.
2020-12-22T00:03:49.441Z info: 	Server is running on port: 3000
2020-12-22T00:03:49.676Z info: 	Connected to database.
2020-12-22T00:04:18.208Z info: 	Server is running on port: 3000
2020-12-22T00:04:18.523Z info: 	Connected to database.
2020-12-22T00:07:35.803Z info: 	Server is running on port: 3000
2020-12-22T00:07:36.402Z info: 	Connected to database.
2020-12-22T00:07:40.086Z info: 	Server is running on port: 3000
2020-12-22T00:07:40.339Z info: 	Connected to database.
2020-12-22T00:07:49.455Z info: 	Server is running on port: 3000
2020-12-22T00:07:50.004Z info: 	Connected to database.
2020-12-22T00:08:10.466Z info: 	Server is running on port: 3000
2020-12-22T00:08:10.700Z info: 	Connected to database.
2020-12-22T00:11:11.834Z info: 	Server is running on port: 3000
2020-12-22T00:11:12.159Z info: 	Connected to database.
2020-12-22T00:12:08.404Z info: 	Server is running on port: 3000
2020-12-22T00:12:08.649Z info: 	Connected to database.
2020-12-22T00:12:12.823Z info: 	Request: POST /common/login at Mon Dec 21 2020 19:12:12 GMT-0500, IP: ::1, User Agent: insomnia/2020.5.2
2020-12-22T00:12:12.865Z info: 	Request Body:{"email":"newuserman7@gmail.com","password":"[FILTERED]"}
2020-12-22T00:12:12.866Z info: 	Response: 401 36.301 ms 
2020-12-22T00:12:33.138Z info: 	Server is running on port: 3000
2020-12-22T00:12:33.412Z info: 	Connected to database.
2020-12-22T00:12:36.307Z info: 	Request: POST /common/login at Mon Dec 21 2020 19:12:36 GMT-0500, IP: ::1, User Agent: insomnia/2020.5.2
2020-12-22T00:12:36.342Z info: 	Request Body:{"email":"newuserman7@gmail.com","password":"[FILTERED]"}
2020-12-22T00:12:36.343Z info: 	Response: 401 29.677 ms 
2020-12-22T00:12:53.486Z info: 	Server is running on port: 3000
2020-12-22T00:12:53.723Z info: 	Connected to database.
2020-12-22T00:12:55.794Z info: 	Request: POST /common/login at Mon Dec 21 2020 19:12:55 GMT-0500, IP: ::1, User Agent: insomnia/2020.5.2
2020-12-22T00:12:55.830Z info: 	Request Body:{"email":"newuserman7@gmail.com","password":"[FILTERED]"}
2020-12-22T00:12:55.831Z info: 	Response: 401 31.033 ms 
2020-12-22T00:13:42.495Z info: 	Server is running on port: 3000
2020-12-22T00:13:42.790Z info: 	Connected to database.
2020-12-22T00:17:21.814Z info: 	Server is running on port: 3000
2020-12-22T00:17:22.111Z info: 	Connected to database.
2020-12-22T00:17:57.425Z info: 	Request: POST /common/login at Mon Dec 21 2020 19:17:57 GMT-0500, IP: ::1, User Agent: insomnia/2020.5.2
2020-12-22T00:17:57.459Z info: 	Request Body:{"email":"newuserman7@gmail.com","password":"[FILTERED]"}
2020-12-22T00:17:57.460Z info: 	Response: 401 30.208 ms 
2020-12-22T00:19:06.471Z info: 	Server is running on port: 3000
2020-12-22T00:19:06.757Z info: 	Connected to database.
2020-12-22T00:19:11.293Z info: 	Request: POST /common/login at Mon Dec 21 2020 19:19:11 GMT-0500, IP: ::1, User Agent: insomnia/2020.5.2
2020-12-22T00:19:11.322Z info: 	Request Body:{"email":"newuserman7@gmail.com","password":"[FILTERED]"}
2020-12-22T00:19:11.323Z info: 	Response: 401 25.440 ms 
2020-12-22T00:19:18.573Z info: 	Request: POST /common/register at Mon Dec 21 2020 19:19:18 GMT-0500, IP: ::1, User Agent: insomnia/2020.5.2
2020-12-22T00:19:18.893Z info: 	Request Body:{"role":"client","email":"newuser5@yahoo.com","password":"[FILTERED]"}
2020-12-22T00:19:18.894Z info: 	Response Body:Success! You are now logged in.
2020-12-22T00:19:18.894Z info: 	Response: 200 316.898 ms 
2020-12-22T00:19:21.593Z info: 	Request: GET /common/logout at Mon Dec 21 2020 19:19:21 GMT-0500, IP: ::1, User Agent: insomnia/2020.5.2
2020-12-22T00:19:21.595Z info: 	Response Body:You have successfully logged out.
2020-12-22T00:19:21.595Z info: 	Response: 200 0.843 ms 
2020-12-22T00:19:35.825Z info: 	Request: POST /common/login at Mon Dec 21 2020 19:19:35 GMT-0500, IP: ::1, User Agent: insomnia/2020.5.2
2020-12-22T00:19:36.081Z info: 	Request Body:{"email":"newuser5@yahoo.com","password":"[FILTERED]"}
2020-12-22T00:19:36.082Z info: 	Response: 401 255.818 ms 
2020-12-22T00:20:24.049Z info: 	Request: POST /common/login at Mon Dec 21 2020 19:20:24 GMT-0500, IP: ::1, User Agent: insomnia/2020.5.2
2020-12-22T00:20:24.299Z info: 	Request Body:{"email":"newuser5@yahoo.com","password":"[FILTERED]"}
2020-12-22T00:20:24.300Z info: 	Response Body:Success!
2020-12-22T00:20:24.300Z info: 	Response: 200 250.358 ms 
2020-12-22T00:20:43.837Z info: 	Server is running on port: 3000
2020-12-22T00:20:44.148Z info: 	Connected to database.
2020-12-22T00:21:48.227Z info: 	Server is running on port: 3000
2020-12-22T00:21:48.545Z info: 	Connected to database.
2020-12-22T00:22:00.336Z info: 	Request: POST /common/login at Mon Dec 21 2020 19:22:00 GMT-0500, IP: ::1, User Agent: insomnia/2020.5.2
2020-12-22T00:22:00.628Z info: 	Request Body:{"email":"newuser5@yahoo.com","password":"[FILTERED]"}
2020-12-22T00:22:00.629Z info: 	Response Body:Success!
2020-12-22T00:22:00.629Z info: 	Response: 200 288.516 ms 
2020-12-22T00:22:44.126Z info: 	Server is running on port: 3000
2020-12-22T00:22:44.365Z info: 	Connected to database.
2020-12-22T00:23:14.324Z info: 	Server is running on port: 3000
2020-12-22T00:23:14.621Z info: 	Connected to database.
2020-12-22T00:23:15.687Z info: 	Request: POST /common/login at Mon Dec 21 2020 19:23:15 GMT-0500, IP: ::1, User Agent: insomnia/2020.5.2
2020-12-22T00:23:15.969Z info: 	Request Body:{"email":"newuser5@yahoo.com","password":"[FILTERED]"}
2020-12-22T00:23:15.969Z info: 	Response Body:Success!
2020-12-22T00:23:15.970Z info: 	Response: 200 277.860 ms 
2020-12-22T00:23:28.358Z info: 	Request: POST /common/update/basic at Mon Dec 21 2020 19:23:28 GMT-0500, IP: ::1, User Agent: insomnia/2020.5.2
2020-12-22T00:23:28.547Z info: 	Request Body:{"name":"Nick Carbone","email":"","phone":"555-555-5555","dob":"5-19-1986"}
2020-12-22T00:23:28.547Z info: 	Response Body:{"role":"client","travel":[],"_id":"5fe13b86d5b4e97262f2a68e","email":"newuser5@yahoo.com","password":"[FILTERED]","__v":0,"name":"Nick Carbone","phone":"555-555-5555","dob":"5-19-1986"}
2020-12-22T00:23:28.548Z info: 	Response: 200 184.999 ms 
2020-12-22T00:23:32.632Z info: 	Request: POST /common/appointments at Mon Dec 21 2020 19:23:32 GMT-0500, IP: ::1, User Agent: insomnia/2020.5.2
2020-12-22T00:23:32.709Z info: 	Request Body:{"date":"6/1/2024","time":"5:44 PM","location":"5fdb8c61e2fd313028466675","test":"PCR"}
2020-12-22T00:23:32.710Z info: 	Response Body:Success!
2020-12-22T00:23:32.713Z info: 	Response: 200 73.813 ms 
2020-12-22T00:23:41.978Z info: 	Request: POST /common/appointments at Mon Dec 21 2020 19:23:41 GMT-0500, IP: ::1, User Agent: insomnia/2020.5.2
2020-12-22T00:23:42.005Z info: 	Request Body:{"date":"6/2/2024","time":"5:44 PM","location":"5fdb8c61e2fd313028466675","test":"PCR"}
2020-12-22T00:23:42.005Z info: 	Response Body:Success!
2020-12-22T00:23:42.006Z info: 	Response: 200 26.487 ms 
2020-12-22T00:23:42.861Z info: 	Request: POST /common/appointments at Mon Dec 21 2020 19:23:42 GMT-0500, IP: ::1, User Agent: insomnia/2020.5.2
2020-12-22T00:23:42.880Z info: 	Request Body:{"date":"6/2/2024","time":"5:44 PM","location":"5fdb8c61e2fd313028466675","test":"PCR"}
2020-12-22T00:23:42.881Z info: 	Response Body:Appointment unavailable. Please choose another time.
2020-12-22T00:23:42.881Z info: 	Response: 400 17.030 ms 
2020-12-22T00:23:52.021Z info: 	Request: POST /common/appointments at Mon Dec 21 2020 19:23:52 GMT-0500, IP: ::1, User Agent: insomnia/2020.5.2
2020-12-22T00:23:52.057Z info: 	Request Body:{"date":"6/3/2024","time":"5:44 PM","location":"5fdb8c61e2fd313028466675","test":"PCR"}
2020-12-22T00:23:52.057Z info: 	Response Body:Success!
2020-12-22T00:23:52.058Z info: 	Response: 200 33.267 ms 
2020-12-22T00:24:02.334Z info: 	Request: GET /common/logout at Mon Dec 21 2020 19:24:02 GMT-0500, IP: ::1, User Agent: insomnia/2020.5.2
2020-12-22T00:24:02.335Z info: 	Response Body:You have successfully logged out.
2020-12-22T00:24:02.335Z info: 	Response: 200 0.499 ms 
2020-12-22T00:24:11.888Z info: 	Request: POST /common/register at Mon Dec 21 2020 19:24:11 GMT-0500, IP: ::1, User Agent: insomnia/2020.5.2
2020-12-22T00:24:12.160Z info: 	Request Body:{"role":"provider","email":"provider@yahoo.com","password":"[FILTERED]"}
2020-12-22T00:24:12.160Z info: 	Response Body:Success! You are now logged in.
2020-12-22T00:24:12.160Z info: 	Response: 200 271.048 ms 
2020-12-22T00:24:16.712Z info: 	Request: GET /common/logout at Mon Dec 21 2020 19:24:16 GMT-0500, IP: ::1, User Agent: insomnia/2020.5.2
2020-12-22T00:24:16.716Z info: 	Response Body:You have successfully logged out.
2020-12-22T00:24:16.717Z info: 	Response: 200 0.931 ms 
2020-12-22T00:24:34.061Z info: 	Request: POST /common/login at Mon Dec 21 2020 19:24:34 GMT-0500, IP: ::1, User Agent: insomnia/2020.5.2
2020-12-22T00:24:34.313Z info: 	Request Body:{"email":"provider@yahoo.com","password":"[FILTERED]"}
2020-12-22T00:24:34.313Z info: 	Response Body:Success!
2020-12-22T00:24:34.313Z info: 	Response: 200 251.123 ms 
2020-12-22T00:24:50.890Z info: 	Request: GET /common/logout at Mon Dec 21 2020 19:24:50 GMT-0500, IP: ::1, User Agent: insomnia/2020.5.2
2020-12-22T00:24:50.893Z info: 	Response Body:You have successfully logged out.
2020-12-22T00:24:50.893Z info: 	Response: 200 0.520 ms 
2020-12-22T00:25:50.889Z info: 	Server is running on port: 3000
2020-12-22T00:25:51.207Z info: 	Connected to database.
2020-12-22T00:26:08.027Z info: 	Server is running on port: 3000
2020-12-22T00:26:08.667Z info: 	Connected to database.
2020-12-22T00:26:22.022Z info: 	Server is running on port: 3000
2020-12-22T00:26:22.508Z info: 	Connected to database.
2020-12-22T00:28:49.568Z info: 	Server is running on port: 3000
2020-12-22T00:28:49.870Z info: 	Connected to database.
2020-12-22T00:28:58.017Z info: 	Server is running on port: 3000
2020-12-22T00:28:58.283Z info: 	Connected to database.
2020-12-22T00:30:40.134Z info: 	Server is running on port: 3000
2020-12-22T00:30:40.434Z info: 	Connected to database.
2020-12-22T00:31:25.824Z info: 	Server is running on port: 3000
2020-12-22T00:31:26.070Z info: 	Connected to database.
2020-12-22T00:31:54.788Z info: 	Server is running on port: 3000
2020-12-22T00:31:55.090Z info: 	Connected to database.
2020-12-22T00:33:03.693Z info: 	Server is running on port: 3000
2020-12-22T00:33:03.991Z info: 	Connected to database.
2020-12-22T00:34:48.081Z info: 	Server is running on port: 3000
2020-12-22T00:34:48.382Z info: 	Connected to database.
2020-12-22T00:35:29.515Z info: 	Server is running on port: 3000
2020-12-22T00:35:29.779Z info: 	Connected to database.
2020-12-22T00:38:34.949Z info: 	Server is running on port: 3000
2020-12-22T00:38:35.274Z info: 	Connected to database.
2020-12-22T00:39:06.083Z info: 	Server is running on port: 3000
2020-12-22T00:39:06.315Z info: 	Connected to database.
2020-12-22T00:39:23.631Z info: 	Server is running on port: 3000
2020-12-22T00:39:23.861Z info: 	Connected to database.
2020-12-22T00:40:07.070Z info: 	Server is running on port: 3000
2020-12-22T00:40:07.377Z info: 	Connected to database.
2020-12-22T00:40:30.993Z info: 	Server is running on port: 3000
2020-12-22T00:40:31.220Z info: 	Connected to database.
2020-12-22T00:40:35.228Z info: 	Server is running on port: 3000
2020-12-22T00:40:35.466Z info: 	Connected to database.
2020-12-22T00:40:47.204Z info: 	Server is running on port: 3000
2020-12-22T00:40:47.404Z info: 	Connected to database.
2020-12-22T00:41:29.735Z info: 	Server is running on port: 3000
2020-12-22T00:41:30.019Z info: 	Connected to database.
2020-12-22T00:42:18.647Z info: 	Server is running on port: 3000
2020-12-22T00:42:18.902Z info: 	Connected to database.
2020-12-22T00:42:57.281Z info: 	Server is running on port: 3000
2020-12-22T00:42:57.580Z info: 	Connected to database.
2020-12-22T00:43:19.035Z info: 	Server is running on port: 3000
2020-12-22T00:43:19.294Z info: 	Connected to database.
2020-12-22T00:44:38.455Z info: 	Server is running on port: 3000
2020-12-22T00:44:38.761Z info: 	Connected to database.
2020-12-22T00:44:55.507Z info: 	Server is running on port: 3000
2020-12-22T00:44:55.769Z info: 	Connected to database.
2020-12-22T00:45:37.433Z info: 	Server is running on port: 3000
2020-12-22T00:45:37.653Z info: 	Connected to database.
2020-12-22T00:45:42.543Z info: 	Server is running on port: 3000
2020-12-22T00:45:42.842Z info: 	Connected to database.
2020-12-22T00:46:45.641Z info: 	Server is running on port: 3000
2020-12-22T00:46:45.892Z info: 	Connected to database.
2020-12-22T00:46:55.617Z info: 	Server is running on port: 3000
2020-12-22T00:46:55.851Z info: 	Connected to database.
2020-12-22T00:47:48.766Z info: 	Server is running on port: 3000
2020-12-22T00:47:49.030Z info: 	Connected to database.
2020-12-22T00:49:06.980Z info: 	Server is running on port: 3000
2020-12-22T00:49:07.298Z info: 	Connected to database.
2020-12-22T00:49:10.249Z info: 	Server is running on port: 3000
2020-12-22T00:49:10.463Z info: 	Connected to database.
2020-12-22T00:51:18.050Z info: 	Request: POST /common/register at Mon Dec 21 2020 19:51:18 GMT-0500, IP: ::1, User Agent: insomnia/2020.5.2
2020-12-22T00:51:18.346Z info: 	Request Body:{"role":"provider","email":"provider2@yahoo.com","password":"[FILTERED]"}
2020-12-22T00:51:18.346Z info: 	Response Body:Success! You are now logged in.
2020-12-22T00:51:18.346Z info: 	Response: 200 292.294 ms 
2020-12-22T00:51:41.884Z info: 	Request: POST /provider/locations/new at Mon Dec 21 2020 19:51:41 GMT-0500, IP: ::1, User Agent: insomnia/2020.5.2
2020-12-22T00:51:41.947Z info: 	Request Body:{"name":"Newest Great Location","phone":"(718)555-5555","address":{"street":"555 Apple Ln","city":"Springfield","state":"NY","zip":55555},"tests":["Rapid","PCR","Blood"]}
2020-12-22T00:51:41.948Z info: 	Response Body:{"tests":["Rapid","PCR","Blood"],"_id":"5fe1431da1e8067ac564a379","name":"Newest Great Location","phone":"(718)555-5555","address":{"street":"555 Apple Ln","city":"Springfield","state":"NY","zip":55555},"__v":0}
2020-12-22T00:51:41.949Z info: 	Response: 200 60.395 ms 
2020-12-22T00:51:58.924Z info: 	Request: POST /provider/locations/update/basic at Mon Dec 21 2020 19:51:58 GMT-0500, IP: ::1, User Agent: insomnia/2020.5.2
2020-12-22T00:51:58.966Z info: 	Request Body:{"location":"5fe1431da1e8067ac564a379","name":"Newer Location","phone":"(555)555-5555"}
2020-12-22T00:51:58.967Z info: 	Response Body:{"address":{"street":"555 Apple Ln","city":"Springfield","state":"NY","zip":55555},"tests":["Rapid","PCR","Blood"],"_id":"5fe1431da1e8067ac564a379","name":"Newer Location","phone":"(555)555-5555","__v":0}
2020-12-22T00:51:58.968Z info: 	Response: 200 39.316 ms 
2020-12-22T00:52:09.057Z info: 	Request: POST /provider/locations/update/address at Mon Dec 21 2020 19:52:09 GMT-0500, IP: ::1, User Agent: insomnia/2020.5.2
2020-12-22T00:52:09.092Z info: 	Request Body:{"location":"5fe1431da1e8067ac564a379","street":"12 Updated Ln","city":"Updatedville","state":"MA","zip":12345}
2020-12-22T00:52:09.092Z info: 	Response Body:{"address":{"street":"12 Updated Ln","city":"Updatedville","state":"MA","zip":12345},"tests":["Rapid","PCR","Blood"],"_id":"5fe1431da1e8067ac564a379","name":"Newer Location","phone":"(555)555-5555","__v":0}
2020-12-22T00:52:09.092Z info: 	Response: 200 33.555 ms 
2020-12-22T00:52:16.805Z info: 	Request: POST /provider/locations/update/tests at Mon Dec 21 2020 19:52:16 GMT-0500, IP: ::1, User Agent: insomnia/2020.5.2
2020-12-22T00:52:16.841Z info: 	Request Body:{"location":"5fe1431da1e8067ac564a379","tests":["PCR","Blood"]}
2020-12-22T00:52:16.841Z info: 	Response Body:{"address":{"street":"12 Updated Ln","city":"Updatedville","state":"MA","zip":12345},"tests":["PCR","Blood"],"_id":"5fe1431da1e8067ac564a379","name":"Newer Location","phone":"(555)555-5555","__v":1}
2020-12-22T00:52:16.842Z info: 	Response: 200 35.366 ms 
2020-12-22T00:52:24.515Z info: 	Request: GET /common/logout at Mon Dec 21 2020 19:52:24 GMT-0500, IP: ::1, User Agent: insomnia/2020.5.2
2020-12-22T00:52:24.517Z info: 	Response Body:You have successfully logged out.
2020-12-22T00:52:24.517Z info: 	Response: 200 0.587 ms 
2020-12-22T00:52:46.406Z info: 	Request: POST /common/login at Mon Dec 21 2020 19:52:46 GMT-0500, IP: ::1, User Agent: insomnia/2020.5.2
2020-12-22T00:52:46.663Z info: 	Request Body:{"email":"provider2@yahoo.com","password":"[FILTERED]"}
2020-12-22T00:52:46.664Z info: 	Response Body:Success!
2020-12-22T00:52:46.664Z info: 	Response: 200 256.441 ms 
