2020-12-20T18:00:57.361Z info: 	Server is running on port: 3000
2020-12-20T18:00:58.158Z info: 	Connected to database.
2020-12-20T18:01:03.750Z info: 	susieqasd@gmail.com is attempting to register, role: provider
2020-12-20T18:01:03.871Z info: 	400: User already registered.
2020-12-20T18:01:21.965Z info: 	Server is running on port: 3000
2020-12-20T18:01:22.944Z info: 	Connected to database.
2020-12-20T18:01:25.114Z info: 	susieqasd@gmail.com is attempting to register, role: provider
2020-12-20T18:01:25.185Z info: 	400: User already registered.
2020-12-20T18:02:50.179Z info: 	Server is running on port: 3000
2020-12-20T18:02:50.871Z info: 	Connected to database.
2020-12-20T18:02:53.241Z info: 	susieqasd@gmail.com is attempting to register, role: provider
2020-12-20T18:02:53.348Z info: 	400: User already registered.
2020-12-20T18:10:11.006Z info: 	Server is running on port: 3000
2020-12-20T18:10:17.892Z info: 	Server is running on port: 3000
2020-12-20T18:10:18.514Z info: 	Connected to database.
2020-12-20T18:10:27.636Z info: 	Server is running on port: 3000
2020-12-20T18:10:49.002Z error: 	mongoose.connect => connect ETIMEDOUT 3.225.145.70:27017
2020-12-20T18:10:52.898Z info: 	Server is running on port: 3000
2020-12-20T18:10:53.775Z info: 	Connected to database.
2020-12-20T18:11:06.877Z info: 	Server is running on port: 3000
2020-12-20T18:11:07.510Z info: 	Connected to database.
2020-12-20T18:13:44.410Z info: 	Server is running on port: 3000
2020-12-20T18:13:45.125Z info: 	Connected to database.
2020-12-20T18:13:56.749Z info: 	Server is running on port: 3000
2020-12-20T18:13:57.316Z info: 	Connected to database.
2020-12-20T18:14:47.842Z info: 	Server is running on port: 3000
2020-12-20T18:14:49.637Z info: 	Connected to database.
2020-12-20T18:15:16.748Z info: 	Server is running on port: 3000
2020-12-20T18:15:17.441Z info: 	Connected to database.
2020-12-20T18:15:24.752Z info: 	Server is running on port: 3000
2020-12-20T18:15:25.313Z info: 	Connected to database.
2020-12-20T18:15:54.301Z info: 	Server is running on port: 3000
2020-12-20T18:15:54.985Z info: 	Connected to database.
2020-12-20T18:15:58.461Z info: 	Server is running on port: 3000
2020-12-20T18:15:59.136Z info: 	Connected to database.
2020-12-20T18:17:27.257Z info: 	Server is running on port: 3000
2020-12-20T18:17:28.011Z info: 	Connected to database.
2020-12-20T18:17:50.864Z info: 	
Request: POST /common/register at Sun Dec 20 2020 13:17:50 GMT-0500, IP: ::1, User Agent: insomnia/2020.5.2

2020-12-20T18:17:50.968Z info: 	Request Body:
{
	"role": "provider",
	"email": "susieqasd@gmail.com",
	"password": "[FILTERED]"
}

2020-12-20T18:17:50.969Z info: 	Response Body:
User already registered.

2020-12-20T18:17:50.977Z info: 	Response: 400 101.002 ms 

2020-12-20T18:19:41.411Z info: 	Server is running on port: 3000
2020-12-20T18:19:42.194Z info: 	Connected to database.
2020-12-20T18:19:46.683Z info: 	
Request: POST /common/register at Sun Dec 20 2020 13:19:46 GMT-0500, IP: ::1, User Agent: insomnia/2020.5.2

2020-12-20T18:19:46.763Z info: 	Request Body:
{
	"role": "provider",
	"email": "susieqasd@gmail.com",
	"password": "[FILTERED]"
}

2020-12-20T18:19:46.764Z info: 	Response Body:
User already registered.

2020-12-20T18:19:46.770Z info: 	Response: 400 76.290 ms 

2020-12-20T18:20:16.432Z info: 	Server is running on port: 3000
2020-12-20T18:20:17.235Z info: 	Connected to database.
2020-12-20T18:20:51.448Z info: 	Server is running on port: 3000
2020-12-20T18:20:52.146Z info: 	Connected to database.
2020-12-20T18:28:11.122Z info: 	Server is running on port: 3000
2020-12-20T18:28:11.909Z info: 	Connected to database.
2020-12-20T18:28:45.649Z info: 	Server is running on port: 3000
2020-12-20T18:28:46.496Z info: 	Connected to database.
2020-12-20T18:28:50.907Z info: 	Request: POST /common/register at Sun Dec 20 2020 13:28:50 GMT-0500, IP: ::1, User Agent: insomnia/2020.5.2
2020-12-20T18:28:50.999Z info: 	Request Body:{
	"role": "provider",
	"email": "susieqasd@gmail.com",
	"password": "[FILTERED]"
}
2020-12-20T18:28:51.000Z info: 	Response Body:User already registered.
2020-12-20T18:28:51.001Z info: 	Response: 400 89.657 ms 
2020-12-20T18:29:24.939Z info: 	Server is running on port: 3000
2020-12-20T18:29:25.692Z info: 	Connected to database.
2020-12-20T18:29:26.955Z info: 	Request: POST /common/register at Sun Dec 20 2020 13:29:26 GMT-0500, IP: ::1, User Agent: insomnia/2020.5.2
2020-12-20T18:29:27.046Z info: 	Request Body:{
	"role": "provider",
	"email": "susieqasd@gmail.com",
	"password": "[FILTERED]"
}
2020-12-20T18:29:27.048Z info: 	Response Body:User already registered.
2020-12-20T18:29:27.048Z info: 	Response: 400 87.758 ms 
2020-12-20T18:30:02.688Z info: 	Server is running on port: 3000
2020-12-20T18:30:03.441Z info: 	Connected to database.
2020-12-20T18:30:09.124Z info: 	Request: POST /common/register at Sun Dec 20 2020 13:30:09 GMT-0500, IP: ::1, User Agent: insomnia/2020.5.2
2020-12-20T18:30:09.236Z info: 	Request Body:{
	"role": "provider",
	"email": "susieqasd@gmail.com",
	"password": "[FILTERED]"
}
2020-12-20T18:30:09.238Z info: 	Response Body:User already registered.
2020-12-20T18:30:09.239Z info: 	Response: 400 109.548 ms 
2020-12-20T18:30:21.875Z info: 	Server is running on port: 3000
2020-12-20T18:30:22.706Z info: 	Connected to database.
2020-12-20T18:30:24.859Z info: 	Server is running on port: 3000
2020-12-20T18:30:25.532Z info: 	Connected to database.
2020-12-20T18:30:28.613Z info: 	Request: POST /common/register at Sun Dec 20 2020 13:30:28 GMT-0500, IP: ::1, User Agent: insomnia/2020.5.2
2020-12-20T18:30:28.718Z info: 	Request Body:{
	"role": "provider",
	"email": "susieqasd@gmail.com",
	"password": "[FILTERED]"
}
2020-12-20T18:30:28.719Z info: 	Response Body:User already registered.
2020-12-20T18:30:28.720Z info: 	Response: 400 101.468 ms 
2020-12-20T18:30:33.566Z info: 	Server is running on port: 3000
2020-12-20T18:30:34.230Z info: 	Connected to database.
2020-12-20T18:30:36.504Z info: 	Request: POST /common/register at Sun Dec 20 2020 13:30:36 GMT-0500, IP: ::1, User Agent: insomnia/2020.5.2
2020-12-20T18:30:36.591Z info: 	Request Body:{
	"role": "provider",
	"email": "susieqasd@gmail.com",
	"password": "[FILTERED]"
}
2020-12-20T18:30:36.592Z info: 	Response Body:User already registered.
2020-12-20T18:30:36.593Z info: 	Response: 400 84.504 ms 
2020-12-20T18:30:44.382Z info: 	Server is running on port: 3000
2020-12-20T18:30:45.142Z info: 	Connected to database.
2020-12-20T18:31:25.269Z info: 	Server is running on port: 3000
2020-12-20T18:31:26.071Z info: 	Connected to database.
2020-12-20T18:34:40.675Z info: 	Server is running on port: 3000
2020-12-20T18:34:41.425Z info: 	Connected to database.
2020-12-20T18:34:49.374Z info: 	Request: POST /common/register at Sun Dec 20 2020 13:34:49 GMT-0500, IP: ::1, User Agent: insomnia/2020.5.2
2020-12-20T18:34:49.467Z info: 	Request Body:{
	"role": "provider",
	"email": "susieqasd@gmail.com",
	"password": "[FILTERED]"
}
2020-12-20T18:34:49.468Z info: 	Response Body:User already registered.
2020-12-20T18:34:49.476Z info: 	Response: 400 89.843 ms 
2020-12-20T18:35:07.287Z info: 	Server is running on port: 3000
2020-12-20T18:35:28.685Z error: 	mongoose.connect => connect ETIMEDOUT 3.225.145.70:27017
2020-12-20T18:36:14.574Z info: 	Server is running on port: 3000
2020-12-20T18:36:15.397Z info: 	Connected to database.
2020-12-20T18:36:47.128Z info: 	Server is running on port: 3000
2020-12-20T18:36:47.904Z info: 	Connected to database.
2020-12-20T18:37:44.878Z info: 	Server is running on port: 3000
2020-12-20T18:37:53.955Z info: 	Request: POST /common/register at Sun Dec 20 2020 13:37:53 GMT-0500, IP: ::1, User Agent: insomnia/2020.5.2
2020-12-20T18:37:55.601Z info: 	Connected to database.
2020-12-20T18:38:02.590Z info: 	Request Body:{"role":"provider","email":"susieqasd@gmail.com","password":"[FILTERED]"}
2020-12-20T18:38:02.591Z info: 	Response: - - ms 
2020-12-20T18:39:06.577Z info: 	Server is running on port: 3000
2020-12-20T18:39:09.276Z info: 	Connected to database.
2020-12-20T18:39:11.420Z info: 	Request: POST /common/register at Sun Dec 20 2020 13:39:11 GMT-0500, IP: ::1, User Agent: insomnia/2020.5.2
2020-12-20T18:41:11.417Z info: 	Request Body:{"role":"provider","email":"susieqasd@gmail.com","password":"[FILTERED]"}
2020-12-20T18:41:11.418Z info: 	Response: - - ms 
2020-12-20T18:43:10.140Z info: 	Request: POST /common/register at Sun Dec 20 2020 13:43:10 GMT-0500, IP: ::1, User Agent: insomnia/2020.5.2
2020-12-20T18:43:13.269Z info: 	Request Body:{"role":"provider","email":"susieqasd@gmail.com","password":"[FILTERED]"}
2020-12-20T18:43:13.269Z info: 	Response: - - ms 
