2020-12-24T15:09:05.303Z info: 	Request: GET /common/locations at Thu Dec 24 2020 10:09:05 GMT-0500, IP: ::1, User Agent: Mozilla/5.0 (X11; Linux x86_64) AppleWebKit/537.36 (KHTML, like Gecko) Chrome/86.0.4240.75 Safari/537.36
2020-12-24T15:09:05.323Z info: 	Response Body:[{"address":{"street":"555 Apple Ln","city":"Beverly Hills","state":"CA","zip":90210},"tests":["rapid","pcr","blood"],"_id":"5fe37c25c1c6521f96315d8c","name":"Celebrity Urgent Care","phone":"(718)555-5555","__v":0},{"address":{"street":"222 Orange Rd","city":"Middletown","state":"NY","zip":10940},"tests":["pcr","blood"],"_id":"5fe37c43c1c6521f96315d8d","name":"Upstate Urgent Care","__v":0},{"address":{"street":"56 Pineapple Rd","city":"Astoria","state":"NY","zip":11105},"tests":["blood"],"_id":"5fe37c61c1c6521f96315d8e","name":"Astoria Urgent Care","__v":0}]
2020-12-24T15:09:05.323Z info: 	Response: 304 17.646 ms 
2020-12-24T15:09:05.331Z info: 	Request: POST /common/locations/distance at Thu Dec 24 2020 10:09:05 GMT-0500, IP: ::1, User Agent: Mozilla/5.0 (X11; Linux x86_64) AppleWebKit/537.36 (KHTML, like Gecko) Chrome/86.0.4240.75 Safari/537.36
2020-12-24T15:09:05.958Z info: 	Request Body:{"locationZips":"90210|10940|11105|","locations":[{"address":{"street":"555 Apple Ln","city":"Beverly Hills","state":"CA","zip":90210},"tests":["rapid","pcr","blood"],"_id":"5fe37c25c1c6521f96315d8c","name":"Celebrity Urgent Care","phone":"(718)555-5555","__v":0},{"address":{"street":"222 Orange Rd","city":"Middletown","state":"NY","zip":10940},"tests":["pcr","blood"],"_id":"5fe37c43c1c6521f96315d8d","name":"Upstate Urgent Care","__v":0},{"address":{"street":"56 Pineapple Rd","city":"Astoria","state":"NY","zip":11105},"tests":["blood"],"_id":"5fe37c61c1c6521f96315d8e","name":"Astoria Urgent Care","__v":0}]}
2020-12-24T15:09:05.958Z info: 	Response Body:[{"distance":4509869},{"distance":119572},{"distance":15577}]
2020-12-24T15:09:05.959Z info: 	Response: 200 625.403 ms 
2020-12-24T15:13:17.225Z info: 	Request: GET /common/locations at Thu Dec 24 2020 10:13:17 GMT-0500, IP: ::1, User Agent: Mozilla/5.0 (X11; Linux x86_64) AppleWebKit/537.36 (KHTML, like Gecko) Chrome/86.0.4240.75 Safari/537.36
2020-12-24T15:13:17.247Z info: 	Response Body:[{"address":{"street":"555 Apple Ln","city":"Beverly Hills","state":"CA","zip":90210},"tests":["rapid","pcr","blood"],"_id":"5fe37c25c1c6521f96315d8c","name":"Celebrity Urgent Care","phone":"(718)555-5555","__v":0},{"address":{"street":"222 Orange Rd","city":"Middletown","state":"NY","zip":10940},"tests":["pcr","blood"],"_id":"5fe37c43c1c6521f96315d8d","name":"Upstate Urgent Care","__v":0},{"address":{"street":"56 Pineapple Rd","city":"Astoria","state":"NY","zip":11105},"tests":["blood"],"_id":"5fe37c61c1c6521f96315d8e","name":"Astoria Urgent Care","__v":0}]
2020-12-24T15:13:17.248Z info: 	Response: 304 20.443 ms 
2020-12-24T15:13:17.259Z info: 	Request: POST /common/locations/distance at Thu Dec 24 2020 10:13:17 GMT-0500, IP: ::1, User Agent: Mozilla/5.0 (X11; Linux x86_64) AppleWebKit/537.36 (KHTML, like Gecko) Chrome/86.0.4240.75 Safari/537.36
2020-12-24T15:13:17.553Z info: 	Request Body:{"locationZips":"90210|10940|11105|","locations":[{"address":{"street":"555 Apple Ln","city":"Beverly Hills","state":"CA","zip":90210},"tests":["rapid","pcr","blood"],"_id":"5fe37c25c1c6521f96315d8c","name":"Celebrity Urgent Care","phone":"(718)555-5555","__v":0},{"address":{"street":"222 Orange Rd","city":"Middletown","state":"NY","zip":10940},"tests":["pcr","blood"],"_id":"5fe37c43c1c6521f96315d8d","name":"Upstate Urgent Care","__v":0},{"address":{"street":"56 Pineapple Rd","city":"Astoria","state":"NY","zip":11105},"tests":["blood"],"_id":"5fe37c61c1c6521f96315d8e","name":"Astoria Urgent Care","__v":0}]}
2020-12-24T15:13:17.554Z info: 	Response Body:[{"distance":4509869},{"distance":119572},{"distance":15577}]
2020-12-24T15:13:17.555Z info: 	Response: 200 292.315 ms 
2020-12-24T15:13:54.724Z info: 	Request: GET /common/locations at Thu Dec 24 2020 10:13:54 GMT-0500, IP: ::1, User Agent: Mozilla/5.0 (X11; Linux x86_64) AppleWebKit/537.36 (KHTML, like Gecko) Chrome/86.0.4240.75 Safari/537.36
2020-12-24T15:13:54.740Z info: 	Response Body:[{"address":{"street":"555 Apple Ln","city":"Beverly Hills","state":"CA","zip":90210},"tests":["rapid","pcr","blood"],"_id":"5fe37c25c1c6521f96315d8c","name":"Celebrity Urgent Care","phone":"(718)555-5555","__v":0},{"address":{"street":"222 Orange Rd","city":"Middletown","state":"NY","zip":10940},"tests":["pcr","blood"],"_id":"5fe37c43c1c6521f96315d8d","name":"Upstate Urgent Care","__v":0},{"address":{"street":"56 Pineapple Rd","city":"Astoria","state":"NY","zip":11105},"tests":["blood"],"_id":"5fe37c61c1c6521f96315d8e","name":"Astoria Urgent Care","__v":0}]
2020-12-24T15:13:54.740Z info: 	Response: 304 15.283 ms 
2020-12-24T15:13:54.748Z info: 	Request: POST /common/locations/distance at Thu Dec 24 2020 10:13:54 GMT-0500, IP: ::1, User Agent: Mozilla/5.0 (X11; Linux x86_64) AppleWebKit/537.36 (KHTML, like Gecko) Chrome/86.0.4240.75 Safari/537.36
2020-12-24T15:13:55.031Z info: 	Request Body:{"locationZips":"90210|10940|11105|","locations":[{"address":{"street":"555 Apple Ln","city":"Beverly Hills","state":"CA","zip":90210},"tests":["rapid","pcr","blood"],"_id":"5fe37c25c1c6521f96315d8c","name":"Celebrity Urgent Care","phone":"(718)555-5555","__v":0},{"address":{"street":"222 Orange Rd","city":"Middletown","state":"NY","zip":10940},"tests":["pcr","blood"],"_id":"5fe37c43c1c6521f96315d8d","name":"Upstate Urgent Care","__v":0},{"address":{"street":"56 Pineapple Rd","city":"Astoria","state":"NY","zip":11105},"tests":["blood"],"_id":"5fe37c61c1c6521f96315d8e","name":"Astoria Urgent Care","__v":0}]}
2020-12-24T15:13:55.032Z info: 	Response Body:[{"distance":4509869},{"distance":119572},{"distance":15577}]
2020-12-24T15:13:55.033Z info: 	Response: 200 281.290 ms 
2020-12-24T15:13:57.375Z info: 	Request: GET /common/locations at Thu Dec 24 2020 10:13:57 GMT-0500, IP: ::1, User Agent: Mozilla/5.0 (X11; Linux x86_64) AppleWebKit/537.36 (KHTML, like Gecko) Chrome/86.0.4240.75 Safari/537.36
2020-12-24T15:13:57.393Z info: 	Response Body:[{"address":{"street":"555 Apple Ln","city":"Beverly Hills","state":"CA","zip":90210},"tests":["rapid","pcr","blood"],"_id":"5fe37c25c1c6521f96315d8c","name":"Celebrity Urgent Care","phone":"(718)555-5555","__v":0},{"address":{"street":"222 Orange Rd","city":"Middletown","state":"NY","zip":10940},"tests":["pcr","blood"],"_id":"5fe37c43c1c6521f96315d8d","name":"Upstate Urgent Care","__v":0},{"address":{"street":"56 Pineapple Rd","city":"Astoria","state":"NY","zip":11105},"tests":["blood"],"_id":"5fe37c61c1c6521f96315d8e","name":"Astoria Urgent Care","__v":0}]
2020-12-24T15:13:57.393Z info: 	Response: 304 17.250 ms 
2020-12-24T15:13:57.447Z info: 	Request: POST /common/locations/distance at Thu Dec 24 2020 10:13:57 GMT-0500, IP: ::1, User Agent: Mozilla/5.0 (X11; Linux x86_64) AppleWebKit/537.36 (KHTML, like Gecko) Chrome/86.0.4240.75 Safari/537.36
2020-12-24T15:13:57.555Z info: 	Request Body:{"locationZips":"90210|10940|11105|","locations":[{"address":{"street":"555 Apple Ln","city":"Beverly Hills","state":"CA","zip":90210},"tests":["rapid","pcr","blood"],"_id":"5fe37c25c1c6521f96315d8c","name":"Celebrity Urgent Care","phone":"(718)555-5555","__v":0},{"address":{"street":"222 Orange Rd","city":"Middletown","state":"NY","zip":10940},"tests":["pcr","blood"],"_id":"5fe37c43c1c6521f96315d8d","name":"Upstate Urgent Care","__v":0},{"address":{"street":"56 Pineapple Rd","city":"Astoria","state":"NY","zip":11105},"tests":["blood"],"_id":"5fe37c61c1c6521f96315d8e","name":"Astoria Urgent Care","__v":0}]}
2020-12-24T15:13:57.555Z info: 	Response Body:[{"distance":4509869},{"distance":119572},{"distance":15577}]
2020-12-24T15:13:57.555Z info: 	Response: 200 97.072 ms 
2020-12-24T15:15:00.993Z info: 	Request: GET /common/locations at Thu Dec 24 2020 10:15:00 GMT-0500, IP: ::1, User Agent: Mozilla/5.0 (X11; Linux x86_64) AppleWebKit/537.36 (KHTML, like Gecko) Chrome/86.0.4240.75 Safari/537.36
2020-12-24T15:15:01.013Z info: 	Response Body:[{"address":{"street":"555 Apple Ln","city":"Beverly Hills","state":"CA","zip":90210},"tests":["rapid","pcr","blood"],"_id":"5fe37c25c1c6521f96315d8c","name":"Celebrity Urgent Care","phone":"(718)555-5555","__v":0},{"address":{"street":"222 Orange Rd","city":"Middletown","state":"NY","zip":10940},"tests":["pcr","blood"],"_id":"5fe37c43c1c6521f96315d8d","name":"Upstate Urgent Care","__v":0},{"address":{"street":"56 Pineapple Rd","city":"Astoria","state":"NY","zip":11105},"tests":["blood"],"_id":"5fe37c61c1c6521f96315d8e","name":"Astoria Urgent Care","__v":0}]
2020-12-24T15:15:01.014Z info: 	Response: 304 17.098 ms 
2020-12-24T15:15:01.027Z info: 	Request: POST /common/locations/distance at Thu Dec 24 2020 10:15:01 GMT-0500, IP: ::1, User Agent: Mozilla/5.0 (X11; Linux x86_64) AppleWebKit/537.36 (KHTML, like Gecko) Chrome/86.0.4240.75 Safari/537.36
2020-12-24T15:15:01.695Z info: 	Request Body:{"locationZips":"90210|10940|11105|","locations":[{"address":{"street":"555 Apple Ln","city":"Beverly Hills","state":"CA","zip":90210},"tests":["rapid","pcr","blood"],"_id":"5fe37c25c1c6521f96315d8c","name":"Celebrity Urgent Care","phone":"(718)555-5555","__v":0},{"address":{"street":"222 Orange Rd","city":"Middletown","state":"NY","zip":10940},"tests":["pcr","blood"],"_id":"5fe37c43c1c6521f96315d8d","name":"Upstate Urgent Care","__v":0},{"address":{"street":"56 Pineapple Rd","city":"Astoria","state":"NY","zip":11105},"tests":["blood"],"_id":"5fe37c61c1c6521f96315d8e","name":"Astoria Urgent Care","__v":0}]}
2020-12-24T15:15:01.696Z info: 	Response Body:[{"distance":4513005},{"distance":119572},{"distance":15577}]
2020-12-24T15:15:01.696Z info: 	Response: 200 664.655 ms 
2020-12-24T15:15:21.015Z info: 	Request: GET /common/locations at Thu Dec 24 2020 10:15:21 GMT-0500, IP: ::1, User Agent: Mozilla/5.0 (X11; Linux x86_64) AppleWebKit/537.36 (KHTML, like Gecko) Chrome/86.0.4240.75 Safari/537.36
2020-12-24T15:15:21.034Z info: 	Response Body:[{"address":{"street":"555 Apple Ln","city":"Beverly Hills","state":"CA","zip":90210},"tests":["rapid","pcr","blood"],"_id":"5fe37c25c1c6521f96315d8c","name":"Celebrity Urgent Care","phone":"(718)555-5555","__v":0},{"address":{"street":"222 Orange Rd","city":"Middletown","state":"NY","zip":10940},"tests":["pcr","blood"],"_id":"5fe37c43c1c6521f96315d8d","name":"Upstate Urgent Care","__v":0},{"address":{"street":"56 Pineapple Rd","city":"Astoria","state":"NY","zip":11105},"tests":["blood"],"_id":"5fe37c61c1c6521f96315d8e","name":"Astoria Urgent Care","__v":0}]
2020-12-24T15:15:21.034Z info: 	Response: 304 18.017 ms 
2020-12-24T15:15:21.045Z info: 	Request: POST /common/locations/distance at Thu Dec 24 2020 10:15:21 GMT-0500, IP: ::1, User Agent: Mozilla/5.0 (X11; Linux x86_64) AppleWebKit/537.36 (KHTML, like Gecko) Chrome/86.0.4240.75 Safari/537.36
2020-12-24T15:15:21.114Z info: 	Request Body:{"locationZips":"90210|10940|11105|","locations":[{"address":{"street":"555 Apple Ln","city":"Beverly Hills","state":"CA","zip":90210},"tests":["rapid","pcr","blood"],"_id":"5fe37c25c1c6521f96315d8c","name":"Celebrity Urgent Care","phone":"(718)555-5555","__v":0},{"address":{"street":"222 Orange Rd","city":"Middletown","state":"NY","zip":10940},"tests":["pcr","blood"],"_id":"5fe37c43c1c6521f96315d8d","name":"Upstate Urgent Care","__v":0},{"address":{"street":"56 Pineapple Rd","city":"Astoria","state":"NY","zip":11105},"tests":["blood"],"_id":"5fe37c61c1c6521f96315d8e","name":"Astoria Urgent Care","__v":0}]}
2020-12-24T15:15:21.115Z info: 	Response Body:[{"distance":4513005},{"distance":119572},{"distance":15577}]
2020-12-24T15:15:21.116Z info: 	Response: 200 65.728 ms 
2020-12-24T15:16:12.360Z info: 	Request: GET /common/locations at Thu Dec 24 2020 10:16:12 GMT-0500, IP: ::1, User Agent: Mozilla/5.0 (X11; Linux x86_64) AppleWebKit/537.36 (KHTML, like Gecko) Chrome/86.0.4240.75 Safari/537.36
2020-12-24T15:16:12.377Z info: 	Response Body:[{"address":{"street":"555 Apple Ln","city":"Beverly Hills","state":"CA","zip":90210},"tests":["rapid","pcr","blood"],"_id":"5fe37c25c1c6521f96315d8c","name":"Celebrity Urgent Care","phone":"(718)555-5555","__v":0},{"address":{"street":"222 Orange Rd","city":"Middletown","state":"NY","zip":10940},"tests":["pcr","blood"],"_id":"5fe37c43c1c6521f96315d8d","name":"Upstate Urgent Care","__v":0},{"address":{"street":"56 Pineapple Rd","city":"Astoria","state":"NY","zip":11105},"tests":["blood"],"_id":"5fe37c61c1c6521f96315d8e","name":"Astoria Urgent Care","__v":0}]
2020-12-24T15:16:12.378Z info: 	Response: 304 16.420 ms 
2020-12-24T15:16:12.529Z info: 	Request: POST /common/locations/distance at Thu Dec 24 2020 10:16:12 GMT-0500, IP: ::1, User Agent: Mozilla/5.0 (X11; Linux x86_64) AppleWebKit/537.36 (KHTML, like Gecko) Chrome/86.0.4240.75 Safari/537.36
2020-12-24T15:16:13.376Z info: 	Request Body:{"zip":"12345","locationZips":"90210|10940|11105|","locations":[{"address":{"street":"555 Apple Ln","city":"Beverly Hills","state":"CA","zip":90210},"tests":["rapid","pcr","blood"],"_id":"5fe37c25c1c6521f96315d8c","name":"Celebrity Urgent Care","phone":"(718)555-5555","__v":0},{"address":{"street":"222 Orange Rd","city":"Middletown","state":"NY","zip":10940},"tests":["pcr","blood"],"_id":"5fe37c43c1c6521f96315d8d","name":"Upstate Urgent Care","__v":0},{"address":{"street":"56 Pineapple Rd","city":"Astoria","state":"NY","zip":11105},"tests":["blood"],"_id":"5fe37c61c1c6521f96315d8e","name":"Astoria Urgent Care","__v":0}]}
2020-12-24T15:16:13.378Z info: 	Response Body:[{"distance":18097},{"distance":4466234},{"distance":4509960}]
2020-12-24T15:16:13.379Z info: 	Response: 200 842.481 ms 
2020-12-24T15:16:24.756Z info: 	Request: GET /common/locations at Thu Dec 24 2020 10:16:24 GMT-0500, IP: ::1, User Agent: Mozilla/5.0 (X11; Linux x86_64) AppleWebKit/537.36 (KHTML, like Gecko) Chrome/86.0.4240.75 Safari/537.36
2020-12-24T15:16:24.773Z info: 	Response Body:[{"address":{"street":"555 Apple Ln","city":"Beverly Hills","state":"CA","zip":90210},"tests":["rapid","pcr","blood"],"_id":"5fe37c25c1c6521f96315d8c","name":"Celebrity Urgent Care","phone":"(718)555-5555","__v":0},{"address":{"street":"222 Orange Rd","city":"Middletown","state":"NY","zip":10940},"tests":["pcr","blood"],"_id":"5fe37c43c1c6521f96315d8d","name":"Upstate Urgent Care","__v":0},{"address":{"street":"56 Pineapple Rd","city":"Astoria","state":"NY","zip":11105},"tests":["blood"],"_id":"5fe37c61c1c6521f96315d8e","name":"Astoria Urgent Care","__v":0}]
2020-12-24T15:16:24.774Z info: 	Response: 304 15.079 ms 
2020-12-24T15:16:24.790Z info: 	Request: POST /common/locations/distance at Thu Dec 24 2020 10:16:24 GMT-0500, IP: ::1, User Agent: Mozilla/5.0 (X11; Linux x86_64) AppleWebKit/537.36 (KHTML, like Gecko) Chrome/86.0.4240.75 Safari/537.36
2020-12-24T15:16:25.353Z info: 	Request Body:{"zip":"12345","locationZips":"90210|10940|11105|","locations":[{"address":{"street":"555 Apple Ln","city":"Beverly Hills","state":"CA","zip":90210},"tests":["rapid","pcr","blood"],"_id":"5fe37c25c1c6521f96315d8c","name":"Celebrity Urgent Care","phone":"(718)555-5555","__v":0},{"address":{"street":"222 Orange Rd","city":"Middletown","state":"NY","zip":10940},"tests":["pcr","blood"],"_id":"5fe37c43c1c6521f96315d8d","name":"Upstate Urgent Care","__v":0},{"address":{"street":"56 Pineapple Rd","city":"Astoria","state":"NY","zip":11105},"tests":["blood"],"_id":"5fe37c61c1c6521f96315d8e","name":"Astoria Urgent Care","__v":0}]}
2020-12-24T15:16:25.353Z info: 	Response Body:[{"distance":21232},{"distance":4466234},{"distance":4509960}]
2020-12-24T15:16:25.354Z info: 	Response: 200 561.326 ms 
2020-12-24T15:19:00.846Z info: 	Request: GET /common/locations at Thu Dec 24 2020 10:19:00 GMT-0500, IP: ::1, User Agent: Mozilla/5.0 (X11; Linux x86_64) AppleWebKit/537.36 (KHTML, like Gecko) Chrome/86.0.4240.75 Safari/537.36
2020-12-24T15:19:00.867Z info: 	Response Body:[{"address":{"street":"555 Apple Ln","city":"Beverly Hills","state":"CA","zip":90210},"tests":["rapid","pcr","blood"],"_id":"5fe37c25c1c6521f96315d8c","name":"Celebrity Urgent Care","phone":"(718)555-5555","__v":0},{"address":{"street":"222 Orange Rd","city":"Middletown","state":"NY","zip":10940},"tests":["pcr","blood"],"_id":"5fe37c43c1c6521f96315d8d","name":"Upstate Urgent Care","__v":0},{"address":{"street":"56 Pineapple Rd","city":"Astoria","state":"NY","zip":11105},"tests":["blood"],"_id":"5fe37c61c1c6521f96315d8e","name":"Astoria Urgent Care","__v":0}]
2020-12-24T15:19:00.867Z info: 	Response: 304 19.996 ms 
2020-12-24T15:19:00.909Z info: 	Request: POST /common/locations/distance at Thu Dec 24 2020 10:19:00 GMT-0500, IP: ::1, User Agent: Mozilla/5.0 (X11; Linux x86_64) AppleWebKit/537.36 (KHTML, like Gecko) Chrome/86.0.4240.75 Safari/537.36
2020-12-24T15:19:01.615Z info: 	Request Body:{"zip":"12345","locationZips":"90210|10940|11105|","locations":[{"address":{"street":"555 Apple Ln","city":"Beverly Hills","state":"CA","zip":90210},"tests":["rapid","pcr","blood"],"_id":"5fe37c25c1c6521f96315d8c","name":"Celebrity Urgent Care","phone":"(718)555-5555","__v":0},{"address":{"street":"222 Orange Rd","city":"Middletown","state":"NY","zip":10940},"tests":["pcr","blood"],"_id":"5fe37c43c1c6521f96315d8d","name":"Upstate Urgent Care","__v":0},{"address":{"street":"56 Pineapple Rd","city":"Astoria","state":"NY","zip":11105},"tests":["blood"],"_id":"5fe37c61c1c6521f96315d8e","name":"Astoria Urgent Care","__v":0}]}
2020-12-24T15:19:01.616Z info: 	Response Body:[{"distance":18097},{"distance":4466234},{"distance":4509960}]
2020-12-24T15:19:01.618Z info: 	Response: 200 700.809 ms 
2020-12-24T15:20:51.226Z info: 	Request: GET /common/locations at Thu Dec 24 2020 10:20:51 GMT-0500, IP: ::1, User Agent: Mozilla/5.0 (X11; Linux x86_64) AppleWebKit/537.36 (KHTML, like Gecko) Chrome/86.0.4240.75 Safari/537.36
2020-12-24T15:20:51.242Z info: 	Response Body:[{"address":{"street":"555 Apple Ln","city":"Beverly Hills","state":"CA","zip":90210},"tests":["rapid","pcr","blood"],"_id":"5fe37c25c1c6521f96315d8c","name":"Celebrity Urgent Care","phone":"(718)555-5555","__v":0},{"address":{"street":"222 Orange Rd","city":"Middletown","state":"NY","zip":10940},"tests":["pcr","blood"],"_id":"5fe37c43c1c6521f96315d8d","name":"Upstate Urgent Care","__v":0},{"address":{"street":"56 Pineapple Rd","city":"Astoria","state":"NY","zip":11105},"tests":["blood"],"_id":"5fe37c61c1c6521f96315d8e","name":"Astoria Urgent Care","__v":0}]
2020-12-24T15:20:51.243Z info: 	Response: 304 14.834 ms 
2020-12-24T15:20:51.260Z info: 	Request: POST /common/locations/distance at Thu Dec 24 2020 10:20:51 GMT-0500, IP: ::1, User Agent: Mozilla/5.0 (X11; Linux x86_64) AppleWebKit/537.36 (KHTML, like Gecko) Chrome/86.0.4240.75 Safari/537.36
2020-12-24T15:20:51.488Z info: 	Request Body:{"zip":"12345","locationZips":"90210|10940|11105|","locations":[{"address":{"street":"555 Apple Ln","city":"Beverly Hills","state":"CA","zip":90210},"tests":["rapid","pcr","blood"],"_id":"5fe37c25c1c6521f96315d8c","name":"Celebrity Urgent Care","phone":"(718)555-5555","__v":0},{"address":{"street":"222 Orange Rd","city":"Middletown","state":"NY","zip":10940},"tests":["pcr","blood"],"_id":"5fe37c43c1c6521f96315d8d","name":"Upstate Urgent Care","__v":0},{"address":{"street":"56 Pineapple Rd","city":"Astoria","state":"NY","zip":11105},"tests":["blood"],"_id":"5fe37c61c1c6521f96315d8e","name":"Astoria Urgent Care","__v":0}]}
2020-12-24T15:20:51.489Z info: 	Response Body:[{"distance":18097},{"distance":4466234},{"distance":4509960}]
2020-12-24T15:20:51.490Z info: 	Response: 200 227.293 ms 
2020-12-24T15:21:20.317Z info: 	Request: GET /common/locations at Thu Dec 24 2020 10:21:20 GMT-0500, IP: ::1, User Agent: Mozilla/5.0 (X11; Linux x86_64) AppleWebKit/537.36 (KHTML, like Gecko) Chrome/86.0.4240.75 Safari/537.36
2020-12-24T15:21:20.335Z info: 	Response Body:[{"address":{"street":"555 Apple Ln","city":"Beverly Hills","state":"CA","zip":90210},"tests":["rapid","pcr","blood"],"_id":"5fe37c25c1c6521f96315d8c","name":"Celebrity Urgent Care","phone":"(718)555-5555","__v":0},{"address":{"street":"222 Orange Rd","city":"Middletown","state":"NY","zip":10940},"tests":["pcr","blood"],"_id":"5fe37c43c1c6521f96315d8d","name":"Upstate Urgent Care","__v":0},{"address":{"street":"56 Pineapple Rd","city":"Astoria","state":"NY","zip":11105},"tests":["blood"],"_id":"5fe37c61c1c6521f96315d8e","name":"Astoria Urgent Care","__v":0}]
2020-12-24T15:21:20.335Z info: 	Response: 304 15.832 ms 
2020-12-24T15:21:20.347Z info: 	Request: POST /common/locations/distance at Thu Dec 24 2020 10:21:20 GMT-0500, IP: ::1, User Agent: Mozilla/5.0 (X11; Linux x86_64) AppleWebKit/537.36 (KHTML, like Gecko) Chrome/86.0.4240.75 Safari/537.36
2020-12-24T15:21:20.450Z info: 	Request Body:{"zip":"12345","locationZips":"90210|10940|11105|","locations":[{"address":{"street":"555 Apple Ln","city":"Beverly Hills","state":"CA","zip":90210},"tests":["rapid","pcr","blood"],"_id":"5fe37c25c1c6521f96315d8c","name":"Celebrity Urgent Care","phone":"(718)555-5555","__v":0},{"address":{"street":"222 Orange Rd","city":"Middletown","state":"NY","zip":10940},"tests":["pcr","blood"],"_id":"5fe37c43c1c6521f96315d8d","name":"Upstate Urgent Care","__v":0},{"address":{"street":"56 Pineapple Rd","city":"Astoria","state":"NY","zip":11105},"tests":["blood"],"_id":"5fe37c61c1c6521f96315d8e","name":"Astoria Urgent Care","__v":0}]}
2020-12-24T15:21:20.451Z info: 	Response Body:[{"distance":18097},{"distance":4466234},{"distance":4509960}]
2020-12-24T15:21:20.452Z info: 	Response: 200 101.951 ms 
2020-12-24T15:32:46.402Z info: 	Request: GET /common/locations at Thu Dec 24 2020 10:32:46 GMT-0500, IP: ::1, User Agent: Mozilla/5.0 (X11; Linux x86_64) AppleWebKit/537.36 (KHTML, like Gecko) Chrome/86.0.4240.75 Safari/537.36
2020-12-24T15:32:46.418Z info: 	Response Body:[{"address":{"street":"555 Apple Ln","city":"Beverly Hills","state":"CA","zip":90210},"tests":["rapid","pcr","blood"],"_id":"5fe37c25c1c6521f96315d8c","name":"Celebrity Urgent Care","phone":"(718)555-5555","__v":0},{"address":{"street":"222 Orange Rd","city":"Middletown","state":"NY","zip":10940},"tests":["pcr","blood"],"_id":"5fe37c43c1c6521f96315d8d","name":"Upstate Urgent Care","__v":0},{"address":{"street":"56 Pineapple Rd","city":"Astoria","state":"NY","zip":11105},"tests":["blood"],"_id":"5fe37c61c1c6521f96315d8e","name":"Astoria Urgent Care","__v":0}]
2020-12-24T15:32:46.419Z info: 	Response: 304 15.344 ms 
2020-12-24T15:32:46.428Z info: 	Request: POST /common/locations/distance at Thu Dec 24 2020 10:32:46 GMT-0500, IP: ::1, User Agent: Mozilla/5.0 (X11; Linux x86_64) AppleWebKit/537.36 (KHTML, like Gecko) Chrome/86.0.4240.75 Safari/537.36
2020-12-24T15:32:47.107Z info: 	Request Body:{"zip":"12345","locationZips":"90210|10940|11105|","locations":[{"address":{"street":"555 Apple Ln","city":"Beverly Hills","state":"CA","zip":90210},"tests":["rapid","pcr","blood"],"_id":"5fe37c25c1c6521f96315d8c","name":"Celebrity Urgent Care","phone":"(718)555-5555","__v":0},{"address":{"street":"222 Orange Rd","city":"Middletown","state":"NY","zip":10940},"tests":["pcr","blood"],"_id":"5fe37c43c1c6521f96315d8d","name":"Upstate Urgent Care","__v":0},{"address":{"street":"56 Pineapple Rd","city":"Astoria","state":"NY","zip":11105},"tests":["blood"],"_id":"5fe37c61c1c6521f96315d8e","name":"Astoria Urgent Care","__v":0}]}
2020-12-24T15:32:47.108Z info: 	Response Body:[{"distance":18097},{"distance":4466234},{"distance":4509960}]
2020-12-24T15:32:47.108Z info: 	Response: 200 676.843 ms 
2020-12-24T15:33:22.933Z info: 	Request: GET /common/locations at Thu Dec 24 2020 10:33:22 GMT-0500, IP: ::1, User Agent: Mozilla/5.0 (X11; Linux x86_64) AppleWebKit/537.36 (KHTML, like Gecko) Chrome/86.0.4240.75 Safari/537.36
2020-12-24T15:33:22.950Z info: 	Response Body:[{"address":{"street":"555 Apple Ln","city":"Beverly Hills","state":"CA","zip":90210},"tests":["rapid","pcr","blood"],"_id":"5fe37c25c1c6521f96315d8c","name":"Celebrity Urgent Care","phone":"(718)555-5555","__v":0},{"address":{"street":"222 Orange Rd","city":"Middletown","state":"NY","zip":10940},"tests":["pcr","blood"],"_id":"5fe37c43c1c6521f96315d8d","name":"Upstate Urgent Care","__v":0},{"address":{"street":"56 Pineapple Rd","city":"Astoria","state":"NY","zip":11105},"tests":["blood"],"_id":"5fe37c61c1c6521f96315d8e","name":"Astoria Urgent Care","__v":0}]
2020-12-24T15:33:22.951Z info: 	Response: 304 16.664 ms 
2020-12-24T15:33:23.082Z info: 	Request: POST /common/locations/distance at Thu Dec 24 2020 10:33:23 GMT-0500, IP: ::1, User Agent: Mozilla/5.0 (X11; Linux x86_64) AppleWebKit/537.36 (KHTML, like Gecko) Chrome/86.0.4240.75 Safari/537.36
2020-12-24T15:33:23.164Z error: 	/locations/distance => 
 TypeError: Cannot read property 'elements' of undefined
    at getDistance (/home/nick/WebProjects/covid-testing-server/routes/common/reqs/getDistance.js:11:48)
    at process._tickCallback (internal/process/next_tick.js:68:7)
2020-12-24T15:33:23.166Z info: 	Request Body:{"zip":"","locationZips":"90210|10940|11105|","locations":[{"address":{"street":"555 Apple Ln","city":"Beverly Hills","state":"CA","zip":90210},"tests":["rapid","pcr","blood"],"_id":"5fe37c25c1c6521f96315d8c","name":"Celebrity Urgent Care","phone":"(718)555-5555","__v":0},{"address":{"street":"222 Orange Rd","city":"Middletown","state":"NY","zip":10940},"tests":["pcr","blood"],"_id":"5fe37c43c1c6521f96315d8d","name":"Upstate Urgent Care","__v":0},{"address":{"street":"56 Pineapple Rd","city":"Astoria","state":"NY","zip":11105},"tests":["blood"],"_id":"5fe37c61c1c6521f96315d8e","name":"Astoria Urgent Care","__v":0}]}
2020-12-24T15:33:23.170Z info: 	Response Body:An error occurred. Please try again later.
2020-12-24T15:33:23.170Z info: 	Response: 500 83.833 ms 
2020-12-24T15:33:58.401Z info: 	Server is running on port: 8000
2020-12-24T15:33:58.739Z info: 	Connected to database.
2020-12-24T15:34:19.208Z info: 	Server is running on port: 8000
2020-12-24T15:34:19.474Z info: 	Connected to database.
2020-12-24T15:35:25.928Z info: 	Request: GET /common/locations at Thu Dec 24 2020 10:35:25 GMT-0500, IP: ::1, User Agent: Mozilla/5.0 (X11; Linux x86_64) AppleWebKit/537.36 (KHTML, like Gecko) Chrome/86.0.4240.75 Safari/537.36
2020-12-24T15:35:25.990Z info: 	Response Body:[{"address":{"street":"555 Apple Ln","city":"Beverly Hills","state":"CA","zip":90210},"tests":["rapid","pcr","blood"],"_id":"5fe37c25c1c6521f96315d8c","name":"Celebrity Urgent Care","phone":"(718)555-5555","__v":0},{"address":{"street":"222 Orange Rd","city":"Middletown","state":"NY","zip":10940},"tests":["pcr","blood"],"_id":"5fe37c43c1c6521f96315d8d","name":"Upstate Urgent Care","__v":0},{"address":{"street":"56 Pineapple Rd","city":"Astoria","state":"NY","zip":11105},"tests":["blood"],"_id":"5fe37c61c1c6521f96315d8e","name":"Astoria Urgent Care","__v":0}]
2020-12-24T15:35:25.991Z info: 	Response: 200 55.779 ms 
2020-12-24T15:35:26.005Z info: 	Request: POST /common/locations/distance at Thu Dec 24 2020 10:35:26 GMT-0500, IP: ::1, User Agent: Mozilla/5.0 (X11; Linux x86_64) AppleWebKit/537.36 (KHTML, like Gecko) Chrome/86.0.4240.75 Safari/537.36
2020-12-24T15:35:26.096Z error: 	/locations/distance => 
 TypeError: Cannot read property 'elements' of undefined
    at getDistance (/home/nick/WebProjects/covid-testing-server/routes/common/reqs/getDistance.js:11:48)
    at process._tickCallback (internal/process/next_tick.js:68:7)
2020-12-24T15:35:26.098Z info: 	Request Body:{"zip":"","locationZips":"90210|10940|11105|","locations":[{"address":{"street":"555 Apple Ln","city":"Beverly Hills","state":"CA","zip":90210},"tests":["rapid","pcr","blood"],"_id":"5fe37c25c1c6521f96315d8c","name":"Celebrity Urgent Care","phone":"(718)555-5555","__v":0},{"address":{"street":"222 Orange Rd","city":"Middletown","state":"NY","zip":10940},"tests":["pcr","blood"],"_id":"5fe37c43c1c6521f96315d8d","name":"Upstate Urgent Care","__v":0},{"address":{"street":"56 Pineapple Rd","city":"Astoria","state":"NY","zip":11105},"tests":["blood"],"_id":"5fe37c61c1c6521f96315d8e","name":"Astoria Urgent Care","__v":0}]}
2020-12-24T15:35:26.098Z info: 	Response Body:An error occurred. Please try again later.
2020-12-24T15:35:26.098Z info: 	Response: 500 91.237 ms 
2020-12-24T15:35:30.664Z info: 	Request: GET /common/locations at Thu Dec 24 2020 10:35:30 GMT-0500, IP: ::1, User Agent: Mozilla/5.0 (X11; Linux x86_64) AppleWebKit/537.36 (KHTML, like Gecko) Chrome/86.0.4240.75 Safari/537.36
2020-12-24T15:35:30.684Z info: 	Response Body:[{"address":{"street":"555 Apple Ln","city":"Beverly Hills","state":"CA","zip":90210},"tests":["rapid","pcr","blood"],"_id":"5fe37c25c1c6521f96315d8c","name":"Celebrity Urgent Care","phone":"(718)555-5555","__v":0},{"address":{"street":"222 Orange Rd","city":"Middletown","state":"NY","zip":10940},"tests":["pcr","blood"],"_id":"5fe37c43c1c6521f96315d8d","name":"Upstate Urgent Care","__v":0},{"address":{"street":"56 Pineapple Rd","city":"Astoria","state":"NY","zip":11105},"tests":["blood"],"_id":"5fe37c61c1c6521f96315d8e","name":"Astoria Urgent Care","__v":0}]
2020-12-24T15:35:30.684Z info: 	Response: 304 19.199 ms 
2020-12-24T15:35:30.721Z info: 	Request: POST /common/locations/distance at Thu Dec 24 2020 10:35:30 GMT-0500, IP: ::1, User Agent: Mozilla/5.0 (X11; Linux x86_64) AppleWebKit/537.36 (KHTML, like Gecko) Chrome/86.0.4240.75 Safari/537.36
2020-12-24T15:35:30.788Z error: 	/locations/distance => 
 TypeError: Cannot read property 'elements' of undefined
    at getDistance (/home/nick/WebProjects/covid-testing-server/routes/common/reqs/getDistance.js:11:48)
    at process._tickCallback (internal/process/next_tick.js:68:7)
2020-12-24T15:35:30.790Z info: 	Request Body:{"zip":"","locationZips":"90210|10940|11105|","locations":[{"address":{"street":"555 Apple Ln","city":"Beverly Hills","state":"CA","zip":90210},"tests":["rapid","pcr","blood"],"_id":"5fe37c25c1c6521f96315d8c","name":"Celebrity Urgent Care","phone":"(718)555-5555","__v":0},{"address":{"street":"222 Orange Rd","city":"Middletown","state":"NY","zip":10940},"tests":["pcr","blood"],"_id":"5fe37c43c1c6521f96315d8d","name":"Upstate Urgent Care","__v":0},{"address":{"street":"56 Pineapple Rd","city":"Astoria","state":"NY","zip":11105},"tests":["blood"],"_id":"5fe37c61c1c6521f96315d8e","name":"Astoria Urgent Care","__v":0}]}
2020-12-24T15:35:30.791Z info: 	Response Body:An error occurred. Please try again later.
2020-12-24T15:35:30.792Z info: 	Response: 500 67.624 ms 
2020-12-24T15:36:01.663Z info: 	Request: GET /common/locations at Thu Dec 24 2020 10:36:01 GMT-0500, IP: ::1, User Agent: Mozilla/5.0 (X11; Linux x86_64) AppleWebKit/537.36 (KHTML, like Gecko) Chrome/86.0.4240.75 Safari/537.36
2020-12-24T15:36:01.681Z info: 	Response Body:[{"address":{"street":"555 Apple Ln","city":"Beverly Hills","state":"CA","zip":90210},"tests":["rapid","pcr","blood"],"_id":"5fe37c25c1c6521f96315d8c","name":"Celebrity Urgent Care","phone":"(718)555-5555","__v":0},{"address":{"street":"222 Orange Rd","city":"Middletown","state":"NY","zip":10940},"tests":["pcr","blood"],"_id":"5fe37c43c1c6521f96315d8d","name":"Upstate Urgent Care","__v":0},{"address":{"street":"56 Pineapple Rd","city":"Astoria","state":"NY","zip":11105},"tests":["blood"],"_id":"5fe37c61c1c6521f96315d8e","name":"Astoria Urgent Care","__v":0}]
2020-12-24T15:36:01.681Z info: 	Response: 304 16.663 ms 
2020-12-24T15:36:01.693Z info: 	Request: POST /common/locations/distance at Thu Dec 24 2020 10:36:01 GMT-0500, IP: ::1, User Agent: Mozilla/5.0 (X11; Linux x86_64) AppleWebKit/537.36 (KHTML, like Gecko) Chrome/86.0.4240.75 Safari/537.36
2020-12-24T15:36:01.773Z error: 	/locations/distance => 
 TypeError: Cannot read property 'elements' of undefined
    at getDistance (/home/nick/WebProjects/covid-testing-server/routes/common/reqs/getDistance.js:11:48)
    at process._tickCallback (internal/process/next_tick.js:68:7)
2020-12-24T15:36:01.775Z info: 	Request Body:{"zip":"","locationZips":"90210|10940|11105|","locations":[{"address":{"street":"555 Apple Ln","city":"Beverly Hills","state":"CA","zip":90210},"tests":["rapid","pcr","blood"],"_id":"5fe37c25c1c6521f96315d8c","name":"Celebrity Urgent Care","phone":"(718)555-5555","__v":0},{"address":{"street":"222 Orange Rd","city":"Middletown","state":"NY","zip":10940},"tests":["pcr","blood"],"_id":"5fe37c43c1c6521f96315d8d","name":"Upstate Urgent Care","__v":0},{"address":{"street":"56 Pineapple Rd","city":"Astoria","state":"NY","zip":11105},"tests":["blood"],"_id":"5fe37c61c1c6521f96315d8e","name":"Astoria Urgent Care","__v":0}]}
2020-12-24T15:36:01.775Z info: 	Response Body:An error occurred. Please try again later.
2020-12-24T15:36:01.775Z info: 	Response: 500 80.524 ms 
2020-12-24T15:36:11.070Z info: 	Request: GET /common/locations at Thu Dec 24 2020 10:36:11 GMT-0500, IP: ::1, User Agent: Mozilla/5.0 (X11; Linux x86_64) AppleWebKit/537.36 (KHTML, like Gecko) Chrome/86.0.4240.75 Safari/537.36
2020-12-24T15:36:11.088Z info: 	Response Body:[{"address":{"street":"555 Apple Ln","city":"Beverly Hills","state":"CA","zip":90210},"tests":["rapid","pcr","blood"],"_id":"5fe37c25c1c6521f96315d8c","name":"Celebrity Urgent Care","phone":"(718)555-5555","__v":0},{"address":{"street":"222 Orange Rd","city":"Middletown","state":"NY","zip":10940},"tests":["pcr","blood"],"_id":"5fe37c43c1c6521f96315d8d","name":"Upstate Urgent Care","__v":0},{"address":{"street":"56 Pineapple Rd","city":"Astoria","state":"NY","zip":11105},"tests":["blood"],"_id":"5fe37c61c1c6521f96315d8e","name":"Astoria Urgent Care","__v":0}]
2020-12-24T15:36:11.088Z info: 	Response: 304 17.530 ms 
2020-12-24T15:36:11.103Z info: 	Request: POST /common/locations/distance at Thu Dec 24 2020 10:36:11 GMT-0500, IP: ::1, User Agent: Mozilla/5.0 (X11; Linux x86_64) AppleWebKit/537.36 (KHTML, like Gecko) Chrome/86.0.4240.75 Safari/537.36
2020-12-24T15:36:11.813Z info: 	Request Body:{"zip":"90210","locationZips":"90210|10940|11105|","locations":[{"address":{"street":"555 Apple Ln","city":"Beverly Hills","state":"CA","zip":90210},"tests":["rapid","pcr","blood"],"_id":"5fe37c25c1c6521f96315d8c","name":"Celebrity Urgent Care","phone":"(718)555-5555","__v":0},{"address":{"street":"222 Orange Rd","city":"Middletown","state":"NY","zip":10940},"tests":["pcr","blood"],"_id":"5fe37c43c1c6521f96315d8d","name":"Upstate Urgent Care","__v":0},{"address":{"street":"56 Pineapple Rd","city":"Astoria","state":"NY","zip":11105},"tests":["blood"],"_id":"5fe37c61c1c6521f96315d8e","name":"Astoria Urgent Care","__v":0}]}
2020-12-24T15:36:11.813Z info: 	Response Body:[{"distance":0},{"distance":4486348},{"distance":4530075}]
2020-12-24T15:36:11.814Z info: 	Response: 200 707.491 ms 
2020-12-24T15:37:30.788Z info: 	Request: GET /common/locations at Thu Dec 24 2020 10:37:30 GMT-0500, IP: ::1, User Agent: Mozilla/5.0 (X11; Linux x86_64) AppleWebKit/537.36 (KHTML, like Gecko) Chrome/86.0.4240.75 Safari/537.36
2020-12-24T15:37:30.805Z info: 	Response Body:[{"address":{"street":"555 Apple Ln","city":"Beverly Hills","state":"CA","zip":90210},"tests":["rapid","pcr","blood"],"_id":"5fe37c25c1c6521f96315d8c","name":"Celebrity Urgent Care","phone":"(718)555-5555","__v":0},{"address":{"street":"222 Orange Rd","city":"Middletown","state":"NY","zip":10940},"tests":["pcr","blood"],"_id":"5fe37c43c1c6521f96315d8d","name":"Upstate Urgent Care","__v":0},{"address":{"street":"56 Pineapple Rd","city":"Astoria","state":"NY","zip":11105},"tests":["blood"],"_id":"5fe37c61c1c6521f96315d8e","name":"Astoria Urgent Care","__v":0}]
2020-12-24T15:37:30.806Z info: 	Response: 304 16.499 ms 
2020-12-24T15:37:30.823Z info: 	Request: POST /common/locations/distance at Thu Dec 24 2020 10:37:30 GMT-0500, IP: ::1, User Agent: Mozilla/5.0 (X11; Linux x86_64) AppleWebKit/537.36 (KHTML, like Gecko) Chrome/86.0.4240.75 Safari/537.36
2020-12-24T15:37:31.277Z info: 	Request Body:{"zip":"11572","locationZips":"90210|10940|11105|","locations":[{"address":{"street":"555 Apple Ln","city":"Beverly Hills","state":"CA","zip":90210},"tests":["rapid","pcr","blood"],"_id":"5fe37c25c1c6521f96315d8c","name":"Celebrity Urgent Care","phone":"(718)555-5555","__v":0},{"address":{"street":"222 Orange Rd","city":"Middletown","state":"NY","zip":10940},"tests":["pcr","blood"],"_id":"5fe37c43c1c6521f96315d8d","name":"Upstate Urgent Care","__v":0},{"address":{"street":"56 Pineapple Rd","city":"Astoria","state":"NY","zip":11105},"tests":["blood"],"_id":"5fe37c61c1c6521f96315d8e","name":"Astoria Urgent Care","__v":0}]}
2020-12-24T15:37:31.278Z info: 	Response Body:[{"distance":4559431},{"distance":143944},{"distance":38545}]
2020-12-24T15:37:31.278Z info: 	Response: 200 452.759 ms 
2020-12-24T15:42:39.886Z info: 	Request: GET /common/locations at Thu Dec 24 2020 10:42:39 GMT-0500, IP: ::1, User Agent: Mozilla/5.0 (X11; Linux x86_64) AppleWebKit/537.36 (KHTML, like Gecko) Chrome/86.0.4240.75 Safari/537.36
2020-12-24T15:42:39.901Z info: 	Response Body:[{"address":{"street":"555 Apple Ln","city":"Beverly Hills","state":"CA","zip":90210},"tests":["rapid","pcr","blood"],"_id":"5fe37c25c1c6521f96315d8c","name":"Celebrity Urgent Care","phone":"(718)555-5555","__v":0},{"address":{"street":"222 Orange Rd","city":"Middletown","state":"NY","zip":10940},"tests":["pcr","blood"],"_id":"5fe37c43c1c6521f96315d8d","name":"Upstate Urgent Care","__v":0},{"address":{"street":"56 Pineapple Rd","city":"Astoria","state":"NY","zip":11105},"tests":["blood"],"_id":"5fe37c61c1c6521f96315d8e","name":"Astoria Urgent Care","__v":0}]
2020-12-24T15:42:39.901Z info: 	Response: 304 13.421 ms 
2020-12-24T15:42:39.921Z info: 	Request: POST /common/locations/distance at Thu Dec 24 2020 10:42:39 GMT-0500, IP: ::1, User Agent: Mozilla/5.0 (X11; Linux x86_64) AppleWebKit/537.36 (KHTML, like Gecko) Chrome/86.0.4240.75 Safari/537.36
2020-12-24T15:42:40.635Z info: 	Request Body:{"locationZips":"90210|10940|11105|","locations":[{"address":{"street":"555 Apple Ln","city":"Beverly Hills","state":"CA","zip":90210},"tests":["rapid","pcr","blood"],"_id":"5fe37c25c1c6521f96315d8c","name":"Celebrity Urgent Care","phone":"(718)555-5555","__v":0},{"address":{"street":"222 Orange Rd","city":"Middletown","state":"NY","zip":10940},"tests":["pcr","blood"],"_id":"5fe37c43c1c6521f96315d8d","name":"Upstate Urgent Care","__v":0},{"address":{"street":"56 Pineapple Rd","city":"Astoria","state":"NY","zip":11105},"tests":["blood"],"_id":"5fe37c61c1c6521f96315d8e","name":"Astoria Urgent Care","__v":0}]}
2020-12-24T15:42:40.636Z info: 	Response Body:[{"distance":4509869},{"distance":119572},{"distance":15577}]
2020-12-24T15:42:40.637Z info: 	Response: 200 711.965 ms 
2020-12-24T15:43:33.087Z info: 	Request: GET /common/locations at Thu Dec 24 2020 10:43:33 GMT-0500, IP: ::1, User Agent: Mozilla/5.0 (X11; Linux x86_64) AppleWebKit/537.36 (KHTML, like Gecko) Chrome/86.0.4240.75 Safari/537.36
2020-12-24T15:43:33.107Z info: 	Response Body:[{"address":{"street":"555 Apple Ln","city":"Beverly Hills","state":"CA","zip":90210},"tests":["rapid","pcr","blood"],"_id":"5fe37c25c1c6521f96315d8c","name":"Celebrity Urgent Care","phone":"(718)555-5555","__v":0},{"address":{"street":"222 Orange Rd","city":"Middletown","state":"NY","zip":10940},"tests":["pcr","blood"],"_id":"5fe37c43c1c6521f96315d8d","name":"Upstate Urgent Care","__v":0},{"address":{"street":"56 Pineapple Rd","city":"Astoria","state":"NY","zip":11105},"tests":["blood"],"_id":"5fe37c61c1c6521f96315d8e","name":"Astoria Urgent Care","__v":0}]
2020-12-24T15:43:33.108Z info: 	Response: 304 19.326 ms 
2020-12-24T15:43:33.119Z info: 	Request: POST /common/locations/distance at Thu Dec 24 2020 10:43:33 GMT-0500, IP: ::1, User Agent: Mozilla/5.0 (X11; Linux x86_64) AppleWebKit/537.36 (KHTML, like Gecko) Chrome/86.0.4240.75 Safari/537.36
2020-12-24T15:43:33.182Z error: 	/locations/distance => 
 TypeError: Cannot read property 'elements' of undefined
    at getDistance (/home/nick/WebProjects/covid-testing-server/routes/common/reqs/getDistance.js:11:48)
    at process._tickCallback (internal/process/next_tick.js:68:7)
2020-12-24T15:43:33.185Z info: 	Request Body:{"zip":"","locationZips":"90210|10940|11105|","locations":[{"address":{"street":"555 Apple Ln","city":"Beverly Hills","state":"CA","zip":90210},"tests":["rapid","pcr","blood"],"_id":"5fe37c25c1c6521f96315d8c","name":"Celebrity Urgent Care","phone":"(718)555-5555","__v":0},{"address":{"street":"222 Orange Rd","city":"Middletown","state":"NY","zip":10940},"tests":["pcr","blood"],"_id":"5fe37c43c1c6521f96315d8d","name":"Upstate Urgent Care","__v":0},{"address":{"street":"56 Pineapple Rd","city":"Astoria","state":"NY","zip":11105},"tests":["blood"],"_id":"5fe37c61c1c6521f96315d8e","name":"Astoria Urgent Care","__v":0}]}
2020-12-24T15:43:33.186Z info: 	Response Body:An error occurred. Please try again later.
2020-12-24T15:43:33.186Z info: 	Response: 500 63.906 ms 
2020-12-24T15:44:08.400Z info: 	Request: GET /common/locations at Thu Dec 24 2020 10:44:08 GMT-0500, IP: ::1, User Agent: Mozilla/5.0 (X11; Linux x86_64) AppleWebKit/537.36 (KHTML, like Gecko) Chrome/86.0.4240.75 Safari/537.36
2020-12-24T15:44:08.418Z info: 	Response Body:[{"address":{"street":"555 Apple Ln","city":"Beverly Hills","state":"CA","zip":90210},"tests":["rapid","pcr","blood"],"_id":"5fe37c25c1c6521f96315d8c","name":"Celebrity Urgent Care","phone":"(718)555-5555","__v":0},{"address":{"street":"222 Orange Rd","city":"Middletown","state":"NY","zip":10940},"tests":["pcr","blood"],"_id":"5fe37c43c1c6521f96315d8d","name":"Upstate Urgent Care","__v":0},{"address":{"street":"56 Pineapple Rd","city":"Astoria","state":"NY","zip":11105},"tests":["blood"],"_id":"5fe37c61c1c6521f96315d8e","name":"Astoria Urgent Care","__v":0}]
2020-12-24T15:44:08.418Z info: 	Response: 304 15.712 ms 
2020-12-24T15:44:08.431Z info: 	Request: POST /common/locations/distance at Thu Dec 24 2020 10:44:08 GMT-0500, IP: ::1, User Agent: Mozilla/5.0 (X11; Linux x86_64) AppleWebKit/537.36 (KHTML, like Gecko) Chrome/86.0.4240.75 Safari/537.36
2020-12-24T15:44:08.599Z info: 	Request Body:{"zip":"90210","locationZips":"90210|10940|11105|","locations":[{"address":{"street":"555 Apple Ln","city":"Beverly Hills","state":"CA","zip":90210},"tests":["rapid","pcr","blood"],"_id":"5fe37c25c1c6521f96315d8c","name":"Celebrity Urgent Care","phone":"(718)555-5555","__v":0},{"address":{"street":"222 Orange Rd","city":"Middletown","state":"NY","zip":10940},"tests":["pcr","blood"],"_id":"5fe37c43c1c6521f96315d8d","name":"Upstate Urgent Care","__v":0},{"address":{"street":"56 Pineapple Rd","city":"Astoria","state":"NY","zip":11105},"tests":["blood"],"_id":"5fe37c61c1c6521f96315d8e","name":"Astoria Urgent Care","__v":0}]}
2020-12-24T15:44:08.603Z info: 	Response Body:[{"distance":0},{"distance":4483080},{"distance":4526807}]
2020-12-24T15:44:08.604Z info: 	Response: 200 166.220 ms 
2020-12-24T15:44:42.041Z info: 	Request: GET /common/locations at Thu Dec 24 2020 10:44:42 GMT-0500, IP: ::1, User Agent: Mozilla/5.0 (X11; Linux x86_64) AppleWebKit/537.36 (KHTML, like Gecko) Chrome/86.0.4240.75 Safari/537.36
2020-12-24T15:44:42.061Z info: 	Response Body:[{"address":{"street":"555 Apple Ln","city":"Beverly Hills","state":"CA","zip":90210},"tests":["rapid","pcr","blood"],"_id":"5fe37c25c1c6521f96315d8c","name":"Celebrity Urgent Care","phone":"(718)555-5555","__v":0},{"address":{"street":"222 Orange Rd","city":"Middletown","state":"NY","zip":10940},"tests":["pcr","blood"],"_id":"5fe37c43c1c6521f96315d8d","name":"Upstate Urgent Care","__v":0},{"address":{"street":"56 Pineapple Rd","city":"Astoria","state":"NY","zip":11105},"tests":["blood"],"_id":"5fe37c61c1c6521f96315d8e","name":"Astoria Urgent Care","__v":0}]
2020-12-24T15:44:42.062Z info: 	Response: 304 18.759 ms 
2020-12-24T15:44:42.084Z info: 	Request: POST /common/locations/distance at Thu Dec 24 2020 10:44:42 GMT-0500, IP: ::1, User Agent: Mozilla/5.0 (X11; Linux x86_64) AppleWebKit/537.36 (KHTML, like Gecko) Chrome/86.0.4240.75 Safari/537.36
2020-12-24T15:44:42.903Z info: 	Request Body:{"zip":"90210","locationZips":"90210|10940|11105|","locations":[{"address":{"street":"555 Apple Ln","city":"Beverly Hills","state":"CA","zip":90210},"tests":["rapid","pcr","blood"],"_id":"5fe37c25c1c6521f96315d8c","name":"Celebrity Urgent Care","phone":"(718)555-5555","__v":0},{"address":{"street":"222 Orange Rd","city":"Middletown","state":"NY","zip":10940},"tests":["pcr","blood"],"_id":"5fe37c43c1c6521f96315d8d","name":"Upstate Urgent Care","__v":0},{"address":{"street":"56 Pineapple Rd","city":"Astoria","state":"NY","zip":11105},"tests":["blood"],"_id":"5fe37c61c1c6521f96315d8e","name":"Astoria Urgent Care","__v":0}]}
2020-12-24T15:44:42.904Z info: 	Response Body:[{"distance":0},{"distance":4483080},{"distance":4526807}]
2020-12-24T15:44:42.905Z info: 	Response: 200 815.493 ms 
2020-12-24T15:44:58.766Z info: 	Request: GET /common/locations at Thu Dec 24 2020 10:44:58 GMT-0500, IP: ::1, User Agent: Mozilla/5.0 (X11; Linux x86_64) AppleWebKit/537.36 (KHTML, like Gecko) Chrome/86.0.4240.75 Safari/537.36
2020-12-24T15:44:58.784Z info: 	Response Body:[{"address":{"street":"555 Apple Ln","city":"Beverly Hills","state":"CA","zip":90210},"tests":["rapid","pcr","blood"],"_id":"5fe37c25c1c6521f96315d8c","name":"Celebrity Urgent Care","phone":"(718)555-5555","__v":0},{"address":{"street":"222 Orange Rd","city":"Middletown","state":"NY","zip":10940},"tests":["pcr","blood"],"_id":"5fe37c43c1c6521f96315d8d","name":"Upstate Urgent Care","__v":0},{"address":{"street":"56 Pineapple Rd","city":"Astoria","state":"NY","zip":11105},"tests":["blood"],"_id":"5fe37c61c1c6521f96315d8e","name":"Astoria Urgent Care","__v":0}]
2020-12-24T15:44:58.785Z info: 	Response: 304 16.618 ms 
2020-12-24T15:44:58.825Z info: 	Request: POST /common/locations/distance at Thu Dec 24 2020 10:44:58 GMT-0500, IP: ::1, User Agent: Mozilla/5.0 (X11; Linux x86_64) AppleWebKit/537.36 (KHTML, like Gecko) Chrome/86.0.4240.75 Safari/537.36
2020-12-24T15:44:59.185Z info: 	Request Body:{"zip":"90210","locationZips":"90210|10940|11105|","locations":[{"address":{"street":"555 Apple Ln","city":"Beverly Hills","state":"CA","zip":90210},"tests":["rapid","pcr","blood"],"_id":"5fe37c25c1c6521f96315d8c","name":"Celebrity Urgent Care","phone":"(718)555-5555","__v":0},{"address":{"street":"222 Orange Rd","city":"Middletown","state":"NY","zip":10940},"tests":["pcr","blood"],"_id":"5fe37c43c1c6521f96315d8d","name":"Upstate Urgent Care","__v":0},{"address":{"street":"56 Pineapple Rd","city":"Astoria","state":"NY","zip":11105},"tests":["blood"],"_id":"5fe37c61c1c6521f96315d8e","name":"Astoria Urgent Care","__v":0}]}
2020-12-24T15:44:59.186Z info: 	Response Body:[{"distance":0},{"distance":4483080},{"distance":4526807}]
2020-12-24T15:44:59.187Z info: 	Response: 200 356.584 ms 
2020-12-24T15:45:41.379Z info: 	Request: GET /common/locations at Thu Dec 24 2020 10:45:41 GMT-0500, IP: ::1, User Agent: Mozilla/5.0 (X11; Linux x86_64) AppleWebKit/537.36 (KHTML, like Gecko) Chrome/86.0.4240.75 Safari/537.36
2020-12-24T15:45:41.395Z info: 	Response Body:[{"address":{"street":"555 Apple Ln","city":"Beverly Hills","state":"CA","zip":90210},"tests":["rapid","pcr","blood"],"_id":"5fe37c25c1c6521f96315d8c","name":"Celebrity Urgent Care","phone":"(718)555-5555","__v":0},{"address":{"street":"222 Orange Rd","city":"Middletown","state":"NY","zip":10940},"tests":["pcr","blood"],"_id":"5fe37c43c1c6521f96315d8d","name":"Upstate Urgent Care","__v":0},{"address":{"street":"56 Pineapple Rd","city":"Astoria","state":"NY","zip":11105},"tests":["blood"],"_id":"5fe37c61c1c6521f96315d8e","name":"Astoria Urgent Care","__v":0}]
2020-12-24T15:45:41.395Z info: 	Response: 304 14.628 ms 
2020-12-24T15:45:41.403Z info: 	Request: POST /common/locations/distance at Thu Dec 24 2020 10:45:41 GMT-0500, IP: ::1, User Agent: Mozilla/5.0 (X11; Linux x86_64) AppleWebKit/537.36 (KHTML, like Gecko) Chrome/86.0.4240.75 Safari/537.36
2020-12-24T15:45:41.988Z info: 	Request Body:{"locationZips":"90210|10940|11105|","locations":[{"address":{"street":"555 Apple Ln","city":"Beverly Hills","state":"CA","zip":90210},"tests":["rapid","pcr","blood"],"_id":"5fe37c25c1c6521f96315d8c","name":"Celebrity Urgent Care","phone":"(718)555-5555","__v":0},{"address":{"street":"222 Orange Rd","city":"Middletown","state":"NY","zip":10940},"tests":["pcr","blood"],"_id":"5fe37c43c1c6521f96315d8d","name":"Upstate Urgent Care","__v":0},{"address":{"street":"56 Pineapple Rd","city":"Astoria","state":"NY","zip":11105},"tests":["blood"],"_id":"5fe37c61c1c6521f96315d8e","name":"Astoria Urgent Care","__v":0}]}
2020-12-24T15:45:41.989Z info: 	Response Body:[{"distance":4513005},{"distance":119572},{"distance":15577}]
2020-12-24T15:45:41.990Z info: 	Response: 200 583.461 ms 
2020-12-24T15:47:48.519Z info: 	Request: GET /common/locations at Thu Dec 24 2020 10:47:48 GMT-0500, IP: ::1, User Agent: Mozilla/5.0 (X11; Linux x86_64) AppleWebKit/537.36 (KHTML, like Gecko) Chrome/86.0.4240.75 Safari/537.36
2020-12-24T15:47:48.539Z info: 	Response Body:[{"address":{"street":"555 Apple Ln","city":"Beverly Hills","state":"CA","zip":90210},"tests":["rapid","pcr","blood"],"_id":"5fe37c25c1c6521f96315d8c","name":"Celebrity Urgent Care","phone":"(718)555-5555","__v":0},{"address":{"street":"222 Orange Rd","city":"Middletown","state":"NY","zip":10940},"tests":["pcr","blood"],"_id":"5fe37c43c1c6521f96315d8d","name":"Upstate Urgent Care","__v":0},{"address":{"street":"56 Pineapple Rd","city":"Astoria","state":"NY","zip":11105},"tests":["blood"],"_id":"5fe37c61c1c6521f96315d8e","name":"Astoria Urgent Care","__v":0}]
2020-12-24T15:47:48.539Z info: 	Response: 304 17.929 ms 
2020-12-24T15:47:48.563Z info: 	Request: POST /common/locations/distance at Thu Dec 24 2020 10:47:48 GMT-0500, IP: ::1, User Agent: Mozilla/5.0 (X11; Linux x86_64) AppleWebKit/537.36 (KHTML, like Gecko) Chrome/86.0.4240.75 Safari/537.36
2020-12-24T15:47:48.643Z error: 	/locations/distance => 
 TypeError: Cannot read property 'elements' of undefined
    at getDistance (/home/nick/WebProjects/covid-testing-server/routes/common/reqs/getDistance.js:11:48)
    at process._tickCallback (internal/process/next_tick.js:68:7)
2020-12-24T15:47:48.645Z info: 	Request Body:{"zip":"","locationZips":"90210|10940|11105|","locations":[{"address":{"street":"555 Apple Ln","city":"Beverly Hills","state":"CA","zip":90210},"tests":["rapid","pcr","blood"],"_id":"5fe37c25c1c6521f96315d8c","name":"Celebrity Urgent Care","phone":"(718)555-5555","__v":0},{"address":{"street":"222 Orange Rd","city":"Middletown","state":"NY","zip":10940},"tests":["pcr","blood"],"_id":"5fe37c43c1c6521f96315d8d","name":"Upstate Urgent Care","__v":0},{"address":{"street":"56 Pineapple Rd","city":"Astoria","state":"NY","zip":11105},"tests":["blood"],"_id":"5fe37c61c1c6521f96315d8e","name":"Astoria Urgent Care","__v":0}]}
2020-12-24T15:47:48.645Z info: 	Response Body:An error occurred. Please try again later.
2020-12-24T15:47:48.646Z info: 	Response: 500 78.499 ms 
2020-12-24T15:49:04.724Z info: 	Request: GET /common/locations at Thu Dec 24 2020 10:49:04 GMT-0500, IP: ::1, User Agent: Mozilla/5.0 (X11; Linux x86_64) AppleWebKit/537.36 (KHTML, like Gecko) Chrome/86.0.4240.75 Safari/537.36
2020-12-24T15:49:04.738Z info: 	Response Body:[{"address":{"street":"555 Apple Ln","city":"Beverly Hills","state":"CA","zip":90210},"tests":["rapid","pcr","blood"],"_id":"5fe37c25c1c6521f96315d8c","name":"Celebrity Urgent Care","phone":"(718)555-5555","__v":0},{"address":{"street":"222 Orange Rd","city":"Middletown","state":"NY","zip":10940},"tests":["pcr","blood"],"_id":"5fe37c43c1c6521f96315d8d","name":"Upstate Urgent Care","__v":0},{"address":{"street":"56 Pineapple Rd","city":"Astoria","state":"NY","zip":11105},"tests":["blood"],"_id":"5fe37c61c1c6521f96315d8e","name":"Astoria Urgent Care","__v":0}]
2020-12-24T15:49:04.738Z info: 	Response: 304 14.084 ms 
2020-12-24T15:49:04.747Z info: 	Request: POST /common/locations/distance at Thu Dec 24 2020 10:49:04 GMT-0500, IP: ::1, User Agent: Mozilla/5.0 (X11; Linux x86_64) AppleWebKit/537.36 (KHTML, like Gecko) Chrome/86.0.4240.75 Safari/537.36
2020-12-24T15:49:04.818Z error: 	/locations/distance => 
 TypeError: Cannot read property 'elements' of undefined
    at getDistance (/home/nick/WebProjects/covid-testing-server/routes/common/reqs/getDistance.js:11:48)
    at process._tickCallback (internal/process/next_tick.js:68:7)
2020-12-24T15:49:04.822Z info: 	Request Body:{"zip":"","locationZips":"90210|10940|11105|","locations":[{"address":{"street":"555 Apple Ln","city":"Beverly Hills","state":"CA","zip":90210},"tests":["rapid","pcr","blood"],"_id":"5fe37c25c1c6521f96315d8c","name":"Celebrity Urgent Care","phone":"(718)555-5555","__v":0},{"address":{"street":"222 Orange Rd","city":"Middletown","state":"NY","zip":10940},"tests":["pcr","blood"],"_id":"5fe37c43c1c6521f96315d8d","name":"Upstate Urgent Care","__v":0},{"address":{"street":"56 Pineapple Rd","city":"Astoria","state":"NY","zip":11105},"tests":["blood"],"_id":"5fe37c61c1c6521f96315d8e","name":"Astoria Urgent Care","__v":0}]}
2020-12-24T15:49:04.822Z info: 	Response Body:An error occurred. Please try again later.
2020-12-24T15:49:04.823Z info: 	Response: 500 71.769 ms 
2020-12-24T15:49:25.082Z info: 	Request: GET /common/locations at Thu Dec 24 2020 10:49:25 GMT-0500, IP: ::1, User Agent: Mozilla/5.0 (X11; Linux x86_64) AppleWebKit/537.36 (KHTML, like Gecko) Chrome/86.0.4240.75 Safari/537.36
2020-12-24T15:49:25.100Z info: 	Response Body:[{"address":{"street":"555 Apple Ln","city":"Beverly Hills","state":"CA","zip":90210},"tests":["rapid","pcr","blood"],"_id":"5fe37c25c1c6521f96315d8c","name":"Celebrity Urgent Care","phone":"(718)555-5555","__v":0},{"address":{"street":"222 Orange Rd","city":"Middletown","state":"NY","zip":10940},"tests":["pcr","blood"],"_id":"5fe37c43c1c6521f96315d8d","name":"Upstate Urgent Care","__v":0},{"address":{"street":"56 Pineapple Rd","city":"Astoria","state":"NY","zip":11105},"tests":["blood"],"_id":"5fe37c61c1c6521f96315d8e","name":"Astoria Urgent Care","__v":0}]
2020-12-24T15:49:25.100Z info: 	Response: 304 17.151 ms 
2020-12-24T15:49:25.113Z info: 	Request: POST /common/locations/distance at Thu Dec 24 2020 10:49:25 GMT-0500, IP: ::1, User Agent: Mozilla/5.0 (X11; Linux x86_64) AppleWebKit/537.36 (KHTML, like Gecko) Chrome/86.0.4240.75 Safari/537.36
2020-12-24T15:49:25.187Z error: 	/locations/distance => 
 TypeError: Cannot read property 'elements' of undefined
    at getDistance (/home/nick/WebProjects/covid-testing-server/routes/common/reqs/getDistance.js:11:48)
    at process._tickCallback (internal/process/next_tick.js:68:7)
2020-12-24T15:49:25.191Z info: 	Request Body:{"zip":"","locationZips":"90210|10940|11105|","locations":[{"address":{"street":"555 Apple Ln","city":"Beverly Hills","state":"CA","zip":90210},"tests":["rapid","pcr","blood"],"_id":"5fe37c25c1c6521f96315d8c","name":"Celebrity Urgent Care","phone":"(718)555-5555","__v":0},{"address":{"street":"222 Orange Rd","city":"Middletown","state":"NY","zip":10940},"tests":["pcr","blood"],"_id":"5fe37c43c1c6521f96315d8d","name":"Upstate Urgent Care","__v":0},{"address":{"street":"56 Pineapple Rd","city":"Astoria","state":"NY","zip":11105},"tests":["blood"],"_id":"5fe37c61c1c6521f96315d8e","name":"Astoria Urgent Care","__v":0}]}
2020-12-24T15:49:25.192Z info: 	Response Body:An error occurred. Please try again later.
2020-12-24T15:49:25.193Z info: 	Response: 500 73.652 ms 
2020-12-24T15:49:50.720Z info: 	Request: GET /common/locations at Thu Dec 24 2020 10:49:50 GMT-0500, IP: ::1, User Agent: Mozilla/5.0 (X11; Linux x86_64) AppleWebKit/537.36 (KHTML, like Gecko) Chrome/86.0.4240.75 Safari/537.36
2020-12-24T15:49:50.739Z info: 	Response Body:[{"address":{"street":"555 Apple Ln","city":"Beverly Hills","state":"CA","zip":90210},"tests":["rapid","pcr","blood"],"_id":"5fe37c25c1c6521f96315d8c","name":"Celebrity Urgent Care","phone":"(718)555-5555","__v":0},{"address":{"street":"222 Orange Rd","city":"Middletown","state":"NY","zip":10940},"tests":["pcr","blood"],"_id":"5fe37c43c1c6521f96315d8d","name":"Upstate Urgent Care","__v":0},{"address":{"street":"56 Pineapple Rd","city":"Astoria","state":"NY","zip":11105},"tests":["blood"],"_id":"5fe37c61c1c6521f96315d8e","name":"Astoria Urgent Care","__v":0}]
2020-12-24T15:49:50.739Z info: 	Response: 304 17.859 ms 
2020-12-24T15:49:50.749Z info: 	Request: POST /common/locations/distance at Thu Dec 24 2020 10:49:50 GMT-0500, IP: ::1, User Agent: Mozilla/5.0 (X11; Linux x86_64) AppleWebKit/537.36 (KHTML, like Gecko) Chrome/86.0.4240.75 Safari/537.36
2020-12-24T15:49:50.830Z error: 	/locations/distance => 
 TypeError: Cannot read property 'elements' of undefined
    at getDistance (/home/nick/WebProjects/covid-testing-server/routes/common/reqs/getDistance.js:11:48)
    at process._tickCallback (internal/process/next_tick.js:68:7)
2020-12-24T15:49:50.835Z info: 	Request Body:{"zip":"","locationZips":"90210|10940|11105|","locations":[{"address":{"street":"555 Apple Ln","city":"Beverly Hills","state":"CA","zip":90210},"tests":["rapid","pcr","blood"],"_id":"5fe37c25c1c6521f96315d8c","name":"Celebrity Urgent Care","phone":"(718)555-5555","__v":0},{"address":{"street":"222 Orange Rd","city":"Middletown","state":"NY","zip":10940},"tests":["pcr","blood"],"_id":"5fe37c43c1c6521f96315d8d","name":"Upstate Urgent Care","__v":0},{"address":{"street":"56 Pineapple Rd","city":"Astoria","state":"NY","zip":11105},"tests":["blood"],"_id":"5fe37c61c1c6521f96315d8e","name":"Astoria Urgent Care","__v":0}]}
2020-12-24T15:49:50.836Z info: 	Response Body:An error occurred. Please try again later.
2020-12-24T15:49:50.837Z info: 	Response: 500 82.183 ms 
2020-12-24T15:50:16.318Z info: 	Request: GET /common/locations at Thu Dec 24 2020 10:50:16 GMT-0500, IP: ::1, User Agent: Mozilla/5.0 (X11; Linux x86_64) AppleWebKit/537.36 (KHTML, like Gecko) Chrome/86.0.4240.75 Safari/537.36
2020-12-24T15:50:16.333Z info: 	Response Body:[{"address":{"street":"555 Apple Ln","city":"Beverly Hills","state":"CA","zip":90210},"tests":["rapid","pcr","blood"],"_id":"5fe37c25c1c6521f96315d8c","name":"Celebrity Urgent Care","phone":"(718)555-5555","__v":0},{"address":{"street":"222 Orange Rd","city":"Middletown","state":"NY","zip":10940},"tests":["pcr","blood"],"_id":"5fe37c43c1c6521f96315d8d","name":"Upstate Urgent Care","__v":0},{"address":{"street":"56 Pineapple Rd","city":"Astoria","state":"NY","zip":11105},"tests":["blood"],"_id":"5fe37c61c1c6521f96315d8e","name":"Astoria Urgent Care","__v":0}]
2020-12-24T15:50:16.333Z info: 	Response: 304 14.093 ms 
2020-12-24T15:50:16.344Z info: 	Request: POST /common/locations/distance at Thu Dec 24 2020 10:50:16 GMT-0500, IP: ::1, User Agent: Mozilla/5.0 (X11; Linux x86_64) AppleWebKit/537.36 (KHTML, like Gecko) Chrome/86.0.4240.75 Safari/537.36
2020-12-24T15:50:17.040Z info: 	Request Body:{"zip":"90210","locationZips":"90210|10940|11105|","locations":[{"address":{"street":"555 Apple Ln","city":"Beverly Hills","state":"CA","zip":90210},"tests":["rapid","pcr","blood"],"_id":"5fe37c25c1c6521f96315d8c","name":"Celebrity Urgent Care","phone":"(718)555-5555","__v":0},{"address":{"street":"222 Orange Rd","city":"Middletown","state":"NY","zip":10940},"tests":["pcr","blood"],"_id":"5fe37c43c1c6521f96315d8d","name":"Upstate Urgent Care","__v":0},{"address":{"street":"56 Pineapple Rd","city":"Astoria","state":"NY","zip":11105},"tests":["blood"],"_id":"5fe37c61c1c6521f96315d8e","name":"Astoria Urgent Care","__v":0}]}
2020-12-24T15:50:17.040Z info: 	Response Body:[{"distance":0},{"distance":4486348},{"distance":4530075}]
2020-12-24T15:50:17.041Z info: 	Response: 200 694.789 ms 
2020-12-24T15:51:07.865Z info: 	Server is running on port: 8000
2020-12-24T15:51:08.184Z info: 	Connected to database.
2020-12-24T15:51:10.735Z info: 	Request: GET /common/locations at Thu Dec 24 2020 10:51:10 GMT-0500, IP: ::1, User Agent: Mozilla/5.0 (X11; Linux x86_64) AppleWebKit/537.36 (KHTML, like Gecko) Chrome/86.0.4240.75 Safari/537.36
2020-12-24T15:51:10.800Z info: 	Response Body:[{"address":{"street":"555 Apple Ln","city":"Beverly Hills","state":"CA","zip":90210},"tests":["rapid","pcr","blood"],"_id":"5fe37c25c1c6521f96315d8c","name":"Celebrity Urgent Care","phone":"(718)555-5555","__v":0},{"address":{"street":"222 Orange Rd","city":"Middletown","state":"NY","zip":10940},"tests":["pcr","blood"],"_id":"5fe37c43c1c6521f96315d8d","name":"Upstate Urgent Care","__v":0},{"address":{"street":"56 Pineapple Rd","city":"Astoria","state":"NY","zip":11105},"tests":["blood"],"_id":"5fe37c61c1c6521f96315d8e","name":"Astoria Urgent Care","__v":0}]
2020-12-24T15:51:10.802Z info: 	Response: 304 59.284 ms 
2020-12-24T15:51:10.900Z info: 	Request: POST /common/locations/distance at Thu Dec 24 2020 10:51:10 GMT-0500, IP: ::1, User Agent: Mozilla/5.0 (X11; Linux x86_64) AppleWebKit/537.36 (KHTML, like Gecko) Chrome/86.0.4240.75 Safari/537.36
2020-12-24T15:51:11.007Z error: 	/locations/distance => 
 TypeError: Cannot read property 'elements' of undefined
    at getDistance (/home/nick/WebProjects/covid-testing-server/routes/common/reqs/getDistance.js:10:48)
    at process._tickCallback (internal/process/next_tick.js:68:7)
2020-12-24T15:51:11.016Z info: 	Request Body:{"zip":"","locationZips":"90210|10940|11105|","locations":[{"address":{"street":"555 Apple Ln","city":"Beverly Hills","state":"CA","zip":90210},"tests":["rapid","pcr","blood"],"_id":"5fe37c25c1c6521f96315d8c","name":"Celebrity Urgent Care","phone":"(718)555-5555","__v":0},{"address":{"street":"222 Orange Rd","city":"Middletown","state":"NY","zip":10940},"tests":["pcr","blood"],"_id":"5fe37c43c1c6521f96315d8d","name":"Upstate Urgent Care","__v":0},{"address":{"street":"56 Pineapple Rd","city":"Astoria","state":"NY","zip":11105},"tests":["blood"],"_id":"5fe37c61c1c6521f96315d8e","name":"Astoria Urgent Care","__v":0}]}
2020-12-24T15:51:11.017Z info: 	Response Body:An error occurred. Please try again later.
2020-12-24T15:51:11.018Z info: 	Response: 500 109.842 ms 
2020-12-24T15:51:39.116Z info: 	Server is running on port: 8000
2020-12-24T15:51:39.378Z info: 	Connected to database.
2020-12-24T15:51:44.206Z info: 	Request: GET /common/locations at Thu Dec 24 2020 10:51:44 GMT-0500, IP: ::1, User Agent: Mozilla/5.0 (X11; Linux x86_64) AppleWebKit/537.36 (KHTML, like Gecko) Chrome/86.0.4240.75 Safari/537.36
2020-12-24T15:51:44.252Z info: 	Response Body:[{"address":{"street":"555 Apple Ln","city":"Beverly Hills","state":"CA","zip":90210},"tests":["rapid","pcr","blood"],"_id":"5fe37c25c1c6521f96315d8c","name":"Celebrity Urgent Care","phone":"(718)555-5555","__v":0},{"address":{"street":"222 Orange Rd","city":"Middletown","state":"NY","zip":10940},"tests":["pcr","blood"],"_id":"5fe37c43c1c6521f96315d8d","name":"Upstate Urgent Care","__v":0},{"address":{"street":"56 Pineapple Rd","city":"Astoria","state":"NY","zip":11105},"tests":["blood"],"_id":"5fe37c61c1c6521f96315d8e","name":"Astoria Urgent Care","__v":0}]
2020-12-24T15:51:44.253Z info: 	Response: 304 42.673 ms 
2020-12-24T15:51:44.270Z info: 	Request: POST /common/locations/distance at Thu Dec 24 2020 10:51:44 GMT-0500, IP: ::1, User Agent: Mozilla/5.0 (X11; Linux x86_64) AppleWebKit/537.36 (KHTML, like Gecko) Chrome/86.0.4240.75 Safari/537.36
2020-12-24T15:51:45.010Z info: 	Request Body:{"zip":"90210","locationZips":"90210|10940|11105|","locations":[{"address":{"street":"555 Apple Ln","city":"Beverly Hills","state":"CA","zip":90210},"tests":["rapid","pcr","blood"],"_id":"5fe37c25c1c6521f96315d8c","name":"Celebrity Urgent Care","phone":"(718)555-5555","__v":0},{"address":{"street":"222 Orange Rd","city":"Middletown","state":"NY","zip":10940},"tests":["pcr","blood"],"_id":"5fe37c43c1c6521f96315d8d","name":"Upstate Urgent Care","__v":0},{"address":{"street":"56 Pineapple Rd","city":"Astoria","state":"NY","zip":11105},"tests":["blood"],"_id":"5fe37c61c1c6521f96315d8e","name":"Astoria Urgent Care","__v":0}]}
2020-12-24T15:51:45.011Z info: 	Response Body:[{"distance":0},{"distance":4483080},{"distance":4526807}]
2020-12-24T15:51:45.011Z info: 	Response: 200 739.078 ms 
2020-12-24T15:51:55.744Z info: 	Server is running on port: 8000
2020-12-24T15:51:55.979Z info: 	Connected to database.
2020-12-24T15:51:59.788Z info: 	Request: GET /common/locations at Thu Dec 24 2020 10:51:59 GMT-0500, IP: ::1, User Agent: Mozilla/5.0 (X11; Linux x86_64) AppleWebKit/537.36 (KHTML, like Gecko) Chrome/86.0.4240.75 Safari/537.36
2020-12-24T15:51:59.852Z info: 	Response Body:[{"address":{"street":"555 Apple Ln","city":"Beverly Hills","state":"CA","zip":90210},"tests":["rapid","pcr","blood"],"_id":"5fe37c25c1c6521f96315d8c","name":"Celebrity Urgent Care","phone":"(718)555-5555","__v":0},{"address":{"street":"222 Orange Rd","city":"Middletown","state":"NY","zip":10940},"tests":["pcr","blood"],"_id":"5fe37c43c1c6521f96315d8d","name":"Upstate Urgent Care","__v":0},{"address":{"street":"56 Pineapple Rd","city":"Astoria","state":"NY","zip":11105},"tests":["blood"],"_id":"5fe37c61c1c6521f96315d8e","name":"Astoria Urgent Care","__v":0}]
2020-12-24T15:51:59.853Z info: 	Response: 304 56.790 ms 
2020-12-24T15:51:59.911Z info: 	Request: POST /common/locations/distance at Thu Dec 24 2020 10:51:59 GMT-0500, IP: ::1, User Agent: Mozilla/5.0 (X11; Linux x86_64) AppleWebKit/537.36 (KHTML, like Gecko) Chrome/86.0.4240.75 Safari/537.36
2020-12-24T15:52:00.009Z error: 	/locations/distance => 
 TypeError: Cannot read property 'elements' of undefined
    at getDistance (/home/nick/WebProjects/covid-testing-server/routes/common/reqs/getDistance.js:10:48)
    at process._tickCallback (internal/process/next_tick.js:68:7)
2020-12-24T15:52:00.011Z info: 	Request Body:{"zip":"","locationZips":"90210|10940|11105|","locations":[{"address":{"street":"555 Apple Ln","city":"Beverly Hills","state":"CA","zip":90210},"tests":["rapid","pcr","blood"],"_id":"5fe37c25c1c6521f96315d8c","name":"Celebrity Urgent Care","phone":"(718)555-5555","__v":0},{"address":{"street":"222 Orange Rd","city":"Middletown","state":"NY","zip":10940},"tests":["pcr","blood"],"_id":"5fe37c43c1c6521f96315d8d","name":"Upstate Urgent Care","__v":0},{"address":{"street":"56 Pineapple Rd","city":"Astoria","state":"NY","zip":11105},"tests":["blood"],"_id":"5fe37c61c1c6521f96315d8e","name":"Astoria Urgent Care","__v":0}]}
2020-12-24T15:52:00.012Z info: 	Response Body:An error occurred. Please try again later.
2020-12-24T15:52:00.012Z info: 	Response: 500 97.582 ms 
2020-12-24T15:52:11.101Z info: 	Request: GET /common/locations at Thu Dec 24 2020 10:52:11 GMT-0500, IP: ::1, User Agent: Mozilla/5.0 (X11; Linux x86_64) AppleWebKit/537.36 (KHTML, like Gecko) Chrome/86.0.4240.75 Safari/537.36
2020-12-24T15:52:11.125Z info: 	Response Body:[{"address":{"street":"555 Apple Ln","city":"Beverly Hills","state":"CA","zip":90210},"tests":["rapid","pcr","blood"],"_id":"5fe37c25c1c6521f96315d8c","name":"Celebrity Urgent Care","phone":"(718)555-5555","__v":0},{"address":{"street":"222 Orange Rd","city":"Middletown","state":"NY","zip":10940},"tests":["pcr","blood"],"_id":"5fe37c43c1c6521f96315d8d","name":"Upstate Urgent Care","__v":0},{"address":{"street":"56 Pineapple Rd","city":"Astoria","state":"NY","zip":11105},"tests":["blood"],"_id":"5fe37c61c1c6521f96315d8e","name":"Astoria Urgent Care","__v":0}]
2020-12-24T15:52:11.125Z info: 	Response: 304 22.179 ms 
2020-12-24T15:52:11.142Z info: 	Request: POST /common/locations/distance at Thu Dec 24 2020 10:52:11 GMT-0500, IP: ::1, User Agent: Mozilla/5.0 (X11; Linux x86_64) AppleWebKit/537.36 (KHTML, like Gecko) Chrome/86.0.4240.75 Safari/537.36
2020-12-24T15:52:11.432Z info: 	Request Body:{"zip":"90210","locationZips":"90210|10940|11105|","locations":[{"address":{"street":"555 Apple Ln","city":"Beverly Hills","state":"CA","zip":90210},"tests":["rapid","pcr","blood"],"_id":"5fe37c25c1c6521f96315d8c","name":"Celebrity Urgent Care","phone":"(718)555-5555","__v":0},{"address":{"street":"222 Orange Rd","city":"Middletown","state":"NY","zip":10940},"tests":["pcr","blood"],"_id":"5fe37c43c1c6521f96315d8d","name":"Upstate Urgent Care","__v":0},{"address":{"street":"56 Pineapple Rd","city":"Astoria","state":"NY","zip":11105},"tests":["blood"],"_id":"5fe37c61c1c6521f96315d8e","name":"Astoria Urgent Care","__v":0}]}
2020-12-24T15:52:11.433Z info: 	Response Body:[{"distance":0},{"distance":4483080},{"distance":4526807}]
2020-12-24T15:52:11.434Z info: 	Response: 200 286.099 ms 
2020-12-24T15:52:59.001Z info: 	Server is running on port: 8000
2020-12-24T15:52:59.341Z info: 	Connected to database.
2020-12-24T15:53:14.316Z info: 	Server is running on port: 8000
2020-12-24T15:53:14.557Z info: 	Connected to database.
2020-12-24T15:53:20.358Z info: 	Request: GET /common/locations at Thu Dec 24 2020 10:53:20 GMT-0500, IP: ::1, User Agent: Mozilla/5.0 (X11; Linux x86_64) AppleWebKit/537.36 (KHTML, like Gecko) Chrome/86.0.4240.75 Safari/537.36
2020-12-24T15:53:20.406Z info: 	Response Body:[{"address":{"street":"555 Apple Ln","city":"Beverly Hills","state":"CA","zip":90210},"tests":["rapid","pcr","blood"],"_id":"5fe37c25c1c6521f96315d8c","name":"Celebrity Urgent Care","phone":"(718)555-5555","__v":0},{"address":{"street":"222 Orange Rd","city":"Middletown","state":"NY","zip":10940},"tests":["pcr","blood"],"_id":"5fe37c43c1c6521f96315d8d","name":"Upstate Urgent Care","__v":0},{"address":{"street":"56 Pineapple Rd","city":"Astoria","state":"NY","zip":11105},"tests":["blood"],"_id":"5fe37c61c1c6521f96315d8e","name":"Astoria Urgent Care","__v":0}]
2020-12-24T15:53:20.407Z info: 	Response: 304 44.285 ms 
2020-12-24T15:53:20.422Z info: 	Request: POST /common/locations/distance at Thu Dec 24 2020 10:53:20 GMT-0500, IP: ::1, User Agent: Mozilla/5.0 (X11; Linux x86_64) AppleWebKit/537.36 (KHTML, like Gecko) Chrome/86.0.4240.75 Safari/537.36
2020-12-24T15:53:20.656Z error: 	/locations/distance => 
 ReferenceError: updatedLocations is not defined
    at getDistance (/home/nick/WebProjects/covid-testing-server/routes/common/reqs/getDistance.js:15:33)
    at process._tickCallback (internal/process/next_tick.js:68:7)
2020-12-24T15:53:20.661Z info: 	Request Body:{"zip":"90210","locationZips":"90210|10940|11105|","locations":[{"address":{"street":"555 Apple Ln","city":"Beverly Hills","state":"CA","zip":90210},"tests":["rapid","pcr","blood"],"_id":"5fe37c25c1c6521f96315d8c","name":"Celebrity Urgent Care","phone":"(718)555-5555","__v":0,"distance":0},{"address":{"street":"222 Orange Rd","city":"Middletown","state":"NY","zip":10940},"tests":["pcr","blood"],"_id":"5fe37c43c1c6521f96315d8d","name":"Upstate Urgent Care","__v":0,"distance":4483080},{"address":{"street":"56 Pineapple Rd","city":"Astoria","state":"NY","zip":11105},"tests":["blood"],"_id":"5fe37c61c1c6521f96315d8e","name":"Astoria Urgent Care","__v":0,"distance":4526807}]}
2020-12-24T15:53:20.662Z info: 	Response Body:An error occurred. Please try again later.
2020-12-24T15:53:20.663Z info: 	Response: 500 235.097 ms 
2020-12-24T15:53:31.304Z info: 	Server is running on port: 8000
2020-12-24T15:53:31.550Z info: 	Connected to database.
2020-12-24T15:53:41.005Z info: 	Request: GET /common/locations at Thu Dec 24 2020 10:53:41 GMT-0500, IP: ::1, User Agent: Mozilla/5.0 (X11; Linux x86_64) AppleWebKit/537.36 (KHTML, like Gecko) Chrome/86.0.4240.75 Safari/537.36
2020-12-24T15:53:41.050Z info: 	Response Body:[{"address":{"street":"555 Apple Ln","city":"Beverly Hills","state":"CA","zip":90210},"tests":["rapid","pcr","blood"],"_id":"5fe37c25c1c6521f96315d8c","name":"Celebrity Urgent Care","phone":"(718)555-5555","__v":0},{"address":{"street":"222 Orange Rd","city":"Middletown","state":"NY","zip":10940},"tests":["pcr","blood"],"_id":"5fe37c43c1c6521f96315d8d","name":"Upstate Urgent Care","__v":0},{"address":{"street":"56 Pineapple Rd","city":"Astoria","state":"NY","zip":11105},"tests":["blood"],"_id":"5fe37c61c1c6521f96315d8e","name":"Astoria Urgent Care","__v":0}]
2020-12-24T15:53:41.051Z info: 	Response: 304 41.790 ms 
2020-12-24T15:53:41.068Z info: 	Request: POST /common/locations/distance at Thu Dec 24 2020 10:53:41 GMT-0500, IP: ::1, User Agent: Mozilla/5.0 (X11; Linux x86_64) AppleWebKit/537.36 (KHTML, like Gecko) Chrome/86.0.4240.75 Safari/537.36
2020-12-24T15:53:41.204Z info: 	Request Body:{"zip":"90210","locationZips":"90210|10940|11105|","locations":[{"address":{"street":"555 Apple Ln","city":"Beverly Hills","state":"CA","zip":90210},"tests":["rapid","pcr","blood"],"_id":"5fe37c25c1c6521f96315d8c","name":"Celebrity Urgent Care","phone":"(718)555-5555","__v":0,"distance":0},{"address":{"street":"222 Orange Rd","city":"Middletown","state":"NY","zip":10940},"tests":["pcr","blood"],"_id":"5fe37c43c1c6521f96315d8d","name":"Upstate Urgent Care","__v":0,"distance":4483080},{"address":{"street":"56 Pineapple Rd","city":"Astoria","state":"NY","zip":11105},"tests":["blood"],"_id":"5fe37c61c1c6521f96315d8e","name":"Astoria Urgent Care","__v":0,"distance":4526807}]}
2020-12-24T15:53:41.205Z info: 	Response Body:[{"address":{"street":"555 Apple Ln","city":"Beverly Hills","state":"CA","zip":90210},"tests":["rapid","pcr","blood"],"_id":"5fe37c25c1c6521f96315d8c","name":"Celebrity Urgent Care","phone":"(718)555-5555","__v":0,"distance":0},{"address":{"street":"222 Orange Rd","city":"Middletown","state":"NY","zip":10940},"tests":["pcr","blood"],"_id":"5fe37c43c1c6521f96315d8d","name":"Upstate Urgent Care","__v":0,"distance":4483080},{"address":{"street":"56 Pineapple Rd","city":"Astoria","state":"NY","zip":11105},"tests":["blood"],"_id":"5fe37c61c1c6521f96315d8e","name":"Astoria Urgent Care","__v":0,"distance":4526807}]
2020-12-24T15:53:41.206Z info: 	Response: 200 131.926 ms 
2020-12-24T15:54:21.535Z info: 	Request: GET /common/locations at Thu Dec 24 2020 10:54:21 GMT-0500, IP: ::1, User Agent: Mozilla/5.0 (X11; Linux x86_64) AppleWebKit/537.36 (KHTML, like Gecko) Chrome/86.0.4240.75 Safari/537.36
2020-12-24T15:54:21.552Z info: 	Response Body:[{"address":{"street":"555 Apple Ln","city":"Beverly Hills","state":"CA","zip":90210},"tests":["rapid","pcr","blood"],"_id":"5fe37c25c1c6521f96315d8c","name":"Celebrity Urgent Care","phone":"(718)555-5555","__v":0},{"address":{"street":"222 Orange Rd","city":"Middletown","state":"NY","zip":10940},"tests":["pcr","blood"],"_id":"5fe37c43c1c6521f96315d8d","name":"Upstate Urgent Care","__v":0},{"address":{"street":"56 Pineapple Rd","city":"Astoria","state":"NY","zip":11105},"tests":["blood"],"_id":"5fe37c61c1c6521f96315d8e","name":"Astoria Urgent Care","__v":0}]
2020-12-24T15:54:21.553Z info: 	Response: 304 16.896 ms 
2020-12-24T15:54:21.564Z info: 	Request: POST /common/locations/distance at Thu Dec 24 2020 10:54:21 GMT-0500, IP: ::1, User Agent: Mozilla/5.0 (X11; Linux x86_64) AppleWebKit/537.36 (KHTML, like Gecko) Chrome/86.0.4240.75 Safari/537.36
2020-12-24T15:54:21.779Z info: 	Request Body:{"zip":"90210","locationZips":"90210|10940|11105|","locations":[{"address":{"street":"555 Apple Ln","city":"Beverly Hills","state":"CA","zip":90210},"tests":["rapid","pcr","blood"],"_id":"5fe37c25c1c6521f96315d8c","name":"Celebrity Urgent Care","phone":"(718)555-5555","__v":0,"distance":0},{"address":{"street":"222 Orange Rd","city":"Middletown","state":"NY","zip":10940},"tests":["pcr","blood"],"_id":"5fe37c43c1c6521f96315d8d","name":"Upstate Urgent Care","__v":0,"distance":4483080},{"address":{"street":"56 Pineapple Rd","city":"Astoria","state":"NY","zip":11105},"tests":["blood"],"_id":"5fe37c61c1c6521f96315d8e","name":"Astoria Urgent Care","__v":0,"distance":4526807}]}
2020-12-24T15:54:21.780Z info: 	Response Body:[{"address":{"street":"555 Apple Ln","city":"Beverly Hills","state":"CA","zip":90210},"tests":["rapid","pcr","blood"],"_id":"5fe37c25c1c6521f96315d8c","name":"Celebrity Urgent Care","phone":"(718)555-5555","__v":0,"distance":0},{"address":{"street":"222 Orange Rd","city":"Middletown","state":"NY","zip":10940},"tests":["pcr","blood"],"_id":"5fe37c43c1c6521f96315d8d","name":"Upstate Urgent Care","__v":0,"distance":4483080},{"address":{"street":"56 Pineapple Rd","city":"Astoria","state":"NY","zip":11105},"tests":["blood"],"_id":"5fe37c61c1c6521f96315d8e","name":"Astoria Urgent Care","__v":0,"distance":4526807}]
2020-12-24T15:54:21.781Z info: 	Response: 200 211.769 ms 
2020-12-24T15:54:40.807Z info: 	Server is running on port: 8000
2020-12-24T15:54:41.120Z info: 	Connected to database.
