2020-12-21T19:02:38.942Z info: 	Server is running on port: 3000
2020-12-21T19:02:39.312Z info: 	Connected to database.
2020-12-21T19:02:57.188Z info: 	Request: POST /common/login at Mon Dec 21 2020 14:02:57 GMT-0500, IP: ::1, User Agent: insomnia/2020.5.2
2020-12-21T19:02:57.239Z info: 	nicky@gmail.com attempted to log in.
2020-12-21T19:02:57.485Z info: 	Request Body:{"email":"nicky@gmail.com","password":"[FILTERED]"}
2020-12-21T19:02:57.486Z info: 	Response Body:success
2020-12-21T19:02:57.486Z info: 	Response: 200 293.197 ms 
2020-12-21T19:03:17.340Z info: 	Request: POST /common/update/basic at Mon Dec 21 2020 14:03:17 GMT-0500, IP: ::1, User Agent: insomnia/2020.5.2
2020-12-21T19:03:17.343Z error: 	updateProfile => 
 ReferenceError: createTruthyObject is not defined
    at updateProfile (/home/nick/WebProjects/covid-testing-server/routes/reqs/updateProfile.js:10:19)
    at router.route.post (/home/nick/WebProjects/covid-testing-server/routes/common.js:48:44)
    at Layer.handle [as handle_request] (/home/nick/WebProjects/covid-testing-server/node_modules/express/lib/router/layer.js:95:5)
    at next (/home/nick/WebProjects/covid-testing-server/node_modules/express/lib/router/route.js:137:13)
    at ensureAuthenticated (/home/nick/WebProjects/covid-testing-server/tools/ensureAuthenticated.js:3:12)
    at Layer.handle [as handle_request] (/home/nick/WebProjects/covid-testing-server/node_modules/express/lib/router/layer.js:95:5)
    at next (/home/nick/WebProjects/covid-testing-server/node_modules/express/lib/router/route.js:137:13)
    at Route.dispatch (/home/nick/WebProjects/covid-testing-server/node_modules/express/lib/router/route.js:112:3)
    at Layer.handle [as handle_request] (/home/nick/WebProjects/covid-testing-server/node_modules/express/lib/router/layer.js:95:5)
    at /home/nick/WebProjects/covid-testing-server/node_modules/express/lib/router/index.js:281:22
    at param (/home/nick/WebProjects/covid-testing-server/node_modules/express/lib/router/index.js:354:14)
    at param (/home/nick/WebProjects/covid-testing-server/node_modules/express/lib/router/index.js:365:14)
    at Function.process_params (/home/nick/WebProjects/covid-testing-server/node_modules/express/lib/router/index.js:410:3)
    at next (/home/nick/WebProjects/covid-testing-server/node_modules/express/lib/router/index.js:275:10)
    at Function.handle (/home/nick/WebProjects/covid-testing-server/node_modules/express/lib/router/index.js:174:3)
    at router (/home/nick/WebProjects/covid-testing-server/node_modules/express/lib/router/index.js:47:12)
2020-12-21T19:03:17.346Z info: 	Request Body:{"client":"5fe0e40d2d32c8e2c2b0a58e","name":"Nick Carbone","email":"nickycarbone@gmail.com","phone":"555-555-5555","dob":"5-19-1986"}
2020-12-21T19:03:17.346Z info: 	Response Body:An error occurred. Please try again later.
2020-12-21T19:03:17.347Z info: 	Response: 500 3.457 ms 
2020-12-21T19:03:54.513Z info: 	Server is running on port: 3000
2020-12-21T19:03:54.795Z info: 	Connected to database.
2020-12-21T19:03:56.345Z info: 	Server is running on port: 3000
2020-12-21T19:03:56.601Z info: 	Connected to database.
2020-12-21T19:04:00.584Z info: 	Request: POST /common/login at Mon Dec 21 2020 14:04:00 GMT-0500, IP: ::1, User Agent: insomnia/2020.5.2
2020-12-21T19:04:00.622Z info: 	nicky@gmail.com attempted to log in.
2020-12-21T19:04:00.877Z info: 	Request Body:{"email":"nicky@gmail.com","password":"[FILTERED]"}
2020-12-21T19:04:00.877Z info: 	Response Body:success
2020-12-21T19:04:00.877Z info: 	Response: 200 289.451 ms 
2020-12-21T19:04:03.978Z info: 	Request: POST /common/update/basic at Mon Dec 21 2020 14:04:03 GMT-0500, IP: ::1, User Agent: insomnia/2020.5.2
2020-12-21T19:04:04.046Z info: 	Request Body:{"client":"5fe0e40d2d32c8e2c2b0a58e","name":"Nick Carbone","email":"nickycarbone@gmail.com","phone":"555-555-5555","dob":"5-19-1986"}
2020-12-21T19:04:04.049Z info: 	Response Body:{"role":"client","travel":[],"_id":"5fe0e40d2d32c8e2c2b0a58e","email":"nickycarbone@gmail.com","password":"[FILTERED]","appointments":[{"address":{"street":"12 Updated Ln","city":"Updatedville","state":"MA","zip":12345},"_id":"5fe0e93531e5f0edc4da06c7","name":"Newer Location","phone":"(555)555-5555","date":"5/28/2024","time":"5:44 PM","test":"PCR"},{"_id":"5fe0e865d5e1c5ec936bcb21","name":"Nick Carbone","phone":"654-654-6549","date":"5/27/2024","time":"5:44 PM","test":"PCR"},{"_id":"5fe0e796ed2e24ea495cf008","name":"Nick Carbone","phone":"654-654-6549","date":"5/26/2024","time":"5:44 PM","test":"PCR"}],"__v":5,"name":"Nick Carbone","phone":"555-555-5555","dob":"5-19-1986"}
2020-12-21T19:04:04.051Z info: 	Response: 200 65.908 ms 
2020-12-21T19:07:31.709Z info: 	Request: GET /common/logout at Mon Dec 21 2020 14:07:31 GMT-0500, IP: ::1, User Agent: insomnia/2020.5.2
2020-12-21T19:07:31.732Z info: 	Response: 302 19.302 ms 
2020-12-21T19:07:31.740Z info: 	Request: GET / at Mon Dec 21 2020 14:07:31 GMT-0500, IP: ::1, User Agent: insomnia/2020.5.2
2020-12-21T19:07:31.746Z info: 	Response: 404 3.935 ms 
2020-12-21T19:07:40.263Z info: 	Request: POST /common/register at Mon Dec 21 2020 14:07:40 GMT-0500, IP: ::1, User Agent: insomnia/2020.5.2
2020-12-21T19:07:40.539Z info: 	Request Body:{"role":"client","email":"nickcarbone@gmail.com","password":"[FILTERED]"}
2020-12-21T19:07:40.539Z info: 	Response Body:Success! You are now logged in.
2020-12-21T19:07:40.540Z info: 	Response: 200 274.663 ms 
2020-12-21T19:08:30.805Z info: 	Request: GET /common at Mon Dec 21 2020 14:08:30 GMT-0500, IP: ::1, User Agent: insomnia/2020.5.2
2020-12-21T19:08:30.833Z info: 	Request Body:{"client":"5fe0f27c567d3214442311b2"}
2020-12-21T19:08:30.834Z info: 	Response Body:{"role":"client","travel":[],"_id":"5fe0f27c567d3214442311b2","email":"nickcarbone@gmail.com","password":"[FILTERED]","appointments":[],"__v":0}
2020-12-21T19:08:30.834Z info: 	Response: 200 27.246 ms 
2020-12-21T19:08:47.940Z info: 	Request: POST /common/update/basic at Mon Dec 21 2020 14:08:47 GMT-0500, IP: ::1, User Agent: insomnia/2020.5.2
2020-12-21T19:08:47.973Z info: 	Request Body:{"client":"5fe0f27c567d3214442311b2","name":"Nick Carbone","email":"nickycarbone@gmail.com","phone":"555-555-5555","dob":"5-19-1986"}
2020-12-21T19:08:47.974Z info: 	Response Body:{"role":"client","travel":[],"_id":"5fe0f27c567d3214442311b2","email":"nickycarbone@gmail.com","password":"[FILTERED]","appointments":[],"__v":0,"name":"Nick Carbone","phone":"555-555-5555","dob":"5-19-1986"}
2020-12-21T19:08:47.974Z info: 	Response: 200 31.911 ms 
2020-12-21T19:08:56.610Z info: 	Request: POST /common/update/address at Mon Dec 21 2020 14:08:56 GMT-0500, IP: ::1, User Agent: insomnia/2020.5.2
2020-12-21T19:08:56.648Z info: 	Request Body:{"client":"5fe0f27c567d3214442311b2","street":"123 Huckleberry Lane","city":"Pleasantville","state":"MA","zip":"55555"}
2020-12-21T19:08:56.649Z info: 	Response Body:{"address":{"street":"123 Huckleberry Lane","city":"Pleasantville","state":"MA","zip":55555},"role":"client","travel":[],"_id":"5fe0f27c567d3214442311b2","email":"nickycarbone@gmail.com","password":"[FILTERED]","appointments":[],"__v":0,"dob":"5-19-1986","name":"Nick Carbone","phone":"555-555-5555"}
2020-12-21T19:08:56.649Z info: 	Response: 200 37.173 ms 
2020-12-21T19:09:01.766Z info: 	Request: POST /common/update/insurance at Mon Dec 21 2020 14:09:01 GMT-0500, IP: ::1, User Agent: insomnia/2020.5.2
2020-12-21T19:09:01.811Z info: 	Request Body:{"client":"5fe0f27c567d3214442311b2","ins_provider":"Empire","ins_id":"32454234562434"}
2020-12-21T19:09:01.812Z info: 	Response Body:{"address":{"street":"123 Huckleberry Lane","city":"Pleasantville","state":"MA","zip":55555},"role":"client","travel":[],"_id":"5fe0f27c567d3214442311b2","email":"nickycarbone@gmail.com","password":"[FILTERED]","appointments":[],"__v":0,"dob":"5-19-1986","name":"Nick Carbone","phone":"555-555-5555","ins_provider":"Empire","ins_id":"32454234562434"}
2020-12-21T19:09:01.812Z info: 	Response: 200 43.555 ms 
2020-12-21T19:09:07.712Z info: 	Request: POST /common/update/emergency_contact at Mon Dec 21 2020 14:09:07 GMT-0500, IP: ::1, User Agent: insomnia/2020.5.2
2020-12-21T19:09:07.747Z info: 	Request Body:{"client":"5fe0f27c567d3214442311b2","name":"Fred Rhino","phone":"555-985-9852","relation":"friend"}
2020-12-21T19:09:07.748Z info: 	Response Body:{"address":{"street":"123 Huckleberry Lane","city":"Pleasantville","state":"MA","zip":55555},"emergency_contact":{"name":"Fred Rhino","phone":"555-985-9852","relation":"friend"},"role":"client","travel":[],"_id":"5fe0f27c567d3214442311b2","email":"nickycarbone@gmail.com","password":"[FILTERED]","appointments":[],"__v":0,"dob":"5-19-1986","name":"Nick Carbone","phone":"555-555-5555","ins_id":"32454234562434","ins_provider":"Empire"}
2020-12-21T19:09:07.748Z info: 	Response: 200 34.333 ms 
2020-12-21T19:09:14.963Z info: 	Request: POST /common/update/travel at Mon Dec 21 2020 14:09:14 GMT-0500, IP: ::1, User Agent: insomnia/2020.5.2
2020-12-21T19:09:14.999Z info: 	Request Body:{"client":"5fe0f27c567d3214442311b2","location":"Hawaii","date":"April 2019"}
2020-12-21T19:09:14.999Z info: 	Response Body:{"address":{"street":"123 Huckleberry Lane","city":"Pleasantville","state":"MA","zip":55555},"emergency_contact":{"name":"Fred Rhino","phone":"555-985-9852","relation":"friend"},"role":"client","travel":[{"client":"5fe0f27c567d3214442311b2","location":"Hawaii","date":"April 2019"}],"_id":"5fe0f27c567d3214442311b2","email":"nickycarbone@gmail.com","password":"[FILTERED]","appointments":[],"__v":1,"dob":"5-19-1986","name":"Nick Carbone","phone":"555-555-5555","ins_id":"32454234562434","ins_provider":"Empire"}
2020-12-21T19:09:14.999Z info: 	Response: 200 33.857 ms 
2020-12-21T19:09:21.136Z info: 	Request: POST /common/update/travel at Mon Dec 21 2020 14:09:21 GMT-0500, IP: ::1, User Agent: insomnia/2020.5.2
2020-12-21T19:09:21.171Z info: 	Request Body:{"client":"5fe0f27c567d3214442311b2","location":"Japan","date":"April 2019"}
2020-12-21T19:09:21.171Z info: 	Response Body:{"address":{"street":"123 Huckleberry Lane","city":"Pleasantville","state":"MA","zip":55555},"emergency_contact":{"name":"Fred Rhino","phone":"555-985-9852","relation":"friend"},"role":"client","travel":[{"client":"5fe0f27c567d3214442311b2","location":"Japan","date":"April 2019"},{"client":"5fe0f27c567d3214442311b2","location":"Hawaii","date":"April 2019"}],"_id":"5fe0f27c567d3214442311b2","email":"nickycarbone@gmail.com","password":"[FILTERED]","appointments":[],"__v":2,"dob":"5-19-1986","name":"Nick Carbone","phone":"555-555-5555","ins_id":"32454234562434","ins_provider":"Empire"}
2020-12-21T19:09:21.172Z info: 	Response: 200 33.683 ms 
2020-12-21T19:09:26.217Z info: 	Request: GET /common/appointments at Mon Dec 21 2020 14:09:26 GMT-0500, IP: ::1, User Agent: insomnia/2020.5.2
2020-12-21T19:09:26.233Z info: 	Request Body:{"client":"5fe0f27c567d3214442311b2"}
2020-12-21T19:09:26.233Z info: 	Response: 200 15.030 ms 
2020-12-21T19:09:30.672Z info: 	Request: POST /common/appointments at Mon Dec 21 2020 14:09:30 GMT-0500, IP: ::1, User Agent: insomnia/2020.5.2
2020-12-21T19:09:30.690Z info: 	Request Body:{"client":"5fe0f27c567d3214442311b2","name":"Nick Carbone","dob":"5/19/1986","phone":"654-654-6549","date":"5/28/2024","time":"5:44 PM","location":"5fdb8c61e2fd313028466675","test":"PCR"}
2020-12-21T19:09:30.691Z info: 	Response Body:Appointment unavailable. Please choose another time.
2020-12-21T19:09:30.692Z info: 	Response: 200 16.995 ms 
2020-12-21T19:09:40.153Z info: 	Request: POST /common/appointments at Mon Dec 21 2020 14:09:40 GMT-0500, IP: ::1, User Agent: insomnia/2020.5.2
2020-12-21T19:09:40.175Z info: 	Request Body:{"client":"5fe0f27c567d3214442311b2","name":"Nick Carbone","dob":"5/19/1986","phone":"654-654-6549","date":"5/28/2024","time":"5:44 PM","location":"5fdb8c61e2fd313028466675","test":"PCR"}
2020-12-21T19:09:40.177Z info: 	Response Body:Appointment unavailable. Please choose another time.
2020-12-21T19:09:40.177Z info: 	Response: 200 20.867 ms 
2020-12-21T19:10:08.795Z info: 	Server is running on port: 3000
2020-12-21T19:10:09.092Z info: 	Connected to database.
2020-12-21T19:10:27.557Z info: 	Server is running on port: 3000
2020-12-21T19:10:27.802Z info: 	Connected to database.
2020-12-21T19:10:49.546Z info: 	Server is running on port: 3000
2020-12-21T19:10:49.794Z info: 	Connected to database.
2020-12-21T19:11:06.409Z info: 	Server is running on port: 3000
2020-12-21T19:11:06.647Z info: 	Connected to database.
2020-12-21T19:11:22.256Z info: 	Request: POST /common/appointments at Mon Dec 21 2020 14:11:22 GMT-0500, IP: ::1, User Agent: insomnia/2020.5.2
2020-12-21T19:11:22.263Z info: 	Request Body:{"client":"5fe0f27c567d3214442311b2","name":"Nick Carbone","dob":"5/19/1986","phone":"654-654-6549","date":"5/29/2024","time":"5:44 PM","location":"5fdb8c61e2fd313028466675","test":"PCR"}
2020-12-21T19:11:22.263Z info: 	Response Body:unsuccessful
2020-12-21T19:11:22.264Z info: 	Response: 401 2.938 ms 
2020-12-21T19:11:32.051Z info: 	Request: POST /common/login at Mon Dec 21 2020 14:11:32 GMT-0500, IP: ::1, User Agent: insomnia/2020.5.2
2020-12-21T19:11:32.084Z info: 	nickcarbone@gmail.com attempted to log in.
2020-12-21T19:11:32.088Z info: 	Request Body:{"email":"nickcarbone@gmail.com","password":"[FILTERED]"}
2020-12-21T19:11:32.089Z info: 	Response: 401 35.168 ms 
2020-12-21T19:12:14.131Z info: 	Request: POST /common/login at Mon Dec 21 2020 14:12:14 GMT-0500, IP: ::1, User Agent: insomnia/2020.5.2
2020-12-21T19:12:14.152Z info: 	nickcarbone@gmail.com attempted to log in.
2020-12-21T19:12:14.153Z info: 	Request Body:{"email":"nickcarbone@gmail.com","password":"[FILTERED]"}
2020-12-21T19:12:14.153Z info: 	Response: 401 20.373 ms 
2020-12-21T19:13:09.333Z info: 	Request: POST /common/login at Mon Dec 21 2020 14:13:09 GMT-0500, IP: ::1, User Agent: insomnia/2020.5.2
2020-12-21T19:13:09.361Z info: 	nickycarbone@gmail.com attempted to log in.
2020-12-21T19:13:09.617Z info: 	Request Body:{"email":"nickycarbone@gmail.com","password":"[FILTERED]"}
2020-12-21T19:13:09.617Z info: 	Response Body:success
2020-12-21T19:13:09.618Z info: 	Response: 200 283.623 ms 
2020-12-21T19:14:47.506Z info: 	Server is running on port: 3000
2020-12-21T19:14:47.818Z info: 	Connected to database.
2020-12-21T19:15:34.936Z info: 	Request: POST /common/login at Mon Dec 21 2020 14:15:34 GMT-0500, IP: ::1, User Agent: insomnia/2020.5.2
2020-12-21T19:15:34.971Z info: 	nickycarbone@gmail.com attempted to log in.
2020-12-21T19:15:35.224Z info: 	Request Body:{"email":"nickycarbone@gmail.com","password":"[FILTERED]"}
2020-12-21T19:15:35.225Z info: 	Response Body:success
2020-12-21T19:15:35.225Z info: 	Response: 200 284.058 ms 
2020-12-21T19:15:43.664Z info: 	Request: POST /common/update/basic at Mon Dec 21 2020 14:15:43 GMT-0500, IP: ::1, User Agent: insomnia/2020.5.2
2020-12-21T19:15:43.680Z error: 	updateProfile => 
 ReferenceError: email is not defined
    at updateProfile (/home/nick/WebProjects/covid-testing-server/routes/reqs/updateProfile.js:18:51)
    at process._tickCallback (internal/process/next_tick.js:68:7)
2020-12-21T19:15:43.682Z info: 	Request Body:{"client":"5fe0f27c567d3214442311b2","name":"Nick Carbone","email":"nickcarbone@gmail.com","phone":"555-555-5555","dob":"5-19-1986"}
2020-12-21T19:15:43.682Z info: 	Response Body:An error occurred. Please try again later.
2020-12-21T19:15:43.683Z info: 	Response: 500 16.792 ms 
2020-12-21T19:16:01.862Z info: 	Server is running on port: 3000
2020-12-21T19:16:02.179Z info: 	Connected to database.
2020-12-21T19:16:07.717Z info: 	Request: POST /common/login at Mon Dec 21 2020 14:16:07 GMT-0500, IP: ::1, User Agent: insomnia/2020.5.2
2020-12-21T19:16:07.754Z info: 	nickycarbone@gmail.com attempted to log in.
2020-12-21T19:16:08.022Z info: 	Request Body:{"email":"nickycarbone@gmail.com","password":"[FILTERED]"}
2020-12-21T19:16:08.022Z info: 	Response Body:success
2020-12-21T19:16:08.023Z info: 	Response: 200 301.257 ms 
2020-12-21T19:16:10.922Z info: 	Request: POST /common/update/basic at Mon Dec 21 2020 14:16:10 GMT-0500, IP: ::1, User Agent: insomnia/2020.5.2
2020-12-21T19:16:11.000Z info: 	Request Body:{"client":"5fe0f27c567d3214442311b2","name":"Nick Carbone","email":"nickcarbone@gmail.com","phone":"555-555-5555","dob":"5-19-1986"}
2020-12-21T19:16:11.002Z info: 	Response Body:{"role":"client","travel":[],"_id":"5fe0e40d2d32c8e2c2b0a58e","email":"nickcarbone@gmail.com","password":"[FILTERED]","appointments":[{"address":{"street":"12 Updated Ln","city":"Updatedville","state":"MA","zip":12345},"_id":"5fe0e93531e5f0edc4da06c7","name":"Newer Location","phone":"(555)555-5555","date":"5/28/2024","time":"5:44 PM","test":"PCR"},{"_id":"5fe0e865d5e1c5ec936bcb21","name":"Nick Carbone","phone":"654-654-6549","date":"5/27/2024","time":"5:44 PM","test":"PCR"},{"_id":"5fe0e796ed2e24ea495cf008","name":"Nick Carbone","phone":"654-654-6549","date":"5/26/2024","time":"5:44 PM","test":"PCR"}],"__v":5,"dob":"5-19-1986","name":"Nick Carbone","phone":"555-555-5555"}
2020-12-21T19:16:11.003Z info: 	Response: 200 75.329 ms 
2020-12-21T19:16:33.251Z info: 	Request: POST /common/update/basic at Mon Dec 21 2020 14:16:33 GMT-0500, IP: ::1, User Agent: insomnia/2020.5.2
2020-12-21T19:16:33.283Z info: 	Request Body:{"client":"5fe0f27c567d3214442311b2","name":"Nick Carbone","email":"nickycarbone@gmail.com","phone":"555-555-5555","dob":"5-19-1986"}
2020-12-21T19:16:33.283Z info: 	Response Body:Email address not available.
2020-12-21T19:16:33.284Z info: 	Response: 400 30.842 ms 
2020-12-21T19:16:43.101Z info: 	Request: POST /common/update/basic at Mon Dec 21 2020 14:16:43 GMT-0500, IP: ::1, User Agent: insomnia/2020.5.2
2020-12-21T19:16:43.135Z info: 	Request Body:{"client":"5fe0f27c567d3214442311b2","name":"Nick Carbone","email":"","phone":"555-555-5555","dob":"5-19-1986"}
2020-12-21T19:16:43.135Z info: 	Response Body:{"role":"client","travel":[],"_id":"5fe0e40d2d32c8e2c2b0a58e","email":"nickcarbone@gmail.com","password":"[FILTERED]","appointments":[{"address":{"street":"12 Updated Ln","city":"Updatedville","state":"MA","zip":12345},"_id":"5fe0e93531e5f0edc4da06c7","name":"Newer Location","phone":"(555)555-5555","date":"5/28/2024","time":"5:44 PM","test":"PCR"},{"_id":"5fe0e865d5e1c5ec936bcb21","name":"Nick Carbone","phone":"654-654-6549","date":"5/27/2024","time":"5:44 PM","test":"PCR"},{"_id":"5fe0e796ed2e24ea495cf008","name":"Nick Carbone","phone":"654-654-6549","date":"5/26/2024","time":"5:44 PM","test":"PCR"}],"__v":5,"dob":"5-19-1986","name":"Nick Carbone","phone":"555-555-5555"}
2020-12-21T19:16:43.136Z info: 	Response: 200 32.649 ms 
2020-12-21T19:16:56.528Z info: 	Request: POST /common/update/address at Mon Dec 21 2020 14:16:56 GMT-0500, IP: ::1, User Agent: insomnia/2020.5.2
2020-12-21T19:16:56.570Z info: 	Request Body:{"client":"5fe0f27c567d3214442311b2","street":"123 Huckleberry Lane","city":"Pleasantville","state":"MA","zip":"55555"}
2020-12-21T19:16:56.571Z info: 	Response Body:{"address":{"street":"123 Huckleberry Lane","city":"Pleasantville","state":"MA","zip":55555},"role":"client","travel":[],"_id":"5fe0e40d2d32c8e2c2b0a58e","email":"nickcarbone@gmail.com","password":"[FILTERED]","appointments":[{"address":{"street":"12 Updated Ln","city":"Updatedville","state":"MA","zip":12345},"_id":"5fe0e93531e5f0edc4da06c7","name":"Newer Location","phone":"(555)555-5555","date":"5/28/2024","time":"5:44 PM","test":"PCR"},{"_id":"5fe0e865d5e1c5ec936bcb21","name":"Nick Carbone","phone":"654-654-6549","date":"5/27/2024","time":"5:44 PM","test":"PCR"},{"_id":"5fe0e796ed2e24ea495cf008","name":"Nick Carbone","phone":"654-654-6549","date":"5/26/2024","time":"5:44 PM","test":"PCR"}],"__v":5,"dob":"5-19-1986","name":"Nick Carbone","phone":"555-555-5555"}
2020-12-21T19:16:56.571Z info: 	Response: 200 41.053 ms 
2020-12-21T19:17:07.811Z info: 	Request: POST /common/update/insurance at Mon Dec 21 2020 14:17:07 GMT-0500, IP: ::1, User Agent: insomnia/2020.5.2
2020-12-21T19:17:07.845Z info: 	Request Body:{"client":"5fe0f27c567d3214442311b2","ins_provider":"Empire","ins_id":"32454234562434"}
2020-12-21T19:17:07.846Z info: 	Response Body:{"address":{"street":"123 Huckleberry Lane","city":"Pleasantville","state":"MA","zip":55555},"role":"client","travel":[],"_id":"5fe0e40d2d32c8e2c2b0a58e","email":"nickcarbone@gmail.com","password":"[FILTERED]","appointments":[{"address":{"street":"12 Updated Ln","city":"Updatedville","state":"MA","zip":12345},"_id":"5fe0e93531e5f0edc4da06c7","name":"Newer Location","phone":"(555)555-5555","date":"5/28/2024","time":"5:44 PM","test":"PCR"},{"_id":"5fe0e865d5e1c5ec936bcb21","name":"Nick Carbone","phone":"654-654-6549","date":"5/27/2024","time":"5:44 PM","test":"PCR"},{"_id":"5fe0e796ed2e24ea495cf008","name":"Nick Carbone","phone":"654-654-6549","date":"5/26/2024","time":"5:44 PM","test":"PCR"}],"__v":5,"dob":"5-19-1986","name":"Nick Carbone","phone":"555-555-5555","ins_provider":"Empire","ins_id":"32454234562434"}
2020-12-21T19:17:07.846Z info: 	Response: 200 33.168 ms 
2020-12-21T19:17:11.395Z info: 	Request: POST /common/update/emergency_contact at Mon Dec 21 2020 14:17:11 GMT-0500, IP: ::1, User Agent: insomnia/2020.5.2
2020-12-21T19:17:11.433Z info: 	Request Body:{"client":"5fe0f27c567d3214442311b2","name":"Fred Rhino","phone":"555-985-9852","relation":"friend"}
2020-12-21T19:17:11.434Z info: 	Response Body:{"address":{"street":"123 Huckleberry Lane","city":"Pleasantville","state":"MA","zip":55555},"emergency_contact":{"name":"Fred Rhino","phone":"555-985-9852","relation":"friend"},"role":"client","travel":[],"_id":"5fe0e40d2d32c8e2c2b0a58e","email":"nickcarbone@gmail.com","password":"[FILTERED]","appointments":[{"address":{"street":"12 Updated Ln","city":"Updatedville","state":"MA","zip":12345},"_id":"5fe0e93531e5f0edc4da06c7","name":"Newer Location","phone":"(555)555-5555","date":"5/28/2024","time":"5:44 PM","test":"PCR"},{"_id":"5fe0e865d5e1c5ec936bcb21","name":"Nick Carbone","phone":"654-654-6549","date":"5/27/2024","time":"5:44 PM","test":"PCR"},{"_id":"5fe0e796ed2e24ea495cf008","name":"Nick Carbone","phone":"654-654-6549","date":"5/26/2024","time":"5:44 PM","test":"PCR"}],"__v":5,"dob":"5-19-1986","name":"Nick Carbone","phone":"555-555-5555","ins_id":"32454234562434","ins_provider":"Empire"}
2020-12-21T19:17:11.434Z info: 	Response: 200 37.226 ms 
2020-12-21T19:17:20.763Z info: 	Request: POST /common/update/password at Mon Dec 21 2020 14:17:20 GMT-0500, IP: ::1, User Agent: insomnia/2020.5.2
2020-12-21T19:17:20.779Z error: 	updateProfile => 
 TypeError: Cannot read property 'matches' of undefined
    at updateProfile (/home/nick/WebProjects/covid-testing-server/routes/reqs/updateProfile.js:36:21)
    at process._tickCallback (internal/process/next_tick.js:68:7)
2020-12-21T19:17:20.781Z info: 	Request Body:{"client":"5fe0f27c567d3214442311b2","password":"[FILTERED]"}
2020-12-21T19:17:20.781Z info: 	Response Body:An error occurred. Please try again later.
2020-12-21T19:17:20.782Z info: 	Response: 500 16.412 ms 
2020-12-21T19:19:22.441Z info: 	Server is running on port: 3000
2020-12-21T19:19:22.713Z info: 	Connected to database.
2020-12-21T19:19:28.699Z info: 	Server is running on port: 3000
2020-12-21T19:19:28.965Z info: 	Connected to database.
2020-12-21T19:20:01.934Z info: 	Server is running on port: 3000
2020-12-21T19:20:02.159Z info: 	Connected to database.
2020-12-21T19:20:07.627Z info: 	Request: POST /common/login at Mon Dec 21 2020 14:20:07 GMT-0500, IP: ::1, User Agent: insomnia/2020.5.2
2020-12-21T19:20:07.662Z info: 	nickycarbone@gmail.com attempted to log in.
2020-12-21T19:20:07.920Z info: 	Request Body:{"email":"nickycarbone@gmail.com","password":"[FILTERED]"}
2020-12-21T19:20:07.920Z info: 	Response Body:success
2020-12-21T19:20:07.921Z info: 	Response: 200 289.323 ms 
2020-12-21T19:20:10.763Z info: 	Request: POST /common/update/password at Mon Dec 21 2020 14:20:10 GMT-0500, IP: ::1, User Agent: insomnia/2020.5.2
2020-12-21T19:21:48.293Z info: 	Server is running on port: 3000
2020-12-21T19:21:48.593Z info: 	Connected to database.
2020-12-21T19:21:51.747Z info: 	Request: POST /common/login at Mon Dec 21 2020 14:21:51 GMT-0500, IP: ::1, User Agent: insomnia/2020.5.2
2020-12-21T19:21:51.782Z info: 	nickycarbone@gmail.com attempted to log in.
2020-12-21T19:21:52.043Z info: 	Request Body:{"email":"nickycarbone@gmail.com","password":"[FILTERED]"}
2020-12-21T19:21:52.044Z info: 	Response Body:success
2020-12-21T19:21:52.045Z info: 	Response: 200 292.504 ms 
2020-12-21T19:21:54.827Z info: 	Request: POST /common/update/password at Mon Dec 21 2020 14:21:54 GMT-0500, IP: ::1, User Agent: insomnia/2020.5.2
2020-12-21T19:21:54.876Z info: 	Request Body:{"client":"5fe0f27c567d3214442311b2","currentPassword":"superultrasecurepassword","newPassword":"thisisultrasecurepassword"}
2020-12-21T19:21:54.876Z info: 	Response Body:{"address":{"street":"123 Huckleberry Lane","city":"Pleasantville","state":"MA","zip":55555},"emergency_contact":{"name":"Fred Rhino","phone":"555-985-9852","relation":"friend"},"role":"client","travel":[{"client":"5fe0f27c567d3214442311b2","location":"Japan","date":"April 2019"},{"client":"5fe0f27c567d3214442311b2","location":"Hawaii","date":"April 2019"}],"_id":"5fe0f27c567d3214442311b2","email":"nickycarbone@gmail.com","password":"[FILTERED]","appointments":[],"__v":2,"dob":"5-19-1986","name":"Nick Carbone","phone":"555-555-5555","ins_id":"32454234562434","ins_provider":"Empire"}
2020-12-21T19:21:54.877Z info: 	Response: 200 47.848 ms 
2020-12-21T19:22:28.403Z info: 	Request: POST /common/update/password at Mon Dec 21 2020 14:22:28 GMT-0500, IP: ::1, User Agent: insomnia/2020.5.2
2020-12-21T19:22:28.443Z info: 	Request Body:{"client":"5fe0f27c567d3214442311b2","currentPassword":"superultrasecurepassword","newPassword":"thisisultrasecurepassword"}
2020-12-21T19:22:28.444Z info: 	Response Body:{"address":{"street":"123 Huckleberry Lane","city":"Pleasantville","state":"MA","zip":55555},"emergency_contact":{"name":"Fred Rhino","phone":"555-985-9852","relation":"friend"},"role":"client","travel":[{"client":"5fe0f27c567d3214442311b2","location":"Japan","date":"April 2019"},{"client":"5fe0f27c567d3214442311b2","location":"Hawaii","date":"April 2019"}],"_id":"5fe0f27c567d3214442311b2","email":"nickycarbone@gmail.com","password":"[FILTERED]","appointments":[],"__v":2,"dob":"5-19-1986","name":"Nick Carbone","phone":"555-555-5555","ins_id":"32454234562434","ins_provider":"Empire"}
2020-12-21T19:22:28.444Z info: 	Response: 200 38.151 ms 
2020-12-21T19:23:08.212Z info: 	Server is running on port: 3000
2020-12-21T19:23:08.527Z info: 	Connected to database.
2020-12-21T19:23:11.975Z info: 	Request: POST /common/login at Mon Dec 21 2020 14:23:11 GMT-0500, IP: ::1, User Agent: insomnia/2020.5.2
2020-12-21T19:23:12.011Z info: 	nickycarbone@gmail.com attempted to log in.
2020-12-21T19:23:12.265Z info: 	Request Body:{"email":"nickycarbone@gmail.com","password":"[FILTERED]"}
2020-12-21T19:23:12.265Z info: 	Response Body:success
2020-12-21T19:23:12.266Z info: 	Response: 200 286.481 ms 
2020-12-21T19:23:15.047Z info: 	Request: POST /common/update/password at Mon Dec 21 2020 14:23:15 GMT-0500, IP: ::1, User Agent: insomnia/2020.5.2
2020-12-21T19:23:15.083Z info: 	Request Body:{"client":"5fe0f27c567d3214442311b2","currentPassword":"superultrasecurepassword","newPassword":"thisisultrasecurepassword"}
2020-12-21T19:23:15.083Z info: 	Response Body:Incorrect current password.
2020-12-21T19:23:15.084Z info: 	Response: 400 33.041 ms 
2020-12-21T19:23:15.097Z error: 	updateProfile => 
 Error [ERR_HTTP_HEADERS_SENT]: Cannot set headers after they are sent to the client
    at ServerResponse.setHeader (_http_outgoing.js:470:11)
    at ServerResponse.header (/home/nick/WebProjects/covid-testing-server/node_modules/express/lib/response.js:771:10)
    at ServerResponse.send (/home/nick/WebProjects/covid-testing-server/node_modules/express/lib/response.js:170:12)
    at ServerResponse.sendOverWrite [as send] (/home/nick/WebProjects/covid-testing-server/node_modules/morgan-body/index.js:377:22)
    at ServerResponse.json (/home/nick/WebProjects/covid-testing-server/node_modules/express/lib/response.js:267:15)
    at updateProfile (/home/nick/WebProjects/covid-testing-server/routes/reqs/updateProfile.js:56:28)
    at process._tickCallback (internal/process/next_tick.js:68:7)
2020-12-21T19:32:19.386Z info: 	Server is running on port: 3000
2020-12-21T19:32:19.648Z info: 	Connected to database.
2020-12-21T19:33:06.418Z info: 	Request: POST /common/login at Mon Dec 21 2020 14:33:06 GMT-0500, IP: ::1, User Agent: insomnia/2020.5.2
2020-12-21T19:33:06.456Z info: 	nickycarbone@gmail.com attempted to log in.
2020-12-21T19:33:06.750Z info: 	Request Body:{"email":"nickycarbone@gmail.com","password":"[FILTERED]"}
2020-12-21T19:33:06.750Z info: 	Response Body:success
2020-12-21T19:33:06.751Z info: 	Response: 200 328.823 ms 
2020-12-21T19:33:09.626Z info: 	Request: POST /common/update/password at Mon Dec 21 2020 14:33:09 GMT-0500, IP: ::1, User Agent: insomnia/2020.5.2
2020-12-21T19:33:41.921Z info: 	Server is running on port: 3000
2020-12-21T19:33:42.233Z info: 	Connected to database.
2020-12-21T19:34:00.574Z info: 	Server is running on port: 3000
2020-12-21T19:34:00.822Z info: 	Connected to database.
2020-12-21T19:34:02.997Z info: 	Request: POST /common/login at Mon Dec 21 2020 14:34:02 GMT-0500, IP: ::1, User Agent: insomnia/2020.5.2
2020-12-21T19:34:03.040Z info: 	nickycarbone@gmail.com attempted to log in.
2020-12-21T19:34:03.301Z info: 	Request Body:{"email":"nickycarbone@gmail.com","password":"[FILTERED]"}
2020-12-21T19:34:03.302Z info: 	Response Body:success
2020-12-21T19:34:03.302Z info: 	Response: 200 301.048 ms 
2020-12-21T19:34:05.794Z info: 	Request: POST /common/update/password at Mon Dec 21 2020 14:34:05 GMT-0500, IP: ::1, User Agent: insomnia/2020.5.2
2020-12-21T19:34:05.845Z error: 	updateProfile => 
 TypeError: res.status is not a function
    at updateProfile (/home/nick/WebProjects/covid-testing-server/routes/reqs/updateProfile.js:59:16)
    at process._tickCallback (internal/process/next_tick.js:68:7)
2020-12-21T19:34:08.026Z info: 	Request Body:{"client":"5fe0f27c567d3214442311b2","currentPassword":"superultrasecurepassword","newPassword":"thisisultrasecurepassword"}
2020-12-21T19:34:08.026Z info: 	Response: - - ms 
2020-12-21T19:37:23.580Z info: 	Server is running on port: 3000
2020-12-21T19:37:23.900Z info: 	Connected to database.
2020-12-21T19:37:28.473Z info: 	Server is running on port: 3000
2020-12-21T19:37:28.712Z info: 	Connected to database.
2020-12-21T19:38:29.675Z info: 	Server is running on port: 3000
2020-12-21T19:38:29.936Z info: 	Connected to database.
2020-12-21T19:39:54.545Z info: 	Server is running on port: 3000
2020-12-21T19:39:54.864Z info: 	Connected to database.
2020-12-21T19:39:56.737Z info: 	Server is running on port: 3000
2020-12-21T19:39:56.937Z info: 	Connected to database.
2020-12-21T19:40:01.433Z info: 	Server is running on port: 3000
2020-12-21T19:40:01.677Z info: 	Connected to database.
2020-12-21T19:40:07.201Z info: 	Server is running on port: 3000
2020-12-21T19:40:07.442Z info: 	Connected to database.
