2020-12-24T04:00:51.130Z info: 	Request: GET /common/locations at Wed Dec 23 2020 23:00:51 GMT-0500, IP: ::1, User Agent: Mozilla/5.0 (X11; Linux x86_64) AppleWebKit/537.36 (KHTML, like Gecko) Chrome/86.0.4240.75 Safari/537.36
2020-12-24T04:00:51.151Z info: 	Response Body:[{"address":{"street":"555 Apple Ln","city":"Beverly Hills","state":"CA","zip":90210},"tests":["rapid","pcr","blood"],"_id":"5fe37c25c1c6521f96315d8c","name":"Celebrity Urgent Care","phone":"(718)555-5555","__v":0},{"address":{"street":"222 Orange Rd","city":"Middletown","state":"NY","zip":10940},"tests":["pcr","blood"],"_id":"5fe37c43c1c6521f96315d8d","name":"Upstate Urgent Care","__v":0},{"address":{"street":"56 Pineapple Rd","city":"Astoria","state":"NY","zip":11105},"tests":["blood"],"_id":"5fe37c61c1c6521f96315d8e","name":"Astoria Urgent Care","__v":0}]
2020-12-24T04:00:51.152Z info: 	Response: 304 17.810 ms 
2020-12-24T04:01:02.926Z info: 	Request: GET /common/locations at Wed Dec 23 2020 23:01:02 GMT-0500, IP: ::1, User Agent: Mozilla/5.0 (X11; Linux x86_64) AppleWebKit/537.36 (KHTML, like Gecko) Chrome/86.0.4240.75 Safari/537.36
2020-12-24T04:01:02.948Z info: 	Response Body:[{"address":{"street":"555 Apple Ln","city":"Beverly Hills","state":"CA","zip":90210},"tests":["rapid","pcr","blood"],"_id":"5fe37c25c1c6521f96315d8c","name":"Celebrity Urgent Care","phone":"(718)555-5555","__v":0},{"address":{"street":"222 Orange Rd","city":"Middletown","state":"NY","zip":10940},"tests":["pcr","blood"],"_id":"5fe37c43c1c6521f96315d8d","name":"Upstate Urgent Care","__v":0},{"address":{"street":"56 Pineapple Rd","city":"Astoria","state":"NY","zip":11105},"tests":["blood"],"_id":"5fe37c61c1c6521f96315d8e","name":"Astoria Urgent Care","__v":0}]
2020-12-24T04:01:02.949Z info: 	Response: 304 20.833 ms 
2020-12-24T04:01:33.641Z info: 	Request: GET /common/locations at Wed Dec 23 2020 23:01:33 GMT-0500, IP: ::1, User Agent: Mozilla/5.0 (X11; Linux x86_64) AppleWebKit/537.36 (KHTML, like Gecko) Chrome/86.0.4240.75 Safari/537.36
2020-12-24T04:01:33.661Z info: 	Response Body:[{"address":{"street":"555 Apple Ln","city":"Beverly Hills","state":"CA","zip":90210},"tests":["rapid","pcr","blood"],"_id":"5fe37c25c1c6521f96315d8c","name":"Celebrity Urgent Care","phone":"(718)555-5555","__v":0},{"address":{"street":"222 Orange Rd","city":"Middletown","state":"NY","zip":10940},"tests":["pcr","blood"],"_id":"5fe37c43c1c6521f96315d8d","name":"Upstate Urgent Care","__v":0},{"address":{"street":"56 Pineapple Rd","city":"Astoria","state":"NY","zip":11105},"tests":["blood"],"_id":"5fe37c61c1c6521f96315d8e","name":"Astoria Urgent Care","__v":0}]
2020-12-24T04:01:33.662Z info: 	Response: 304 18.483 ms 
2020-12-24T04:01:41.641Z info: 	Request: GET /common/locations at Wed Dec 23 2020 23:01:41 GMT-0500, IP: ::1, User Agent: Mozilla/5.0 (X11; Linux x86_64) AppleWebKit/537.36 (KHTML, like Gecko) Chrome/86.0.4240.75 Safari/537.36
2020-12-24T04:01:41.664Z info: 	Response Body:[{"address":{"street":"555 Apple Ln","city":"Beverly Hills","state":"CA","zip":90210},"tests":["rapid","pcr","blood"],"_id":"5fe37c25c1c6521f96315d8c","name":"Celebrity Urgent Care","phone":"(718)555-5555","__v":0},{"address":{"street":"222 Orange Rd","city":"Middletown","state":"NY","zip":10940},"tests":["pcr","blood"],"_id":"5fe37c43c1c6521f96315d8d","name":"Upstate Urgent Care","__v":0},{"address":{"street":"56 Pineapple Rd","city":"Astoria","state":"NY","zip":11105},"tests":["blood"],"_id":"5fe37c61c1c6521f96315d8e","name":"Astoria Urgent Care","__v":0}]
2020-12-24T04:01:41.665Z info: 	Response: 304 21.052 ms 
2020-12-24T04:01:44.180Z info: 	Request: GET /common/locations at Wed Dec 23 2020 23:01:44 GMT-0500, IP: ::1, User Agent: Mozilla/5.0 (X11; Linux x86_64) AppleWebKit/537.36 (KHTML, like Gecko) Chrome/86.0.4240.75 Safari/537.36
2020-12-24T04:01:44.203Z info: 	Response Body:[{"address":{"street":"555 Apple Ln","city":"Beverly Hills","state":"CA","zip":90210},"tests":["rapid","pcr","blood"],"_id":"5fe37c25c1c6521f96315d8c","name":"Celebrity Urgent Care","phone":"(718)555-5555","__v":0},{"address":{"street":"222 Orange Rd","city":"Middletown","state":"NY","zip":10940},"tests":["pcr","blood"],"_id":"5fe37c43c1c6521f96315d8d","name":"Upstate Urgent Care","__v":0},{"address":{"street":"56 Pineapple Rd","city":"Astoria","state":"NY","zip":11105},"tests":["blood"],"_id":"5fe37c61c1c6521f96315d8e","name":"Astoria Urgent Care","__v":0}]
2020-12-24T04:01:44.204Z info: 	Response: 304 21.389 ms 
2020-12-24T04:02:28.534Z info: 	Request: GET /common/locations at Wed Dec 23 2020 23:02:28 GMT-0500, IP: ::1, User Agent: Mozilla/5.0 (X11; Linux x86_64) AppleWebKit/537.36 (KHTML, like Gecko) Chrome/86.0.4240.75 Safari/537.36
2020-12-24T04:02:28.552Z info: 	Response Body:[{"address":{"street":"555 Apple Ln","city":"Beverly Hills","state":"CA","zip":90210},"tests":["rapid","pcr","blood"],"_id":"5fe37c25c1c6521f96315d8c","name":"Celebrity Urgent Care","phone":"(718)555-5555","__v":0},{"address":{"street":"222 Orange Rd","city":"Middletown","state":"NY","zip":10940},"tests":["pcr","blood"],"_id":"5fe37c43c1c6521f96315d8d","name":"Upstate Urgent Care","__v":0},{"address":{"street":"56 Pineapple Rd","city":"Astoria","state":"NY","zip":11105},"tests":["blood"],"_id":"5fe37c61c1c6521f96315d8e","name":"Astoria Urgent Care","__v":0}]
2020-12-24T04:02:28.554Z info: 	Response: 304 17.547 ms 
2020-12-24T04:02:31.922Z info: 	Request: GET /common/locations at Wed Dec 23 2020 23:02:31 GMT-0500, IP: ::1, User Agent: Mozilla/5.0 (X11; Linux x86_64) AppleWebKit/537.36 (KHTML, like Gecko) Chrome/86.0.4240.75 Safari/537.36
2020-12-24T04:02:31.939Z info: 	Response Body:[{"address":{"street":"555 Apple Ln","city":"Beverly Hills","state":"CA","zip":90210},"tests":["rapid","pcr","blood"],"_id":"5fe37c25c1c6521f96315d8c","name":"Celebrity Urgent Care","phone":"(718)555-5555","__v":0},{"address":{"street":"222 Orange Rd","city":"Middletown","state":"NY","zip":10940},"tests":["pcr","blood"],"_id":"5fe37c43c1c6521f96315d8d","name":"Upstate Urgent Care","__v":0},{"address":{"street":"56 Pineapple Rd","city":"Astoria","state":"NY","zip":11105},"tests":["blood"],"_id":"5fe37c61c1c6521f96315d8e","name":"Astoria Urgent Care","__v":0}]
2020-12-24T04:02:31.939Z info: 	Response: 304 16.356 ms 
2020-12-24T04:05:27.908Z info: 	Request: GET /common/locations at Wed Dec 23 2020 23:05:27 GMT-0500, IP: ::1, User Agent: Mozilla/5.0 (X11; Linux x86_64) AppleWebKit/537.36 (KHTML, like Gecko) Chrome/86.0.4240.75 Safari/537.36
2020-12-24T04:05:27.926Z info: 	Response Body:[{"address":{"street":"555 Apple Ln","city":"Beverly Hills","state":"CA","zip":90210},"tests":["rapid","pcr","blood"],"_id":"5fe37c25c1c6521f96315d8c","name":"Celebrity Urgent Care","phone":"(718)555-5555","__v":0},{"address":{"street":"222 Orange Rd","city":"Middletown","state":"NY","zip":10940},"tests":["pcr","blood"],"_id":"5fe37c43c1c6521f96315d8d","name":"Upstate Urgent Care","__v":0},{"address":{"street":"56 Pineapple Rd","city":"Astoria","state":"NY","zip":11105},"tests":["blood"],"_id":"5fe37c61c1c6521f96315d8e","name":"Astoria Urgent Care","__v":0}]
2020-12-24T04:05:27.927Z info: 	Response: 304 17.239 ms 
2020-12-24T04:07:37.711Z info: 	Request: GET /common/locations at Wed Dec 23 2020 23:07:37 GMT-0500, IP: ::1, User Agent: Mozilla/5.0 (X11; Linux x86_64) AppleWebKit/537.36 (KHTML, like Gecko) Chrome/86.0.4240.75 Safari/537.36
2020-12-24T04:07:37.730Z info: 	Response Body:[{"address":{"street":"555 Apple Ln","city":"Beverly Hills","state":"CA","zip":90210},"tests":["rapid","pcr","blood"],"_id":"5fe37c25c1c6521f96315d8c","name":"Celebrity Urgent Care","phone":"(718)555-5555","__v":0},{"address":{"street":"222 Orange Rd","city":"Middletown","state":"NY","zip":10940},"tests":["pcr","blood"],"_id":"5fe37c43c1c6521f96315d8d","name":"Upstate Urgent Care","__v":0},{"address":{"street":"56 Pineapple Rd","city":"Astoria","state":"NY","zip":11105},"tests":["blood"],"_id":"5fe37c61c1c6521f96315d8e","name":"Astoria Urgent Care","__v":0}]
2020-12-24T04:07:37.731Z info: 	Response: 304 18.022 ms 
2020-12-24T04:08:16.480Z info: 	Request: GET /common/locations at Wed Dec 23 2020 23:08:16 GMT-0500, IP: ::1, User Agent: Mozilla/5.0 (X11; Linux x86_64) AppleWebKit/537.36 (KHTML, like Gecko) Chrome/86.0.4240.75 Safari/537.36
2020-12-24T04:08:16.498Z info: 	Response Body:[{"address":{"street":"555 Apple Ln","city":"Beverly Hills","state":"CA","zip":90210},"tests":["rapid","pcr","blood"],"_id":"5fe37c25c1c6521f96315d8c","name":"Celebrity Urgent Care","phone":"(718)555-5555","__v":0},{"address":{"street":"222 Orange Rd","city":"Middletown","state":"NY","zip":10940},"tests":["pcr","blood"],"_id":"5fe37c43c1c6521f96315d8d","name":"Upstate Urgent Care","__v":0},{"address":{"street":"56 Pineapple Rd","city":"Astoria","state":"NY","zip":11105},"tests":["blood"],"_id":"5fe37c61c1c6521f96315d8e","name":"Astoria Urgent Care","__v":0}]
2020-12-24T04:08:16.498Z info: 	Response: 304 17.253 ms 
2020-12-24T04:08:28.282Z info: 	Request: GET /common/locations at Wed Dec 23 2020 23:08:28 GMT-0500, IP: ::1, User Agent: Mozilla/5.0 (X11; Linux x86_64) AppleWebKit/537.36 (KHTML, like Gecko) Chrome/86.0.4240.75 Safari/537.36
2020-12-24T04:08:28.308Z info: 	Response Body:[{"address":{"street":"555 Apple Ln","city":"Beverly Hills","state":"CA","zip":90210},"tests":["rapid","pcr","blood"],"_id":"5fe37c25c1c6521f96315d8c","name":"Celebrity Urgent Care","phone":"(718)555-5555","__v":0},{"address":{"street":"222 Orange Rd","city":"Middletown","state":"NY","zip":10940},"tests":["pcr","blood"],"_id":"5fe37c43c1c6521f96315d8d","name":"Upstate Urgent Care","__v":0},{"address":{"street":"56 Pineapple Rd","city":"Astoria","state":"NY","zip":11105},"tests":["blood"],"_id":"5fe37c61c1c6521f96315d8e","name":"Astoria Urgent Care","__v":0}]
2020-12-24T04:08:28.309Z info: 	Response: 304 20.658 ms 
2020-12-24T04:08:48.109Z info: 	Request: GET /common/locations at Wed Dec 23 2020 23:08:48 GMT-0500, IP: ::1, User Agent: Mozilla/5.0 (X11; Linux x86_64) AppleWebKit/537.36 (KHTML, like Gecko) Chrome/86.0.4240.75 Safari/537.36
2020-12-24T04:08:48.123Z info: 	Response Body:[{"address":{"street":"555 Apple Ln","city":"Beverly Hills","state":"CA","zip":90210},"tests":["rapid","pcr","blood"],"_id":"5fe37c25c1c6521f96315d8c","name":"Celebrity Urgent Care","phone":"(718)555-5555","__v":0},{"address":{"street":"222 Orange Rd","city":"Middletown","state":"NY","zip":10940},"tests":["pcr","blood"],"_id":"5fe37c43c1c6521f96315d8d","name":"Upstate Urgent Care","__v":0},{"address":{"street":"56 Pineapple Rd","city":"Astoria","state":"NY","zip":11105},"tests":["blood"],"_id":"5fe37c61c1c6521f96315d8e","name":"Astoria Urgent Care","__v":0}]
2020-12-24T04:08:48.123Z info: 	Response: 304 13.329 ms 
2020-12-24T04:09:05.802Z info: 	Request: GET /common/locations at Wed Dec 23 2020 23:09:05 GMT-0500, IP: ::1, User Agent: Mozilla/5.0 (X11; Linux x86_64) AppleWebKit/537.36 (KHTML, like Gecko) Chrome/86.0.4240.75 Safari/537.36
2020-12-24T04:09:05.820Z info: 	Response Body:[{"address":{"street":"555 Apple Ln","city":"Beverly Hills","state":"CA","zip":90210},"tests":["rapid","pcr","blood"],"_id":"5fe37c25c1c6521f96315d8c","name":"Celebrity Urgent Care","phone":"(718)555-5555","__v":0},{"address":{"street":"222 Orange Rd","city":"Middletown","state":"NY","zip":10940},"tests":["pcr","blood"],"_id":"5fe37c43c1c6521f96315d8d","name":"Upstate Urgent Care","__v":0},{"address":{"street":"56 Pineapple Rd","city":"Astoria","state":"NY","zip":11105},"tests":["blood"],"_id":"5fe37c61c1c6521f96315d8e","name":"Astoria Urgent Care","__v":0}]
2020-12-24T04:09:05.820Z info: 	Response: 304 17.338 ms 
2020-12-24T04:10:00.728Z info: 	Request: GET /common/locations at Wed Dec 23 2020 23:10:00 GMT-0500, IP: ::1, User Agent: Mozilla/5.0 (X11; Linux x86_64) AppleWebKit/537.36 (KHTML, like Gecko) Chrome/86.0.4240.75 Safari/537.36
2020-12-24T04:10:00.747Z info: 	Response Body:[{"address":{"street":"555 Apple Ln","city":"Beverly Hills","state":"CA","zip":90210},"tests":["rapid","pcr","blood"],"_id":"5fe37c25c1c6521f96315d8c","name":"Celebrity Urgent Care","phone":"(718)555-5555","__v":0},{"address":{"street":"222 Orange Rd","city":"Middletown","state":"NY","zip":10940},"tests":["pcr","blood"],"_id":"5fe37c43c1c6521f96315d8d","name":"Upstate Urgent Care","__v":0},{"address":{"street":"56 Pineapple Rd","city":"Astoria","state":"NY","zip":11105},"tests":["blood"],"_id":"5fe37c61c1c6521f96315d8e","name":"Astoria Urgent Care","__v":0}]
2020-12-24T04:10:00.747Z info: 	Response: 304 17.831 ms 
2020-12-24T04:12:02.386Z info: 	Request: GET /common/locations at Wed Dec 23 2020 23:12:02 GMT-0500, IP: ::1, User Agent: Mozilla/5.0 (X11; Linux x86_64) AppleWebKit/537.36 (KHTML, like Gecko) Chrome/86.0.4240.75 Safari/537.36
2020-12-24T04:12:02.406Z info: 	Response Body:[{"address":{"street":"555 Apple Ln","city":"Beverly Hills","state":"CA","zip":90210},"tests":["rapid","pcr","blood"],"_id":"5fe37c25c1c6521f96315d8c","name":"Celebrity Urgent Care","phone":"(718)555-5555","__v":0},{"address":{"street":"222 Orange Rd","city":"Middletown","state":"NY","zip":10940},"tests":["pcr","blood"],"_id":"5fe37c43c1c6521f96315d8d","name":"Upstate Urgent Care","__v":0},{"address":{"street":"56 Pineapple Rd","city":"Astoria","state":"NY","zip":11105},"tests":["blood"],"_id":"5fe37c61c1c6521f96315d8e","name":"Astoria Urgent Care","__v":0}]
2020-12-24T04:12:02.406Z info: 	Response: 304 18.344 ms 
2020-12-24T04:12:55.941Z info: 	Request: GET /common/locations at Wed Dec 23 2020 23:12:55 GMT-0500, IP: ::1, User Agent: Mozilla/5.0 (X11; Linux x86_64) AppleWebKit/537.36 (KHTML, like Gecko) Chrome/86.0.4240.75 Safari/537.36
2020-12-24T04:12:55.961Z info: 	Response Body:[{"address":{"street":"555 Apple Ln","city":"Beverly Hills","state":"CA","zip":90210},"tests":["rapid","pcr","blood"],"_id":"5fe37c25c1c6521f96315d8c","name":"Celebrity Urgent Care","phone":"(718)555-5555","__v":0},{"address":{"street":"222 Orange Rd","city":"Middletown","state":"NY","zip":10940},"tests":["pcr","blood"],"_id":"5fe37c43c1c6521f96315d8d","name":"Upstate Urgent Care","__v":0},{"address":{"street":"56 Pineapple Rd","city":"Astoria","state":"NY","zip":11105},"tests":["blood"],"_id":"5fe37c61c1c6521f96315d8e","name":"Astoria Urgent Care","__v":0}]
2020-12-24T04:12:55.961Z info: 	Response: 304 19.165 ms 
2020-12-24T04:13:23.989Z info: 	Request: GET /common/locations at Wed Dec 23 2020 23:13:23 GMT-0500, IP: ::1, User Agent: Mozilla/5.0 (X11; Linux x86_64) AppleWebKit/537.36 (KHTML, like Gecko) Chrome/86.0.4240.75 Safari/537.36
2020-12-24T04:13:24.004Z info: 	Response Body:[{"address":{"street":"555 Apple Ln","city":"Beverly Hills","state":"CA","zip":90210},"tests":["rapid","pcr","blood"],"_id":"5fe37c25c1c6521f96315d8c","name":"Celebrity Urgent Care","phone":"(718)555-5555","__v":0},{"address":{"street":"222 Orange Rd","city":"Middletown","state":"NY","zip":10940},"tests":["pcr","blood"],"_id":"5fe37c43c1c6521f96315d8d","name":"Upstate Urgent Care","__v":0},{"address":{"street":"56 Pineapple Rd","city":"Astoria","state":"NY","zip":11105},"tests":["blood"],"_id":"5fe37c61c1c6521f96315d8e","name":"Astoria Urgent Care","__v":0}]
2020-12-24T04:13:24.004Z info: 	Response: 304 14.399 ms 
2020-12-24T04:13:46.540Z info: 	Request: GET /common/locations at Wed Dec 23 2020 23:13:46 GMT-0500, IP: ::1, User Agent: Mozilla/5.0 (X11; Linux x86_64) AppleWebKit/537.36 (KHTML, like Gecko) Chrome/86.0.4240.75 Safari/537.36
2020-12-24T04:13:46.559Z info: 	Response Body:[{"address":{"street":"555 Apple Ln","city":"Beverly Hills","state":"CA","zip":90210},"tests":["rapid","pcr","blood"],"_id":"5fe37c25c1c6521f96315d8c","name":"Celebrity Urgent Care","phone":"(718)555-5555","__v":0},{"address":{"street":"222 Orange Rd","city":"Middletown","state":"NY","zip":10940},"tests":["pcr","blood"],"_id":"5fe37c43c1c6521f96315d8d","name":"Upstate Urgent Care","__v":0},{"address":{"street":"56 Pineapple Rd","city":"Astoria","state":"NY","zip":11105},"tests":["blood"],"_id":"5fe37c61c1c6521f96315d8e","name":"Astoria Urgent Care","__v":0}]
2020-12-24T04:13:46.559Z info: 	Response: 304 17.896 ms 
2020-12-24T04:15:54.669Z info: 	Request: GET /common/locations at Wed Dec 23 2020 23:15:54 GMT-0500, IP: ::1, User Agent: Mozilla/5.0 (X11; Linux x86_64) AppleWebKit/537.36 (KHTML, like Gecko) Chrome/86.0.4240.75 Safari/537.36
2020-12-24T04:15:54.684Z info: 	Response Body:[{"address":{"street":"555 Apple Ln","city":"Beverly Hills","state":"CA","zip":90210},"tests":["rapid","pcr","blood"],"_id":"5fe37c25c1c6521f96315d8c","name":"Celebrity Urgent Care","phone":"(718)555-5555","__v":0},{"address":{"street":"222 Orange Rd","city":"Middletown","state":"NY","zip":10940},"tests":["pcr","blood"],"_id":"5fe37c43c1c6521f96315d8d","name":"Upstate Urgent Care","__v":0},{"address":{"street":"56 Pineapple Rd","city":"Astoria","state":"NY","zip":11105},"tests":["blood"],"_id":"5fe37c61c1c6521f96315d8e","name":"Astoria Urgent Care","__v":0}]
2020-12-24T04:15:54.684Z info: 	Response: 304 13.670 ms 
2020-12-24T04:16:19.013Z info: 	Request: GET /common/locations at Wed Dec 23 2020 23:16:19 GMT-0500, IP: ::1, User Agent: Mozilla/5.0 (X11; Linux x86_64) AppleWebKit/537.36 (KHTML, like Gecko) Chrome/86.0.4240.75 Safari/537.36
2020-12-24T04:16:19.027Z info: 	Response Body:[{"address":{"street":"555 Apple Ln","city":"Beverly Hills","state":"CA","zip":90210},"tests":["rapid","pcr","blood"],"_id":"5fe37c25c1c6521f96315d8c","name":"Celebrity Urgent Care","phone":"(718)555-5555","__v":0},{"address":{"street":"222 Orange Rd","city":"Middletown","state":"NY","zip":10940},"tests":["pcr","blood"],"_id":"5fe37c43c1c6521f96315d8d","name":"Upstate Urgent Care","__v":0},{"address":{"street":"56 Pineapple Rd","city":"Astoria","state":"NY","zip":11105},"tests":["blood"],"_id":"5fe37c61c1c6521f96315d8e","name":"Astoria Urgent Care","__v":0}]
2020-12-24T04:16:19.027Z info: 	Response: 304 13.097 ms 
2020-12-24T04:18:13.492Z info: 	Request: GET /common/locations at Wed Dec 23 2020 23:18:13 GMT-0500, IP: ::1, User Agent: Mozilla/5.0 (X11; Linux x86_64) AppleWebKit/537.36 (KHTML, like Gecko) Chrome/86.0.4240.75 Safari/537.36
2020-12-24T04:18:13.511Z info: 	Response Body:[{"address":{"street":"555 Apple Ln","city":"Beverly Hills","state":"CA","zip":90210},"tests":["rapid","pcr","blood"],"_id":"5fe37c25c1c6521f96315d8c","name":"Celebrity Urgent Care","phone":"(718)555-5555","__v":0},{"address":{"street":"222 Orange Rd","city":"Middletown","state":"NY","zip":10940},"tests":["pcr","blood"],"_id":"5fe37c43c1c6521f96315d8d","name":"Upstate Urgent Care","__v":0},{"address":{"street":"56 Pineapple Rd","city":"Astoria","state":"NY","zip":11105},"tests":["blood"],"_id":"5fe37c61c1c6521f96315d8e","name":"Astoria Urgent Care","__v":0}]
2020-12-24T04:18:13.511Z info: 	Response: 304 17.565 ms 
2020-12-24T04:18:25.779Z info: 	Request: GET /common/locations at Wed Dec 23 2020 23:18:25 GMT-0500, IP: ::1, User Agent: Mozilla/5.0 (X11; Linux x86_64) AppleWebKit/537.36 (KHTML, like Gecko) Chrome/86.0.4240.75 Safari/537.36
2020-12-24T04:18:25.797Z info: 	Response Body:[{"address":{"street":"555 Apple Ln","city":"Beverly Hills","state":"CA","zip":90210},"tests":["rapid","pcr","blood"],"_id":"5fe37c25c1c6521f96315d8c","name":"Celebrity Urgent Care","phone":"(718)555-5555","__v":0},{"address":{"street":"222 Orange Rd","city":"Middletown","state":"NY","zip":10940},"tests":["pcr","blood"],"_id":"5fe37c43c1c6521f96315d8d","name":"Upstate Urgent Care","__v":0},{"address":{"street":"56 Pineapple Rd","city":"Astoria","state":"NY","zip":11105},"tests":["blood"],"_id":"5fe37c61c1c6521f96315d8e","name":"Astoria Urgent Care","__v":0}]
2020-12-24T04:18:25.797Z info: 	Response: 304 16.918 ms 
2020-12-24T04:18:42.718Z info: 	Request: GET /common/locations at Wed Dec 23 2020 23:18:42 GMT-0500, IP: ::1, User Agent: Mozilla/5.0 (X11; Linux x86_64) AppleWebKit/537.36 (KHTML, like Gecko) Chrome/86.0.4240.75 Safari/537.36
2020-12-24T04:18:42.735Z info: 	Response Body:[{"address":{"street":"555 Apple Ln","city":"Beverly Hills","state":"CA","zip":90210},"tests":["rapid","pcr","blood"],"_id":"5fe37c25c1c6521f96315d8c","name":"Celebrity Urgent Care","phone":"(718)555-5555","__v":0},{"address":{"street":"222 Orange Rd","city":"Middletown","state":"NY","zip":10940},"tests":["pcr","blood"],"_id":"5fe37c43c1c6521f96315d8d","name":"Upstate Urgent Care","__v":0},{"address":{"street":"56 Pineapple Rd","city":"Astoria","state":"NY","zip":11105},"tests":["blood"],"_id":"5fe37c61c1c6521f96315d8e","name":"Astoria Urgent Care","__v":0}]
2020-12-24T04:18:42.736Z info: 	Response: 304 16.701 ms 
2020-12-24T04:18:59.504Z info: 	Request: GET /common/locations at Wed Dec 23 2020 23:18:59 GMT-0500, IP: ::1, User Agent: Mozilla/5.0 (X11; Linux x86_64) AppleWebKit/537.36 (KHTML, like Gecko) Chrome/86.0.4240.75 Safari/537.36
2020-12-24T04:18:59.522Z info: 	Response Body:[{"address":{"street":"555 Apple Ln","city":"Beverly Hills","state":"CA","zip":90210},"tests":["rapid","pcr","blood"],"_id":"5fe37c25c1c6521f96315d8c","name":"Celebrity Urgent Care","phone":"(718)555-5555","__v":0},{"address":{"street":"222 Orange Rd","city":"Middletown","state":"NY","zip":10940},"tests":["pcr","blood"],"_id":"5fe37c43c1c6521f96315d8d","name":"Upstate Urgent Care","__v":0},{"address":{"street":"56 Pineapple Rd","city":"Astoria","state":"NY","zip":11105},"tests":["blood"],"_id":"5fe37c61c1c6521f96315d8e","name":"Astoria Urgent Care","__v":0}]
2020-12-24T04:18:59.522Z info: 	Response: 304 17.775 ms 
2020-12-24T04:20:07.304Z info: 	Request: GET /common/locations at Wed Dec 23 2020 23:20:07 GMT-0500, IP: ::1, User Agent: Mozilla/5.0 (X11; Linux x86_64) AppleWebKit/537.36 (KHTML, like Gecko) Chrome/86.0.4240.75 Safari/537.36
2020-12-24T04:20:07.329Z info: 	Response Body:[{"address":{"street":"555 Apple Ln","city":"Beverly Hills","state":"CA","zip":90210},"tests":["rapid","pcr","blood"],"_id":"5fe37c25c1c6521f96315d8c","name":"Celebrity Urgent Care","phone":"(718)555-5555","__v":0},{"address":{"street":"222 Orange Rd","city":"Middletown","state":"NY","zip":10940},"tests":["pcr","blood"],"_id":"5fe37c43c1c6521f96315d8d","name":"Upstate Urgent Care","__v":0},{"address":{"street":"56 Pineapple Rd","city":"Astoria","state":"NY","zip":11105},"tests":["blood"],"_id":"5fe37c61c1c6521f96315d8e","name":"Astoria Urgent Care","__v":0}]
2020-12-24T04:20:07.329Z info: 	Response: 304 23.607 ms 
2020-12-24T04:20:44.877Z info: 	Request: GET /common/locations at Wed Dec 23 2020 23:20:44 GMT-0500, IP: ::1, User Agent: Mozilla/5.0 (X11; Linux x86_64) AppleWebKit/537.36 (KHTML, like Gecko) Chrome/86.0.4240.75 Safari/537.36
2020-12-24T04:20:44.897Z info: 	Response Body:[{"address":{"street":"555 Apple Ln","city":"Beverly Hills","state":"CA","zip":90210},"tests":["rapid","pcr","blood"],"_id":"5fe37c25c1c6521f96315d8c","name":"Celebrity Urgent Care","phone":"(718)555-5555","__v":0},{"address":{"street":"222 Orange Rd","city":"Middletown","state":"NY","zip":10940},"tests":["pcr","blood"],"_id":"5fe37c43c1c6521f96315d8d","name":"Upstate Urgent Care","__v":0},{"address":{"street":"56 Pineapple Rd","city":"Astoria","state":"NY","zip":11105},"tests":["blood"],"_id":"5fe37c61c1c6521f96315d8e","name":"Astoria Urgent Care","__v":0}]
2020-12-24T04:20:44.897Z info: 	Response: 304 18.854 ms 
2020-12-24T04:20:57.329Z info: 	Request: GET /common/locations at Wed Dec 23 2020 23:20:57 GMT-0500, IP: ::1, User Agent: Mozilla/5.0 (X11; Linux x86_64) AppleWebKit/537.36 (KHTML, like Gecko) Chrome/86.0.4240.75 Safari/537.36
2020-12-24T04:20:57.349Z info: 	Response Body:[{"address":{"street":"555 Apple Ln","city":"Beverly Hills","state":"CA","zip":90210},"tests":["rapid","pcr","blood"],"_id":"5fe37c25c1c6521f96315d8c","name":"Celebrity Urgent Care","phone":"(718)555-5555","__v":0},{"address":{"street":"222 Orange Rd","city":"Middletown","state":"NY","zip":10940},"tests":["pcr","blood"],"_id":"5fe37c43c1c6521f96315d8d","name":"Upstate Urgent Care","__v":0},{"address":{"street":"56 Pineapple Rd","city":"Astoria","state":"NY","zip":11105},"tests":["blood"],"_id":"5fe37c61c1c6521f96315d8e","name":"Astoria Urgent Care","__v":0}]
2020-12-24T04:20:57.349Z info: 	Response: 304 18.615 ms 
2020-12-24T04:20:59.729Z info: 	Request: GET /common/locations at Wed Dec 23 2020 23:20:59 GMT-0500, IP: ::1, User Agent: Mozilla/5.0 (X11; Linux x86_64) AppleWebKit/537.36 (KHTML, like Gecko) Chrome/86.0.4240.75 Safari/537.36
2020-12-24T04:20:59.748Z info: 	Response Body:[{"address":{"street":"555 Apple Ln","city":"Beverly Hills","state":"CA","zip":90210},"tests":["rapid","pcr","blood"],"_id":"5fe37c25c1c6521f96315d8c","name":"Celebrity Urgent Care","phone":"(718)555-5555","__v":0},{"address":{"street":"222 Orange Rd","city":"Middletown","state":"NY","zip":10940},"tests":["pcr","blood"],"_id":"5fe37c43c1c6521f96315d8d","name":"Upstate Urgent Care","__v":0},{"address":{"street":"56 Pineapple Rd","city":"Astoria","state":"NY","zip":11105},"tests":["blood"],"_id":"5fe37c61c1c6521f96315d8e","name":"Astoria Urgent Care","__v":0}]
2020-12-24T04:20:59.749Z info: 	Response: 304 18.577 ms 
2020-12-24T04:21:02.535Z info: 	Request: GET /common/locations at Wed Dec 23 2020 23:21:02 GMT-0500, IP: ::1, User Agent: Mozilla/5.0 (X11; Linux x86_64) AppleWebKit/537.36 (KHTML, like Gecko) Chrome/86.0.4240.75 Safari/537.36
2020-12-24T04:21:02.555Z info: 	Response Body:[{"address":{"street":"555 Apple Ln","city":"Beverly Hills","state":"CA","zip":90210},"tests":["rapid","pcr","blood"],"_id":"5fe37c25c1c6521f96315d8c","name":"Celebrity Urgent Care","phone":"(718)555-5555","__v":0},{"address":{"street":"222 Orange Rd","city":"Middletown","state":"NY","zip":10940},"tests":["pcr","blood"],"_id":"5fe37c43c1c6521f96315d8d","name":"Upstate Urgent Care","__v":0},{"address":{"street":"56 Pineapple Rd","city":"Astoria","state":"NY","zip":11105},"tests":["blood"],"_id":"5fe37c61c1c6521f96315d8e","name":"Astoria Urgent Care","__v":0}]
2020-12-24T04:21:02.556Z info: 	Response: 304 19.270 ms 
2020-12-24T04:21:30.556Z info: 	Request: GET /common/locations at Wed Dec 23 2020 23:21:30 GMT-0500, IP: ::1, User Agent: Mozilla/5.0 (X11; Linux x86_64) AppleWebKit/537.36 (KHTML, like Gecko) Chrome/86.0.4240.75 Safari/537.36
2020-12-24T04:21:30.574Z info: 	Response Body:[{"address":{"street":"555 Apple Ln","city":"Beverly Hills","state":"CA","zip":90210},"tests":["rapid","pcr","blood"],"_id":"5fe37c25c1c6521f96315d8c","name":"Celebrity Urgent Care","phone":"(718)555-5555","__v":0},{"address":{"street":"222 Orange Rd","city":"Middletown","state":"NY","zip":10940},"tests":["pcr","blood"],"_id":"5fe37c43c1c6521f96315d8d","name":"Upstate Urgent Care","__v":0},{"address":{"street":"56 Pineapple Rd","city":"Astoria","state":"NY","zip":11105},"tests":["blood"],"_id":"5fe37c61c1c6521f96315d8e","name":"Astoria Urgent Care","__v":0}]
2020-12-24T04:21:30.575Z info: 	Response: 304 17.801 ms 
2020-12-24T04:31:09.570Z info: 	Server is running on port: 8000
2020-12-24T04:31:09.889Z info: 	Connected to database.
2020-12-24T04:31:25.937Z info: 	Request: GET /common/locations at Wed Dec 23 2020 23:31:25 GMT-0500, IP: ::1, User Agent: Mozilla/5.0 (X11; Linux x86_64) AppleWebKit/537.36 (KHTML, like Gecko) Chrome/86.0.4240.75 Safari/537.36
2020-12-24T04:31:25.985Z info: 	Response Body:[{"address":{"street":"555 Apple Ln","city":"Beverly Hills","state":"CA","zip":90210},"tests":["rapid","pcr","blood"],"_id":"5fe37c25c1c6521f96315d8c","name":"Celebrity Urgent Care","phone":"(718)555-5555","__v":0},{"address":{"street":"222 Orange Rd","city":"Middletown","state":"NY","zip":10940},"tests":["pcr","blood"],"_id":"5fe37c43c1c6521f96315d8d","name":"Upstate Urgent Care","__v":0},{"address":{"street":"56 Pineapple Rd","city":"Astoria","state":"NY","zip":11105},"tests":["blood"],"_id":"5fe37c61c1c6521f96315d8e","name":"Astoria Urgent Care","__v":0}]
2020-12-24T04:31:25.986Z info: 	Response: 304 42.546 ms 
2020-12-24T04:32:42.203Z info: 	Server is running on port: 8000
2020-12-24T04:32:42.506Z info: 	Connected to database.
2020-12-24T04:35:58.149Z info: 	Server is running on port: 8000
2020-12-24T04:35:58.457Z info: 	Connected to database.
2020-12-24T04:36:06.432Z info: 	Server is running on port: 8000
2020-12-24T04:36:06.691Z info: 	Connected to database.
2020-12-24T04:36:11.643Z info: 	Server is running on port: 8000
2020-12-24T04:36:11.898Z info: 	Connected to database.
2020-12-24T04:36:53.064Z info: 	Server is running on port: 8000
2020-12-24T04:36:53.296Z info: 	Connected to database.
2020-12-24T04:38:09.393Z info: 	Request: GET /common/locations at Wed Dec 23 2020 23:38:09 GMT-0500, IP: ::1, User Agent: Mozilla/5.0 (X11; Linux x86_64) AppleWebKit/537.36 (KHTML, like Gecko) Chrome/86.0.4240.75 Safari/537.36
2020-12-24T04:38:09.430Z info: 	Response Body:[{"address":{"street":"555 Apple Ln","city":"Beverly Hills","state":"CA","zip":90210},"tests":["rapid","pcr","blood"],"_id":"5fe37c25c1c6521f96315d8c","name":"Celebrity Urgent Care","phone":"(718)555-5555","__v":0},{"address":{"street":"222 Orange Rd","city":"Middletown","state":"NY","zip":10940},"tests":["pcr","blood"],"_id":"5fe37c43c1c6521f96315d8d","name":"Upstate Urgent Care","__v":0},{"address":{"street":"56 Pineapple Rd","city":"Astoria","state":"NY","zip":11105},"tests":["blood"],"_id":"5fe37c61c1c6521f96315d8e","name":"Astoria Urgent Care","__v":0}]
2020-12-24T04:38:09.431Z info: 	Response: 304 34.119 ms 
2020-12-24T04:38:17.746Z info: 	Request: GET /common/locations at Wed Dec 23 2020 23:38:17 GMT-0500, IP: ::1, User Agent: Mozilla/5.0 (X11; Linux x86_64) AppleWebKit/537.36 (KHTML, like Gecko) Chrome/86.0.4240.75 Safari/537.36
2020-12-24T04:38:17.764Z info: 	Response Body:[{"address":{"street":"555 Apple Ln","city":"Beverly Hills","state":"CA","zip":90210},"tests":["rapid","pcr","blood"],"_id":"5fe37c25c1c6521f96315d8c","name":"Celebrity Urgent Care","phone":"(718)555-5555","__v":0},{"address":{"street":"222 Orange Rd","city":"Middletown","state":"NY","zip":10940},"tests":["pcr","blood"],"_id":"5fe37c43c1c6521f96315d8d","name":"Upstate Urgent Care","__v":0},{"address":{"street":"56 Pineapple Rd","city":"Astoria","state":"NY","zip":11105},"tests":["blood"],"_id":"5fe37c61c1c6521f96315d8e","name":"Astoria Urgent Care","__v":0}]
2020-12-24T04:38:17.764Z info: 	Response: 304 17.350 ms 
2020-12-24T04:38:29.682Z info: 	Request: GET /common/locations at Wed Dec 23 2020 23:38:29 GMT-0500, IP: ::1, User Agent: Mozilla/5.0 (X11; Linux x86_64) AppleWebKit/537.36 (KHTML, like Gecko) Chrome/86.0.4240.75 Safari/537.36
2020-12-24T04:38:29.701Z info: 	Response Body:[{"address":{"street":"555 Apple Ln","city":"Beverly Hills","state":"CA","zip":90210},"tests":["rapid","pcr","blood"],"_id":"5fe37c25c1c6521f96315d8c","name":"Celebrity Urgent Care","phone":"(718)555-5555","__v":0},{"address":{"street":"222 Orange Rd","city":"Middletown","state":"NY","zip":10940},"tests":["pcr","blood"],"_id":"5fe37c43c1c6521f96315d8d","name":"Upstate Urgent Care","__v":0},{"address":{"street":"56 Pineapple Rd","city":"Astoria","state":"NY","zip":11105},"tests":["blood"],"_id":"5fe37c61c1c6521f96315d8e","name":"Astoria Urgent Care","__v":0}]
2020-12-24T04:38:29.701Z info: 	Response: 304 17.984 ms 
2020-12-24T04:39:19.467Z info: 	Server is running on port: 8000
2020-12-24T04:39:19.761Z info: 	Connected to database.
2020-12-24T04:41:31.596Z info: 	Request: GET /common/locations at Wed Dec 23 2020 23:41:31 GMT-0500, IP: ::1, User Agent: Mozilla/5.0 (X11; Linux x86_64) AppleWebKit/537.36 (KHTML, like Gecko) Chrome/86.0.4240.75 Safari/537.36
2020-12-24T04:41:31.632Z info: 	Response Body:[{"address":{"street":"555 Apple Ln","city":"Beverly Hills","state":"CA","zip":90210},"tests":["rapid","pcr","blood"],"_id":"5fe37c25c1c6521f96315d8c","name":"Celebrity Urgent Care","phone":"(718)555-5555","__v":0},{"address":{"street":"222 Orange Rd","city":"Middletown","state":"NY","zip":10940},"tests":["pcr","blood"],"_id":"5fe37c43c1c6521f96315d8d","name":"Upstate Urgent Care","__v":0},{"address":{"street":"56 Pineapple Rd","city":"Astoria","state":"NY","zip":11105},"tests":["blood"],"_id":"5fe37c61c1c6521f96315d8e","name":"Astoria Urgent Care","__v":0}]
2020-12-24T04:41:31.633Z info: 	Response: 304 32.068 ms 
2020-12-24T04:42:23.798Z info: 	Request: GET /common/locations?zip=12345 at Wed Dec 23 2020 23:42:23 GMT-0500, IP: ::1, User Agent: Mozilla/5.0 (X11; Linux x86_64) AppleWebKit/537.36 (KHTML, like Gecko) Chrome/86.0.4240.75 Safari/537.36
2020-12-24T04:42:23.817Z info: 	Response Body:[{"address":{"street":"555 Apple Ln","city":"Beverly Hills","state":"CA","zip":90210},"tests":["rapid","pcr","blood"],"_id":"5fe37c25c1c6521f96315d8c","name":"Celebrity Urgent Care","phone":"(718)555-5555","__v":0},{"address":{"street":"222 Orange Rd","city":"Middletown","state":"NY","zip":10940},"tests":["pcr","blood"],"_id":"5fe37c43c1c6521f96315d8d","name":"Upstate Urgent Care","__v":0},{"address":{"street":"56 Pineapple Rd","city":"Astoria","state":"NY","zip":11105},"tests":["blood"],"_id":"5fe37c61c1c6521f96315d8e","name":"Astoria Urgent Care","__v":0}]
2020-12-24T04:42:23.818Z info: 	Response: 200 18.550 ms 
2020-12-24T04:42:31.072Z info: 	Request: GET /common/locations?zip=12345 at Wed Dec 23 2020 23:42:31 GMT-0500, IP: ::1, User Agent: Mozilla/5.0 (X11; Linux x86_64) AppleWebKit/537.36 (KHTML, like Gecko) Chrome/86.0.4240.75 Safari/537.36
2020-12-24T04:42:31.088Z info: 	Response Body:[{"address":{"street":"555 Apple Ln","city":"Beverly Hills","state":"CA","zip":90210},"tests":["rapid","pcr","blood"],"_id":"5fe37c25c1c6521f96315d8c","name":"Celebrity Urgent Care","phone":"(718)555-5555","__v":0},{"address":{"street":"222 Orange Rd","city":"Middletown","state":"NY","zip":10940},"tests":["pcr","blood"],"_id":"5fe37c43c1c6521f96315d8d","name":"Upstate Urgent Care","__v":0},{"address":{"street":"56 Pineapple Rd","city":"Astoria","state":"NY","zip":11105},"tests":["blood"],"_id":"5fe37c61c1c6521f96315d8e","name":"Astoria Urgent Care","__v":0}]
2020-12-24T04:42:31.088Z info: 	Response: 304 15.235 ms 
2020-12-24T04:42:39.615Z info: 	Request: GET /common/locations?zip= at Wed Dec 23 2020 23:42:39 GMT-0500, IP: ::1, User Agent: Mozilla/5.0 (X11; Linux x86_64) AppleWebKit/537.36 (KHTML, like Gecko) Chrome/86.0.4240.75 Safari/537.36
2020-12-24T04:42:39.632Z info: 	Response Body:[{"address":{"street":"555 Apple Ln","city":"Beverly Hills","state":"CA","zip":90210},"tests":["rapid","pcr","blood"],"_id":"5fe37c25c1c6521f96315d8c","name":"Celebrity Urgent Care","phone":"(718)555-5555","__v":0},{"address":{"street":"222 Orange Rd","city":"Middletown","state":"NY","zip":10940},"tests":["pcr","blood"],"_id":"5fe37c43c1c6521f96315d8d","name":"Upstate Urgent Care","__v":0},{"address":{"street":"56 Pineapple Rd","city":"Astoria","state":"NY","zip":11105},"tests":["blood"],"_id":"5fe37c61c1c6521f96315d8e","name":"Astoria Urgent Care","__v":0}]
2020-12-24T04:42:39.633Z info: 	Response: 200 16.142 ms 
2020-12-24T04:46:19.984Z info: 	Server is running on port: 8000
2020-12-24T04:46:20.279Z info: 	Connected to database.
2020-12-24T04:46:30.908Z info: 	Request: GET /common/locations?zip=12345 at Wed Dec 23 2020 23:46:30 GMT-0500, IP: ::1, User Agent: Mozilla/5.0 (X11; Linux x86_64) AppleWebKit/537.36 (KHTML, like Gecko) Chrome/86.0.4240.75 Safari/537.36
2020-12-24T04:46:30.914Z error: 	/locations => 
 TypeError: Converting circular structure to JSON
    at JSON.stringify (<anonymous>)
    at stringify (/home/nick/WebProjects/covid-testing-server/node_modules/express/lib/response.js:1123:12)
    at ServerResponse.json (/home/nick/WebProjects/covid-testing-server/node_modules/express/lib/response.js:260:14)
    at getLocations (/home/nick/WebProjects/covid-testing-server/routes/common/reqs/getLocations.js:8:28)
    at newFn (/home/nick/WebProjects/covid-testing-server/node_modules/express-async-errors/index.js:16:20)
    at Layer.handle [as handle_request] (/home/nick/WebProjects/covid-testing-server/node_modules/express/lib/router/layer.js:95:5)
    at next (/home/nick/WebProjects/covid-testing-server/node_modules/express/lib/router/route.js:137:13)
    at Route.dispatch (/home/nick/WebProjects/covid-testing-server/node_modules/express/lib/router/route.js:112:3)
    at newFn (/home/nick/WebProjects/covid-testing-server/node_modules/express-async-errors/index.js:16:20)
    at Layer.handle [as handle_request] (/home/nick/WebProjects/covid-testing-server/node_modules/express/lib/router/layer.js:95:5)
    at /home/nick/WebProjects/covid-testing-server/node_modules/express/lib/router/index.js:281:22
    at Function.process_params (/home/nick/WebProjects/covid-testing-server/node_modules/express/lib/router/index.js:335:12)
    at next (/home/nick/WebProjects/covid-testing-server/node_modules/express/lib/router/index.js:275:10)
    at Function.handle (/home/nick/WebProjects/covid-testing-server/node_modules/express/lib/router/index.js:174:3)
    at router (/home/nick/WebProjects/covid-testing-server/node_modules/express/lib/router/index.js:47:12)
    at newFn (/home/nick/WebProjects/covid-testing-server/node_modules/express-async-errors/index.js:16:20)
2020-12-24T04:46:30.922Z info: 	Response Body:An error occurred. Please try again later.
2020-12-24T04:46:30.923Z info: 	Response: 500 8.350 ms 
2020-12-24T04:47:19.969Z info: 	Server is running on port: 8000
2020-12-24T04:47:20.270Z info: 	Connected to database.
2020-12-24T04:47:49.386Z info: 	Server is running on port: 8000
2020-12-24T04:47:49.641Z info: 	Connected to database.
2020-12-24T04:47:55.074Z info: 	Request: GET /common/locations?zip=12345 at Wed Dec 23 2020 23:47:55 GMT-0500, IP: ::1, User Agent: Mozilla/5.0 (X11; Linux x86_64) AppleWebKit/537.36 (KHTML, like Gecko) Chrome/86.0.4240.75 Safari/537.36
2020-12-24T04:47:55.083Z error: 	/locations => 
 TypeError: Converting circular structure to JSON
    at JSON.stringify (<anonymous>)
    at stringify (/home/nick/WebProjects/covid-testing-server/node_modules/express/lib/response.js:1123:12)
    at ServerResponse.json (/home/nick/WebProjects/covid-testing-server/node_modules/express/lib/response.js:260:14)
    at ServerResponse.send (/home/nick/WebProjects/covid-testing-server/node_modules/express/lib/response.js:158:21)
    at ServerResponse.sendOverWrite [as send] (/home/nick/WebProjects/covid-testing-server/node_modules/morgan-body/index.js:377:22)
    at getLocations (/home/nick/WebProjects/covid-testing-server/routes/common/reqs/getLocations.js:8:28)
    at newFn (/home/nick/WebProjects/covid-testing-server/node_modules/express-async-errors/index.js:16:20)
    at Layer.handle [as handle_request] (/home/nick/WebProjects/covid-testing-server/node_modules/express/lib/router/layer.js:95:5)
    at next (/home/nick/WebProjects/covid-testing-server/node_modules/express/lib/router/route.js:137:13)
    at Route.dispatch (/home/nick/WebProjects/covid-testing-server/node_modules/express/lib/router/route.js:112:3)
    at newFn (/home/nick/WebProjects/covid-testing-server/node_modules/express-async-errors/index.js:16:20)
    at Layer.handle [as handle_request] (/home/nick/WebProjects/covid-testing-server/node_modules/express/lib/router/layer.js:95:5)
    at /home/nick/WebProjects/covid-testing-server/node_modules/express/lib/router/index.js:281:22
    at Function.process_params (/home/nick/WebProjects/covid-testing-server/node_modules/express/lib/router/index.js:335:12)
    at next (/home/nick/WebProjects/covid-testing-server/node_modules/express/lib/router/index.js:275:10)
    at Function.handle (/home/nick/WebProjects/covid-testing-server/node_modules/express/lib/router/index.js:174:3)
2020-12-24T04:47:55.093Z info: 	Response Body:An error occurred. Please try again later.
2020-12-24T04:47:55.094Z info: 	Response: 500 12.126 ms 
2020-12-24T04:48:14.041Z info: 	Server is running on port: 8000
2020-12-24T04:48:14.305Z info: 	Connected to database.
2020-12-24T04:48:21.053Z info: 	Server is running on port: 8000
2020-12-24T04:48:21.335Z info: 	Connected to database.
2020-12-24T04:48:24.019Z info: 	Request: GET /common/locations?zip=12345 at Wed Dec 23 2020 23:48:24 GMT-0500, IP: ::1, User Agent: Mozilla/5.0 (X11; Linux x86_64) AppleWebKit/537.36 (KHTML, like Gecko) Chrome/86.0.4240.75 Safari/537.36
2020-12-24T04:48:24.034Z info: 	Response: 200 9.868 ms 
2020-12-24T04:48:31.426Z info: 	Request: GET /common/locations?zip=12345 at Wed Dec 23 2020 23:48:31 GMT-0500, IP: ::1, User Agent: Mozilla/5.0 (X11; Linux x86_64) AppleWebKit/537.36 (KHTML, like Gecko) Chrome/86.0.4240.75 Safari/537.36
2020-12-24T04:48:31.431Z info: 	Response: 200 2.858 ms 
2020-12-24T04:51:57.167Z info: 	Server is running on port: 8000
2020-12-24T04:51:57.498Z info: 	Connected to database.
2020-12-24T04:51:59.580Z info: 	Request: GET /common/locations?zip=12345 at Wed Dec 23 2020 23:51:59 GMT-0500, IP: ::1, User Agent: Mozilla/5.0 (X11; Linux x86_64) AppleWebKit/537.36 (KHTML, like Gecko) Chrome/86.0.4240.75 Safari/537.36
2020-12-24T04:51:59.598Z info: 	Response: 200 9.502 ms 
2020-12-24T04:55:30.892Z info: 	Server is running on port: 8000
2020-12-24T04:55:31.210Z info: 	Connected to database.
2020-12-24T04:56:47.106Z info: 	Server is running on port: 8000
2020-12-24T04:56:47.438Z info: 	Connected to database.
2020-12-24T04:56:49.418Z info: 	Request: GET /common/locations?zip=12345 at Wed Dec 23 2020 23:56:49 GMT-0500, IP: ::1, User Agent: Mozilla/5.0 (X11; Linux x86_64) AppleWebKit/537.36 (KHTML, like Gecko) Chrome/86.0.4240.75 Safari/537.36
2020-12-24T04:56:49.484Z info: 	Response: 200 59.708 ms 
2020-12-24T04:57:55.273Z info: 	Server is running on port: 8000
2020-12-24T04:57:55.578Z info: 	Connected to database.
2020-12-24T04:58:09.887Z info: 	Server is running on port: 8000
2020-12-24T04:58:10.128Z info: 	Connected to database.
2020-12-24T04:58:24.557Z info: 	Server is running on port: 8000
2020-12-24T04:58:24.808Z info: 	Connected to database.
2020-12-24T04:58:28.379Z info: 	Server is running on port: 8000
2020-12-24T04:58:28.616Z info: 	Connected to database.
2020-12-24T04:58:29.802Z info: 	Request: GET /common/locations?zip=12345 at Wed Dec 23 2020 23:58:29 GMT-0500, IP: ::1, User Agent: Mozilla/5.0 (X11; Linux x86_64) AppleWebKit/537.36 (KHTML, like Gecko) Chrome/86.0.4240.75 Safari/537.36
2020-12-24T04:58:29.879Z info: 	Response: 200 69.456 ms 
