2020-12-21T20:07:34.171Z info: 	Server is running on port: 3000
2020-12-21T20:07:34.433Z info: 	Connected to database.
2020-12-21T20:07:39.374Z info: 	Request: POST /common/login at Mon Dec 21 2020 15:07:39 GMT-0500, IP: ::1, User Agent: insomnia/2020.5.2
2020-12-21T20:07:39.409Z info: 	nickycarbone@gmail.com attempted to log in.
2020-12-21T20:07:39.653Z info: 	Request Body:{"email":"nickycarbone@gmail.com","password":"[FILTERED]"}
2020-12-21T20:07:39.654Z info: 	Response Body:success
2020-12-21T20:07:39.654Z info: 	Response: 200 275.968 ms 
2020-12-21T20:07:47.283Z info: 	Request: POST /common/update/password at Mon Dec 21 2020 15:07:47 GMT-0500, IP: ::1, User Agent: insomnia/2020.5.2
2020-12-21T20:07:47.297Z error: 	updateProfile => 
 ReferenceError: password is not defined
    at updateProfile (/home/nick/WebProjects/covid-testing-server/routes/reqs/updateProfile.js:37:9)
    at process._tickCallback (internal/process/next_tick.js:68:7)
2020-12-21T20:07:47.299Z info: 	Request Body:{"client":"5fe0f27c567d3214442311b2","currentPassword":"superultrasecurepassword","newPassword":"thisisultrasecurepassword"}
2020-12-21T20:07:47.300Z info: 	Response Body:An error occurred. Please try again later.
2020-12-21T20:07:47.300Z info: 	Response: 500 14.830 ms 
2020-12-21T20:08:12.740Z info: 	Server is running on port: 3000
2020-12-21T20:08:13.051Z info: 	Connected to database.
2020-12-21T20:08:50.119Z info: 	Server is running on port: 3000
2020-12-21T20:08:50.368Z info: 	Connected to database.
2020-12-21T20:09:01.910Z info: 	Server is running on port: 3000
2020-12-21T20:09:02.162Z info: 	Connected to database.
2020-12-21T20:09:19.807Z info: 	Server is running on port: 3000
2020-12-21T20:09:20.123Z info: 	Connected to database.
2020-12-21T20:09:22.642Z info: 	Request: POST /common/login at Mon Dec 21 2020 15:09:22 GMT-0500, IP: ::1, User Agent: insomnia/2020.5.2
2020-12-21T20:09:22.675Z info: 	nickycarbone@gmail.com attempted to log in.
2020-12-21T20:09:22.914Z info: 	Request Body:{"email":"nickycarbone@gmail.com","password":"[FILTERED]"}
2020-12-21T20:09:22.915Z info: 	Response Body:success
2020-12-21T20:09:22.915Z info: 	Response: 200 269.088 ms 
2020-12-21T20:09:25.661Z info: 	Request: POST /common/update/password at Mon Dec 21 2020 15:09:25 GMT-0500, IP: ::1, User Agent: insomnia/2020.5.2
2020-12-21T20:09:25.677Z info: 	Request Body:{"client":"5fe0f27c567d3214442311b2","currentPassword":"superultrasecurepassword","newPassword":"thisisultrasecurepassword"}
2020-12-21T20:09:25.677Z info: 	Response Body:Invalid password.
2020-12-21T20:09:25.678Z info: 	Response: 400 14.706 ms 
2020-12-21T20:10:00.473Z info: 	Server is running on port: 3000
2020-12-21T20:10:00.758Z info: 	Connected to database.
2020-12-21T20:10:03.845Z info: 	Request: POST /common/login at Mon Dec 21 2020 15:10:03 GMT-0500, IP: ::1, User Agent: insomnia/2020.5.2
2020-12-21T20:10:03.894Z info: 	nickycarbone@gmail.com attempted to log in.
2020-12-21T20:10:04.145Z info: 	Request Body:{"email":"nickycarbone@gmail.com","password":"[FILTERED]"}
2020-12-21T20:10:04.146Z info: 	Response Body:success
2020-12-21T20:10:04.147Z info: 	Response: 200 296.143 ms 
2020-12-21T20:10:06.565Z info: 	Request: POST /common/update/password at Mon Dec 21 2020 15:10:06 GMT-0500, IP: ::1, User Agent: insomnia/2020.5.2
2020-12-21T20:10:06.583Z info: 	Request Body:{"client":"5fe0f27c567d3214442311b2","currentPassword":"superultrasecurepassword","newPassword":"thisisultrasecurepassword"}
2020-12-21T20:10:06.583Z info: 	Response Body:Invalid password.
2020-12-21T20:10:06.584Z info: 	Response: 400 16.919 ms 
2020-12-21T20:10:15.361Z info: 	Server is running on port: 3000
2020-12-21T20:10:15.590Z info: 	Connected to database.
2020-12-21T20:10:20.369Z info: 	Request: POST /common/login at Mon Dec 21 2020 15:10:20 GMT-0500, IP: ::1, User Agent: insomnia/2020.5.2
2020-12-21T20:10:20.422Z info: 	nickycarbone@gmail.com attempted to log in.
2020-12-21T20:10:20.668Z info: 	Request Body:{"email":"nickycarbone@gmail.com","password":"[FILTERED]"}
2020-12-21T20:10:20.669Z info: 	Response Body:success
2020-12-21T20:10:20.669Z info: 	Response: 200 296.738 ms 
2020-12-21T20:10:23.201Z info: 	Request: POST /common/update/password at Mon Dec 21 2020 15:10:23 GMT-0500, IP: ::1, User Agent: insomnia/2020.5.2
2020-12-21T20:10:23.219Z info: 	Request Body:{"client":"5fe0f27c567d3214442311b2","currentPassword":"superultrasecurepassword","newPassword":"thisisultrasecurepassword"}
2020-12-21T20:10:23.220Z info: 	Response Body:Incorrect current password
2020-12-21T20:10:23.220Z info: 	Response: 400 17.442 ms 
2020-12-21T20:10:28.910Z info: 	Server is running on port: 3000
2020-12-21T20:10:29.197Z info: 	Connected to database.
2020-12-21T20:10:32.537Z info: 	Request: POST /common/login at Mon Dec 21 2020 15:10:32 GMT-0500, IP: ::1, User Agent: insomnia/2020.5.2
2020-12-21T20:10:32.578Z info: 	nickycarbone@gmail.com attempted to log in.
2020-12-21T20:10:32.840Z info: 	Request Body:{"email":"nickycarbone@gmail.com","password":"[FILTERED]"}
2020-12-21T20:10:32.840Z info: 	Response Body:success
2020-12-21T20:10:32.841Z info: 	Response: 200 298.417 ms 
2020-12-21T20:10:34.930Z info: 	Request: POST /common/update/password at Mon Dec 21 2020 15:10:34 GMT-0500, IP: ::1, User Agent: insomnia/2020.5.2
2020-12-21T20:10:34.945Z info: 	Request Body:{"client":"5fe0f27c567d3214442311b2","currentPassword":"superultrasecurepassword","newPassword":"thisisultrasecurepassword"}
2020-12-21T20:10:34.946Z info: 	Response Body:Incorrect current password
2020-12-21T20:10:34.946Z info: 	Response: 400 14.989 ms 
2020-12-21T20:10:50.427Z info: 	Request: POST /common/update/password at Mon Dec 21 2020 15:10:50 GMT-0500, IP: ::1, User Agent: insomnia/2020.5.2
2020-12-21T20:10:50.443Z info: 	Request Body:{"client":"5fe0f27c567d3214442311b2","currentPassword":"securepassworD123!","newPassword":"thisisultrasecurepassword"}
2020-12-21T20:10:50.444Z info: 	Response Body:Incorrect current password
2020-12-21T20:10:50.444Z info: 	Response: 400 14.521 ms 
2020-12-21T20:10:58.464Z info: 	Request: POST /common/update/password at Mon Dec 21 2020 15:10:58 GMT-0500, IP: ::1, User Agent: insomnia/2020.5.2
2020-12-21T20:10:58.487Z info: 	Request Body:{"client":"5fe0f27c567d3214442311b2","currentPassword":"securepassworD123!","newPassword":"thisisultrasecurepassword"}
2020-12-21T20:10:58.489Z info: 	Response Body:Incorrect current password
2020-12-21T20:10:58.490Z info: 	Response: 400 19.657 ms 
2020-12-21T20:14:27.884Z info: 	Server is running on port: 3000
2020-12-21T20:14:28.106Z info: 	Connected to database.
2020-12-21T20:14:48.746Z info: 	Server is running on port: 3000
2020-12-21T20:14:49.017Z info: 	Connected to database.
2020-12-21T20:14:55.272Z info: 	Request: POST /common/login at Mon Dec 21 2020 15:14:55 GMT-0500, IP: ::1, User Agent: insomnia/2020.5.2
2020-12-21T20:14:55.324Z info: 	nickycarbone@gmail.com attempted to log in.
2020-12-21T20:14:55.573Z info: 	Request Body:{"email":"nickycarbone@gmail.com","password":"[FILTERED]"}
2020-12-21T20:14:55.574Z info: 	Response Body:success
2020-12-21T20:14:55.574Z info: 	Response: 200 297.077 ms 
2020-12-21T20:14:58.479Z info: 	Request: POST /common/update/password at Mon Dec 21 2020 15:14:58 GMT-0500, IP: ::1, User Agent: insomnia/2020.5.2
2020-12-21T20:14:58.958Z info: 	Request Body:{"client":"5fe0f27c567d3214442311b2","currentPassword":"securepassworD123!","newPassword":"thisisultrasecurepassword"}
2020-12-21T20:14:58.958Z info: 	Response Body:Incorrect current password
2020-12-21T20:14:58.959Z info: 	Response: 400 477.310 ms 
2020-12-21T20:17:48.311Z info: 	Server is running on port: 3000
2020-12-21T20:17:48.612Z info: 	Connected to database.
2020-12-21T20:17:51.230Z info: 	Request: POST /common/login at Mon Dec 21 2020 15:17:51 GMT-0500, IP: ::1, User Agent: insomnia/2020.5.2
2020-12-21T20:17:51.262Z info: 	nickycarbone@gmail.com attempted to log in.
2020-12-21T20:17:51.507Z info: 	Request Body:{"email":"nickycarbone@gmail.com","password":"[FILTERED]"}
2020-12-21T20:17:51.507Z info: 	Response Body:success
2020-12-21T20:17:51.508Z info: 	Response: 200 272.694 ms 
2020-12-21T20:17:55.040Z info: 	Request: POST /common/update/password at Mon Dec 21 2020 15:17:55 GMT-0500, IP: ::1, User Agent: insomnia/2020.5.2
2020-12-21T20:17:55.546Z info: 	Request Body:{"client":"5fe0f27c567d3214442311b2","currentPassword":"securepassworD123!","newPassword":"thisisultrasecurepassword"}
2020-12-21T20:17:55.546Z info: 	Response Body:Incorrect current password
2020-12-21T20:17:55.546Z info: 	Response: 400 504.126 ms 
2020-12-21T20:21:11.773Z info: 	Request: POST /common/register at Mon Dec 21 2020 15:21:11 GMT-0500, IP: ::1, User Agent: insomnia/2020.5.2
2020-12-21T20:21:12.084Z info: 	Request Body:{"role":"client","email":"newuserman@gmail.com","password":"[FILTERED]"}
2020-12-21T20:21:12.084Z info: 	Response Body:Success! You are now logged in.
2020-12-21T20:21:12.085Z info: 	Response: 200 308.348 ms 
2020-12-21T20:21:44.687Z info: 	Request: POST /common/update/password at Mon Dec 21 2020 15:21:44 GMT-0500, IP: ::1, User Agent: insomnia/2020.5.2
2020-12-21T20:21:45.175Z info: 	Request Body:{"client":"5fe103b8f7a30c338f3b4686","currentPassword":"securepassworD123!","newPassword":"thisisultrasecurepassword"}
2020-12-21T20:21:45.175Z info: 	Response Body:Incorrect current password
2020-12-21T20:21:45.175Z info: 	Response: 400 486.624 ms 
