2020-12-24T05:01:33.105Z info: 	Server is running on port: 8000
2020-12-24T05:01:33.419Z info: 	Connected to database.
2020-12-24T05:02:07.192Z info: 	Server is running on port: 8000
2020-12-24T05:02:07.439Z info: 	Connected to database.
2020-12-24T05:02:18.437Z info: 	Server is running on port: 8000
2020-12-24T05:02:18.687Z info: 	Connected to database.
2020-12-24T05:02:28.890Z info: 	Server is running on port: 8000
2020-12-24T05:02:29.137Z info: 	Connected to database.
2020-12-24T05:02:31.036Z info: 	Request: GET /common/locations?zip=12345 at Thu Dec 24 2020 00:02:31 GMT-0500, IP: ::1, User Agent: Mozilla/5.0 (X11; Linux x86_64) AppleWebKit/537.36 (KHTML, like Gecko) Chrome/86.0.4240.75 Safari/537.36
2020-12-24T05:02:31.096Z info: 	Response: 200 54.495 ms 
2020-12-24T05:03:00.584Z info: 	Server is running on port: 8000
2020-12-24T05:03:00.892Z info: 	Connected to database.
2020-12-24T05:04:19.255Z info: 	Request: GET /common/locations?zip=12345 at Thu Dec 24 2020 00:04:19 GMT-0500, IP: ::1, User Agent: Mozilla/5.0 (X11; Linux x86_64) AppleWebKit/537.36 (KHTML, like Gecko) Chrome/86.0.4240.75 Safari/537.36
2020-12-24T05:04:19.294Z info: 	Response: 200 35.604 ms 
2020-12-24T05:04:27.966Z info: 	Request: GET /common/locations?zip=12345 at Thu Dec 24 2020 00:04:27 GMT-0500, IP: ::1, User Agent: Mozilla/5.0 (X11; Linux x86_64) AppleWebKit/537.36 (KHTML, like Gecko) Chrome/86.0.4240.75 Safari/537.36
2020-12-24T05:04:27.986Z info: 	Response: 200 18.350 ms 
2020-12-24T05:05:12.709Z info: 	Server is running on port: 8000
2020-12-24T05:05:13.031Z info: 	Connected to database.
2020-12-24T05:05:15.491Z info: 	Request: GET /common/locations?zip=12345 at Thu Dec 24 2020 00:05:15 GMT-0500, IP: ::1, User Agent: Mozilla/5.0 (X11; Linux x86_64) AppleWebKit/537.36 (KHTML, like Gecko) Chrome/86.0.4240.75 Safari/537.36
2020-12-24T05:05:15.545Z info: 	Response: 200 48.400 ms 
2020-12-24T05:06:05.764Z info: 	Server is running on port: 8000
2020-12-24T05:06:06.010Z info: 	Connected to database.
2020-12-24T05:06:40.817Z info: 	Server is running on port: 8000
2020-12-24T05:06:41.121Z info: 	Connected to database.
2020-12-24T05:06:47.824Z info: 	Server is running on port: 8000
2020-12-24T05:06:48.073Z info: 	Connected to database.
2020-12-24T05:06:49.864Z info: 	Request: GET /common/locations?zip=12345 at Thu Dec 24 2020 00:06:49 GMT-0500, IP: ::1, User Agent: Mozilla/5.0 (X11; Linux x86_64) AppleWebKit/537.36 (KHTML, like Gecko) Chrome/86.0.4240.75 Safari/537.36
2020-12-24T05:06:49.922Z error: 	/locations => 
 ReferenceError: fetch is not defined
    at getLocations (/home/nick/WebProjects/covid-testing-server/routes/common/reqs/getLocations.js:14:26)
    at process._tickCallback (internal/process/next_tick.js:68:7)
2020-12-24T05:06:49.934Z info: 	Response Body:An error occurred. Please try again later.
2020-12-24T05:06:49.936Z info: 	Response: 500 60.837 ms 
2020-12-24T05:07:58.184Z info: 	Server is running on port: 8000
2020-12-24T05:07:58.490Z info: 	Connected to database.
2020-12-24T05:08:16.566Z info: 	Server is running on port: 8000
2020-12-24T05:08:16.809Z info: 	Connected to database.
2020-12-24T05:08:24.216Z info: 	Server is running on port: 8000
2020-12-24T05:08:24.463Z info: 	Connected to database.
2020-12-24T05:08:27.362Z info: 	Request: GET /common/locations?zip=12345 at Thu Dec 24 2020 00:08:27 GMT-0500, IP: ::1, User Agent: Mozilla/5.0 (X11; Linux x86_64) AppleWebKit/537.36 (KHTML, like Gecko) Chrome/86.0.4240.75 Safari/537.36
2020-12-24T05:08:28.049Z info: 	Response: 200 679.177 ms 
2020-12-24T05:09:27.042Z info: 	Server is running on port: 8000
2020-12-24T05:09:27.411Z info: 	Connected to database.
2020-12-24T05:09:28.845Z info: 	Request: GET /common/locations?zip=12345 at Thu Dec 24 2020 00:09:28 GMT-0500, IP: ::1, User Agent: Mozilla/5.0 (X11; Linux x86_64) AppleWebKit/537.36 (KHTML, like Gecko) Chrome/86.0.4240.75 Safari/537.36
2020-12-24T05:09:29.161Z info: 	Response: 200 311.845 ms 
2020-12-24T05:10:02.377Z info: 	Server is running on port: 8000
2020-12-24T05:10:02.686Z info: 	Connected to database.
2020-12-24T05:10:03.982Z info: 	Request: GET /common/locations?zip=12345 at Thu Dec 24 2020 00:10:03 GMT-0500, IP: ::1, User Agent: Mozilla/5.0 (X11; Linux x86_64) AppleWebKit/537.36 (KHTML, like Gecko) Chrome/86.0.4240.75 Safari/537.36
2020-12-24T05:10:04.302Z info: 	Response: 200 312.177 ms 
2020-12-24T05:10:14.746Z info: 	Server is running on port: 8000
2020-12-24T05:10:15.020Z info: 	Connected to database.
2020-12-24T05:10:16.190Z info: 	Request: GET /common/locations?zip=12345 at Thu Dec 24 2020 00:10:16 GMT-0500, IP: ::1, User Agent: Mozilla/5.0 (X11; Linux x86_64) AppleWebKit/537.36 (KHTML, like Gecko) Chrome/86.0.4240.75 Safari/537.36
2020-12-24T05:10:16.370Z info: 	Response: 200 173.422 ms 
2020-12-24T05:10:41.785Z info: 	Server is running on port: 8000
2020-12-24T05:10:42.068Z info: 	Connected to database.
2020-12-24T05:10:43.537Z info: 	Request: GET /common/locations?zip=12345 at Thu Dec 24 2020 00:10:43 GMT-0500, IP: ::1, User Agent: Mozilla/5.0 (X11; Linux x86_64) AppleWebKit/537.36 (KHTML, like Gecko) Chrome/86.0.4240.75 Safari/537.36
2020-12-24T05:10:44.341Z info: 	Response: 200 793.628 ms 
2020-12-24T05:11:34.678Z info: 	Server is running on port: 8000
2020-12-24T05:11:34.937Z info: 	Connected to database.
2020-12-24T05:11:36.194Z info: 	Request: GET /common/locations?zip=12345 at Thu Dec 24 2020 00:11:36 GMT-0500, IP: ::1, User Agent: Mozilla/5.0 (X11; Linux x86_64) AppleWebKit/537.36 (KHTML, like Gecko) Chrome/86.0.4240.75 Safari/537.36
2020-12-24T05:11:36.871Z info: 	Response: 200 662.755 ms 
2020-12-24T05:12:02.057Z info: 	Request: GET /common/locations?zip=11102 at Thu Dec 24 2020 00:12:02 GMT-0500, IP: ::1, User Agent: Mozilla/5.0 (X11; Linux x86_64) AppleWebKit/537.36 (KHTML, like Gecko) Chrome/86.0.4240.75 Safari/537.36
2020-12-24T05:12:02.620Z info: 	Response: 200 560.265 ms 
2020-12-24T05:14:31.596Z info: 	Server is running on port: 8000
2020-12-24T05:14:31.905Z info: 	Connected to database.
2020-12-24T05:14:34.317Z info: 	Request: GET /common/locations?zip=11102 at Thu Dec 24 2020 00:14:34 GMT-0500, IP: ::1, User Agent: Mozilla/5.0 (X11; Linux x86_64) AppleWebKit/537.36 (KHTML, like Gecko) Chrome/86.0.4240.75 Safari/537.36
2020-12-24T05:14:34.649Z info: 	Response: 200 323.070 ms 
2020-12-24T05:15:49.809Z info: 	Server is running on port: 8000
2020-12-24T05:15:50.108Z info: 	Connected to database.
2020-12-24T05:15:52.153Z info: 	Server is running on port: 8000
2020-12-24T05:15:52.390Z info: 	Connected to database.
2020-12-24T05:15:55.420Z info: 	Server is running on port: 8000
2020-12-24T05:15:55.638Z info: 	Connected to database.
2020-12-24T05:15:56.891Z info: 	Request: GET /common/locations?zip=11102 at Thu Dec 24 2020 00:15:56 GMT-0500, IP: ::1, User Agent: Mozilla/5.0 (X11; Linux x86_64) AppleWebKit/537.36 (KHTML, like Gecko) Chrome/86.0.4240.75 Safari/537.36
2020-12-24T05:15:57.164Z info: 	Response: 200 268.607 ms 
2020-12-24T05:16:15.122Z info: 	Server is running on port: 8000
2020-12-24T05:16:15.364Z info: 	Connected to database.
2020-12-24T05:16:20.578Z info: 	Request: GET /common/locations?zip=11102 at Thu Dec 24 2020 00:16:20 GMT-0500, IP: ::1, User Agent: Mozilla/5.0 (X11; Linux x86_64) AppleWebKit/537.36 (KHTML, like Gecko) Chrome/86.0.4240.75 Safari/537.36
2020-12-24T05:16:20.757Z info: 	Response: 200 176.169 ms 
2020-12-24T05:16:34.906Z info: 	Server is running on port: 8000
2020-12-24T05:16:35.156Z info: 	Connected to database.
2020-12-24T05:16:37.701Z info: 	Request: GET /common/locations?zip=11102 at Thu Dec 24 2020 00:16:37 GMT-0500, IP: ::1, User Agent: Mozilla/5.0 (X11; Linux x86_64) AppleWebKit/537.36 (KHTML, like Gecko) Chrome/86.0.4240.75 Safari/537.36
2020-12-24T05:16:38.017Z info: 	Response: 200 307.462 ms 
2020-12-24T05:17:14.041Z info: 	Server is running on port: 8000
2020-12-24T05:17:14.351Z info: 	Connected to database.
2020-12-24T05:17:17.954Z info: 	Request: GET /common/locations?zip=11102 at Thu Dec 24 2020 00:17:17 GMT-0500, IP: ::1, User Agent: Mozilla/5.0 (X11; Linux x86_64) AppleWebKit/537.36 (KHTML, like Gecko) Chrome/86.0.4240.75 Safari/537.36
2020-12-24T05:17:18.259Z info: 	Response: 200 301.811 ms 
2020-12-24T05:17:24.260Z info: 	Server is running on port: 8000
2020-12-24T05:17:24.373Z info: 	Request: GET /common/locations?zip=11102 at Thu Dec 24 2020 00:17:24 GMT-0500, IP: ::1, User Agent: Mozilla/5.0 (X11; Linux x86_64) AppleWebKit/537.36 (KHTML, like Gecko) Chrome/86.0.4240.75 Safari/537.36
2020-12-24T05:17:24.531Z info: 	Connected to database.
2020-12-24T05:17:24.704Z info: 	Response: 200 324.225 ms 
2020-12-24T05:18:30.127Z info: 	Server is running on port: 8000
2020-12-24T05:18:30.429Z info: 	Connected to database.
2020-12-24T05:18:32.688Z info: 	Server is running on port: 8000
2020-12-24T05:18:32.950Z info: 	Connected to database.
2020-12-24T05:18:34.816Z info: 	Request: GET /common/locations?zip=11102 at Thu Dec 24 2020 00:18:34 GMT-0500, IP: ::1, User Agent: Mozilla/5.0 (X11; Linux x86_64) AppleWebKit/537.36 (KHTML, like Gecko) Chrome/86.0.4240.75 Safari/537.36
2020-12-24T05:18:35.164Z info: 	Response: 200 343.889 ms 
2020-12-24T05:20:16.588Z info: 	Server is running on port: 8000
2020-12-24T05:20:16.883Z info: 	Connected to database.
2020-12-24T05:20:21.942Z info: 	Server is running on port: 8000
2020-12-24T05:20:22.193Z info: 	Connected to database.
2020-12-24T05:20:29.040Z info: 	Server is running on port: 8000
2020-12-24T05:20:29.270Z info: 	Connected to database.
2020-12-24T05:20:35.033Z info: 	Request: GET /common/locations?zip=11102 at Thu Dec 24 2020 00:20:35 GMT-0500, IP: ::1, User Agent: Mozilla/5.0 (X11; Linux x86_64) AppleWebKit/537.36 (KHTML, like Gecko) Chrome/86.0.4240.75 Safari/537.36
2020-12-24T05:20:35.246Z info: 	Response: 200 208.381 ms 
2020-12-24T05:21:42.321Z info: 	Server is running on port: 8000
2020-12-24T05:21:42.627Z info: 	Connected to database.
2020-12-24T05:21:48.913Z info: 	Request: GET /common/locations?zip=11102 at Thu Dec 24 2020 00:21:48 GMT-0500, IP: ::1, User Agent: Mozilla/5.0 (X11; Linux x86_64) AppleWebKit/537.36 (KHTML, like Gecko) Chrome/86.0.4240.75 Safari/537.36
2020-12-24T05:21:49.142Z info: 	Response: 200 225.213 ms 
2020-12-24T05:23:15.207Z info: 	Server is running on port: 8000
2020-12-24T05:23:15.494Z info: 	Connected to database.
2020-12-24T05:23:17.534Z info: 	Request: GET /common/locations?zip=11102 at Thu Dec 24 2020 00:23:17 GMT-0500, IP: ::1, User Agent: Mozilla/5.0 (X11; Linux x86_64) AppleWebKit/537.36 (KHTML, like Gecko) Chrome/86.0.4240.75 Safari/537.36
2020-12-24T05:23:17.794Z info: 	Response: 200 255.527 ms 
2020-12-24T05:24:13.897Z info: 	Server is running on port: 8000
2020-12-24T05:24:14.160Z info: 	Connected to database.
2020-12-24T05:24:16.867Z info: 	Request: GET /common/locations?zip=11102 at Thu Dec 24 2020 00:24:16 GMT-0500, IP: ::1, User Agent: Mozilla/5.0 (X11; Linux x86_64) AppleWebKit/537.36 (KHTML, like Gecko) Chrome/86.0.4240.75 Safari/537.36
2020-12-24T05:24:17.216Z info: 	Response: 200 344.490 ms 
2020-12-24T05:24:35.323Z info: 	Server is running on port: 8000
2020-12-24T05:24:35.604Z info: 	Connected to database.
2020-12-24T05:25:03.244Z info: 	Server is running on port: 8000
2020-12-24T05:25:03.505Z info: 	Connected to database.
2020-12-24T05:25:10.883Z info: 	Server is running on port: 8000
2020-12-24T05:25:11.124Z info: 	Connected to database.
2020-12-24T05:25:19.526Z info: 	Server is running on port: 8000
2020-12-24T05:25:19.812Z info: 	Connected to database.
2020-12-24T05:25:21.512Z info: 	Request: GET /common/locations?zip=11102 at Thu Dec 24 2020 00:25:21 GMT-0500, IP: ::1, User Agent: Mozilla/5.0 (X11; Linux x86_64) AppleWebKit/537.36 (KHTML, like Gecko) Chrome/86.0.4240.75 Safari/537.36
2020-12-24T05:25:21.796Z error: 	/locations => 
 ReferenceError: updatedLocation is not defined
    at getLocations (/home/nick/WebProjects/covid-testing-server/routes/common/reqs/getLocations.js:30:17)
    at process._tickCallback (internal/process/next_tick.js:68:7)
2020-12-24T05:25:21.801Z info: 	Response Body:An error occurred. Please try again later.
2020-12-24T05:25:21.803Z info: 	Response: 500 285.312 ms 
2020-12-24T05:25:26.859Z info: 	Server is running on port: 8000
2020-12-24T05:25:27.094Z info: 	Connected to database.
2020-12-24T05:25:28.393Z info: 	Request: GET /common/locations?zip=11102 at Thu Dec 24 2020 00:25:28 GMT-0500, IP: ::1, User Agent: Mozilla/5.0 (X11; Linux x86_64) AppleWebKit/537.36 (KHTML, like Gecko) Chrome/86.0.4240.75 Safari/537.36
2020-12-24T05:25:28.538Z info: 	Response: 200 140.109 ms 
2020-12-24T05:27:40.561Z info: 	Server is running on port: 8000
2020-12-24T05:27:40.856Z info: 	Connected to database.
2020-12-24T05:27:43.479Z info: 	Request: GET /common/locations?zip=11102 at Thu Dec 24 2020 00:27:43 GMT-0500, IP: ::1, User Agent: Mozilla/5.0 (X11; Linux x86_64) AppleWebKit/537.36 (KHTML, like Gecko) Chrome/86.0.4240.75 Safari/537.36
2020-12-24T05:27:44.163Z info: 	Response: 200 673.559 ms 
2020-12-24T05:28:11.574Z info: 	Server is running on port: 8000
2020-12-24T05:28:11.824Z info: 	Connected to database.
2020-12-24T05:28:13.670Z info: 	Request: GET /common/locations?zip=11102 at Thu Dec 24 2020 00:28:13 GMT-0500, IP: ::1, User Agent: Mozilla/5.0 (X11; Linux x86_64) AppleWebKit/537.36 (KHTML, like Gecko) Chrome/86.0.4240.75 Safari/537.36
2020-12-24T05:28:13.874Z info: 	Response Body:[{"address":{"street":"555 Apple Ln","city":"Beverly Hills","state":"CA","zip":90210},"tests":["rapid","pcr","blood"],"_id":"5fe37c25c1c6521f96315d8c","name":"Celebrity Urgent Care","phone":"(718)555-5555","__v":0,"distance":4528593},{"address":{"street":"222 Orange Rd","city":"Middletown","state":"NY","zip":10940},"tests":["pcr","blood"],"_id":"5fe37c43c1c6521f96315d8d","name":"Upstate Urgent Care","__v":0,"distance":116548},{"address":{"street":"56 Pineapple Rd","city":"Astoria","state":"NY","zip":11105},"tests":["blood"],"_id":"5fe37c61c1c6521f96315d8e","name":"Astoria Urgent Care","__v":0,"distance":2912}]
2020-12-24T05:28:13.875Z info: 	Response: 200 199.261 ms 
2020-12-24T05:30:13.006Z info: 	Server is running on port: 8000
2020-12-24T05:30:13.301Z info: 	Connected to database.
