2020-12-21T23:16:36.060Z info: 	Request: POST /common/register at Mon Dec 21 2020 18:16:36 GMT-0500, IP: ::1, User Agent: insomnia/2020.5.2
2020-12-21T23:16:36.478Z info: 	Request Body:{"role":"client","email":"newuserman6gmail.com","password":"[FILTERED]"}
2020-12-21T23:16:36.479Z info: 	Response Body:Success! You are now logged in.
2020-12-21T23:16:36.480Z info: 	Response: 200 411.679 ms 
2020-12-21T23:17:19.533Z info: 	Request: GET /common/logout at Mon Dec 21 2020 18:17:19 GMT-0500, IP: ::1, User Agent: insomnia/2020.5.2
2020-12-21T23:17:19.538Z info: 	Response: 302 3.903 ms 
2020-12-21T23:17:19.540Z info: 	Request: GET / at Mon Dec 21 2020 18:17:19 GMT-0500, IP: ::1, User Agent: insomnia/2020.5.2
2020-12-21T23:17:19.542Z info: 	Response: 404 1.508 ms 
2020-12-21T23:17:23.240Z info: 	Request: POST /common/update/basic at Mon Dec 21 2020 18:17:23 GMT-0500, IP: ::1, User Agent: insomnia/2020.5.2
2020-12-21T23:17:23.241Z info: 	Request Body:{"name":"Nick Carbone","email":"asdf@asdf.com","phone":"555-555-5555","dob":"5-19-1986"}
2020-12-21T23:17:23.242Z info: 	Response Body:unsuccessful
2020-12-21T23:17:23.242Z info: 	Response: 401 0.959 ms 
2020-12-21T23:17:33.525Z info: 	Request: POST /common/login at Mon Dec 21 2020 18:17:33 GMT-0500, IP: ::1, User Agent: insomnia/2020.5.2
2020-12-21T23:17:33.542Z info: 	newuserman6@gmail.com attempted to log in.
2020-12-21T23:17:33.544Z info: 	Request Body:{"email":"newuserman6@gmail.com","password":"[FILTERED]"}
2020-12-21T23:17:33.545Z info: 	Response: 401 18.418 ms 
2020-12-21T23:18:16.394Z info: 	Request: POST /common/login at Mon Dec 21 2020 18:18:16 GMT-0500, IP: ::1, User Agent: insomnia/2020.5.2
2020-12-21T23:18:16.408Z info: 	newuserman6@gmail.com attempted to log in.
2020-12-21T23:18:16.409Z info: 	Request Body:{"email":"newuserman6@gmail.com","password":"[FILTERED]"}
2020-12-21T23:18:16.409Z info: 	Response: 401 13.548 ms 
2020-12-21T23:18:48.779Z info: 	Request: POST /common/login at Mon Dec 21 2020 18:18:48 GMT-0500, IP: ::1, User Agent: insomnia/2020.5.2
2020-12-21T23:18:48.791Z info: 	newuserman6@gmail.com attempted to log in.
2020-12-21T23:18:48.792Z info: 	Request Body:{"client":"5fe12cd4a3a4874ee119e485","email":"newuserman6@gmail.com","password":"[FILTERED]"}
2020-12-21T23:18:48.792Z info: 	Response: 401 12.201 ms 
2020-12-21T23:18:49.901Z info: 	Request: POST /common/login at Mon Dec 21 2020 18:18:49 GMT-0500, IP: ::1, User Agent: insomnia/2020.5.2
2020-12-21T23:18:49.915Z info: 	newuserman6@gmail.com attempted to log in.
2020-12-21T23:18:49.916Z info: 	Request Body:{"client":"5fe12cd4a3a4874ee119e485","email":"newuserman6@gmail.com","password":"[FILTERED]"}
2020-12-21T23:18:49.917Z info: 	Response: 401 14.844 ms 
2020-12-21T23:19:06.250Z info: 	Request: POST /common/login at Mon Dec 21 2020 18:19:06 GMT-0500, IP: ::1, User Agent: insomnia/2020.5.2
2020-12-21T23:19:06.264Z info: 	newuserman6@gmail.com attempted to log in.
2020-12-21T23:19:06.265Z info: 	Request Body:{"email":"newuserman6@gmail.com","password":"[FILTERED]"}
2020-12-21T23:19:06.266Z info: 	Response: 401 14.490 ms 
2020-12-21T23:19:23.362Z info: 	Request: GET /common/logout at Mon Dec 21 2020 18:19:23 GMT-0500, IP: ::1, User Agent: insomnia/2020.5.2
2020-12-21T23:19:23.363Z info: 	Response: 302 0.581 ms 
2020-12-21T23:19:23.365Z info: 	Request: GET / at Mon Dec 21 2020 18:19:23 GMT-0500, IP: ::1, User Agent: insomnia/2020.5.2
2020-12-21T23:19:23.366Z info: 	Response: 404 0.475 ms 
2020-12-21T23:19:26.602Z info: 	Request: POST /common/login at Mon Dec 21 2020 18:19:26 GMT-0500, IP: ::1, User Agent: insomnia/2020.5.2
2020-12-21T23:19:26.618Z info: 	newuserman6@gmail.com attempted to log in.
2020-12-21T23:19:26.619Z info: 	Request Body:{"email":"newuserman6@gmail.com","password":"[FILTERED]"}
2020-12-21T23:19:26.619Z info: 	Response: 401 15.804 ms 
2020-12-21T23:19:51.275Z info: 	Request: POST /common/register at Mon Dec 21 2020 18:19:51 GMT-0500, IP: ::1, User Agent: insomnia/2020.5.2
2020-12-21T23:19:51.538Z info: 	Request Body:{"role":"client","email":"newuserman7gmail.com","password":"[FILTERED]"}
2020-12-21T23:19:51.538Z info: 	Response Body:Success! You are now logged in.
2020-12-21T23:19:51.539Z info: 	Response: 200 262.502 ms 
2020-12-21T23:19:56.188Z info: 	Request: POST /common/update/basic at Mon Dec 21 2020 18:19:56 GMT-0500, IP: ::1, User Agent: insomnia/2020.5.2
2020-12-21T23:19:56.219Z info: 	Request Body:{"name":"Nick Carbone","email":"asdf@asdf.com","phone":"555-555-5555","dob":"5-19-1986"}
2020-12-21T23:19:56.220Z info: 	Response Body:Email address is taken.
2020-12-21T23:19:56.220Z info: 	Response: 400 30.041 ms 
2020-12-21T23:20:04.475Z info: 	Request: GET /common/logout at Mon Dec 21 2020 18:20:04 GMT-0500, IP: ::1, User Agent: insomnia/2020.5.2
2020-12-21T23:20:04.476Z info: 	Response: 302 0.338 ms 
2020-12-21T23:20:04.477Z info: 	Request: GET / at Mon Dec 21 2020 18:20:04 GMT-0500, IP: ::1, User Agent: insomnia/2020.5.2
2020-12-21T23:20:04.477Z info: 	Response: 404 0.215 ms 
2020-12-21T23:20:13.572Z info: 	Request: POST /common/login at Mon Dec 21 2020 18:20:13 GMT-0500, IP: ::1, User Agent: insomnia/2020.5.2
2020-12-21T23:20:13.588Z info: 	newuserman7@gmail.com attempted to log in.
2020-12-21T23:20:13.591Z info: 	Request Body:{"email":"newuserman7@gmail.com","password":"[FILTERED]"}
2020-12-21T23:20:13.592Z info: 	Response: 401 17.459 ms 
2020-12-21T23:22:04.139Z info: 	Request: POST /common/login at Mon Dec 21 2020 18:22:04 GMT-0500, IP: ::1, User Agent: insomnia/2020.5.2
2020-12-21T23:22:04.154Z info: 	newuserman7@gmail.com attempted to log in.
2020-12-21T23:22:04.155Z info: 	Request Body:{"email":"newuserman7@gmail.com","password":"[FILTERED]"}
2020-12-21T23:22:04.155Z info: 	Response: 401 15.405 ms 
2020-12-21T23:22:18.129Z info: 	Request: POST /common/login at Mon Dec 21 2020 18:22:18 GMT-0500, IP: ::1, User Agent: insomnia/2020.5.2
2020-12-21T23:22:18.147Z info: 	newuserman7@gmail.com attempted to log in.
2020-12-21T23:22:18.148Z info: 	Request Body:{"email":"newuserman7@gmail.com","password":"[FILTERED]"}
2020-12-21T23:22:18.148Z info: 	Response: 401 18.043 ms 
2020-12-21T23:23:44.462Z info: 	Server is running on port: 3000
2020-12-21T23:23:44.773Z info: 	Connected to database.
2020-12-21T23:23:47.409Z info: 	Request: POST /common/login at Mon Dec 21 2020 18:23:47 GMT-0500, IP: ::1, User Agent: insomnia/2020.5.2
2020-12-21T23:23:47.441Z info: 	Request Body:{"email":"newuserman7@gmail.com","password":"[FILTERED]"}
2020-12-21T23:23:47.443Z info: 	Response: 401 27.793 ms 
2020-12-21T23:24:12.479Z info: 	Server is running on port: 3000
2020-12-21T23:24:12.753Z info: 	Connected to database.
2020-12-21T23:24:14.855Z info: 	Request: POST /common/login at Mon Dec 21 2020 18:24:14 GMT-0500, IP: ::1, User Agent: insomnia/2020.5.2
2020-12-21T23:24:14.897Z info: 	Request Body:{"email":"newuserman7@gmail.com","password":"[FILTERED]"}
2020-12-21T23:24:14.901Z info: 	Response: 401 36.360 ms 
2020-12-21T23:24:43.535Z info: 	Request: POST /common/login at Mon Dec 21 2020 18:24:43 GMT-0500, IP: ::1, User Agent: insomnia/2020.5.2
2020-12-21T23:24:43.552Z info: 	Request Body:{"email":"newuserman7@gmail.com","password":"[FILTERED]"}
2020-12-21T23:24:43.552Z info: 	Response: 401 15.601 ms 
2020-12-21T23:28:22.584Z info: 	Request: POST /common/register at Mon Dec 21 2020 18:28:22 GMT-0500, IP: ::1, User Agent: insomnia/2020.5.2
2020-12-21T23:28:22.872Z info: 	Request Body:{"role":"client","email":"newuser@yahoo.com","password":"[FILTERED]"}
2020-12-21T23:28:22.872Z info: 	Response Body:Success! You are now logged in.
2020-12-21T23:28:22.873Z info: 	Response: 200 286.739 ms 
2020-12-21T23:28:43.812Z info: 	Request: POST /common/update/basic at Mon Dec 21 2020 18:28:43 GMT-0500, IP: ::1, User Agent: insomnia/2020.5.2
2020-12-21T23:28:43.856Z info: 	Request Body:{"name":"Nick Carbone","email":"","phone":"555-555-5555","dob":"5-19-1986"}
2020-12-21T23:28:43.857Z info: 	Response Body:{"role":"client","travel":[],"_id":"5fe12f96c660f85dfecc8403","email":"newuser@yahoo.com","password":"[FILTERED]","appointments":[],"__v":0,"name":"Nick Carbone","phone":"555-555-5555","dob":"5-19-1986"}
2020-12-21T23:28:43.858Z info: 	Response: 200 41.523 ms 
2020-12-21T23:29:07.208Z info: 	Request: GET /common/logout at Mon Dec 21 2020 18:29:07 GMT-0500, IP: ::1, User Agent: insomnia/2020.5.2
2020-12-21T23:29:07.212Z info: 	Response: 302 3.359 ms 
2020-12-21T23:29:07.213Z info: 	Request: GET / at Mon Dec 21 2020 18:29:07 GMT-0500, IP: ::1, User Agent: insomnia/2020.5.2
2020-12-21T23:29:07.215Z info: 	Response: 404 1.174 ms 
2020-12-21T23:29:17.175Z info: 	Request: POST /common/update/basic at Mon Dec 21 2020 18:29:17 GMT-0500, IP: ::1, User Agent: insomnia/2020.5.2
2020-12-21T23:29:17.176Z info: 	Request Body:{"name":"Nick Carbone","email":"","phone":"555-555-5555","dob":"5-19-1986"}
2020-12-21T23:29:17.176Z info: 	Response Body:unsuccessful
2020-12-21T23:29:17.176Z info: 	Response: 401 0.231 ms 
2020-12-21T23:29:23.650Z info: 	Request: GET /common/logout at Mon Dec 21 2020 18:29:23 GMT-0500, IP: ::1, User Agent: insomnia/2020.5.2
2020-12-21T23:29:23.653Z info: 	Response: 302 0.926 ms 
2020-12-21T23:29:23.654Z info: 	Request: GET / at Mon Dec 21 2020 18:29:23 GMT-0500, IP: ::1, User Agent: insomnia/2020.5.2
2020-12-21T23:29:23.655Z info: 	Response: 404 0.370 ms 
2020-12-21T23:29:26.354Z info: 	Request: POST /common/login at Mon Dec 21 2020 18:29:26 GMT-0500, IP: ::1, User Agent: insomnia/2020.5.2
2020-12-21T23:29:26.370Z info: 	Request Body:{"email":"newuserman7@gmail.com","password":"[FILTERED]"}
2020-12-21T23:29:26.370Z info: 	Response: 401 15.570 ms 
2020-12-21T23:29:37.338Z info: 	Request: POST /common/login at Mon Dec 21 2020 18:29:37 GMT-0500, IP: ::1, User Agent: insomnia/2020.5.2
2020-12-21T23:29:37.586Z info: 	Request Body:{"email":"newuser@yahoo.com","password":"[FILTERED]"}
2020-12-21T23:29:37.586Z info: 	Response Body:success
2020-12-21T23:29:37.587Z info: 	Response: 200 247.450 ms 
2020-12-21T23:29:46.506Z info: 	Request: GET /common/logout at Mon Dec 21 2020 18:29:46 GMT-0500, IP: ::1, User Agent: insomnia/2020.5.2
2020-12-21T23:29:46.507Z info: 	Response: 302 0.398 ms 
2020-12-21T23:29:46.508Z info: 	Request: GET / at Mon Dec 21 2020 18:29:46 GMT-0500, IP: ::1, User Agent: insomnia/2020.5.2
2020-12-21T23:29:46.509Z info: 	Response: 404 0.195 ms 
2020-12-21T23:29:51.265Z info: 	Request: POST /common/login at Mon Dec 21 2020 18:29:51 GMT-0500, IP: ::1, User Agent: insomnia/2020.5.2
2020-12-21T23:29:51.529Z info: 	Request Body:{"email":"newuser@yahoo.com","password":"[FILTERED]"}
2020-12-21T23:29:51.529Z info: 	Response Body:success
2020-12-21T23:29:51.529Z info: 	Response: 200 262.539 ms 
2020-12-21T23:29:54.800Z info: 	Request: GET /common/logout at Mon Dec 21 2020 18:29:54 GMT-0500, IP: ::1, User Agent: insomnia/2020.5.2
2020-12-21T23:29:54.803Z info: 	Response: 302 0.604 ms 
2020-12-21T23:29:54.804Z info: 	Request: GET / at Mon Dec 21 2020 18:29:54 GMT-0500, IP: ::1, User Agent: insomnia/2020.5.2
2020-12-21T23:29:54.805Z info: 	Response: 404 0.305 ms 
2020-12-21T23:29:57.780Z info: 	Request: POST /common/login at Mon Dec 21 2020 18:29:57 GMT-0500, IP: ::1, User Agent: insomnia/2020.5.2
2020-12-21T23:29:58.027Z info: 	Request Body:{"email":"newuser@yahoo.com","password":"[FILTERED]"}
2020-12-21T23:29:58.027Z info: 	Response Body:success
2020-12-21T23:29:58.027Z info: 	Response: 200 246.411 ms 
2020-12-21T23:30:00.274Z info: 	Request: GET /common/logout at Mon Dec 21 2020 18:30:00 GMT-0500, IP: ::1, User Agent: insomnia/2020.5.2
2020-12-21T23:30:00.276Z info: 	Response: 302 0.361 ms 
2020-12-21T23:30:00.277Z info: 	Request: GET / at Mon Dec 21 2020 18:30:00 GMT-0500, IP: ::1, User Agent: insomnia/2020.5.2
2020-12-21T23:30:00.278Z info: 	Response: 404 0.277 ms 
2020-12-21T23:30:13.328Z info: 	Request: POST /common/login at Mon Dec 21 2020 18:30:13 GMT-0500, IP: ::1, User Agent: insomnia/2020.5.2
2020-12-21T23:30:13.342Z info: 	Request Body:{"email":"newuserman7@gmail.com","password":"[FILTERED]"}
2020-12-21T23:30:13.342Z info: 	Response: 401 13.701 ms 
2020-12-21T23:30:33.846Z info: 	Request: POST /common/login at Mon Dec 21 2020 18:30:33 GMT-0500, IP: ::1, User Agent: insomnia/2020.5.2
2020-12-21T23:30:33.862Z info: 	Request Body:{"email":"newuserman7@gmail.com","password":"[FILTERED]"}
2020-12-21T23:30:33.863Z info: 	Response: 401 15.535 ms 
2020-12-21T23:31:08.469Z info: 	Request: GET /common/logout at Mon Dec 21 2020 18:31:08 GMT-0500, IP: ::1, User Agent: insomnia/2020.5.2
2020-12-21T23:31:08.471Z info: 	Response: 302 0.557 ms 
2020-12-21T23:31:08.472Z info: 	Request: GET / at Mon Dec 21 2020 18:31:08 GMT-0500, IP: ::1, User Agent: insomnia/2020.5.2
2020-12-21T23:31:08.473Z info: 	Response: 404 0.323 ms 
2020-12-21T23:31:51.071Z info: 	Server is running on port: 3000
2020-12-21T23:31:51.349Z info: 	Connected to database.
2020-12-21T23:33:53.739Z info: 	Server is running on port: 3000
2020-12-21T23:33:54.079Z info: 	Connected to database.
2020-12-21T23:34:33.214Z info: 	Server is running on port: 3000
2020-12-21T23:34:33.469Z info: 	Connected to database.
2020-12-21T23:34:55.473Z info: 	Server is running on port: 3000
2020-12-21T23:34:55.764Z info: 	Connected to database.
2020-12-21T23:37:26.666Z info: 	Server is running on port: 3000
2020-12-21T23:37:26.926Z info: 	Connected to database.
2020-12-21T23:39:00.074Z info: 	Server is running on port: 3000
2020-12-21T23:39:00.425Z info: 	Connected to database.
2020-12-21T23:39:23.303Z info: 	Server is running on port: 3000
2020-12-21T23:39:23.561Z info: 	Connected to database.
2020-12-21T23:39:33.557Z info: 	Server is running on port: 3000
2020-12-21T23:39:33.807Z info: 	Connected to database.
2020-12-21T23:41:26.335Z info: 	Server is running on port: 3000
2020-12-21T23:41:26.652Z info: 	Connected to database.
2020-12-21T23:43:11.567Z info: 	Server is running on port: 3000
2020-12-21T23:43:11.817Z info: 	Connected to database.
2020-12-21T23:44:45.569Z info: 	Server is running on port: 3000
2020-12-21T23:44:45.876Z info: 	Connected to database.
2020-12-21T23:44:55.076Z info: 	Server is running on port: 3000
2020-12-21T23:44:55.336Z info: 	Connected to database.
2020-12-21T23:45:25.283Z info: 	Server is running on port: 3000
2020-12-21T23:45:25.529Z info: 	Connected to database.
2020-12-21T23:45:55.849Z info: 	Request: POST /common/register at Mon Dec 21 2020 18:45:55 GMT-0500, IP: ::1, User Agent: insomnia/2020.5.2
2020-12-21T23:45:56.181Z info: 	Request Body:{"role":"client","email":"newuser2@yahoo.com","password":"[FILTERED]"}
2020-12-21T23:45:56.182Z info: 	Response Body:Success! You are now logged in.
2020-12-21T23:45:56.184Z info: 	Response: 200 325.330 ms 
2020-12-21T23:47:03.858Z info: 	Request: POST /common/appointments at Mon Dec 21 2020 18:47:03 GMT-0500, IP: ::1, User Agent: insomnia/2020.5.2
2020-12-21T23:47:03.871Z error: 	addAppointment => 
 TypeError: newAppointment.save is not a function
    at addAppointment (/home/nick/WebProjects/covid-testing-server/routes/reqs/addAppointment.js:16:26)
    at process._tickCallback (internal/process/next_tick.js:68:7)
2020-12-21T23:47:03.873Z info: 	Request Body:{"date":"5/30/2024","time":"5:44 PM","location":"5fdb8c61e2fd313028466675","test":"PCR"}
2020-12-21T23:47:03.874Z info: 	Response Body:An error occurred. Please try again later.
2020-12-21T23:47:03.874Z info: 	Response: 500 14.134 ms 
2020-12-21T23:47:22.560Z info: 	Server is running on port: 3000
2020-12-21T23:47:22.862Z info: 	Connected to database.
2020-12-21T23:47:41.970Z info: 	Request: POST /common/register at Mon Dec 21 2020 18:47:41 GMT-0500, IP: ::1, User Agent: insomnia/2020.5.2
2020-12-21T23:47:42.289Z info: 	Request Body:{"role":"client","email":"newuser3@yahoo.com","password":"[FILTERED]"}
2020-12-21T23:47:42.290Z info: 	Response Body:Success! You are now logged in.
2020-12-21T23:47:42.291Z info: 	Response: 200 314.157 ms 
2020-12-21T23:47:47.648Z info: 	Request: POST /common/appointments at Mon Dec 21 2020 18:47:47 GMT-0500, IP: ::1, User Agent: insomnia/2020.5.2
2020-12-21T23:47:47.668Z error: 	addAppointment => 
 MongooseError: document must have an _id before saving
    at Timeout._onTimeout (/home/nick/WebProjects/covid-testing-server/node_modules/mongoose/lib/model.js:268:18)
    at ontimeout (timers.js:436:11)
    at tryOnTimeout (timers.js:300:5)
    at listOnTimeout (timers.js:263:5)
    at Timer.processTimers (timers.js:223:10)
2020-12-21T23:47:47.670Z info: 	Request Body:{"date":"5/30/2024","time":"5:44 PM","location":"5fdb8c61e2fd313028466675","test":"PCR"}
2020-12-21T23:47:47.671Z info: 	Response Body:An error occurred. Please try again later.
2020-12-21T23:47:47.671Z info: 	Response: 500 20.780 ms 
2020-12-21T23:49:32.176Z info: 	Server is running on port: 3000
2020-12-21T23:49:32.481Z info: 	Connected to database.
2020-12-21T23:49:38.303Z info: 	Request: POST /common/register at Mon Dec 21 2020 18:49:38 GMT-0500, IP: ::1, User Agent: insomnia/2020.5.2
2020-12-21T23:49:38.602Z info: 	Request Body:{"role":"client","email":"newuser4@yahoo.com","password":"[FILTERED]"}
2020-12-21T23:49:38.602Z info: 	Response Body:Success! You are now logged in.
2020-12-21T23:49:38.603Z info: 	Response: 200 294.463 ms 
2020-12-21T23:49:43.463Z info: 	Request: POST /common/appointments at Mon Dec 21 2020 18:49:43 GMT-0500, IP: ::1, User Agent: insomnia/2020.5.2
2020-12-21T23:49:43.538Z info: 	Request Body:{"date":"5/30/2024","time":"5:44 PM","location":"5fdb8c61e2fd313028466675","test":"PCR"}
2020-12-21T23:49:43.539Z info: 	Response Body:Success!
2020-12-21T23:49:43.540Z info: 	Response: 200 71.075 ms 
2020-12-21T23:50:22.034Z info: 	Request: POST /common/appointments at Mon Dec 21 2020 18:50:22 GMT-0500, IP: ::1, User Agent: insomnia/2020.5.2
2020-12-21T23:50:22.052Z info: 	Request Body:{"date":"5/30/2024","time":"5:44 PM","location":"5fdb8c61e2fd313028466675","test":"PCR"}
2020-12-21T23:50:22.053Z info: 	Response Body:Appointment unavailable. Please choose another time.
2020-12-21T23:50:22.053Z info: 	Response: 400 17.610 ms 
2020-12-21T23:50:32.389Z info: 	Request: POST /common/appointments at Mon Dec 21 2020 18:50:32 GMT-0500, IP: ::1, User Agent: insomnia/2020.5.2
2020-12-21T23:50:32.426Z info: 	Request Body:{"date":"6/1/2024","time":"5:44 PM","location":"5fdb8c61e2fd313028466675","test":"PCR"}
2020-12-21T23:50:32.427Z info: 	Response Body:Success!
2020-12-21T23:50:32.427Z info: 	Response: 200 35.643 ms 
2020-12-21T23:53:39.672Z info: 	Server is running on port: 3000
2020-12-21T23:53:39.925Z info: 	Connected to database.
2020-12-21T23:54:12.044Z info: 	Server is running on port: 3000
2020-12-21T23:54:12.304Z info: 	Connected to database.
2020-12-21T23:54:15.976Z info: 	Server is running on port: 3000
2020-12-21T23:54:16.246Z info: 	Connected to database.
