2020-12-21T15:01:47.421Z info: 	Server is running on port: 3000
2020-12-21T15:01:47.735Z info: 	Connected to database.
2020-12-21T15:01:50.461Z info: 	Request: POST /common/register at Mon Dec 21 2020 10:01:50 GMT-0500, IP: ::1, User Agent: insomnia/2020.5.2
2020-12-21T15:01:50.564Z info: 	Request Body:{"role":"provider","email":"susd@gmail.com","password":"[FILTERED]"}
2020-12-21T15:01:50.565Z info: 	Response Body:User already registered.
2020-12-21T15:01:50.567Z info: 	Response: 400 92.550 ms 
2020-12-21T15:01:56.234Z info: 	Request: POST /common/register at Mon Dec 21 2020 10:01:56 GMT-0500, IP: ::1, User Agent: insomnia/2020.5.2
2020-12-21T15:01:56.524Z info: 	Request Body:{"role":"provider","email":"susied@gmail.com","password":"[FILTERED]"}
2020-12-21T15:01:56.524Z info: 	Response Body:Success! You are now logged in.
2020-12-21T15:01:56.525Z info: 	Response: 200 288.033 ms 
2020-12-21T15:03:32.727Z info: 	Server is running on port: 3000
2020-12-21T15:03:33.018Z info: 	Connected to database.
2020-12-21T15:12:11.172Z info: 	Server is running on port: 3000
2020-12-21T15:12:11.509Z info: 	Connected to database.
2020-12-21T15:13:12.143Z info: 	Server is running on port: 3000
2020-12-21T15:13:12.466Z info: 	Connected to database.
2020-12-21T15:13:41.192Z info: 	Server is running on port: 3000
2020-12-21T15:13:41.445Z info: 	Connected to database.
2020-12-21T15:15:32.197Z info: 	Server is running on port: 3000
2020-12-21T15:15:32.494Z info: 	Connected to database.
2020-12-21T15:15:42.141Z info: 	Request: POST /common/update/travel at Mon Dec 21 2020 10:15:42 GMT-0500, IP: ::1, User Agent: insomnia/2020.5.2
2020-12-21T15:15:42.178Z info: 	Request Body:{"client":"5fdb8cb0e2fd313028466676","location":"Hawaii","date":"April 2019"}
2020-12-21T15:15:42.180Z info: 	Response Body:unsuccessful
2020-12-21T15:15:42.183Z info: 	Response: 401 16.941 ms 
2020-12-21T15:15:49.670Z info: 	Request: POST /common/register at Mon Dec 21 2020 10:15:49 GMT-0500, IP: ::1, User Agent: insomnia/2020.5.2
2020-12-21T15:15:52.992Z info: 	Request Body:{"role":"provider","email":"susied@gmail.com","password":"[FILTERED]"}
2020-12-21T15:15:52.993Z info: 	Response: - - ms 
2020-12-21T15:16:10.125Z info: 	Server is running on port: 3000
2020-12-21T15:16:10.367Z info: 	Connected to database.
2020-12-21T15:16:16.063Z info: 	Request: POST /common/register at Mon Dec 21 2020 10:16:16 GMT-0500, IP: ::1, User Agent: insomnia/2020.5.2
2020-12-21T15:16:16.105Z info: 	Request Body:{"role":"provider","email":"susied@gmail.com","password":"[FILTERED]"}
2020-12-21T15:16:16.105Z info: 	Response Body:User already registered.
2020-12-21T15:16:16.106Z info: 	Response: 400 38.323 ms 
2020-12-21T15:16:32.853Z info: 	Server is running on port: 3000
2020-12-21T15:16:33.160Z info: 	Connected to database.
2020-12-21T15:16:33.945Z info: 	Request: POST /common/register at Mon Dec 21 2020 10:16:33 GMT-0500, IP: ::1, User Agent: insomnia/2020.5.2
2020-12-21T15:16:34.005Z info: 	Request Body:{"role":"provider","email":"susied@gmail.com","password":"[FILTERED]"}
2020-12-21T15:16:34.007Z info: 	Response Body:User already registered.
2020-12-21T15:16:34.010Z info: 	Response: 400 47.585 ms 
2020-12-21T15:16:43.957Z info: 	Request: POST /common/register at Mon Dec 21 2020 10:16:43 GMT-0500, IP: ::1, User Agent: insomnia/2020.5.2
2020-12-21T15:16:44.242Z info: 	Request Body:{"role":"provider","email":"susi$ed@gmail.com","password":"[FILTERED]"}
2020-12-21T15:16:44.242Z info: 	Response Body:Success! You are now logged in.
2020-12-21T15:16:44.242Z info: 	Response: 200 283.061 ms 
2020-12-21T15:17:33.122Z info: 	Server is running on port: 3000
2020-12-21T15:17:33.473Z info: 	Connected to database.
2020-12-21T15:24:02.807Z info: 	Server is running on port: 3000
2020-12-21T15:24:03.080Z info: 	Connected to database.
2020-12-21T15:25:24.726Z info: 	Server is running on port: 3000
2020-12-21T15:25:25.067Z info: 	Connected to database.
2020-12-21T15:40:06.049Z info: 	Server is running on port: 3000
2020-12-21T15:40:06.367Z info: 	Connected to database.
2020-12-21T15:42:08.247Z info: 	Server is running on port: 3000
2020-12-21T15:42:08.513Z info: 	Connected to database.
2020-12-21T15:42:44.051Z info: 	Server is running on port: 3000
2020-12-21T15:42:44.298Z info: 	Connected to database.
2020-12-21T15:43:02.025Z info: 	Server is running on port: 3000
2020-12-21T15:43:02.296Z info: 	Connected to database.
2020-12-21T15:43:24.398Z info: 	Server is running on port: 3000
2020-12-21T15:43:24.649Z info: 	Connected to database.
2020-12-21T15:43:30.473Z info: 	Request: POST /common/register at Mon Dec 21 2020 10:43:30 GMT-0500, IP: ::1, User Agent: insomnia/2020.5.2
2020-12-21T15:43:30.494Z error: 	registerPost => 
 res is not defined
2020-12-21T15:43:30.516Z info: 	Request Body:{"role":"provider","email":"susi$ed@gmail.com","password":"[FILTERED]"}
2020-12-21T15:43:30.518Z info: 	Response Body:An error occurred. Please try again later.
2020-12-21T15:43:30.520Z info: 	Response: 500 23.721 ms 
2020-12-21T15:44:01.148Z info: 	Server is running on port: 3000
2020-12-21T15:44:01.360Z info: 	Connected to database.
2020-12-21T15:44:48.410Z info: 	Server is running on port: 3000
2020-12-21T15:44:48.716Z info: 	Connected to database.
2020-12-21T15:44:53.668Z info: 	Request: POST /common/register at Mon Dec 21 2020 10:44:53 GMT-0500, IP: ::1, User Agent: insomnia/2020.5.2
2020-12-21T15:44:53.688Z info: 	Request Body:{"role":"provider","email":"susi$ed@gmail.com","password":"[FILTERED]"}
2020-12-21T15:44:53.689Z info: 	Response Body:Invalid password.
2020-12-21T15:44:53.690Z info: 	Response: 400 3.001 ms 
2020-12-21T15:44:53.724Z error: 	registerPost => 
 Cannot set headers after they are sent to the client
2020-12-21T15:47:00.447Z info: 	Server is running on port: 3000
2020-12-21T15:47:00.731Z info: 	Connected to database.
2020-12-21T15:47:03.625Z info: 	Request: POST /common/register at Mon Dec 21 2020 10:47:03 GMT-0500, IP: ::1, User Agent: insomnia/2020.5.2
2020-12-21T15:47:03.634Z info: 	Request Body:{"role":"provider","email":"susi$ed@gmail.com","password":"[FILTERED]"}
2020-12-21T15:47:03.635Z info: 	Response Body:Invalid password.
2020-12-21T15:47:03.635Z info: 	Response: 400 4.660 ms 
2020-12-21T15:47:27.269Z info: 	Request: POST /common/register at Mon Dec 21 2020 10:47:27 GMT-0500, IP: ::1, User Agent: insomnia/2020.5.2
2020-12-21T15:47:27.305Z info: 	Request Body:{"role":"provider","email":"susi$ed@gmail.com","password":"[FILTERED]"}
2020-12-21T15:47:27.305Z info: 	Response Body:User already registered.
2020-12-21T15:47:27.306Z info: 	Response: 400 34.060 ms 
2020-12-21T15:47:31.796Z info: 	Request: POST /common/register at Mon Dec 21 2020 10:47:31 GMT-0500, IP: ::1, User Agent: insomnia/2020.5.2
2020-12-21T15:47:31.798Z info: 	Request Body:{"role":"provider","email":"susi$ed@gmail.com","password":"[FILTERED]"}
2020-12-21T15:47:31.799Z info: 	Response Body:Invalid password.
2020-12-21T15:47:31.800Z info: 	Response: 400 0.629 ms 
2020-12-21T15:47:36.979Z info: 	Request: POST /common/register at Mon Dec 21 2020 10:47:36 GMT-0500, IP: ::1, User Agent: insomnia/2020.5.2
2020-12-21T15:47:36.981Z info: 	Request Body:{"role":"provider","email":"susi$egmail.com","password":"[FILTERED]"}
2020-12-21T15:47:36.982Z info: 	Response Body:Invalid password.
2020-12-21T15:47:36.982Z info: 	Response: 400 0.586 ms 
2020-12-21T15:47:44.245Z info: 	Request: POST /common/register at Mon Dec 21 2020 10:47:44 GMT-0500, IP: ::1, User Agent: insomnia/2020.5.2
2020-12-21T15:47:44.540Z info: 	Request Body:{"role":"provider","email":"susi$egmail.com","password":"[FILTERED]"}
2020-12-21T15:47:44.540Z info: 	Response Body:Success! You are now logged in.
2020-12-21T15:47:44.541Z info: 	Response: 200 294.612 ms 
2020-12-21T15:50:43.074Z info: 	Server is running on port: 3000
2020-12-21T15:50:43.399Z info: 	Connected to database.
2020-12-21T15:50:58.484Z info: 	Server is running on port: 3000
2020-12-21T15:50:58.719Z info: 	Connected to database.
2020-12-21T15:51:00.421Z info: 	Request: POST /common/register at Mon Dec 21 2020 10:51:00 GMT-0500, IP: ::1, User Agent: insomnia/2020.5.2
2020-12-21T15:51:00.488Z info: 	Request Body:{"role":"provider","email":"susi$egmail.com","password":"[FILTERED]"}
2020-12-21T15:51:00.490Z info: 	Response Body:User already registered.
2020-12-21T15:51:00.493Z info: 	Response: 400 55.739 ms 
2020-12-21T15:51:13.857Z info: 	Request: POST /common/register at Mon Dec 21 2020 10:51:13 GMT-0500, IP: ::1, User Agent: insomnia/2020.5.2
2020-12-21T15:51:13.858Z error: 	registerPost => 
 res is not defined
ReferenceError: res is not defined
    at validate (/home/nick/WebProjects/covid-testing-server/routes/reqs/registerPost.js:14:5)
    at registerPost (/home/nick/WebProjects/covid-testing-server/routes/reqs/registerPost.js:24:10)
    at router.route.post (/home/nick/WebProjects/covid-testing-server/routes/common.js:34:46)
    at Layer.handle [as handle_request] (/home/nick/WebProjects/covid-testing-server/node_modules/express/lib/router/layer.js:95:5)
    at next (/home/nick/WebProjects/covid-testing-server/node_modules/express/lib/router/route.js:137:13)
    at Route.dispatch (/home/nick/WebProjects/covid-testing-server/node_modules/express/lib/router/route.js:112:3)
    at Layer.handle [as handle_request] (/home/nick/WebProjects/covid-testing-server/node_modules/express/lib/router/layer.js:95:5)
    at /home/nick/WebProjects/covid-testing-server/node_modules/express/lib/router/index.js:281:22
    at Function.process_params (/home/nick/WebProjects/covid-testing-server/node_modules/express/lib/router/index.js:335:12)
    at next (/home/nick/WebProjects/covid-testing-server/node_modules/express/lib/router/index.js:275:10)
    at Function.handle (/home/nick/WebProjects/covid-testing-server/node_modules/express/lib/router/index.js:174:3)
    at router (/home/nick/WebProjects/covid-testing-server/node_modules/express/lib/router/index.js:47:12)
    at Layer.handle [as handle_request] (/home/nick/WebProjects/covid-testing-server/node_modules/express/lib/router/layer.js:95:5)
    at trim_prefix (/home/nick/WebProjects/covid-testing-server/node_modules/express/lib/router/index.js:317:13)
    at /home/nick/WebProjects/covid-testing-server/node_modules/express/lib/router/index.js:284:7
    at Function.process_params (/home/nick/WebProjects/covid-testing-server/node_modules/express/lib/router/index.js:335:12)
2020-12-21T15:51:13.859Z info: 	Request Body:{"role":"provider","email":"susi$egmail.com","password":"[FILTERED]"}
2020-12-21T15:51:13.860Z info: 	Response Body:An error occurred. Please try again later.
2020-12-21T15:51:13.861Z info: 	Response: 500 1.114 ms 
2020-12-21T15:51:37.477Z info: 	Server is running on port: 3000
2020-12-21T15:51:37.718Z info: 	Connected to database.
2020-12-21T15:51:41.042Z info: 	Request: POST /common/register at Mon Dec 21 2020 10:51:41 GMT-0500, IP: ::1, User Agent: insomnia/2020.5.2
2020-12-21T15:51:41.045Z error: 	registerPost => 
 ReferenceError: res is not defined
    at validate (/home/nick/WebProjects/covid-testing-server/routes/reqs/registerPost.js:14:5)
    at registerPost (/home/nick/WebProjects/covid-testing-server/routes/reqs/registerPost.js:24:10)
    at router.route.post (/home/nick/WebProjects/covid-testing-server/routes/common.js:34:46)
    at Layer.handle [as handle_request] (/home/nick/WebProjects/covid-testing-server/node_modules/express/lib/router/layer.js:95:5)
    at next (/home/nick/WebProjects/covid-testing-server/node_modules/express/lib/router/route.js:137:13)
    at Route.dispatch (/home/nick/WebProjects/covid-testing-server/node_modules/express/lib/router/route.js:112:3)
    at Layer.handle [as handle_request] (/home/nick/WebProjects/covid-testing-server/node_modules/express/lib/router/layer.js:95:5)
    at /home/nick/WebProjects/covid-testing-server/node_modules/express/lib/router/index.js:281:22
    at Function.process_params (/home/nick/WebProjects/covid-testing-server/node_modules/express/lib/router/index.js:335:12)
    at next (/home/nick/WebProjects/covid-testing-server/node_modules/express/lib/router/index.js:275:10)
    at Function.handle (/home/nick/WebProjects/covid-testing-server/node_modules/express/lib/router/index.js:174:3)
    at router (/home/nick/WebProjects/covid-testing-server/node_modules/express/lib/router/index.js:47:12)
    at Layer.handle [as handle_request] (/home/nick/WebProjects/covid-testing-server/node_modules/express/lib/router/layer.js:95:5)
    at trim_prefix (/home/nick/WebProjects/covid-testing-server/node_modules/express/lib/router/index.js:317:13)
    at /home/nick/WebProjects/covid-testing-server/node_modules/express/lib/router/index.js:284:7
    at Function.process_params (/home/nick/WebProjects/covid-testing-server/node_modules/express/lib/router/index.js:335:12)
2020-12-21T15:51:41.052Z info: 	Request Body:{"role":"provider","email":"susi$egmail.com","password":"[FILTERED]"}
2020-12-21T15:51:41.052Z info: 	Response Body:An error occurred. Please try again later.
2020-12-21T15:51:41.053Z info: 	Response: 500 5.265 ms 
2020-12-21T15:51:59.840Z info: 	Server is running on port: 3000
2020-12-21T15:52:00.116Z info: 	Connected to database.
2020-12-21T15:52:00.899Z info: 	Request: POST /common/register at Mon Dec 21 2020 10:52:00 GMT-0500, IP: ::1, User Agent: insomnia/2020.5.2
2020-12-21T15:52:00.909Z info: 	Request Body:{"role":"provider","email":"susi$egmail.com","password":"[FILTERED]"}
2020-12-21T15:52:00.910Z info: 	Response Body:Invalid password.
2020-12-21T15:52:00.911Z info: 	Response: 400 4.434 ms 
