2020-12-22T17:05:07.124Z info: 	Server is running on port: 3000
2020-12-22T17:05:07.439Z info: 	Connected to database.
2020-12-22T17:05:21.410Z info: 	Request: POST /common/register at Tue Dec 22 2020 12:05:21 GMT-0500, IP: ::1, User Agent: insomnia/2020.5.2
2020-12-22T17:05:21.781Z info: 	Request Body:{"role":"","email":"8@yahoo.com","password":"[FILTERED]"}
2020-12-22T17:05:21.784Z info: 	Response Body:Success! You are now logged in.
2020-12-22T17:05:21.785Z info: 	Response: 200 359.535 ms 
2020-12-22T17:05:24.734Z info: 	Request: GET /common/logout at Tue Dec 22 2020 12:05:24 GMT-0500, IP: ::1, User Agent: insomnia/2020.5.2
2020-12-22T17:05:24.742Z info: 	Response Body:You have successfully logged out.
2020-12-22T17:05:24.743Z info: 	Response: 200 3.404 ms 
2020-12-22T17:05:42.549Z info: 	Request: POST /common/login at Tue Dec 22 2020 12:05:42 GMT-0500, IP: ::1, User Agent: insomnia/2020.5.2
2020-12-22T17:05:42.816Z info: 	Request Body:{"email":"8@yahoo.com","password":"[FILTERED]"}
2020-12-22T17:05:42.817Z info: 	Response Body:Success!
2020-12-22T17:05:42.817Z info: 	Response: 200 265.716 ms 
2020-12-22T17:05:45.093Z info: 	Request: GET /common at Tue Dec 22 2020 12:05:45 GMT-0500, IP: ::1, User Agent: insomnia/2020.5.2
2020-12-22T17:05:45.119Z info: 	Response Body:{"role":"","travel":[],"_id":"5fe227517a6c065031717115","email":"8@yahoo.com","password":"[FILTERED]","__v":0}
2020-12-22T17:05:45.120Z info: 	Response: 200 22.790 ms 
2020-12-22T17:05:48.800Z info: 	Request: POST /common/update/basic at Tue Dec 22 2020 12:05:48 GMT-0500, IP: ::1, User Agent: insomnia/2020.5.2
2020-12-22T17:05:48.851Z info: 	Request Body:{"name":"Nicky","email":"","phone":"555-555-5555","dob":"5-19-1986"}
2020-12-22T17:05:48.852Z info: 	Response Body:{"role":"","travel":[],"_id":"5fe227517a6c065031717115","email":"8@yahoo.com","password":"[FILTERED]","__v":0,"name":"Nicky","phone":"555-555-5555","dob":"5-19-1986"}
2020-12-22T17:05:48.853Z info: 	Response: 200 49.436 ms 
2020-12-22T17:05:53.089Z info: 	Request: POST /common/update/address at Tue Dec 22 2020 12:05:53 GMT-0500, IP: ::1, User Agent: insomnia/2020.5.2
2020-12-22T17:05:53.131Z info: 	Request Body:{"street":"123 Huckleberry Lane","city":"Pleasantville","state":"MA","zip":"55555"}
2020-12-22T17:05:53.132Z info: 	Response Body:{"address":{"street":"123 Huckleberry Lane","city":"Pleasantville","state":"MA","zip":55555},"role":"","travel":[],"_id":"5fe227517a6c065031717115","email":"8@yahoo.com","password":"[FILTERED]","__v":0,"dob":"5-19-1986","name":"Nicky","phone":"555-555-5555"}
2020-12-22T17:05:53.133Z info: 	Response: 200 40.517 ms 
2020-12-22T17:05:54.626Z info: 	Request: POST /common/update/password at Tue Dec 22 2020 12:05:54 GMT-0500, IP: ::1, User Agent: insomnia/2020.5.2
2020-12-22T17:05:54.892Z info: 	Request Body:{"currentPassword":"[FILTERED]","newPassword":"[FILTERED]"}
2020-12-22T17:05:54.892Z info: 	Response Body:Incorrect current password
2020-12-22T17:05:54.892Z info: 	Response: 400 264.994 ms 
2020-12-22T17:06:06.094Z info: 	Request: POST /common/update/password at Tue Dec 22 2020 12:06:06 GMT-0500, IP: ::1, User Agent: insomnia/2020.5.2
2020-12-22T17:06:06.609Z info: 	Request Body:{"currentPassword":"[FILTERED]","newPassword":"[FILTERED]"}
2020-12-22T17:06:06.609Z info: 	Response Body:{"address":{"street":"123 Huckleberry Lane","city":"Pleasantville","state":"MA","zip":55555},"role":"","travel":[],"_id":"5fe227517a6c065031717115","email":"8@yahoo.com","password":"[FILTERED]","__v":0,"dob":"5-19-1986","name":"Nicky","phone":"555-555-5555"}
2020-12-22T17:06:06.609Z info: 	Response: 200 513.588 ms 
2020-12-22T17:06:09.263Z info: 	Request: POST /common/update/insurance at Tue Dec 22 2020 12:06:09 GMT-0500, IP: ::1, User Agent: insomnia/2020.5.2
2020-12-22T17:06:09.300Z info: 	Request Body:{"ins_provider":"Empire","ins_id":"32454234562434"}
2020-12-22T17:06:09.300Z info: 	Response Body:{"address":{"street":"123 Huckleberry Lane","city":"Pleasantville","state":"MA","zip":55555},"role":"","travel":[],"_id":"5fe227517a6c065031717115","email":"8@yahoo.com","password":"[FILTERED]","__v":0,"dob":"5-19-1986","name":"Nicky","phone":"555-555-5555","ins_provider":"Empire","ins_id":"32454234562434"}
2020-12-22T17:06:09.301Z info: 	Response: 200 35.523 ms 
2020-12-22T17:06:10.606Z info: 	Request: POST /common/update/emergency_contact at Tue Dec 22 2020 12:06:10 GMT-0500, IP: ::1, User Agent: insomnia/2020.5.2
2020-12-22T17:06:10.643Z info: 	Request Body:{"name":"Fred Rhino","phone":"555-985-9852","relation":"friend"}
2020-12-22T17:06:10.644Z info: 	Response Body:{"address":{"street":"123 Huckleberry Lane","city":"Pleasantville","state":"MA","zip":55555},"emergency_contact":{"name":"Fred Rhino","phone":"555-985-9852","relation":"friend"},"role":"","travel":[],"_id":"5fe227517a6c065031717115","email":"8@yahoo.com","password":"[FILTERED]","__v":0,"dob":"5-19-1986","name":"Nicky","phone":"555-555-5555","ins_id":"32454234562434","ins_provider":"Empire"}
2020-12-22T17:06:10.645Z info: 	Response: 200 35.550 ms 
2020-12-22T17:06:12.060Z info: 	Request: POST /common/update/travel at Tue Dec 22 2020 12:06:12 GMT-0500, IP: ::1, User Agent: insomnia/2020.5.2
2020-12-22T17:06:12.096Z info: 	Request Body:{"location":"Japan","date":"April 2019"}
2020-12-22T17:06:12.097Z info: 	Response Body:{"address":{"street":"123 Huckleberry Lane","city":"Pleasantville","state":"MA","zip":55555},"emergency_contact":{"name":"Fred Rhino","phone":"555-985-9852","relation":"friend"},"role":"","travel":[{"location":"Japan","date":"April 2019"}],"_id":"5fe227517a6c065031717115","email":"8@yahoo.com","password":"[FILTERED]","__v":1,"dob":"5-19-1986","name":"Nicky","phone":"555-555-5555","ins_id":"32454234562434","ins_provider":"Empire"}
2020-12-22T17:06:12.098Z info: 	Response: 200 34.974 ms 
2020-12-22T17:06:13.590Z info: 	Request: GET /common/appointments at Tue Dec 22 2020 12:06:13 GMT-0500, IP: ::1, User Agent: insomnia/2020.5.2
2020-12-22T17:06:13.610Z info: 	Response: 200 18.652 ms 
2020-12-22T17:06:14.926Z info: 	Request: POST /common/appointments at Tue Dec 22 2020 12:06:14 GMT-0500, IP: ::1, User Agent: insomnia/2020.5.2
2020-12-22T17:06:14.984Z info: 	Request Body:{"date":"6/5/2024","time":"5:44 PM","location":"5fdb8c61e2fd313028466675","test":"PCR"}
2020-12-22T17:06:14.984Z info: 	Response Body:Success!
2020-12-22T17:06:14.985Z info: 	Response: 200 57.442 ms 
2020-12-22T17:06:18.002Z info: 	Request: GET /common/appointments at Tue Dec 22 2020 12:06:18 GMT-0500, IP: ::1, User Agent: insomnia/2020.5.2
2020-12-22T17:06:18.018Z info: 	Response Body:[{"_id":"5fe227867a6c065031717116","date":"6/5/2024","time":"5:44 PM","location":"5fdb8c61e2fd313028466675","client":"5fe227517a6c065031717115","test":"PCR","__v":0}]
2020-12-22T17:06:18.019Z info: 	Response: 200 15.204 ms 
2020-12-22T17:06:24.498Z info: 	Request: DELETE /common/appointments at Tue Dec 22 2020 12:06:24 GMT-0500, IP: ::1, User Agent: insomnia/2020.5.2
2020-12-22T17:06:24.521Z info: 	Appointment Deleted: { _id: 5fe227867a6c065031717116,
  date: '6/5/2024',
  time: '5:44 PM',
  location: '5fdb8c61e2fd313028466675',
  client: '5fe227517a6c065031717115',
  test: 'PCR',
  __v: 0 }
2020-12-22T17:06:24.529Z info: 	Request Body:{"_id":"5fe227867a6c065031717116"}
2020-12-22T17:06:24.530Z info: 	Response Body:Success!
2020-12-22T17:06:24.531Z info: 	Response: 200 28.530 ms 
2020-12-22T17:06:27.242Z info: 	Request: GET /common/appointments at Tue Dec 22 2020 12:06:27 GMT-0500, IP: ::1, User Agent: insomnia/2020.5.2
2020-12-22T17:06:27.258Z info: 	Response: 200 15.082 ms 
2020-12-22T17:09:43.445Z info: 	Server is running on port: 3000
2020-12-22T17:09:43.782Z info: 	Connected to database.
2020-12-22T17:12:43.331Z info: 	Server is running on port: 3000
2020-12-22T17:12:43.655Z info: 	Connected to database.
