2020-12-24T00:00:02.584Z info: 	Request: GET /common/locations at Wed Dec 23 2020 19:00:02 GMT-0500, IP: ::1, User Agent: Mozilla/5.0 (X11; Linux x86_64) AppleWebKit/537.36 (KHTML, like Gecko) Chrome/86.0.4240.75 Safari/537.36
2020-12-24T00:00:02.619Z info: 	Response Body:[{"address":{"street":"555 Apple Ln","city":"Springfield","state":"NY","zip":55555},"tests":["rapid","pcr","blood"],"_id":"5fe37c25c1c6521f96315d8c","name":"Location 1","phone":"(718)555-5555","__v":0},{"address":{"street":"222 Orange Rd","city":"Middletown","state":"NY","zip":55555},"tests":["pcr","blood"],"_id":"5fe37c43c1c6521f96315d8d","name":"Location 2","__v":0},{"address":{"street":"56 Pineapple Rd","city":"Jonestown","state":"NY","zip":55555},"tests":["blood"],"_id":"5fe37c61c1c6521f96315d8e","name":"Location 3","__v":0}]
2020-12-24T00:00:02.620Z info: 	Response: 304 33.139 ms 
2020-12-24T00:00:34.606Z info: 	Request: GET /common/locations at Wed Dec 23 2020 19:00:34 GMT-0500, IP: ::1, User Agent: Mozilla/5.0 (X11; Linux x86_64) AppleWebKit/537.36 (KHTML, like Gecko) Chrome/86.0.4240.75 Safari/537.36
2020-12-24T00:00:34.626Z info: 	Response Body:[{"address":{"street":"555 Apple Ln","city":"Springfield","state":"NY","zip":55555},"tests":["rapid","pcr","blood"],"_id":"5fe37c25c1c6521f96315d8c","name":"Location 1","phone":"(718)555-5555","__v":0},{"address":{"street":"222 Orange Rd","city":"Middletown","state":"NY","zip":55555},"tests":["pcr","blood"],"_id":"5fe37c43c1c6521f96315d8d","name":"Location 2","__v":0},{"address":{"street":"56 Pineapple Rd","city":"Jonestown","state":"NY","zip":55555},"tests":["blood"],"_id":"5fe37c61c1c6521f96315d8e","name":"Location 3","__v":0}]
2020-12-24T00:00:34.626Z info: 	Response: 304 18.642 ms 
2020-12-24T00:01:18.349Z info: 	Request: GET /common/locations at Wed Dec 23 2020 19:01:18 GMT-0500, IP: ::1, User Agent: Mozilla/5.0 (X11; Linux x86_64) AppleWebKit/537.36 (KHTML, like Gecko) Chrome/86.0.4240.75 Safari/537.36
2020-12-24T00:01:18.367Z info: 	Response Body:[{"address":{"street":"555 Apple Ln","city":"Springfield","state":"NY","zip":55555},"tests":["rapid","pcr","blood"],"_id":"5fe37c25c1c6521f96315d8c","name":"Location 1","phone":"(718)555-5555","__v":0},{"address":{"street":"222 Orange Rd","city":"Middletown","state":"NY","zip":55555},"tests":["pcr","blood"],"_id":"5fe37c43c1c6521f96315d8d","name":"Location 2","__v":0},{"address":{"street":"56 Pineapple Rd","city":"Jonestown","state":"NY","zip":55555},"tests":["blood"],"_id":"5fe37c61c1c6521f96315d8e","name":"Location 3","__v":0}]
2020-12-24T00:01:18.367Z info: 	Response: 304 17.292 ms 
2020-12-24T00:01:24.483Z info: 	Request: GET /common/locations at Wed Dec 23 2020 19:01:24 GMT-0500, IP: ::1, User Agent: Mozilla/5.0 (X11; Linux x86_64) AppleWebKit/537.36 (KHTML, like Gecko) Chrome/86.0.4240.75 Safari/537.36
2020-12-24T00:01:24.499Z info: 	Response Body:[{"address":{"street":"555 Apple Ln","city":"Springfield","state":"NY","zip":55555},"tests":["rapid","pcr","blood"],"_id":"5fe37c25c1c6521f96315d8c","name":"Location 1","phone":"(718)555-5555","__v":0},{"address":{"street":"222 Orange Rd","city":"Middletown","state":"NY","zip":55555},"tests":["pcr","blood"],"_id":"5fe37c43c1c6521f96315d8d","name":"Location 2","__v":0},{"address":{"street":"56 Pineapple Rd","city":"Jonestown","state":"NY","zip":55555},"tests":["blood"],"_id":"5fe37c61c1c6521f96315d8e","name":"Location 3","__v":0}]
2020-12-24T00:01:24.500Z info: 	Response: 304 14.262 ms 
2020-12-24T00:01:30.530Z info: 	Request: GET /common/locations at Wed Dec 23 2020 19:01:30 GMT-0500, IP: ::1, User Agent: Mozilla/5.0 (X11; Linux x86_64) AppleWebKit/537.36 (KHTML, like Gecko) Chrome/86.0.4240.75 Safari/537.36
2020-12-24T00:01:30.548Z info: 	Response Body:[{"address":{"street":"555 Apple Ln","city":"Springfield","state":"NY","zip":55555},"tests":["rapid","pcr","blood"],"_id":"5fe37c25c1c6521f96315d8c","name":"Location 1","phone":"(718)555-5555","__v":0},{"address":{"street":"222 Orange Rd","city":"Middletown","state":"NY","zip":55555},"tests":["pcr","blood"],"_id":"5fe37c43c1c6521f96315d8d","name":"Location 2","__v":0},{"address":{"street":"56 Pineapple Rd","city":"Jonestown","state":"NY","zip":55555},"tests":["blood"],"_id":"5fe37c61c1c6521f96315d8e","name":"Location 3","__v":0}]
2020-12-24T00:01:30.548Z info: 	Response: 304 16.362 ms 
2020-12-24T00:01:32.663Z info: 	Request: GET /common/locations at Wed Dec 23 2020 19:01:32 GMT-0500, IP: ::1, User Agent: Mozilla/5.0 (X11; Linux x86_64) AppleWebKit/537.36 (KHTML, like Gecko) Chrome/86.0.4240.75 Safari/537.36
2020-12-24T00:01:32.681Z info: 	Response Body:[{"address":{"street":"555 Apple Ln","city":"Springfield","state":"NY","zip":55555},"tests":["rapid","pcr","blood"],"_id":"5fe37c25c1c6521f96315d8c","name":"Location 1","phone":"(718)555-5555","__v":0},{"address":{"street":"222 Orange Rd","city":"Middletown","state":"NY","zip":55555},"tests":["pcr","blood"],"_id":"5fe37c43c1c6521f96315d8d","name":"Location 2","__v":0},{"address":{"street":"56 Pineapple Rd","city":"Jonestown","state":"NY","zip":55555},"tests":["blood"],"_id":"5fe37c61c1c6521f96315d8e","name":"Location 3","__v":0}]
2020-12-24T00:01:32.682Z info: 	Response: 304 16.426 ms 
2020-12-24T00:01:38.960Z info: 	Request: GET /common/locations at Wed Dec 23 2020 19:01:38 GMT-0500, IP: ::1, User Agent: Mozilla/5.0 (X11; Linux x86_64) AppleWebKit/537.36 (KHTML, like Gecko) Chrome/86.0.4240.75 Safari/537.36
2020-12-24T00:01:39.016Z info: 	Response Body:[{"address":{"street":"555 Apple Ln","city":"Springfield","state":"NY","zip":55555},"tests":["rapid","pcr","blood"],"_id":"5fe37c25c1c6521f96315d8c","name":"Location 1","phone":"(718)555-5555","__v":0},{"address":{"street":"222 Orange Rd","city":"Middletown","state":"NY","zip":55555},"tests":["pcr","blood"],"_id":"5fe37c43c1c6521f96315d8d","name":"Location 2","__v":0},{"address":{"street":"56 Pineapple Rd","city":"Jonestown","state":"NY","zip":55555},"tests":["blood"],"_id":"5fe37c61c1c6521f96315d8e","name":"Location 3","__v":0}]
2020-12-24T00:01:39.016Z info: 	Response: 304 54.715 ms 
2020-12-24T00:01:44.690Z info: 	Request: GET /common/locations at Wed Dec 23 2020 19:01:44 GMT-0500, IP: ::1, User Agent: Mozilla/5.0 (X11; Linux x86_64) AppleWebKit/537.36 (KHTML, like Gecko) Chrome/86.0.4240.75 Safari/537.36
2020-12-24T00:01:44.708Z info: 	Response Body:[{"address":{"street":"555 Apple Ln","city":"Springfield","state":"NY","zip":55555},"tests":["rapid","pcr","blood"],"_id":"5fe37c25c1c6521f96315d8c","name":"Location 1","phone":"(718)555-5555","__v":0},{"address":{"street":"222 Orange Rd","city":"Middletown","state":"NY","zip":55555},"tests":["pcr","blood"],"_id":"5fe37c43c1c6521f96315d8d","name":"Location 2","__v":0},{"address":{"street":"56 Pineapple Rd","city":"Jonestown","state":"NY","zip":55555},"tests":["blood"],"_id":"5fe37c61c1c6521f96315d8e","name":"Location 3","__v":0}]
2020-12-24T00:01:44.708Z info: 	Response: 304 17.741 ms 
2020-12-24T00:02:51.859Z info: 	Request: GET /common/locations at Wed Dec 23 2020 19:02:51 GMT-0500, IP: ::1, User Agent: Mozilla/5.0 (X11; Linux x86_64) AppleWebKit/537.36 (KHTML, like Gecko) Chrome/86.0.4240.75 Safari/537.36
2020-12-24T00:02:51.878Z info: 	Response Body:[{"address":{"street":"555 Apple Ln","city":"Springfield","state":"NY","zip":55555},"tests":["rapid","pcr","blood"],"_id":"5fe37c25c1c6521f96315d8c","name":"Location 1","phone":"(718)555-5555","__v":0},{"address":{"street":"222 Orange Rd","city":"Middletown","state":"NY","zip":55555},"tests":["pcr","blood"],"_id":"5fe37c43c1c6521f96315d8d","name":"Location 2","__v":0},{"address":{"street":"56 Pineapple Rd","city":"Jonestown","state":"NY","zip":55555},"tests":["blood"],"_id":"5fe37c61c1c6521f96315d8e","name":"Location 3","__v":0}]
2020-12-24T00:02:51.878Z info: 	Response: 304 17.364 ms 
2020-12-24T00:17:08.374Z info: 	Request: GET /common/locations at Wed Dec 23 2020 19:17:08 GMT-0500, IP: ::1, User Agent: Mozilla/5.0 (X11; Linux x86_64) AppleWebKit/537.36 (KHTML, like Gecko) Chrome/86.0.4240.75 Safari/537.36
2020-12-24T00:17:08.387Z info: 	Response Body:[{"address":{"street":"555 Apple Ln","city":"Springfield","state":"NY","zip":55555},"tests":["rapid","pcr","blood"],"_id":"5fe37c25c1c6521f96315d8c","name":"Location 1","phone":"(718)555-5555","__v":0},{"address":{"street":"222 Orange Rd","city":"Middletown","state":"NY","zip":55555},"tests":["pcr","blood"],"_id":"5fe37c43c1c6521f96315d8d","name":"Location 2","__v":0},{"address":{"street":"56 Pineapple Rd","city":"Jonestown","state":"NY","zip":55555},"tests":["blood"],"_id":"5fe37c61c1c6521f96315d8e","name":"Location 3","__v":0}]
2020-12-24T00:17:08.388Z info: 	Response: 304 13.025 ms 
2020-12-24T00:18:27.629Z info: 	Request: GET /common/locations at Wed Dec 23 2020 19:18:27 GMT-0500, IP: ::1, User Agent: Mozilla/5.0 (X11; Linux x86_64) AppleWebKit/537.36 (KHTML, like Gecko) Chrome/86.0.4240.75 Safari/537.36
2020-12-24T00:18:27.647Z info: 	Response Body:[{"address":{"street":"555 Apple Ln","city":"Springfield","state":"NY","zip":55555},"tests":["rapid","pcr","blood"],"_id":"5fe37c25c1c6521f96315d8c","name":"Location 1","phone":"(718)555-5555","__v":0},{"address":{"street":"222 Orange Rd","city":"Middletown","state":"NY","zip":55555},"tests":["pcr","blood"],"_id":"5fe37c43c1c6521f96315d8d","name":"Location 2","__v":0},{"address":{"street":"56 Pineapple Rd","city":"Jonestown","state":"NY","zip":55555},"tests":["blood"],"_id":"5fe37c61c1c6521f96315d8e","name":"Location 3","__v":0}]
2020-12-24T00:18:27.647Z info: 	Response: 304 17.664 ms 
2020-12-24T00:18:36.280Z info: 	Request: GET /common/locations at Wed Dec 23 2020 19:18:36 GMT-0500, IP: ::1, User Agent: Mozilla/5.0 (X11; Linux x86_64) AppleWebKit/537.36 (KHTML, like Gecko) Chrome/86.0.4240.75 Safari/537.36
2020-12-24T00:18:36.299Z info: 	Response Body:[{"address":{"street":"555 Apple Ln","city":"Springfield","state":"NY","zip":55555},"tests":["rapid","pcr","blood"],"_id":"5fe37c25c1c6521f96315d8c","name":"Location 1","phone":"(718)555-5555","__v":0},{"address":{"street":"222 Orange Rd","city":"Middletown","state":"NY","zip":55555},"tests":["pcr","blood"],"_id":"5fe37c43c1c6521f96315d8d","name":"Location 2","__v":0},{"address":{"street":"56 Pineapple Rd","city":"Jonestown","state":"NY","zip":55555},"tests":["blood"],"_id":"5fe37c61c1c6521f96315d8e","name":"Location 3","__v":0}]
2020-12-24T00:18:36.299Z info: 	Response: 304 17.461 ms 
2020-12-24T00:18:44.394Z info: 	Request: GET /common/locations at Wed Dec 23 2020 19:18:44 GMT-0500, IP: ::1, User Agent: Mozilla/5.0 (X11; Linux x86_64) AppleWebKit/537.36 (KHTML, like Gecko) Chrome/86.0.4240.75 Safari/537.36
2020-12-24T00:18:44.411Z info: 	Response Body:[{"address":{"street":"555 Apple Ln","city":"Springfield","state":"NY","zip":55555},"tests":["rapid","pcr","blood"],"_id":"5fe37c25c1c6521f96315d8c","name":"Location 1","phone":"(718)555-5555","__v":0},{"address":{"street":"222 Orange Rd","city":"Middletown","state":"NY","zip":55555},"tests":["pcr","blood"],"_id":"5fe37c43c1c6521f96315d8d","name":"Location 2","__v":0},{"address":{"street":"56 Pineapple Rd","city":"Jonestown","state":"NY","zip":55555},"tests":["blood"],"_id":"5fe37c61c1c6521f96315d8e","name":"Location 3","__v":0}]
2020-12-24T00:18:44.412Z info: 	Response: 304 15.877 ms 
2020-12-24T00:19:21.210Z info: 	Request: GET /common/locations at Wed Dec 23 2020 19:19:21 GMT-0500, IP: ::1, User Agent: Mozilla/5.0 (X11; Linux x86_64) AppleWebKit/537.36 (KHTML, like Gecko) Chrome/86.0.4240.75 Safari/537.36
2020-12-24T00:19:21.228Z info: 	Response Body:[{"address":{"street":"555 Apple Ln","city":"Springfield","state":"NY","zip":55555},"tests":["rapid","pcr","blood"],"_id":"5fe37c25c1c6521f96315d8c","name":"Location 1","phone":"(718)555-5555","__v":0},{"address":{"street":"222 Orange Rd","city":"Middletown","state":"NY","zip":55555},"tests":["pcr","blood"],"_id":"5fe37c43c1c6521f96315d8d","name":"Location 2","__v":0},{"address":{"street":"56 Pineapple Rd","city":"Jonestown","state":"NY","zip":55555},"tests":["blood"],"_id":"5fe37c61c1c6521f96315d8e","name":"Location 3","__v":0}]
2020-12-24T00:19:21.228Z info: 	Response: 304 16.995 ms 
2020-12-24T00:22:19.438Z info: 	Request: GET /common/locations at Wed Dec 23 2020 19:22:19 GMT-0500, IP: ::1, User Agent: Mozilla/5.0 (X11; Linux x86_64) AppleWebKit/537.36 (KHTML, like Gecko) Chrome/86.0.4240.75 Safari/537.36
2020-12-24T00:22:19.457Z info: 	Response Body:[{"address":{"street":"555 Apple Ln","city":"Springfield","state":"NY","zip":55555},"tests":["rapid","pcr","blood"],"_id":"5fe37c25c1c6521f96315d8c","name":"Location 1","phone":"(718)555-5555","__v":0},{"address":{"street":"222 Orange Rd","city":"Middletown","state":"NY","zip":55555},"tests":["pcr","blood"],"_id":"5fe37c43c1c6521f96315d8d","name":"Location 2","__v":0},{"address":{"street":"56 Pineapple Rd","city":"Jonestown","state":"NY","zip":55555},"tests":["blood"],"_id":"5fe37c61c1c6521f96315d8e","name":"Location 3","__v":0}]
2020-12-24T00:22:19.457Z info: 	Response: 304 18.630 ms 
2020-12-24T00:22:26.589Z info: 	Request: GET /common/locations at Wed Dec 23 2020 19:22:26 GMT-0500, IP: ::1, User Agent: Mozilla/5.0 (X11; Linux x86_64) AppleWebKit/537.36 (KHTML, like Gecko) Chrome/86.0.4240.75 Safari/537.36
2020-12-24T00:22:26.604Z info: 	Response Body:[{"address":{"street":"555 Apple Ln","city":"Springfield","state":"NY","zip":55555},"tests":["rapid","pcr","blood"],"_id":"5fe37c25c1c6521f96315d8c","name":"Location 1","phone":"(718)555-5555","__v":0},{"address":{"street":"222 Orange Rd","city":"Middletown","state":"NY","zip":55555},"tests":["pcr","blood"],"_id":"5fe37c43c1c6521f96315d8d","name":"Location 2","__v":0},{"address":{"street":"56 Pineapple Rd","city":"Jonestown","state":"NY","zip":55555},"tests":["blood"],"_id":"5fe37c61c1c6521f96315d8e","name":"Location 3","__v":0}]
2020-12-24T00:22:26.605Z info: 	Response: 304 13.976 ms 
2020-12-24T00:23:44.415Z info: 	Request: GET /common/locations at Wed Dec 23 2020 19:23:44 GMT-0500, IP: ::1, User Agent: Mozilla/5.0 (X11; Linux x86_64) AppleWebKit/537.36 (KHTML, like Gecko) Chrome/86.0.4240.75 Safari/537.36
2020-12-24T00:23:44.431Z info: 	Response Body:[{"address":{"street":"555 Apple Ln","city":"Springfield","state":"NY","zip":55555},"tests":["rapid","pcr","blood"],"_id":"5fe37c25c1c6521f96315d8c","name":"Location 1","phone":"(718)555-5555","__v":0},{"address":{"street":"222 Orange Rd","city":"Middletown","state":"NY","zip":55555},"tests":["pcr","blood"],"_id":"5fe37c43c1c6521f96315d8d","name":"Location 2","__v":0},{"address":{"street":"56 Pineapple Rd","city":"Jonestown","state":"NY","zip":55555},"tests":["blood"],"_id":"5fe37c61c1c6521f96315d8e","name":"Location 3","__v":0}]
2020-12-24T00:23:44.431Z info: 	Response: 304 15.933 ms 
2020-12-24T00:28:30.709Z info: 	Request: GET /common/locations at Wed Dec 23 2020 19:28:30 GMT-0500, IP: ::1, User Agent: Mozilla/5.0 (X11; Linux x86_64) AppleWebKit/537.36 (KHTML, like Gecko) Chrome/86.0.4240.75 Safari/537.36
2020-12-24T00:28:30.723Z info: 	Response Body:[{"address":{"street":"555 Apple Ln","city":"Springfield","state":"NY","zip":55555},"tests":["rapid","pcr","blood"],"_id":"5fe37c25c1c6521f96315d8c","name":"Location 1","phone":"(718)555-5555","__v":0},{"address":{"street":"222 Orange Rd","city":"Middletown","state":"NY","zip":55555},"tests":["pcr","blood"],"_id":"5fe37c43c1c6521f96315d8d","name":"Location 2","__v":0},{"address":{"street":"56 Pineapple Rd","city":"Jonestown","state":"NY","zip":55555},"tests":["blood"],"_id":"5fe37c61c1c6521f96315d8e","name":"Location 3","__v":0}]
2020-12-24T00:28:30.723Z info: 	Response: 304 13.865 ms 
2020-12-24T00:29:15.164Z info: 	Request: GET /common/locations at Wed Dec 23 2020 19:29:15 GMT-0500, IP: ::1, User Agent: Mozilla/5.0 (X11; Linux x86_64) AppleWebKit/537.36 (KHTML, like Gecko) Chrome/86.0.4240.75 Safari/537.36
2020-12-24T00:29:15.182Z info: 	Response Body:[{"address":{"street":"555 Apple Ln","city":"Springfield","state":"NY","zip":55555},"tests":["rapid","pcr","blood"],"_id":"5fe37c25c1c6521f96315d8c","name":"Location 1","phone":"(718)555-5555","__v":0},{"address":{"street":"222 Orange Rd","city":"Middletown","state":"NY","zip":55555},"tests":["pcr","blood"],"_id":"5fe37c43c1c6521f96315d8d","name":"Location 2","__v":0},{"address":{"street":"56 Pineapple Rd","city":"Jonestown","state":"NY","zip":55555},"tests":["blood"],"_id":"5fe37c61c1c6521f96315d8e","name":"Location 3","__v":0}]
2020-12-24T00:29:15.182Z info: 	Response: 304 17.698 ms 
2020-12-24T00:29:26.695Z info: 	Request: GET /common/locations at Wed Dec 23 2020 19:29:26 GMT-0500, IP: ::1, User Agent: Mozilla/5.0 (X11; Linux x86_64) AppleWebKit/537.36 (KHTML, like Gecko) Chrome/86.0.4240.75 Safari/537.36
2020-12-24T00:29:26.711Z info: 	Response Body:[{"address":{"street":"555 Apple Ln","city":"Springfield","state":"NY","zip":55555},"tests":["rapid","pcr","blood"],"_id":"5fe37c25c1c6521f96315d8c","name":"Location 1","phone":"(718)555-5555","__v":0},{"address":{"street":"222 Orange Rd","city":"Middletown","state":"NY","zip":55555},"tests":["pcr","blood"],"_id":"5fe37c43c1c6521f96315d8d","name":"Location 2","__v":0},{"address":{"street":"56 Pineapple Rd","city":"Jonestown","state":"NY","zip":55555},"tests":["blood"],"_id":"5fe37c61c1c6521f96315d8e","name":"Location 3","__v":0}]
2020-12-24T00:29:26.712Z info: 	Response: 304 16.205 ms 
2020-12-24T00:29:35.032Z info: 	Request: GET /common/locations at Wed Dec 23 2020 19:29:35 GMT-0500, IP: ::1, User Agent: Mozilla/5.0 (X11; Linux x86_64) AppleWebKit/537.36 (KHTML, like Gecko) Chrome/86.0.4240.75 Safari/537.36
2020-12-24T00:29:35.048Z info: 	Response Body:[{"address":{"street":"555 Apple Ln","city":"Springfield","state":"NY","zip":55555},"tests":["rapid","pcr","blood"],"_id":"5fe37c25c1c6521f96315d8c","name":"Location 1","phone":"(718)555-5555","__v":0},{"address":{"street":"222 Orange Rd","city":"Middletown","state":"NY","zip":55555},"tests":["pcr","blood"],"_id":"5fe37c43c1c6521f96315d8d","name":"Location 2","__v":0},{"address":{"street":"56 Pineapple Rd","city":"Jonestown","state":"NY","zip":55555},"tests":["blood"],"_id":"5fe37c61c1c6521f96315d8e","name":"Location 3","__v":0}]
2020-12-24T00:29:35.048Z info: 	Response: 304 15.354 ms 
2020-12-24T00:29:44.863Z info: 	Request: GET /common/locations at Wed Dec 23 2020 19:29:44 GMT-0500, IP: ::1, User Agent: Mozilla/5.0 (X11; Linux x86_64) AppleWebKit/537.36 (KHTML, like Gecko) Chrome/86.0.4240.75 Safari/537.36
2020-12-24T00:29:44.881Z info: 	Response Body:[{"address":{"street":"555 Apple Ln","city":"Springfield","state":"NY","zip":55555},"tests":["rapid","pcr","blood"],"_id":"5fe37c25c1c6521f96315d8c","name":"Location 1","phone":"(718)555-5555","__v":0},{"address":{"street":"222 Orange Rd","city":"Middletown","state":"NY","zip":55555},"tests":["pcr","blood"],"_id":"5fe37c43c1c6521f96315d8d","name":"Location 2","__v":0},{"address":{"street":"56 Pineapple Rd","city":"Jonestown","state":"NY","zip":55555},"tests":["blood"],"_id":"5fe37c61c1c6521f96315d8e","name":"Location 3","__v":0}]
2020-12-24T00:29:44.881Z info: 	Response: 304 17.169 ms 
2020-12-24T00:31:55.789Z info: 	Request: GET /common/locations at Wed Dec 23 2020 19:31:55 GMT-0500, IP: ::1, User Agent: Mozilla/5.0 (X11; Linux x86_64) AppleWebKit/537.36 (KHTML, like Gecko) Chrome/86.0.4240.75 Safari/537.36
2020-12-24T00:31:55.810Z info: 	Response Body:[{"address":{"street":"555 Apple Ln","city":"Beverly Hills","state":"CA","zip":90210},"tests":["rapid","pcr","blood"],"_id":"5fe37c25c1c6521f96315d8c","name":"Celebrity Urgent Care","phone":"(718)555-5555","__v":0},{"address":{"street":"222 Orange Rd","city":"Middletown","state":"NY","zip":10940},"tests":["pcr","blood"],"_id":"5fe37c43c1c6521f96315d8d","name":"Upstate Urgent Care","__v":0},{"address":{"street":"56 Pineapple Rd","city":"Astoria","state":"NY","zip":11105},"tests":["blood"],"_id":"5fe37c61c1c6521f96315d8e","name":"Astoria Urgent Care","__v":0}]
2020-12-24T00:31:55.811Z info: 	Response: 200 19.501 ms 
2020-12-24T00:32:39.762Z info: 	Request: GET /common/locations at Wed Dec 23 2020 19:32:39 GMT-0500, IP: ::1, User Agent: Mozilla/5.0 (X11; Linux x86_64) AppleWebKit/537.36 (KHTML, like Gecko) Chrome/86.0.4240.75 Safari/537.36
2020-12-24T00:32:39.784Z info: 	Response Body:[{"address":{"street":"555 Apple Ln","city":"Beverly Hills","state":"CA","zip":90210},"tests":["rapid","pcr","blood"],"_id":"5fe37c25c1c6521f96315d8c","name":"Celebrity Urgent Care","phone":"(718)555-5555","__v":0},{"address":{"street":"222 Orange Rd","city":"Middletown","state":"NY","zip":10940},"tests":["pcr","blood"],"_id":"5fe37c43c1c6521f96315d8d","name":"Upstate Urgent Care","__v":0},{"address":{"street":"56 Pineapple Rd","city":"Astoria","state":"NY","zip":11105},"tests":["blood"],"_id":"5fe37c61c1c6521f96315d8e","name":"Astoria Urgent Care","__v":0}]
2020-12-24T00:32:39.784Z info: 	Response: 304 20.649 ms 
2020-12-24T00:35:12.385Z info: 	Request: GET /common/locations at Wed Dec 23 2020 19:35:12 GMT-0500, IP: ::1, User Agent: Mozilla/5.0 (X11; Linux x86_64) AppleWebKit/537.36 (KHTML, like Gecko) Chrome/86.0.4240.75 Safari/537.36
2020-12-24T00:35:12.403Z info: 	Response Body:[{"address":{"street":"555 Apple Ln","city":"Beverly Hills","state":"CA","zip":90210},"tests":["rapid","pcr","blood"],"_id":"5fe37c25c1c6521f96315d8c","name":"Celebrity Urgent Care","phone":"(718)555-5555","__v":0},{"address":{"street":"222 Orange Rd","city":"Middletown","state":"NY","zip":10940},"tests":["pcr","blood"],"_id":"5fe37c43c1c6521f96315d8d","name":"Upstate Urgent Care","__v":0},{"address":{"street":"56 Pineapple Rd","city":"Astoria","state":"NY","zip":11105},"tests":["blood"],"_id":"5fe37c61c1c6521f96315d8e","name":"Astoria Urgent Care","__v":0}]
2020-12-24T00:35:12.403Z info: 	Response: 304 16.555 ms 
2020-12-24T00:38:52.305Z info: 	Server is running on port: 8000
2020-12-24T00:38:52.624Z info: 	Connected to database.
