2020-12-22T15:20:45.995Z info: 	Server is running on port: 3000
2020-12-22T15:20:46.376Z info: 	Connected to database.
2020-12-22T15:21:40.709Z info: 	Request: POST /common/register at Tue Dec 22 2020 10:21:40 GMT-0500, IP: ::1, User Agent: insomnia/2020.5.2
2020-12-22T15:21:40.712Z error: 	registerPost => 
 ReferenceError: newPassword is not defined
    at Object.registerPost (/home/nick/WebProjects/covid-testing-server/routes/common/reqs/registerPost.js:11:33)
    at router.route.post (/home/nick/WebProjects/covid-testing-server/routes/common/common.js:23:51)
    at Layer.handle [as handle_request] (/home/nick/WebProjects/covid-testing-server/node_modules/express/lib/router/layer.js:95:5)
    at next (/home/nick/WebProjects/covid-testing-server/node_modules/express/lib/router/route.js:137:13)
    at Route.dispatch (/home/nick/WebProjects/covid-testing-server/node_modules/express/lib/router/route.js:112:3)
    at Layer.handle [as handle_request] (/home/nick/WebProjects/covid-testing-server/node_modules/express/lib/router/layer.js:95:5)
    at /home/nick/WebProjects/covid-testing-server/node_modules/express/lib/router/index.js:281:22
    at Function.process_params (/home/nick/WebProjects/covid-testing-server/node_modules/express/lib/router/index.js:335:12)
    at next (/home/nick/WebProjects/covid-testing-server/node_modules/express/lib/router/index.js:275:10)
    at Function.handle (/home/nick/WebProjects/covid-testing-server/node_modules/express/lib/router/index.js:174:3)
    at router (/home/nick/WebProjects/covid-testing-server/node_modules/express/lib/router/index.js:47:12)
    at Layer.handle [as handle_request] (/home/nick/WebProjects/covid-testing-server/node_modules/express/lib/router/layer.js:95:5)
    at trim_prefix (/home/nick/WebProjects/covid-testing-server/node_modules/express/lib/router/index.js:317:13)
    at /home/nick/WebProjects/covid-testing-server/node_modules/express/lib/router/index.js:284:7
    at Function.process_params (/home/nick/WebProjects/covid-testing-server/node_modules/express/lib/router/index.js:335:12)
    at next (/home/nick/WebProjects/covid-testing-server/node_modules/express/lib/router/index.js:275:10)
2020-12-22T15:21:40.718Z info: 	Request Body:{"role":"provider","email":"provider3@yahoo.com","password":"[FILTERED]"}
2020-12-22T15:21:40.719Z info: 	Response Body:An error occurred. Please try again later.
2020-12-22T15:21:40.720Z info: 	Response: 500 3.878 ms 
2020-12-22T15:22:44.025Z info: 	Server is running on port: 3000
2020-12-22T15:22:44.379Z info: 	Connected to database.
2020-12-22T15:22:46.973Z info: 	Request: POST /common/register at Tue Dec 22 2020 10:22:46 GMT-0500, IP: ::1, User Agent: insomnia/2020.5.2
2020-12-22T15:22:47.290Z info: 	Request Body:{"role":"provider","email":"provider3@yahoo.com","password":"[FILTERED]"}
2020-12-22T15:22:47.290Z info: 	Response Body:Success! You are now logged in.
2020-12-22T15:22:47.291Z info: 	Response: 200 312.685 ms 
2020-12-22T15:23:00.423Z info: 	Request: GET /common/logout at Tue Dec 22 2020 10:23:00 GMT-0500, IP: ::1, User Agent: insomnia/2020.5.2
2020-12-22T15:23:00.428Z info: 	Response Body:You have successfully logged out.
2020-12-22T15:23:00.428Z info: 	Response: 200 1.636 ms 
2020-12-22T15:23:17.029Z info: 	Request: GET /common/appointments at Tue Dec 22 2020 10:23:17 GMT-0500, IP: ::1, User Agent: insomnia/2020.5.2
2020-12-22T15:23:17.031Z info: 	Request Body:{"client":"5fe11345ff2a2f49a8d8f84a"}
2020-12-22T15:23:17.032Z info: 	Response Body:unsuccessful
2020-12-22T15:23:17.033Z info: 	Response: 401 0.667 ms 
2020-12-22T15:23:22.271Z info: 	Request: POST /common/login at Tue Dec 22 2020 10:23:22 GMT-0500, IP: ::1, User Agent: insomnia/2020.5.2
2020-12-22T15:23:22.536Z info: 	Request Body:{"email":"provider3@yahoo.com","password":"[FILTERED]"}
2020-12-22T15:23:22.537Z info: 	Response Body:Success!
2020-12-22T15:23:22.537Z info: 	Response: 200 264.493 ms 
2020-12-22T15:23:26.916Z info: 	Request: GET /common/logout at Tue Dec 22 2020 10:23:26 GMT-0500, IP: ::1, User Agent: insomnia/2020.5.2
2020-12-22T15:23:26.919Z info: 	Response Body:You have successfully logged out.
2020-12-22T15:23:26.920Z info: 	Response: 200 1.789 ms 
2020-12-22T15:23:28.845Z info: 	Request: POST /common/login at Tue Dec 22 2020 10:23:28 GMT-0500, IP: ::1, User Agent: insomnia/2020.5.2
2020-12-22T15:23:29.101Z info: 	Request Body:{"email":"provider3@yahoo.com","password":"[FILTERED]"}
2020-12-22T15:23:29.101Z info: 	Response Body:Success!
2020-12-22T15:23:29.102Z info: 	Response: 200 255.166 ms 
2020-12-22T15:23:33.403Z info: 	Request: GET /common at Tue Dec 22 2020 10:23:33 GMT-0500, IP: ::1, User Agent: insomnia/2020.5.2
2020-12-22T15:23:33.423Z info: 	Request Body:{"client":"5fe11345ff2a2f49a8d8f84a"}
2020-12-22T15:23:33.423Z info: 	Response Body:{"role":"provider","travel":[],"_id":"5fe20f4732447422e293fd46","email":"provider3@yahoo.com","password":"[FILTERED]","__v":0}
2020-12-22T15:23:33.424Z info: 	Response: 200 18.515 ms 
2020-12-22T15:24:24.281Z info: 	Server is running on port: 3000
2020-12-22T15:24:24.613Z info: 	Connected to database.
2020-12-22T15:24:35.970Z info: 	Request: POST /common/login at Tue Dec 22 2020 10:24:35 GMT-0500, IP: ::1, User Agent: insomnia/2020.5.2
2020-12-22T15:24:36.242Z info: 	Request Body:{"email":"provider3@yahoo.com","password":"[FILTERED]"}
2020-12-22T15:24:36.242Z info: 	Response Body:Success!
2020-12-22T15:24:36.243Z info: 	Response: 200 267.526 ms 
2020-12-22T15:24:47.753Z info: 	Request: GET /common at Tue Dec 22 2020 10:24:47 GMT-0500, IP: ::1, User Agent: insomnia/2020.5.2
2020-12-22T15:24:47.773Z info: 	Response Body:{"role":"provider","travel":[],"_id":"5fe20f4732447422e293fd46","email":"provider3@yahoo.com","password":"[FILTERED]","__v":0}
2020-12-22T15:24:47.773Z info: 	Response: 200 17.435 ms 
2020-12-22T15:24:51.297Z info: 	Request: POST /common/update/basic at Tue Dec 22 2020 10:24:51 GMT-0500, IP: ::1, User Agent: insomnia/2020.5.2
2020-12-22T15:24:51.355Z info: 	Request Body:{"name":"Nick Carbone","email":"","phone":"555-555-5555","dob":"5-19-1986"}
2020-12-22T15:24:51.359Z info: 	Response Body:{"role":"provider","travel":[],"_id":"5fe20f4732447422e293fd46","email":"provider3@yahoo.com","password":"[FILTERED]","__v":0,"name":"Nick Carbone","phone":"555-555-5555","dob":"5-19-1986"}
2020-12-22T15:24:51.360Z info: 	Response: 200 56.409 ms 
2020-12-22T15:24:53.661Z info: 	Request: POST /common/update/address at Tue Dec 22 2020 10:24:53 GMT-0500, IP: ::1, User Agent: insomnia/2020.5.2
2020-12-22T15:24:53.705Z info: 	Request Body:{"street":"123 Huckleberry Lane","city":"Pleasantville","state":"MA","zip":"55555"}
2020-12-22T15:24:53.706Z info: 	Response Body:{"address":{"street":"123 Huckleberry Lane","city":"Pleasantville","state":"MA","zip":55555},"role":"provider","travel":[],"_id":"5fe20f4732447422e293fd46","email":"provider3@yahoo.com","password":"[FILTERED]","__v":0,"dob":"5-19-1986","name":"Nick Carbone","phone":"555-555-5555"}
2020-12-22T15:24:53.707Z info: 	Response: 200 43.158 ms 
2020-12-22T15:25:05.067Z info: 	Request: POST /common/update/basic at Tue Dec 22 2020 10:25:05 GMT-0500, IP: ::1, User Agent: insomnia/2020.5.2
2020-12-22T15:25:05.119Z info: 	Request Body:{"name":"Nick Carbone","email":"provider2@yahoo.com","phone":"555-555-5555","dob":"5-19-1986"}
2020-12-22T15:25:05.119Z info: 	Response Body:{"address":{"street":"123 Huckleberry Lane","city":"Pleasantville","state":"MA","zip":55555},"role":"provider","travel":[],"_id":"5fe20f4732447422e293fd46","email":"provider2@yahoo.com","password":"[FILTERED]","__v":0,"dob":"5-19-1986","name":"Nick Carbone","phone":"555-555-5555"}
2020-12-22T15:25:05.120Z info: 	Response: 200 49.706 ms 
2020-12-22T15:25:52.385Z info: 	Request: GET /common/logout at Tue Dec 22 2020 10:25:52 GMT-0500, IP: ::1, User Agent: insomnia/2020.5.2
2020-12-22T15:25:52.390Z info: 	Response Body:You have successfully logged out.
2020-12-22T15:25:52.392Z info: 	Response: 200 2.191 ms 
2020-12-22T15:25:57.159Z info: 	Request: POST /common/register at Tue Dec 22 2020 10:25:57 GMT-0500, IP: ::1, User Agent: insomnia/2020.5.2
2020-12-22T15:25:57.434Z info: 	Request Body:{"role":"provider","email":"provider3@yahoo.com","password":"[FILTERED]"}
2020-12-22T15:25:57.435Z info: 	Response Body:Success! You are now logged in.
2020-12-22T15:25:57.436Z info: 	Response: 200 274.399 ms 
2020-12-22T15:26:02.037Z info: 	Request: POST /common/update/basic at Tue Dec 22 2020 10:26:02 GMT-0500, IP: ::1, User Agent: insomnia/2020.5.2
2020-12-22T15:26:02.066Z info: 	Request Body:{"name":"Nick Carbone","email":"provider2@yahoo.com","phone":"555-555-5555","dob":"5-19-1986"}
2020-12-22T15:26:02.066Z info: 	Response Body:Email address unavailable.
2020-12-22T15:26:02.067Z info: 	Response: 400 27.472 ms 
2020-12-22T15:26:08.540Z info: 	Request: POST /common/update/password at Tue Dec 22 2020 10:26:08 GMT-0500, IP: ::1, User Agent: insomnia/2020.5.2
2020-12-22T15:26:09.031Z info: 	Request Body:{"currentPassword":"[FILTERED]","newPassword":"[FILTERED]"}
2020-12-22T15:26:09.032Z info: 	Response Body:{"role":"provider","travel":[],"_id":"5fe2100588fff323b9bc2967","email":"provider3@yahoo.com","password":"[FILTERED]","__v":0}
2020-12-22T15:26:09.034Z info: 	Response: 200 490.061 ms 
2020-12-22T15:26:20.064Z info: 	Request: GET /common/logout at Tue Dec 22 2020 10:26:20 GMT-0500, IP: ::1, User Agent: insomnia/2020.5.2
2020-12-22T15:26:20.068Z info: 	Response Body:You have successfully logged out.
2020-12-22T15:26:20.069Z info: 	Response: 200 1.381 ms 
2020-12-22T15:26:25.637Z info: 	Request: POST /common/login at Tue Dec 22 2020 10:26:25 GMT-0500, IP: ::1, User Agent: insomnia/2020.5.2
2020-12-22T15:26:25.896Z info: 	Request Body:{"email":"provider3@yahoo.com","password":"[FILTERED]"}
2020-12-22T15:26:25.897Z info: 	Response Body:Success!
2020-12-22T15:26:25.897Z info: 	Response: 200 258.797 ms 
2020-12-22T15:26:28.607Z info: 	Request: POST /common/update/password at Tue Dec 22 2020 10:26:28 GMT-0500, IP: ::1, User Agent: insomnia/2020.5.2
2020-12-22T15:26:28.861Z info: 	Request Body:{"currentPassword":"[FILTERED]","newPassword":"[FILTERED]"}
2020-12-22T15:26:28.861Z info: 	Response Body:Incorrect current password
2020-12-22T15:26:28.862Z info: 	Response: 400 254.122 ms 
2020-12-22T15:26:40.845Z info: 	Request: POST /common/update/password at Tue Dec 22 2020 10:26:40 GMT-0500, IP: ::1, User Agent: insomnia/2020.5.2
2020-12-22T15:26:41.116Z info: 	Request Body:{"currentPassword":"[FILTERED]","newPassword":"[FILTERED]"}
2020-12-22T15:26:41.116Z info: 	Response Body:Invalid password.
2020-12-22T15:26:41.117Z info: 	Response: 400 269.420 ms 
2020-12-22T15:26:48.077Z info: 	Request: POST /common/update/password at Tue Dec 22 2020 10:26:48 GMT-0500, IP: ::1, User Agent: insomnia/2020.5.2
2020-12-22T15:26:48.578Z info: 	Request Body:{"currentPassword":"[FILTERED]","newPassword":"[FILTERED]"}
2020-12-22T15:26:48.578Z info: 	Response Body:{"role":"provider","travel":[],"_id":"5fe2100588fff323b9bc2967","email":"provider3@yahoo.com","password":"[FILTERED]","__v":0}
2020-12-22T15:26:48.578Z info: 	Response: 200 499.445 ms 
2020-12-22T15:26:56.194Z info: 	Request: POST /common/update/basic at Tue Dec 22 2020 10:26:56 GMT-0500, IP: ::1, User Agent: insomnia/2020.5.2
2020-12-22T15:26:56.223Z info: 	Request Body:{"name":"Nick Carbone","email":"provider2@yahoo.com","phone":"555-555-5555","dob":"5-19-1986"}
2020-12-22T15:26:56.223Z info: 	Response Body:Email address unavailable.
2020-12-22T15:26:56.223Z info: 	Response: 400 28.174 ms 
2020-12-22T15:27:00.126Z info: 	Request: POST /common/update/basic at Tue Dec 22 2020 10:27:00 GMT-0500, IP: ::1, User Agent: insomnia/2020.5.2
2020-12-22T15:27:00.173Z info: 	Request Body:{"name":"Nick Carbone","email":"provider4@yahoo.com","phone":"555-555-5555","dob":"5-19-1986"}
2020-12-22T15:27:00.173Z info: 	Response Body:{"role":"provider","travel":[],"_id":"5fe2100588fff323b9bc2967","email":"provider4@yahoo.com","password":"[FILTERED]","__v":0,"name":"Nick Carbone","phone":"555-555-5555","dob":"5-19-1986"}
2020-12-22T15:27:00.174Z info: 	Response: 200 46.233 ms 
2020-12-22T15:27:02.085Z info: 	Request: POST /common/update/address at Tue Dec 22 2020 10:27:02 GMT-0500, IP: ::1, User Agent: insomnia/2020.5.2
2020-12-22T15:27:02.127Z info: 	Request Body:{"street":"123 Huckleberry Lane","city":"Pleasantville","state":"MA","zip":"55555"}
2020-12-22T15:27:02.128Z info: 	Response Body:{"address":{"street":"123 Huckleberry Lane","city":"Pleasantville","state":"MA","zip":55555},"role":"provider","travel":[],"_id":"5fe2100588fff323b9bc2967","email":"provider4@yahoo.com","password":"[FILTERED]","__v":0,"dob":"5-19-1986","name":"Nick Carbone","phone":"555-555-5555"}
2020-12-22T15:27:02.129Z info: 	Response: 200 40.238 ms 
2020-12-22T15:27:04.383Z info: 	Request: POST /common/update/password at Tue Dec 22 2020 10:27:04 GMT-0500, IP: ::1, User Agent: insomnia/2020.5.2
2020-12-22T15:27:04.644Z info: 	Request Body:{"currentPassword":"[FILTERED]","newPassword":"[FILTERED]"}
2020-12-22T15:27:04.644Z info: 	Response Body:Incorrect current password
2020-12-22T15:27:04.644Z info: 	Response: 400 259.732 ms 
2020-12-22T15:27:07.638Z info: 	Request: POST /common/update/insurance at Tue Dec 22 2020 10:27:07 GMT-0500, IP: ::1, User Agent: insomnia/2020.5.2
2020-12-22T15:27:07.666Z info: 	Request Body:{"ins_provider":"Empire","ins_id":"32454234562434"}
2020-12-22T15:27:07.667Z info: 	Response Body:{"address":{"street":"123 Huckleberry Lane","city":"Pleasantville","state":"MA","zip":55555},"role":"provider","travel":[],"_id":"5fe2100588fff323b9bc2967","email":"provider4@yahoo.com","password":"[FILTERED]","__v":0,"dob":"5-19-1986","name":"Nick Carbone","phone":"555-555-5555","ins_provider":"Empire","ins_id":"32454234562434"}
2020-12-22T15:27:07.667Z info: 	Response: 200 27.601 ms 
2020-12-22T15:27:09.696Z info: 	Request: POST /common/update/emergency_contact at Tue Dec 22 2020 10:27:09 GMT-0500, IP: ::1, User Agent: insomnia/2020.5.2
2020-12-22T15:27:09.727Z info: 	Request Body:{"name":"Fred Rhino","phone":"555-985-9852","relation":"friend"}
2020-12-22T15:27:09.728Z info: 	Response Body:{"address":{"street":"123 Huckleberry Lane","city":"Pleasantville","state":"MA","zip":55555},"emergency_contact":{"name":"Fred Rhino","phone":"555-985-9852","relation":"friend"},"role":"provider","travel":[],"_id":"5fe2100588fff323b9bc2967","email":"provider4@yahoo.com","password":"[FILTERED]","__v":0,"dob":"5-19-1986","name":"Nick Carbone","phone":"555-555-5555","ins_id":"32454234562434","ins_provider":"Empire"}
2020-12-22T15:27:09.728Z info: 	Response: 200 30.359 ms 
2020-12-22T15:27:11.754Z info: 	Request: POST /common/update/travel at Tue Dec 22 2020 10:27:11 GMT-0500, IP: ::1, User Agent: insomnia/2020.5.2
2020-12-22T15:27:11.785Z info: 	Request Body:{"location":"Japan","date":"April 2019"}
2020-12-22T15:27:11.786Z info: 	Response Body:{"address":{"street":"123 Huckleberry Lane","city":"Pleasantville","state":"MA","zip":55555},"emergency_contact":{"name":"Fred Rhino","phone":"555-985-9852","relation":"friend"},"role":"provider","travel":[{"location":"Japan","date":"April 2019"}],"_id":"5fe2100588fff323b9bc2967","email":"provider4@yahoo.com","password":"[FILTERED]","__v":1,"dob":"5-19-1986","name":"Nick Carbone","phone":"555-555-5555","ins_id":"32454234562434","ins_provider":"Empire"}
2020-12-22T15:27:11.786Z info: 	Response: 200 30.164 ms 
2020-12-22T15:27:13.975Z info: 	Request: GET /common/appointments at Tue Dec 22 2020 10:27:13 GMT-0500, IP: ::1, User Agent: insomnia/2020.5.2
2020-12-22T15:27:29.682Z info: 	Request Body:{"client":"5fe11345ff2a2f49a8d8f84a"}
2020-12-22T15:27:29.683Z info: 	Response: - - ms 
2020-12-22T15:35:28.497Z info: 	Server is running on port: 3000
2020-12-22T15:35:28.800Z info: 	Connected to database.
2020-12-22T15:35:57.912Z info: 	Server is running on port: 3000
2020-12-22T15:35:58.165Z info: 	Connected to database.
2020-12-22T15:36:04.416Z info: 	Request: GET /common/appointments at Tue Dec 22 2020 10:36:04 GMT-0500, IP: ::1, User Agent: insomnia/2020.5.2
2020-12-22T15:36:04.424Z info: 	Request Body:{"client":"5fe11345ff2a2f49a8d8f84a"}
2020-12-22T15:36:04.425Z info: 	Response Body:unsuccessful
2020-12-22T15:36:04.425Z info: 	Response: 401 3.314 ms 
2020-12-22T15:36:08.015Z info: 	Request: POST /common/login at Tue Dec 22 2020 10:36:08 GMT-0500, IP: ::1, User Agent: insomnia/2020.5.2
2020-12-22T15:36:08.049Z info: 	Request Body:{"email":"provider3@yahoo.com","password":"[FILTERED]"}
2020-12-22T15:36:08.049Z info: 	Response: 401 32.571 ms 
2020-12-22T15:36:24.828Z info: 	Request: POST /common/login at Tue Dec 22 2020 10:36:24 GMT-0500, IP: ::1, User Agent: insomnia/2020.5.2
2020-12-22T15:36:24.844Z info: 	Request Body:{"email":"provider3@yahoo.com","password":"[FILTERED]"}
2020-12-22T15:36:24.844Z info: 	Response: 401 15.153 ms 
2020-12-22T15:36:33.011Z info: 	Request: POST /common/login at Tue Dec 22 2020 10:36:33 GMT-0500, IP: ::1, User Agent: insomnia/2020.5.2
2020-12-22T15:36:33.275Z info: 	Request Body:{"email":"provider4@yahoo.com","password":"[FILTERED]"}
2020-12-22T15:36:33.275Z info: 	Response Body:Success!
2020-12-22T15:36:33.276Z info: 	Response: 200 262.961 ms 
2020-12-22T15:36:35.726Z info: 	Request: GET /common/appointments at Tue Dec 22 2020 10:36:35 GMT-0500, IP: ::1, User Agent: insomnia/2020.5.2
2020-12-22T15:36:55.362Z info: 	Request Body:{"client":"5fe11345ff2a2f49a8d8f84a"}
2020-12-22T15:36:55.363Z info: 	Response: - - ms 
2020-12-22T15:37:54.424Z info: 	Request: POST /common/login at Tue Dec 22 2020 10:37:54 GMT-0500, IP: ::1, User Agent: insomnia/2020.5.2
2020-12-22T15:37:54.678Z info: 	Request Body:{"email":"provider4@yahoo.com","password":"[FILTERED]"}
2020-12-22T15:37:54.678Z info: 	Response Body:Success!
2020-12-22T15:37:54.678Z info: 	Response: 200 252.299 ms 
2020-12-22T15:37:57.140Z info: 	Request: GET /common at Tue Dec 22 2020 10:37:57 GMT-0500, IP: ::1, User Agent: insomnia/2020.5.2
2020-12-22T15:37:57.157Z info: 	Response Body:{"address":{"street":"123 Huckleberry Lane","city":"Pleasantville","state":"MA","zip":55555},"emergency_contact":{"name":"Fred Rhino","phone":"555-985-9852","relation":"friend"},"role":"provider","travel":[{"location":"Japan","date":"April 2019"}],"_id":"5fe2100588fff323b9bc2967","email":"provider4@yahoo.com","password":"[FILTERED]","__v":1,"dob":"5-19-1986","name":"Nick Carbone","phone":"555-555-5555","ins_id":"32454234562434","ins_provider":"Empire"}
2020-12-22T15:37:57.158Z info: 	Response: 200 16.179 ms 
2020-12-22T15:37:58.800Z info: 	Request: GET /common/appointments at Tue Dec 22 2020 10:37:58 GMT-0500, IP: ::1, User Agent: insomnia/2020.5.2
2020-12-22T15:38:00.517Z info: 	Request Body:{"client":"5fe11345ff2a2f49a8d8f84a"}
2020-12-22T15:38:00.518Z info: 	Response: - - ms 
2020-12-22T15:38:18.598Z info: 	Server is running on port: 3000
2020-12-22T15:38:18.977Z info: 	Connected to database.
2020-12-22T15:38:24.847Z info: 	Request: POST /common/login at Tue Dec 22 2020 10:38:24 GMT-0500, IP: ::1, User Agent: insomnia/2020.5.2
2020-12-22T15:38:25.125Z info: 	Request Body:{"email":"provider4@yahoo.com","password":"[FILTERED]"}
2020-12-22T15:38:25.126Z info: 	Response Body:Success!
2020-12-22T15:38:25.126Z info: 	Response: 200 274.744 ms 
2020-12-22T15:38:27.062Z info: 	Request: GET /common/appointments at Tue Dec 22 2020 10:38:27 GMT-0500, IP: ::1, User Agent: insomnia/2020.5.2
2020-12-22T15:38:27.063Z error: 	/appointments GET => 
 ReferenceError: _id is not defined
    at Object.getAppointments (/home/nick/WebProjects/covid-testing-server/routes/common/reqs/getAppointments.js:6:51)
    at router.route.get (/home/nick/WebProjects/covid-testing-server/routes/common/common.js:28:48)
    at Layer.handle [as handle_request] (/home/nick/WebProjects/covid-testing-server/node_modules/express/lib/router/layer.js:95:5)
    at next (/home/nick/WebProjects/covid-testing-server/node_modules/express/lib/router/route.js:137:13)
    at ensureAuthenticated (/home/nick/WebProjects/covid-testing-server/tools/ensureAuthenticated.js:3:12)
    at Layer.handle [as handle_request] (/home/nick/WebProjects/covid-testing-server/node_modules/express/lib/router/layer.js:95:5)
    at next (/home/nick/WebProjects/covid-testing-server/node_modules/express/lib/router/route.js:137:13)
    at Route.dispatch (/home/nick/WebProjects/covid-testing-server/node_modules/express/lib/router/route.js:112:3)
    at Layer.handle [as handle_request] (/home/nick/WebProjects/covid-testing-server/node_modules/express/lib/router/layer.js:95:5)
    at /home/nick/WebProjects/covid-testing-server/node_modules/express/lib/router/index.js:281:22
    at Function.process_params (/home/nick/WebProjects/covid-testing-server/node_modules/express/lib/router/index.js:335:12)
    at next (/home/nick/WebProjects/covid-testing-server/node_modules/express/lib/router/index.js:275:10)
    at Function.handle (/home/nick/WebProjects/covid-testing-server/node_modules/express/lib/router/index.js:174:3)
    at router (/home/nick/WebProjects/covid-testing-server/node_modules/express/lib/router/index.js:47:12)
    at Layer.handle [as handle_request] (/home/nick/WebProjects/covid-testing-server/node_modules/express/lib/router/layer.js:95:5)
    at trim_prefix (/home/nick/WebProjects/covid-testing-server/node_modules/express/lib/router/index.js:317:13)
2020-12-22T15:38:27.064Z info: 	Request Body:{"client":"5fe11345ff2a2f49a8d8f84a"}
2020-12-22T15:38:27.065Z info: 	Response Body:An error occurred. Please try again later.
2020-12-22T15:38:27.065Z info: 	Response: 500 1.467 ms 
2020-12-22T15:39:16.542Z info: 	Request: POST /common/login at Tue Dec 22 2020 10:39:16 GMT-0500, IP: ::1, User Agent: insomnia/2020.5.2
2020-12-22T15:39:16.811Z info: 	Request Body:{"email":"provider4@yahoo.com","password":"[FILTERED]"}
2020-12-22T15:39:16.812Z info: 	Response Body:Success!
2020-12-22T15:39:16.812Z info: 	Response: 200 267.818 ms 
2020-12-22T15:39:19.470Z info: 	Request: POST /common/appointments at Tue Dec 22 2020 10:39:19 GMT-0500, IP: ::1, User Agent: insomnia/2020.5.2
2020-12-22T15:39:19.546Z info: 	Request Body:{"date":"6/3/2024","time":"5:44 PM","location":"5fdb8c61e2fd313028466675","test":"PCR"}
2020-12-22T15:39:19.546Z info: 	Response Body:Success!
2020-12-22T15:39:19.546Z info: 	Response: 200 74.310 ms 
2020-12-22T15:40:01.114Z info: 	Server is running on port: 3000
2020-12-22T15:40:01.372Z info: 	Connected to database.
2020-12-22T15:40:02.889Z info: 	Server is running on port: 3000
2020-12-22T15:40:03.154Z info: 	Connected to database.
2020-12-22T15:40:08.547Z info: 	Request: POST /common/login at Tue Dec 22 2020 10:40:08 GMT-0500, IP: ::1, User Agent: insomnia/2020.5.2
2020-12-22T15:40:08.828Z info: 	Request Body:{"email":"provider4@yahoo.com","password":"[FILTERED]"}
2020-12-22T15:40:08.829Z info: 	Response Body:Success!
2020-12-22T15:40:08.829Z info: 	Response: 200 277.418 ms 
2020-12-22T15:40:10.651Z info: 	Request: GET /common/appointments at Tue Dec 22 2020 10:40:10 GMT-0500, IP: ::1, User Agent: insomnia/2020.5.2
2020-12-22T15:40:10.655Z error: 	/appointments GET => 
 ReferenceError: _id is not defined
    at Object.getAppointments (/home/nick/WebProjects/covid-testing-server/routes/common/reqs/getAppointments.js:6:51)
    at router.route.get (/home/nick/WebProjects/covid-testing-server/routes/common/common.js:28:48)
    at Layer.handle [as handle_request] (/home/nick/WebProjects/covid-testing-server/node_modules/express/lib/router/layer.js:95:5)
    at next (/home/nick/WebProjects/covid-testing-server/node_modules/express/lib/router/route.js:137:13)
    at ensureAuthenticated (/home/nick/WebProjects/covid-testing-server/tools/ensureAuthenticated.js:3:12)
    at Layer.handle [as handle_request] (/home/nick/WebProjects/covid-testing-server/node_modules/express/lib/router/layer.js:95:5)
    at next (/home/nick/WebProjects/covid-testing-server/node_modules/express/lib/router/route.js:137:13)
    at Route.dispatch (/home/nick/WebProjects/covid-testing-server/node_modules/express/lib/router/route.js:112:3)
    at Layer.handle [as handle_request] (/home/nick/WebProjects/covid-testing-server/node_modules/express/lib/router/layer.js:95:5)
    at /home/nick/WebProjects/covid-testing-server/node_modules/express/lib/router/index.js:281:22
    at Function.process_params (/home/nick/WebProjects/covid-testing-server/node_modules/express/lib/router/index.js:335:12)
    at next (/home/nick/WebProjects/covid-testing-server/node_modules/express/lib/router/index.js:275:10)
    at Function.handle (/home/nick/WebProjects/covid-testing-server/node_modules/express/lib/router/index.js:174:3)
    at router (/home/nick/WebProjects/covid-testing-server/node_modules/express/lib/router/index.js:47:12)
    at Layer.handle [as handle_request] (/home/nick/WebProjects/covid-testing-server/node_modules/express/lib/router/layer.js:95:5)
    at trim_prefix (/home/nick/WebProjects/covid-testing-server/node_modules/express/lib/router/index.js:317:13)
2020-12-22T15:40:10.661Z info: 	Request Body:{"_id":"5fe213272e08e22a45f1c6c3"}
2020-12-22T15:40:10.662Z info: 	Response Body:An error occurred. Please try again later.
2020-12-22T15:40:10.663Z info: 	Response: 500 5.565 ms 
2020-12-22T15:41:05.483Z info: 	Server is running on port: 3000
2020-12-22T15:41:05.774Z info: 	Connected to database.
2020-12-22T15:41:08.051Z info: 	Request: POST /common/login at Tue Dec 22 2020 10:41:08 GMT-0500, IP: ::1, User Agent: insomnia/2020.5.2
2020-12-22T15:41:08.331Z info: 	Request Body:{"email":"provider4@yahoo.com","password":"[FILTERED]"}
2020-12-22T15:41:08.331Z info: 	Response Body:Success!
2020-12-22T15:41:08.331Z info: 	Response: 200 276.025 ms 
2020-12-22T15:41:12.016Z info: 	Request: GET /common/appointments at Tue Dec 22 2020 10:41:12 GMT-0500, IP: ::1, User Agent: insomnia/2020.5.2
2020-12-22T15:41:12.045Z info: 	Request Body:{"_id":"5fe213272e08e22a45f1c6c3"}
2020-12-22T15:41:12.045Z info: 	Response: 200 26.946 ms 
2020-12-22T15:41:48.368Z info: 	Server is running on port: 3000
2020-12-22T15:41:48.634Z info: 	Connected to database.
2020-12-22T15:41:52.123Z info: 	Request: POST /common/login at Tue Dec 22 2020 10:41:52 GMT-0500, IP: ::1, User Agent: insomnia/2020.5.2
2020-12-22T15:41:52.408Z info: 	Request Body:{"email":"provider4@yahoo.com","password":"[FILTERED]"}
2020-12-22T15:41:52.409Z info: 	Response Body:Success!
2020-12-22T15:41:52.410Z info: 	Response: 200 281.937 ms 
2020-12-22T15:41:54.377Z info: 	Request: GET /common/appointments at Tue Dec 22 2020 10:41:54 GMT-0500, IP: ::1, User Agent: insomnia/2020.5.2
2020-12-22T15:41:54.395Z info: 	Request Body:{"_id":"5fe213272e08e22a45f1c6c3"}
2020-12-22T15:41:54.396Z info: 	Response: 200 16.191 ms 
2020-12-22T15:42:33.681Z info: 	Request: GET /common/appointments at Tue Dec 22 2020 10:42:33 GMT-0500, IP: ::1, User Agent: insomnia/2020.5.2
2020-12-22T15:42:33.696Z info: 	Request Body:{"_id":"5fe213272e08e22a45f1c6c3"}
2020-12-22T15:42:33.696Z info: 	Response: 200 13.956 ms 
2020-12-22T15:43:41.647Z info: 	Server is running on port: 3000
2020-12-22T15:43:41.954Z info: 	Connected to database.
2020-12-22T15:43:44.377Z info: 	Request: POST /common/login at Tue Dec 22 2020 10:43:44 GMT-0500, IP: ::1, User Agent: insomnia/2020.5.2
2020-12-22T15:43:44.664Z info: 	Request Body:{"email":"provider4@yahoo.com","password":"[FILTERED]"}
2020-12-22T15:43:44.665Z info: 	Response Body:Success!
2020-12-22T15:43:44.665Z info: 	Response: 200 284.175 ms 
2020-12-22T15:43:46.358Z info: 	Request: GET /common/appointments at Tue Dec 22 2020 10:43:46 GMT-0500, IP: ::1, User Agent: insomnia/2020.5.2
2020-12-22T15:43:46.379Z info: 	Request Body:{"_id":"5fe213272e08e22a45f1c6c3"}
2020-12-22T15:43:46.380Z info: 	Response: 200 19.062 ms 
2020-12-22T15:46:23.732Z info: 	Server is running on port: 3000
2020-12-22T15:46:24.058Z info: 	Connected to database.
2020-12-22T15:46:38.572Z info: 	Server is running on port: 3000
2020-12-22T15:46:38.835Z info: 	Connected to database.
2020-12-22T15:46:51.004Z info: 	Server is running on port: 3000
2020-12-22T15:46:51.259Z info: 	Connected to database.
2020-12-22T15:46:53.281Z info: 	Request: POST /common/login at Tue Dec 22 2020 10:46:53 GMT-0500, IP: ::1, User Agent: insomnia/2020.5.2
2020-12-22T15:46:53.552Z info: 	Request Body:{"email":"provider4@yahoo.com","password":"[FILTERED]"}
2020-12-22T15:46:53.553Z info: 	Response Body:Success!
2020-12-22T15:46:53.553Z info: 	Response: 200 268.565 ms 
2020-12-22T15:46:55.819Z info: 	Request: GET /common/appointments at Tue Dec 22 2020 10:46:55 GMT-0500, IP: ::1, User Agent: insomnia/2020.5.2
2020-12-22T15:46:55.845Z info: 	Response Body:[{"_id":"5fe213272e08e22a45f1c6c3","date":"6/3/2024","time":"5:44 PM","location":"5fdb8c61e2fd313028466675","client":"5fe2100588fff323b9bc2967","test":"PCR","__v":0}]
2020-12-22T15:46:55.845Z info: 	Response: 200 24.354 ms 
2020-12-22T15:47:03.426Z info: 	Request: POST /common/appointments at Tue Dec 22 2020 10:47:03 GMT-0500, IP: ::1, User Agent: insomnia/2020.5.2
2020-12-22T15:47:03.475Z info: 	Request Body:{"date":"6/4/2024","time":"5:44 PM","location":"5fdb8c61e2fd313028466675","test":"PCR"}
2020-12-22T15:47:03.475Z info: 	Response Body:Success!
2020-12-22T15:47:03.476Z info: 	Response: 200 48.068 ms 
2020-12-22T15:47:07.399Z info: 	Request: GET /common/appointments at Tue Dec 22 2020 10:47:07 GMT-0500, IP: ::1, User Agent: insomnia/2020.5.2
2020-12-22T15:47:07.415Z info: 	Response Body:[{"_id":"5fe213272e08e22a45f1c6c3","date":"6/3/2024","time":"5:44 PM","location":"5fdb8c61e2fd313028466675","client":"5fe2100588fff323b9bc2967","test":"PCR","__v":0},{"_id":"5fe214f7bca3cd2f94ed599f","date":"6/4/2024","time":"5:44 PM","location":"5fdb8c61e2fd313028466675","client":"5fe2100588fff323b9bc2967","test":"PCR","__v":0}]
2020-12-22T15:47:07.416Z info: 	Response: 200 14.591 ms 
2020-12-22T15:47:13.714Z info: 	Server is running on port: 3000
2020-12-22T15:47:13.968Z info: 	Connected to database.
2020-12-22T15:47:44.856Z info: 	Request: DELETE /common/appointments at Tue Dec 22 2020 10:47:44 GMT-0500, IP: ::1, User Agent: insomnia/2020.5.2
2020-12-22T15:47:44.863Z info: 	Request Body:{"_id":"5fe213272e08e22a45f1c6c3"}
2020-12-22T15:47:44.864Z info: 	Response Body:unsuccessful
2020-12-22T15:47:44.864Z info: 	Response: 401 2.813 ms 
2020-12-22T15:47:48.299Z info: 	Request: POST /common/login at Tue Dec 22 2020 10:47:48 GMT-0500, IP: ::1, User Agent: insomnia/2020.5.2
2020-12-22T15:47:48.581Z info: 	Request Body:{"email":"provider4@yahoo.com","password":"[FILTERED]"}
2020-12-22T15:47:48.581Z info: 	Response Body:Success!
2020-12-22T15:47:48.582Z info: 	Response: 200 281.498 ms 
2020-12-22T15:47:51.275Z info: 	Request: GET /common/appointments at Tue Dec 22 2020 10:47:51 GMT-0500, IP: ::1, User Agent: insomnia/2020.5.2
2020-12-22T15:47:51.299Z info: 	Response Body:[{"_id":"5fe213272e08e22a45f1c6c3","date":"6/3/2024","time":"5:44 PM","location":"5fdb8c61e2fd313028466675","client":"5fe2100588fff323b9bc2967","test":"PCR","__v":0},{"_id":"5fe214f7bca3cd2f94ed599f","date":"6/4/2024","time":"5:44 PM","location":"5fdb8c61e2fd313028466675","client":"5fe2100588fff323b9bc2967","test":"PCR","__v":0}]
2020-12-22T15:47:51.299Z info: 	Response: 200 23.170 ms 
2020-12-22T15:47:52.998Z info: 	Request: DELETE /common/appointments at Tue Dec 22 2020 10:47:52 GMT-0500, IP: ::1, User Agent: insomnia/2020.5.2
2020-12-22T15:47:53.022Z info: 	Appointment Deleted: { _id: 5fe213272e08e22a45f1c6c3,
  date: '6/3/2024',
  time: '5:44 PM',
  location: '5fdb8c61e2fd313028466675',
  client: '5fe2100588fff323b9bc2967',
  test: 'PCR',
  __v: 0 }
2020-12-22T15:47:53.027Z info: 	Request Body:{"_id":"5fe213272e08e22a45f1c6c3"}
2020-12-22T15:47:53.027Z info: 	Response Body:Success!
2020-12-22T15:47:53.028Z info: 	Response: 200 27.095 ms 
2020-12-22T15:47:55.878Z info: 	Request: GET /common/appointments at Tue Dec 22 2020 10:47:55 GMT-0500, IP: ::1, User Agent: insomnia/2020.5.2
2020-12-22T15:47:55.894Z info: 	Response Body:[{"_id":"5fe214f7bca3cd2f94ed599f","date":"6/4/2024","time":"5:44 PM","location":"5fdb8c61e2fd313028466675","client":"5fe2100588fff323b9bc2967","test":"PCR","__v":0}]
2020-12-22T15:47:55.895Z info: 	Response: 200 15.367 ms 
2020-12-22T15:48:04.109Z info: 	Request: GET /common at Tue Dec 22 2020 10:48:04 GMT-0500, IP: ::1, User Agent: insomnia/2020.5.2
2020-12-22T15:48:04.127Z info: 	Response Body:{"address":{"street":"123 Huckleberry Lane","city":"Pleasantville","state":"MA","zip":55555},"emergency_contact":{"name":"Fred Rhino","phone":"555-985-9852","relation":"friend"},"role":"provider","travel":[{"location":"Japan","date":"April 2019"}],"_id":"5fe2100588fff323b9bc2967","email":"provider4@yahoo.com","password":"[FILTERED]","__v":1,"dob":"5-19-1986","name":"Nick Carbone","phone":"555-555-5555","ins_id":"32454234562434","ins_provider":"Empire"}
2020-12-22T15:48:04.128Z info: 	Response: 200 17.019 ms 
