2020-12-22T16:19:28.007Z info: 	Server is running on port: 3000
2020-12-22T16:19:28.302Z info: 	Connected to database.
2020-12-22T16:19:48.664Z info: 	Request: POST /common/register at Tue Dec 22 2020 11:19:48 GMT-0500, IP: ::1, User Agent: insomnia/2020.5.2
2020-12-22T16:19:48.969Z info: 	Request Body:{"role":"client","email":"mrclient@yahoo.com","password":"[FILTERED]"}
2020-12-22T16:19:48.970Z info: 	Response Body:Success! You are now logged in.
2020-12-22T16:19:48.971Z info: 	Response: 200 299.888 ms 
2020-12-22T16:19:57.339Z info: 	Request: GET /common/logout at Tue Dec 22 2020 11:19:57 GMT-0500, IP: ::1, User Agent: insomnia/2020.5.2
2020-12-22T16:19:57.349Z info: 	Response Body:You have successfully logged out.
2020-12-22T16:19:57.350Z info: 	Response: 200 3.475 ms 
2020-12-22T16:20:08.674Z info: 	Request: POST /common/login at Tue Dec 22 2020 11:20:08 GMT-0500, IP: ::1, User Agent: insomnia/2020.5.2
2020-12-22T16:20:08.930Z info: 	Request Body:{"email":"mrclient@yahoo.com","password":"[FILTERED]"}
2020-12-22T16:20:08.930Z info: 	Response Body:Success!
2020-12-22T16:20:08.932Z info: 	Response: 200 254.894 ms 
2020-12-22T16:20:14.670Z info: 	Request: POST /provider/locations/new at Tue Dec 22 2020 11:20:14 GMT-0500, IP: ::1, User Agent: insomnia/2020.5.2
2020-12-22T16:20:14.675Z error: 	Uncaught => ReferenceError: req is not defined
    at authorize (/home/nick/WebProjects/covid-testing-server/routes/provider/provider.js:7:3)
    at Layer.handle [as handle_request] (/home/nick/WebProjects/covid-testing-server/node_modules/express/lib/router/layer.js:95:5)
    at next (/home/nick/WebProjects/covid-testing-server/node_modules/express/lib/router/route.js:137:13)
    at ensureAuthenticated (/home/nick/WebProjects/covid-testing-server/tools/ensureAuthenticated.js:3:12)
    at Layer.handle [as handle_request] (/home/nick/WebProjects/covid-testing-server/node_modules/express/lib/router/layer.js:95:5)
    at next (/home/nick/WebProjects/covid-testing-server/node_modules/express/lib/router/route.js:137:13)
    at Route.dispatch (/home/nick/WebProjects/covid-testing-server/node_modules/express/lib/router/route.js:112:3)
    at Layer.handle [as handle_request] (/home/nick/WebProjects/covid-testing-server/node_modules/express/lib/router/layer.js:95:5)
    at /home/nick/WebProjects/covid-testing-server/node_modules/express/lib/router/index.js:281:22
    at Function.process_params (/home/nick/WebProjects/covid-testing-server/node_modules/express/lib/router/index.js:335:12)
    at next (/home/nick/WebProjects/covid-testing-server/node_modules/express/lib/router/index.js:275:10)
    at Function.handle (/home/nick/WebProjects/covid-testing-server/node_modules/express/lib/router/index.js:174:3)
    at router (/home/nick/WebProjects/covid-testing-server/node_modules/express/lib/router/index.js:47:12)
    at Layer.handle [as handle_request] (/home/nick/WebProjects/covid-testing-server/node_modules/express/lib/router/layer.js:95:5)
    at trim_prefix (/home/nick/WebProjects/covid-testing-server/node_modules/express/lib/router/index.js:317:13)
    at /home/nick/WebProjects/covid-testing-server/node_modules/express/lib/router/index.js:284:7
2020-12-22T16:20:14.678Z info: 	Request Body:{"name":"Newest Great Location","phone":"(718)555-5555","address":{"street":"555 Apple Ln","city":"Springfield","state":"NY","zip":55555},"tests":["Rapid","PCR","Blood"]}
2020-12-22T16:20:14.679Z info: 	Response Body:An error occurred. Please try again later.
2020-12-22T16:20:14.680Z info: 	Response: 500 5.564 ms 
2020-12-22T16:21:25.199Z info: 	Server is running on port: 3000
2020-12-22T16:21:25.522Z info: 	Connected to database.
2020-12-22T16:21:36.099Z info: 	Request: POST /common/login at Tue Dec 22 2020 11:21:36 GMT-0500, IP: ::1, User Agent: insomnia/2020.5.2
2020-12-22T16:21:36.386Z info: 	Request Body:{"email":"mrclient@yahoo.com","password":"[FILTERED]"}
2020-12-22T16:21:36.387Z info: 	Response Body:Success!
2020-12-22T16:21:36.387Z info: 	Response: 200 284.076 ms 
2020-12-22T16:21:38.750Z info: 	Request: POST /provider/locations/new at Tue Dec 22 2020 11:21:38 GMT-0500, IP: ::1, User Agent: insomnia/2020.5.2
2020-12-22T16:21:38.756Z info: 	Request Body:{"name":"Newest Great Location","phone":"(718)555-5555","address":{"street":"555 Apple Ln","city":"Springfield","state":"NY","zip":55555},"tests":["Rapid","PCR","Blood"]}
2020-12-22T16:21:38.757Z info: 	Response Body:unauthorized
2020-12-22T16:21:38.758Z info: 	Response: 403 2.302 ms 
2020-12-22T16:21:52.764Z info: 	Request: POST /provider/locations/new at Tue Dec 22 2020 11:21:52 GMT-0500, IP: ::1, User Agent: insomnia/2020.5.2
2020-12-22T16:21:52.766Z info: 	Request Body:{"name":"THIS SHOULD NOT BE HERE","phone":"(718)555-5555","address":{"street":"555 Apple Ln","city":"Springfield","state":"NY","zip":55555},"tests":["Rapid","PCR","Blood"]}
2020-12-22T16:21:52.766Z info: 	Response Body:unauthorized
2020-12-22T16:21:52.766Z info: 	Response: 403 0.385 ms 
2020-12-22T16:22:06.134Z info: 	Request: GET /common/logout at Tue Dec 22 2020 11:22:06 GMT-0500, IP: ::1, User Agent: insomnia/2020.5.2
2020-12-22T16:22:06.135Z info: 	Response Body:You have successfully logged out.
2020-12-22T16:22:06.136Z info: 	Response: 200 0.690 ms 
2020-12-22T16:22:13.753Z info: 	Request: POST /common/register at Tue Dec 22 2020 11:22:13 GMT-0500, IP: ::1, User Agent: insomnia/2020.5.2
2020-12-22T16:22:14.054Z info: 	Request Body:{"role":"provider","email":"drdoctor@yahoo.com","password":"[FILTERED]"}
2020-12-22T16:22:14.054Z info: 	Response Body:Success! You are now logged in.
2020-12-22T16:22:14.054Z info: 	Response: 200 300.410 ms 
2020-12-22T16:22:20.772Z info: 	Request: POST /provider/locations/new at Tue Dec 22 2020 11:22:20 GMT-0500, IP: ::1, User Agent: insomnia/2020.5.2
2020-12-22T16:22:32.125Z info: 	Request Body:{"name":"THIS SHOULD BE HERE","phone":"(718)555-5555","address":{"street":"555 Apple Ln","city":"Springfield","state":"NY","zip":55555},"tests":["Rapid","PCR","Blood"]}
2020-12-22T16:22:32.126Z info: 	Response: - - ms 
2020-12-22T16:22:52.288Z info: 	Server is running on port: 3000
2020-12-22T16:22:52.583Z info: 	Connected to database.
2020-12-22T16:22:58.231Z info: 	Server is running on port: 3000
2020-12-22T16:22:58.494Z info: 	Connected to database.
2020-12-22T16:23:07.096Z info: 	Request: POST /common/login at Tue Dec 22 2020 11:23:07 GMT-0500, IP: ::1, User Agent: insomnia/2020.5.2
2020-12-22T16:23:07.386Z info: 	Request Body:{"email":"drdoctor@yahoo.com","password":"[FILTERED]"}
2020-12-22T16:23:07.386Z info: 	Response Body:Success!
2020-12-22T16:23:07.387Z info: 	Response: 200 286.238 ms 
2020-12-22T16:23:10.301Z info: 	Request: POST /provider/locations/new at Tue Dec 22 2020 11:23:10 GMT-0500, IP: ::1, User Agent: insomnia/2020.5.2
2020-12-22T16:23:10.303Z error: 	Uncaught => ReferenceError: createTruthyObject is not defined
    at Object.newLocation (/home/nick/WebProjects/covid-testing-server/routes/provider/reqs/newLocation.js:5:3)
    at router.route.post (/home/nick/WebProjects/covid-testing-server/routes/provider/provider.js:20:10)
    at Layer.handle [as handle_request] (/home/nick/WebProjects/covid-testing-server/node_modules/express/lib/router/layer.js:95:5)
    at next (/home/nick/WebProjects/covid-testing-server/node_modules/express/lib/router/route.js:137:13)
    at authorize (/home/nick/WebProjects/covid-testing-server/routes/provider/provider.js:8:10)
    at Layer.handle [as handle_request] (/home/nick/WebProjects/covid-testing-server/node_modules/express/lib/router/layer.js:95:5)
    at next (/home/nick/WebProjects/covid-testing-server/node_modules/express/lib/router/route.js:137:13)
    at ensureAuthenticated (/home/nick/WebProjects/covid-testing-server/tools/ensureAuthenticated.js:3:12)
    at Layer.handle [as handle_request] (/home/nick/WebProjects/covid-testing-server/node_modules/express/lib/router/layer.js:95:5)
    at next (/home/nick/WebProjects/covid-testing-server/node_modules/express/lib/router/route.js:137:13)
    at Route.dispatch (/home/nick/WebProjects/covid-testing-server/node_modules/express/lib/router/route.js:112:3)
    at Layer.handle [as handle_request] (/home/nick/WebProjects/covid-testing-server/node_modules/express/lib/router/layer.js:95:5)
    at /home/nick/WebProjects/covid-testing-server/node_modules/express/lib/router/index.js:281:22
    at Function.process_params (/home/nick/WebProjects/covid-testing-server/node_modules/express/lib/router/index.js:335:12)
    at next (/home/nick/WebProjects/covid-testing-server/node_modules/express/lib/router/index.js:275:10)
    at Function.handle (/home/nick/WebProjects/covid-testing-server/node_modules/express/lib/router/index.js:174:3)
2020-12-22T16:23:10.304Z info: 	Request Body:{"name":"THIS SHOULD BE HERE","phone":"(718)555-5555","address":{"street":"555 Apple Ln","city":"Springfield","state":"NY","zip":55555},"tests":["Rapid","PCR","Blood"]}
2020-12-22T16:23:10.304Z info: 	Response Body:An error occurred. Please try again later.
2020-12-22T16:23:10.304Z info: 	Response: 500 1.457 ms 
2020-12-22T16:23:53.626Z info: 	Server is running on port: 3000
2020-12-22T16:23:53.944Z info: 	Connected to database.
2020-12-22T16:24:05.037Z info: 	Request: POST /common/login at Tue Dec 22 2020 11:24:05 GMT-0500, IP: ::1, User Agent: insomnia/2020.5.2
2020-12-22T16:24:05.333Z info: 	Request Body:{"email":"drdoctor@yahoo.com","password":"[FILTERED]"}
2020-12-22T16:24:05.333Z info: 	Response Body:Success!
2020-12-22T16:24:05.334Z info: 	Response: 200 292.347 ms 
2020-12-22T16:24:07.375Z info: 	Request: POST /provider/locations/new at Tue Dec 22 2020 11:24:07 GMT-0500, IP: ::1, User Agent: insomnia/2020.5.2
2020-12-22T16:24:07.384Z error: 	Uncaught => TypeError: Assignment to constant variable.
    at Object.newLocation (/home/nick/WebProjects/covid-testing-server/routes/provider/reqs/newLocation.js:6:15)
    at router.route.post (/home/nick/WebProjects/covid-testing-server/routes/provider/provider.js:20:10)
    at Layer.handle [as handle_request] (/home/nick/WebProjects/covid-testing-server/node_modules/express/lib/router/layer.js:95:5)
    at next (/home/nick/WebProjects/covid-testing-server/node_modules/express/lib/router/route.js:137:13)
    at authorize (/home/nick/WebProjects/covid-testing-server/routes/provider/provider.js:8:10)
    at Layer.handle [as handle_request] (/home/nick/WebProjects/covid-testing-server/node_modules/express/lib/router/layer.js:95:5)
    at next (/home/nick/WebProjects/covid-testing-server/node_modules/express/lib/router/route.js:137:13)
    at ensureAuthenticated (/home/nick/WebProjects/covid-testing-server/tools/ensureAuthenticated.js:3:12)
    at Layer.handle [as handle_request] (/home/nick/WebProjects/covid-testing-server/node_modules/express/lib/router/layer.js:95:5)
    at next (/home/nick/WebProjects/covid-testing-server/node_modules/express/lib/router/route.js:137:13)
    at Route.dispatch (/home/nick/WebProjects/covid-testing-server/node_modules/express/lib/router/route.js:112:3)
    at Layer.handle [as handle_request] (/home/nick/WebProjects/covid-testing-server/node_modules/express/lib/router/layer.js:95:5)
    at /home/nick/WebProjects/covid-testing-server/node_modules/express/lib/router/index.js:281:22
    at Function.process_params (/home/nick/WebProjects/covid-testing-server/node_modules/express/lib/router/index.js:335:12)
    at next (/home/nick/WebProjects/covid-testing-server/node_modules/express/lib/router/index.js:275:10)
    at Function.handle (/home/nick/WebProjects/covid-testing-server/node_modules/express/lib/router/index.js:174:3)
2020-12-22T16:24:07.386Z info: 	Request Body:{"name":"THIS SHOULD BE HERE","phone":"(718)555-5555","address":{"street":"555 Apple Ln","city":"Springfield","state":"NY","zip":55555},"tests":["Rapid","PCR","Blood"]}
2020-12-22T16:24:07.386Z info: 	Response Body:An error occurred. Please try again later.
2020-12-22T16:24:07.387Z info: 	Response: 500 9.016 ms 
2020-12-22T16:24:33.279Z info: 	Server is running on port: 3000
2020-12-22T16:24:33.517Z info: 	Connected to database.
2020-12-22T16:24:40.379Z info: 	Request: POST /common/login at Tue Dec 22 2020 11:24:40 GMT-0500, IP: ::1, User Agent: insomnia/2020.5.2
2020-12-22T16:24:40.681Z info: 	Request Body:{"email":"drdoctor@yahoo.com","password":"[FILTERED]"}
2020-12-22T16:24:40.681Z info: 	Response Body:Success!
2020-12-22T16:24:40.683Z info: 	Response: 200 297.964 ms 
2020-12-22T16:24:42.887Z info: 	Request: POST /provider/locations/new at Tue Dec 22 2020 11:24:42 GMT-0500, IP: ::1, User Agent: insomnia/2020.5.2
2020-12-22T16:24:42.953Z info: 	Request Body:{"name":"THIS SHOULD BE HERE","phone":"(718)555-5555","address":{"street":"555 Apple Ln","city":"Springfield","state":"NY","zip":55555},"tests":["Rapid","PCR","Blood"]}
2020-12-22T16:24:42.954Z info: 	Response Body:{"tests":["Rapid","PCR","Blood"],"_id":"5fe21dca1173dd39ceb743e9","name":"THIS SHOULD BE HERE","phone":"(718)555-5555","address":{"street":"555 Apple Ln","city":"Springfield","state":"NY","zip":55555},"__v":0}
2020-12-22T16:24:42.954Z info: 	Response: 200 63.909 ms 
2020-12-22T16:24:54.675Z info: 	Request: POST /provider/locations/update/basic at Tue Dec 22 2020 11:24:54 GMT-0500, IP: ::1, User Agent: insomnia/2020.5.2
2020-12-22T16:24:54.713Z info: 	Request Body:{"location":"5fe21dca1173dd39ceb743e9","name":"Newer Location","phone":"(555)555-5555"}
2020-12-22T16:24:54.714Z info: 	Response Body:{"address":{"street":"555 Apple Ln","city":"Springfield","state":"NY","zip":55555},"tests":["Rapid","PCR","Blood"],"_id":"5fe21dca1173dd39ceb743e9","name":"Newer Location","phone":"(555)555-5555","__v":0}
2020-12-22T16:24:54.714Z info: 	Response: 200 37.502 ms 
2020-12-22T16:24:57.493Z info: 	Request: POST /provider/locations/update/address at Tue Dec 22 2020 11:24:57 GMT-0500, IP: ::1, User Agent: insomnia/2020.5.2
2020-12-22T16:24:59.704Z info: 	Request Body:{"location":"5fe1431da1e8067ac564a379","street":"12 Updated Ln","city":"Updatedville","state":"MA","zip":12345}
2020-12-22T16:24:59.704Z info: 	Response: - - ms 
2020-12-22T16:25:27.024Z info: 	Server is running on port: 3000
2020-12-22T16:25:27.312Z info: 	Connected to database.
2020-12-22T16:34:28.103Z info: 	Server is running on port: 3000
2020-12-22T16:34:28.398Z info: 	Connected to database.
2020-12-22T16:34:42.231Z info: 	Server is running on port: 3000
2020-12-22T16:34:42.486Z info: 	Connected to database.
2020-12-22T16:34:48.457Z info: 	Request: POST /common/login at Tue Dec 22 2020 11:34:48 GMT-0500, IP: ::1, User Agent: insomnia/2020.5.2
2020-12-22T16:34:48.736Z info: 	Request Body:{"email":"drdoctor@yahoo.com","password":"[FILTERED]"}
2020-12-22T16:34:48.737Z info: 	Response Body:Success!
2020-12-22T16:34:48.737Z info: 	Response: 200 276.531 ms 
2020-12-22T16:34:52.769Z info: 	Request: POST /provider/locations/update/basic at Tue Dec 22 2020 11:34:52 GMT-0500, IP: ::1, User Agent: insomnia/2020.5.2
2020-12-22T16:34:52.817Z info: 	Request Body:{"location":"5fe21dca1173dd39ceb743e9","name":"Newer Location","phone":"(555)555-5555"}
2020-12-22T16:34:52.818Z info: 	Response Body:{"address":{"street":"555 Apple Ln","city":"Springfield","state":"NY","zip":55555},"tests":["Rapid","PCR","Blood"],"_id":"5fe21dca1173dd39ceb743e9","name":"Newer Location","phone":"(555)555-5555","__v":0}
2020-12-22T16:34:52.819Z info: 	Response: 200 45.321 ms 
2020-12-22T16:35:16.441Z info: 	Request: POST /provider/locations/update/basic at Tue Dec 22 2020 11:35:16 GMT-0500, IP: ::1, User Agent: insomnia/2020.5.2
2020-12-22T16:35:16.465Z error: 	Uncaught => ReferenceError: logger is not defined
    at Object.updateLocation (/home/nick/WebProjects/covid-testing-server/routes/provider/reqs/updateLocation.js:31:5)
    at process._tickCallback (internal/process/next_tick.js:68:7)
2020-12-22T16:35:16.467Z info: 	Request Body:{"location":"","name":"Newer Location","phone":"(555)555-5555"}
2020-12-22T16:35:16.468Z info: 	Response Body:An error occurred. Please try again later.
2020-12-22T16:35:16.468Z info: 	Response: 500 22.520 ms 
2020-12-22T16:35:26.601Z info: 	Server is running on port: 3000
2020-12-22T16:35:26.836Z info: 	Connected to database.
2020-12-22T16:35:28.784Z info: 	Request: POST /common/login at Tue Dec 22 2020 11:35:28 GMT-0500, IP: ::1, User Agent: insomnia/2020.5.2
2020-12-22T16:35:29.062Z info: 	Request Body:{"email":"drdoctor@yahoo.com","password":"[FILTERED]"}
2020-12-22T16:35:29.063Z info: 	Response Body:Success!
2020-12-22T16:35:29.063Z info: 	Response: 200 274.580 ms 
2020-12-22T16:35:31.422Z info: 	Request: POST /provider/locations/update/basic at Tue Dec 22 2020 11:35:31 GMT-0500, IP: ::1, User Agent: insomnia/2020.5.2
2020-12-22T16:35:31.437Z error: 	updateLocation => 
 TypeError: Cannot set property 'name' of null
    at Object.updateLocation (/home/nick/WebProjects/covid-testing-server/routes/provider/reqs/updateLocation.js:16:36)
    at process._tickCallback (internal/process/next_tick.js:68:7)
2020-12-22T16:35:31.438Z info: 	Request Body:{"location":"","name":"Newer Location","phone":"(555)555-5555"}
2020-12-22T16:35:31.439Z info: 	Response Body:An error occurred. Please try again later.
2020-12-22T16:35:31.439Z info: 	Response: 500 15.313 ms 
2020-12-22T16:35:37.491Z info: 	Request: POST /provider/locations/update/basic at Tue Dec 22 2020 11:35:37 GMT-0500, IP: ::1, User Agent: insomnia/2020.5.2
2020-12-22T16:35:37.533Z info: 	Request Body:{"location":"5fe21dca1173dd39ceb743e9","name":"Newer Location","phone":"(555)555-5555"}
2020-12-22T16:35:37.533Z info: 	Response Body:{"address":{"street":"555 Apple Ln","city":"Springfield","state":"NY","zip":55555},"tests":["Rapid","PCR","Blood"],"_id":"5fe21dca1173dd39ceb743e9","name":"Newer Location","phone":"(555)555-5555","__v":0}
2020-12-22T16:35:37.534Z info: 	Response: 200 40.237 ms 
2020-12-22T16:35:40.382Z info: 	Request: POST /provider/locations/update/address at Tue Dec 22 2020 11:35:40 GMT-0500, IP: ::1, User Agent: insomnia/2020.5.2
2020-12-22T16:35:40.397Z error: 	updateLocation => 
 TypeError: Cannot read property 'address' of null
    at Object.updateLocation (/home/nick/WebProjects/covid-testing-server/routes/provider/reqs/updateLocation.js:20:59)
    at process._tickCallback (internal/process/next_tick.js:68:7)
2020-12-22T16:35:40.398Z info: 	Request Body:{"location":"5fe1431da1e8067ac564a379","street":"12 Updated Ln","city":"Updatedville","state":"MA","zip":12345}
2020-12-22T16:35:40.399Z info: 	Response Body:An error occurred. Please try again later.
2020-12-22T16:35:40.399Z info: 	Response: 500 15.201 ms 
2020-12-22T16:36:57.680Z info: 	Request: POST /provider/locations/update/address at Tue Dec 22 2020 11:36:57 GMT-0500, IP: ::1, User Agent: insomnia/2020.5.2
2020-12-22T16:36:57.727Z info: 	Request Body:{"location":"5fe21dca1173dd39ceb743e9","street":"12 Updated Ln","city":"Updatedville","state":"MA","zip":12345}
2020-12-22T16:36:57.728Z info: 	Response Body:{"address":{"street":"12 Updated Ln","city":"Updatedville","state":"MA","zip":12345},"tests":["Rapid","PCR","Blood"],"_id":"5fe21dca1173dd39ceb743e9","name":"Newer Location","phone":"(555)555-5555","__v":0}
2020-12-22T16:36:57.728Z info: 	Response: 200 45.806 ms 
2020-12-22T16:37:05.047Z info: 	Request: POST /provider/locations/update/tests at Tue Dec 22 2020 11:37:05 GMT-0500, IP: ::1, User Agent: insomnia/2020.5.2
2020-12-22T16:37:05.081Z info: 	Request Body:{"location":"5fe21dca1173dd39ceb743e9","tests":["PCR","Blood"]}
2020-12-22T16:37:05.082Z info: 	Response Body:{"address":{"street":"12 Updated Ln","city":"Updatedville","state":"MA","zip":12345},"tests":["PCR","Blood"],"_id":"5fe21dca1173dd39ceb743e9","name":"Newer Location","phone":"(555)555-5555","__v":1}
2020-12-22T16:37:05.082Z info: 	Response: 200 33.398 ms 
2020-12-22T16:37:08.918Z info: 	Request: POST /provider/locations/update/tests at Tue Dec 22 2020 11:37:08 GMT-0500, IP: ::1, User Agent: insomnia/2020.5.2
2020-12-22T16:37:08.957Z info: 	Request Body:{"location":"5fe21dca1173dd39ceb743e9","tests":["Rapid","Blood"]}
2020-12-22T16:37:08.959Z info: 	Response Body:{"address":{"street":"12 Updated Ln","city":"Updatedville","state":"MA","zip":12345},"tests":["Rapid","Blood"],"_id":"5fe21dca1173dd39ceb743e9","name":"Newer Location","phone":"(555)555-5555","__v":2}
2020-12-22T16:37:08.961Z info: 	Response: 200 35.358 ms 
2020-12-22T16:37:18.621Z info: 	Request: GET /common/logout at Tue Dec 22 2020 11:37:18 GMT-0500, IP: ::1, User Agent: insomnia/2020.5.2
2020-12-22T16:37:18.623Z info: 	Response Body:You have successfully logged out.
2020-12-22T16:37:18.623Z info: 	Response: 200 0.759 ms 
2020-12-22T16:37:20.287Z info: 	Request: POST /common/login at Tue Dec 22 2020 11:37:20 GMT-0500, IP: ::1, User Agent: insomnia/2020.5.2
2020-12-22T16:37:20.539Z info: 	Request Body:{"email":"drdoctor@yahoo.com","password":"[FILTERED]"}
2020-12-22T16:37:20.540Z info: 	Response Body:Success!
2020-12-22T16:37:20.540Z info: 	Response: 200 252.137 ms 
2020-12-22T16:37:24.477Z info: 	Request: GET /common at Tue Dec 22 2020 11:37:24 GMT-0500, IP: ::1, User Agent: insomnia/2020.5.2
2020-12-22T16:37:24.498Z info: 	Response Body:{"role":"provider","travel":[],"_id":"5fe21d36d95c9737e9715ab0","email":"drdoctor@yahoo.com","password":"[FILTERED]","__v":0}
2020-12-22T16:37:24.499Z info: 	Response: 200 18.757 ms 
2020-12-22T16:37:34.822Z info: 	Request: POST /common/update/basic at Tue Dec 22 2020 11:37:34 GMT-0500, IP: ::1, User Agent: insomnia/2020.5.2
2020-12-22T16:37:34.851Z info: 	Request Body:{"name":"","email":"provider4@yahoo.com","phone":"555-555-5555","dob":"5-19-1986"}
2020-12-22T16:37:34.851Z info: 	Response Body:Email address unavailable.
2020-12-22T16:37:34.851Z info: 	Response: 400 27.774 ms 
2020-12-22T16:37:41.339Z info: 	Request: POST /common/update/basic at Tue Dec 22 2020 11:37:41 GMT-0500, IP: ::1, User Agent: insomnia/2020.5.2
2020-12-22T16:37:41.397Z info: 	Request Body:{"name":"","email":"provider94@yahoo.com","phone":"555-555-5555","dob":"5-19-1986"}
2020-12-22T16:37:41.399Z info: 	Response Body:{"role":"provider","travel":[],"_id":"5fe21d36d95c9737e9715ab0","email":"provider94@yahoo.com","password":"[FILTERED]","__v":0,"phone":"555-555-5555","dob":"5-19-1986"}
2020-12-22T16:37:41.401Z info: 	Response: 200 55.438 ms 
2020-12-22T16:37:59.670Z info: 	Request: POST /common/update/basic at Tue Dec 22 2020 11:37:59 GMT-0500, IP: ::1, User Agent: insomnia/2020.5.2
2020-12-22T16:37:59.697Z info: 	Request Body:{"name":"Nicky","email":"provider94@yahoo.com","phone":"555-555-5555","dob":"5-19-1986"}
2020-12-22T16:37:59.698Z info: 	Response Body:Email address unavailable.
2020-12-22T16:37:59.698Z info: 	Response: 400 26.588 ms 
2020-12-22T16:38:07.847Z info: 	Request: POST /common/update/basic at Tue Dec 22 2020 11:38:07 GMT-0500, IP: ::1, User Agent: insomnia/2020.5.2
2020-12-22T16:38:07.877Z info: 	Request Body:{"name":"Nicky","email":"","phone":"555-555-5555","dob":"5-19-1986"}
2020-12-22T16:38:07.877Z info: 	Response Body:{"role":"provider","travel":[],"_id":"5fe21d36d95c9737e9715ab0","email":"provider94@yahoo.com","password":"[FILTERED]","__v":0,"dob":"5-19-1986","phone":"555-555-5555","name":"Nicky"}
2020-12-22T16:38:07.878Z info: 	Response: 200 29.201 ms 
2020-12-22T16:38:13.717Z info: 	Request: POST /common/update/basic at Tue Dec 22 2020 11:38:13 GMT-0500, IP: ::1, User Agent: insomnia/2020.5.2
2020-12-22T16:38:13.745Z info: 	Request Body:{"name":"","email":"","phone":"555-555-5555","dob":"5-19-1986"}
2020-12-22T16:38:13.746Z info: 	Response Body:{"role":"provider","travel":[],"_id":"5fe21d36d95c9737e9715ab0","email":"provider94@yahoo.com","password":"[FILTERED]","__v":0,"dob":"5-19-1986","phone":"555-555-5555","name":"Nicky"}
2020-12-22T16:38:13.746Z info: 	Response: 200 27.700 ms 
2020-12-22T16:38:16.956Z info: 	Request: POST /common/update/address at Tue Dec 22 2020 11:38:16 GMT-0500, IP: ::1, User Agent: insomnia/2020.5.2
2020-12-22T16:38:16.998Z info: 	Request Body:{"street":"123 Huckleberry Lane","city":"Pleasantville","state":"MA","zip":"55555"}
2020-12-22T16:38:16.998Z info: 	Response Body:{"address":{"street":"123 Huckleberry Lane","city":"Pleasantville","state":"MA","zip":55555},"role":"provider","travel":[],"_id":"5fe21d36d95c9737e9715ab0","email":"provider94@yahoo.com","password":"[FILTERED]","__v":0,"dob":"5-19-1986","phone":"555-555-5555","name":"Nicky"}
2020-12-22T16:38:16.999Z info: 	Response: 200 40.586 ms 
2020-12-22T16:38:19.702Z info: 	Request: POST /common/update/password at Tue Dec 22 2020 11:38:19 GMT-0500, IP: ::1, User Agent: insomnia/2020.5.2
2020-12-22T16:38:19.961Z info: 	Request Body:{"currentPassword":"[FILTERED]","newPassword":"[FILTERED]"}
2020-12-22T16:38:19.962Z info: 	Response Body:Incorrect current password
2020-12-22T16:38:19.962Z info: 	Response: 400 258.152 ms 
2020-12-22T16:38:25.617Z info: 	Request: POST /common/update/insurance at Tue Dec 22 2020 11:38:25 GMT-0500, IP: ::1, User Agent: insomnia/2020.5.2
2020-12-22T16:38:25.644Z info: 	Request Body:{"ins_provider":"Empire","ins_id":"32454234562434"}
2020-12-22T16:38:25.645Z info: 	Response Body:{"address":{"street":"123 Huckleberry Lane","city":"Pleasantville","state":"MA","zip":55555},"role":"provider","travel":[],"_id":"5fe21d36d95c9737e9715ab0","email":"provider94@yahoo.com","password":"[FILTERED]","__v":0,"dob":"5-19-1986","phone":"555-555-5555","name":"Nicky","ins_provider":"Empire","ins_id":"32454234562434"}
2020-12-22T16:38:25.645Z info: 	Response: 200 26.483 ms 
2020-12-22T16:38:27.991Z info: 	Request: POST /common/update/emergency_contact at Tue Dec 22 2020 11:38:27 GMT-0500, IP: ::1, User Agent: insomnia/2020.5.2
2020-12-22T16:38:28.026Z info: 	Request Body:{"name":"Fred Rhino","phone":"555-985-9852","relation":"friend"}
2020-12-22T16:38:28.026Z info: 	Response Body:{"address":{"street":"123 Huckleberry Lane","city":"Pleasantville","state":"MA","zip":55555},"emergency_contact":{"name":"Fred Rhino","phone":"555-985-9852","relation":"friend"},"role":"provider","travel":[],"_id":"5fe21d36d95c9737e9715ab0","email":"provider94@yahoo.com","password":"[FILTERED]","__v":0,"dob":"5-19-1986","phone":"555-555-5555","name":"Nicky","ins_id":"32454234562434","ins_provider":"Empire"}
2020-12-22T16:38:28.027Z info: 	Response: 200 33.607 ms 
2020-12-22T16:38:31.282Z info: 	Request: POST /common/update/travel at Tue Dec 22 2020 11:38:31 GMT-0500, IP: ::1, User Agent: insomnia/2020.5.2
2020-12-22T16:38:31.318Z info: 	Request Body:{"location":"Japan","date":"April 2019"}
2020-12-22T16:38:31.320Z info: 	Response Body:{"address":{"street":"123 Huckleberry Lane","city":"Pleasantville","state":"MA","zip":55555},"emergency_contact":{"name":"Fred Rhino","phone":"555-985-9852","relation":"friend"},"role":"provider","travel":[{"location":"Japan","date":"April 2019"}],"_id":"5fe21d36d95c9737e9715ab0","email":"provider94@yahoo.com","password":"[FILTERED]","__v":1,"dob":"5-19-1986","phone":"555-555-5555","name":"Nicky","ins_id":"32454234562434","ins_provider":"Empire"}
2020-12-22T16:38:31.321Z info: 	Response: 200 35.186 ms 
2020-12-22T16:38:33.892Z info: 	Request: GET /common/appointments at Tue Dec 22 2020 11:38:33 GMT-0500, IP: ::1, User Agent: insomnia/2020.5.2
2020-12-22T16:38:33.917Z info: 	Response: 200 22.757 ms 
2020-12-22T16:38:36.163Z info: 	Request: POST /common/appointments at Tue Dec 22 2020 11:38:36 GMT-0500, IP: ::1, User Agent: insomnia/2020.5.2
2020-12-22T16:38:36.179Z info: 	Request Body:{"date":"6/4/2024","time":"5:44 PM","location":"5fdb8c61e2fd313028466675","test":"PCR"}
2020-12-22T16:38:36.179Z info: 	Response Body:Appointment unavailable. Please choose another time.
2020-12-22T16:38:36.180Z info: 	Response: 400 15.299 ms 
2020-12-22T16:38:41.002Z info: 	Request: POST /common/appointments at Tue Dec 22 2020 11:38:41 GMT-0500, IP: ::1, User Agent: insomnia/2020.5.2
2020-12-22T16:38:41.047Z info: 	Request Body:{"date":"6/5/2024","time":"5:44 PM","location":"5fdb8c61e2fd313028466675","test":"PCR"}
2020-12-22T16:38:41.049Z info: 	Response Body:Success!
2020-12-22T16:38:41.051Z info: 	Response: 200 42.934 ms 
2020-12-22T16:38:46.133Z info: 	Request: GET /common/appointments at Tue Dec 22 2020 11:38:46 GMT-0500, IP: ::1, User Agent: insomnia/2020.5.2
2020-12-22T16:38:46.146Z info: 	Response Body:[{"_id":"5fe22111799f833ec19e2b39","date":"6/5/2024","time":"5:44 PM","location":"5fdb8c61e2fd313028466675","client":"5fe21d36d95c9737e9715ab0","test":"PCR","__v":0}]
2020-12-22T16:38:46.147Z info: 	Response: 200 11.814 ms 
2020-12-22T16:38:55.032Z info: 	Request: DELETE /common/appointments at Tue Dec 22 2020 11:38:55 GMT-0500, IP: ::1, User Agent: insomnia/2020.5.2
2020-12-22T16:38:55.094Z info: 	Appointment Deleted: { _id: 5fe22111799f833ec19e2b39,
  date: '6/5/2024',
  time: '5:44 PM',
  location: '5fdb8c61e2fd313028466675',
  client: '5fe21d36d95c9737e9715ab0',
  test: 'PCR',
  __v: 0 }
2020-12-22T16:38:55.104Z info: 	Request Body:{"_id":"5fe22111799f833ec19e2b39"}
2020-12-22T16:38:55.105Z info: 	Response Body:Success!
2020-12-22T16:38:55.106Z info: 	Response: 200 70.190 ms 
2020-12-22T16:39:16.174Z info: 	Request: POST /common/register at Tue Dec 22 2020 11:39:16 GMT-0500, IP: ::1, User Agent: insomnia/2020.5.2
2020-12-22T16:39:16.445Z info: 	Request Body:{"role":"provider","email":"1@yahoo.com","password":"[FILTERED]"}
2020-12-22T16:39:16.445Z info: 	Response Body:Success! You are now logged in.
2020-12-22T16:39:16.446Z info: 	Response: 200 270.310 ms 
2020-12-22T16:39:20.838Z info: 	Request: POST /common/register at Tue Dec 22 2020 11:39:20 GMT-0500, IP: ::1, User Agent: insomnia/2020.5.2
2020-12-22T16:39:21.130Z info: 	Request Body:{"role":"provider","email":"2@yahoo.com","password":"[FILTERED]"}
2020-12-22T16:39:21.130Z info: 	Response Body:Success! You are now logged in.
2020-12-22T16:39:21.131Z info: 	Response: 200 290.535 ms 
2020-12-22T16:39:23.829Z info: 	Request: POST /common/register at Tue Dec 22 2020 11:39:23 GMT-0500, IP: ::1, User Agent: insomnia/2020.5.2
2020-12-22T16:39:24.113Z info: 	Request Body:{"role":"provider","email":"3@yahoo.com","password":"[FILTERED]"}
2020-12-22T16:39:24.114Z info: 	Response Body:Success! You are now logged in.
2020-12-22T16:39:24.114Z info: 	Response: 200 282.640 ms 
2020-12-22T16:39:26.921Z info: 	Request: POST /common/register at Tue Dec 22 2020 11:39:26 GMT-0500, IP: ::1, User Agent: insomnia/2020.5.2
2020-12-22T16:39:27.194Z info: 	Request Body:{"role":"provider","email":"4@yahoo.com","password":"[FILTERED]"}
2020-12-22T16:39:27.195Z info: 	Response Body:Success! You are now logged in.
2020-12-22T16:39:27.196Z info: 	Response: 200 271.843 ms 
2020-12-22T16:39:29.413Z info: 	Request: POST /common/register at Tue Dec 22 2020 11:39:29 GMT-0500, IP: ::1, User Agent: insomnia/2020.5.2
2020-12-22T16:39:29.688Z info: 	Request Body:{"role":"provider","email":"5@yahoo.com","password":"[FILTERED]"}
2020-12-22T16:39:29.688Z info: 	Response Body:Success! You are now logged in.
2020-12-22T16:39:29.689Z info: 	Response: 200 274.441 ms 
2020-12-22T16:39:32.450Z info: 	Request: POST /common/register at Tue Dec 22 2020 11:39:32 GMT-0500, IP: ::1, User Agent: insomnia/2020.5.2
2020-12-22T16:39:32.451Z info: 	Request Body:{"role":"provider","email":"6@yahoo.com","password":"[FILTERED]"}
2020-12-22T16:39:32.451Z info: 	Response Body:You have exceded the rate limit for new accounts.
2020-12-22T16:39:32.452Z info: 	Response: 429 0.500 ms 
2020-12-22T16:41:40.896Z info: 	Server is running on port: 3000
2020-12-22T16:41:41.200Z info: 	Connected to database.
2020-12-22T16:41:54.383Z info: 	Request: POST /common/register at Tue Dec 22 2020 11:41:54 GMT-0500, IP: ::1, User Agent: insomnia/2020.5.2
2020-12-22T16:41:54.696Z info: 	Request Body:{"role":"","email":"7@yahoo.com","password":"[FILTERED]"}
2020-12-22T16:41:54.696Z info: 	Response Body:Success! You are now logged in.
2020-12-22T16:41:54.697Z info: 	Response: 200 304.979 ms 
2020-12-22T16:42:00.265Z info: 	Request: GET /common/logout at Tue Dec 22 2020 11:42:00 GMT-0500, IP: ::1, User Agent: insomnia/2020.5.2
2020-12-22T16:42:00.267Z info: 	Response Body:You have successfully logged out.
2020-12-22T16:42:00.267Z info: 	Response: 200 0.829 ms 
2020-12-22T16:42:05.772Z info: 	Request: POST /common/login at Tue Dec 22 2020 11:42:05 GMT-0500, IP: ::1, User Agent: insomnia/2020.5.2
2020-12-22T16:42:06.022Z info: 	Request Body:{"email":"7@yahoo.com","password":"[FILTERED]"}
2020-12-22T16:42:06.023Z info: 	Response Body:Success!
2020-12-22T16:42:06.023Z info: 	Response: 200 249.992 ms 
2020-12-22T16:42:08.140Z info: 	Request: GET /common at Tue Dec 22 2020 11:42:08 GMT-0500, IP: ::1, User Agent: insomnia/2020.5.2
2020-12-22T16:42:08.162Z info: 	Response Body:{"role":"","travel":[],"_id":"5fe221d2ed19a24307e88dd1","email":"7@yahoo.com","password":"[FILTERED]","__v":0}
2020-12-22T16:42:08.162Z info: 	Response: 200 20.152 ms 
2020-12-22T16:42:10.590Z info: 	Request: POST /common/update/basic at Tue Dec 22 2020 11:42:10 GMT-0500, IP: ::1, User Agent: insomnia/2020.5.2
2020-12-22T16:42:10.621Z info: 	Request Body:{"name":"","email":"","phone":"555-555-5555","dob":"5-19-1986"}
2020-12-22T16:42:10.621Z info: 	Response Body:{"role":"","travel":[],"_id":"5fe221d2ed19a24307e88dd1","email":"7@yahoo.com","password":"[FILTERED]","__v":0,"phone":"555-555-5555","dob":"5-19-1986"}
2020-12-22T16:42:10.622Z info: 	Response: 200 30.648 ms 
2020-12-22T16:42:15.735Z info: 	Request: POST /common/update/address at Tue Dec 22 2020 11:42:15 GMT-0500, IP: ::1, User Agent: insomnia/2020.5.2
2020-12-22T16:42:15.769Z info: 	Request Body:{"street":"123 Huckleberry Lane","city":"Pleasantville","state":"MA","zip":"55555"}
2020-12-22T16:42:15.770Z info: 	Response Body:{"address":{"street":"123 Huckleberry Lane","city":"Pleasantville","state":"MA","zip":55555},"role":"","travel":[],"_id":"5fe221d2ed19a24307e88dd1","email":"7@yahoo.com","password":"[FILTERED]","__v":0,"dob":"5-19-1986","phone":"555-555-5555"}
2020-12-22T16:42:15.770Z info: 	Response: 200 33.578 ms 
2020-12-22T16:42:18.022Z info: 	Request: POST /common/update/password at Tue Dec 22 2020 11:42:18 GMT-0500, IP: ::1, User Agent: insomnia/2020.5.2
2020-12-22T16:42:18.283Z info: 	Request Body:{"currentPassword":"[FILTERED]","newPassword":"[FILTERED]"}
2020-12-22T16:42:18.284Z info: 	Response Body:Incorrect current password
2020-12-22T16:42:18.284Z info: 	Response: 400 260.858 ms 
2020-12-22T16:42:19.988Z info: 	Request: POST /common/update/insurance at Tue Dec 22 2020 11:42:19 GMT-0500, IP: ::1, User Agent: insomnia/2020.5.2
2020-12-22T16:42:20.019Z info: 	Request Body:{"ins_provider":"Empire","ins_id":"32454234562434"}
2020-12-22T16:42:20.020Z info: 	Response Body:{"address":{"street":"123 Huckleberry Lane","city":"Pleasantville","state":"MA","zip":55555},"role":"","travel":[],"_id":"5fe221d2ed19a24307e88dd1","email":"7@yahoo.com","password":"[FILTERED]","__v":0,"dob":"5-19-1986","phone":"555-555-5555","ins_provider":"Empire","ins_id":"32454234562434"}
2020-12-22T16:42:20.020Z info: 	Response: 200 30.903 ms 
2020-12-22T16:42:21.174Z info: 	Request: POST /common/update/emergency_contact at Tue Dec 22 2020 11:42:21 GMT-0500, IP: ::1, User Agent: insomnia/2020.5.2
2020-12-22T16:42:21.205Z info: 	Request Body:{"name":"Fred Rhino","phone":"555-985-9852","relation":"friend"}
2020-12-22T16:42:21.206Z info: 	Response Body:{"address":{"street":"123 Huckleberry Lane","city":"Pleasantville","state":"MA","zip":55555},"emergency_contact":{"name":"Fred Rhino","phone":"555-985-9852","relation":"friend"},"role":"","travel":[],"_id":"5fe221d2ed19a24307e88dd1","email":"7@yahoo.com","password":"[FILTERED]","__v":0,"dob":"5-19-1986","phone":"555-555-5555","ins_id":"32454234562434","ins_provider":"Empire"}
2020-12-22T16:42:21.206Z info: 	Response: 200 30.285 ms 
2020-12-22T16:42:22.413Z info: 	Request: POST /common/update/travel at Tue Dec 22 2020 11:42:22 GMT-0500, IP: ::1, User Agent: insomnia/2020.5.2
2020-12-22T16:42:22.460Z info: 	Request Body:{"location":"Japan","date":"April 2019"}
2020-12-22T16:42:22.463Z info: 	Response Body:{"address":{"street":"123 Huckleberry Lane","city":"Pleasantville","state":"MA","zip":55555},"emergency_contact":{"name":"Fred Rhino","phone":"555-985-9852","relation":"friend"},"role":"","travel":[{"location":"Japan","date":"April 2019"}],"_id":"5fe221d2ed19a24307e88dd1","email":"7@yahoo.com","password":"[FILTERED]","__v":1,"dob":"5-19-1986","phone":"555-555-5555","ins_id":"32454234562434","ins_provider":"Empire"}
2020-12-22T16:42:22.464Z info: 	Response: 200 44.444 ms 
2020-12-22T16:42:23.448Z info: 	Request: GET /common/appointments at Tue Dec 22 2020 11:42:23 GMT-0500, IP: ::1, User Agent: insomnia/2020.5.2
2020-12-22T16:42:23.464Z info: 	Response: 200 14.961 ms 
2020-12-22T16:42:24.523Z info: 	Request: POST /common/appointments at Tue Dec 22 2020 11:42:24 GMT-0500, IP: ::1, User Agent: insomnia/2020.5.2
2020-12-22T16:42:24.565Z info: 	Request Body:{"date":"6/5/2024","time":"5:44 PM","location":"5fdb8c61e2fd313028466675","test":"PCR"}
2020-12-22T16:42:24.566Z info: 	Response Body:Success!
2020-12-22T16:42:24.566Z info: 	Response: 200 41.657 ms 
2020-12-22T16:42:25.641Z info: 	Request: DELETE /common/appointments at Tue Dec 22 2020 11:42:25 GMT-0500, IP: ::1, User Agent: insomnia/2020.5.2
2020-12-22T16:42:25.659Z info: 	Appointment Deleted: null
2020-12-22T16:42:25.662Z info: 	Request Body:{"_id":"5fe22111799f833ec19e2b39"}
2020-12-22T16:42:25.663Z info: 	Response Body:Success!
2020-12-22T16:42:25.663Z info: 	Response: 200 20.008 ms 
2020-12-22T16:43:08.208Z info: 	Server is running on port: 3000
2020-12-22T16:43:08.501Z info: 	Connected to database.
2020-12-22T16:43:11.813Z info: 	Request: POST /common/login at Tue Dec 22 2020 11:43:11 GMT-0500, IP: ::1, User Agent: insomnia/2020.5.2
2020-12-22T16:43:12.108Z info: 	Request Body:{"email":"7@yahoo.com","password":"[FILTERED]"}
2020-12-22T16:43:12.109Z info: 	Response Body:Success!
2020-12-22T16:43:12.110Z info: 	Response: 200 292.320 ms 
2020-12-22T16:43:14.148Z info: 	Request: GET /common at Tue Dec 22 2020 11:43:14 GMT-0500, IP: ::1, User Agent: insomnia/2020.5.2
2020-12-22T16:43:14.166Z info: 	Response Body:{"address":{"street":"123 Huckleberry Lane","city":"Pleasantville","state":"MA","zip":55555},"emergency_contact":{"name":"Fred Rhino","phone":"555-985-9852","relation":"friend"},"role":"","travel":[{"location":"Japan","date":"April 2019"}],"_id":"5fe221d2ed19a24307e88dd1","email":"7@yahoo.com","password":"[FILTERED]","__v":1,"dob":"5-19-1986","phone":"555-555-5555","ins_id":"32454234562434","ins_provider":"Empire"}
2020-12-22T16:43:14.166Z info: 	Response: 200 16.517 ms 
2020-12-22T16:43:18.647Z info: 	Request: POST /common/update/basic at Tue Dec 22 2020 11:43:18 GMT-0500, IP: ::1, User Agent: insomnia/2020.5.2
2020-12-22T16:43:18.719Z info: 	Request Body:{"name":"Nicky","email":"","phone":"555-555-5555","dob":"5-19-1986"}
2020-12-22T16:43:18.720Z info: 	Response Body:{"address":{"street":"123 Huckleberry Lane","city":"Pleasantville","state":"MA","zip":55555},"emergency_contact":{"name":"Fred Rhino","phone":"555-985-9852","relation":"friend"},"role":"","travel":[{"location":"Japan","date":"April 2019"}],"_id":"5fe221d2ed19a24307e88dd1","email":"7@yahoo.com","password":"[FILTERED]","__v":1,"dob":"5-19-1986","phone":"555-555-5555","ins_id":"32454234562434","ins_provider":"Empire","name":"Nicky"}
2020-12-22T16:43:18.722Z info: 	Response: 200 67.665 ms 
