2020-12-20T16:14:05.233Z info: 	POST /common/register 400 95ms
2020-12-20T16:17:06.421Z info: 	HTTP POST /common/register
2020-12-20T16:40:56.368Z info: 	function header(name) {
  if (!name) {
    throw new TypeError('name argument is required to req.get');
  }

  if (typeof name !== 'string') {
    throw new TypeError('name must be a string to req.get');
  }

  var lc = name.toLowerCase();

  switch (lc) {
    case 'referer':
    case 'referrer':
      return this.headers.referrer
        || this.headers.referer;
    default:
      return this.headers[lc];
  }
}POST/common/register=>
Request:[object Object]
Response::
2020-12-20T16:41:54.980Z info: 	POST/common/register=>
Request:[object Object]
Response::
2020-12-20T16:42:26.489Z info: 	[object Object]POST/common/register=>
Request:[object Object]
Response::
2020-12-20T16:45:21.053Z info: 	[object Object]POST/common/register=>
Request:[object Object]
Response:undefined:undefined
2020-12-20T16:46:31.211Z info: 	[object Object]
2020-12-20T16:48:47.236Z info: 	[object Object]
2020-12-20T16:48:51.325Z info: 	[object Object]
2020-12-20T16:50:07.278Z info: 	hello
2020-12-20T16:50:24.426Z info: 	[object Object]
2020-12-20T16:52:22.504Z info: 	[object Object]
2020-12-20T16:52:27.732Z info: 	[object Object]
2020-12-20T16:53:03.518Z info: 	[object Object]
{"meta":{"req":{"url":"/common/register","headers":{"host":"localhost:3000","user-agent":"insomnia/2020.5.2","cookie":"connect.sid=s%3ADuE7SpWao-hiHdDTBHpfkwKFEI6xEkk5.EMIN9UxcocE0lTp1fZVwGgFfTOUbW%2BR3SWlUjiif6H0","content-type":"application/json","accept":"*/*","content-length":"87"},"method":"POST","httpVersion":"1.1","originalUrl":"/common/register","query":{},"body":{"role":"provider","email":"susieqasd@gmail.com","password":"securepassword"}},"res":{"statusCode":400},"responseTime":95},"level":"info","message":"[object Object]"}
{"meta":{"req":{"url":"/common/register","headers":{"host":"localhost:3000","user-agent":"insomnia/2020.5.2","cookie":"connect.sid=s%3Av-n3zSlP9GJ0EPR4U4XTdZ24X3R6D71t.9b5W5%2FV0vcInaDZ2BmY5XwO18jsKlKJZ3TsTDGWUIaM","content-type":"application/json","accept":"*/*","content-length":"87"},"method":"POST","httpVersion":"1.1","originalUrl":"/common/register","query":{},"body":{"role":"provider","email":"susieqasd@gmail.com","password":"securepassword"}},"res":{"statusCode":400},"responseTime":82},"level":"info","message":"HTTP POST /common/register"}
{"meta":{"req":{"url":"/common/register","headers":{"host":"localhost:3000","user-agent":"insomnia/2020.5.2","cookie":"connect.sid=s%3AI3c8fSVFNg1M8tVlz-phSH5H_KkexeOi.1bnEcJLwHBiVqAYrYf4Xf7nU6RTHClc462b0XQHuH9I","content-type":"application/json","accept":"*/*","content-length":"87"},"method":"POST","httpVersion":"1.1","originalUrl":"/common/register","query":{},"body":{"role":"provider","email":"susieqasd@gmail.com","password":"securepassword"}},"res":{"statusCode":400},"responseTime":72},"level":"info","message":""}
